nohup: ignoring input
2020-08-29 23:06:44.412727: I tensorflow/core/platform/cpu_feature_guard.cc:142] Your CPU supports instructions that this TensorFlow binary was not compiled to use: SSE4.1 SSE4.2 AVX AVX2 FMA
2020-08-29 23:06:44.431230: I tensorflow/core/platform/profile_utils/cpu_utils.cc:94] CPU Frequency: 3696000000 Hz
2020-08-29 23:06:44.432218: I tensorflow/compiler/xla/service/service.cc:168] XLA service 0x56507392be30 executing computations on platform Host. Devices:
2020-08-29 23:06:44.432277: I tensorflow/compiler/xla/service/service.cc:175]   StreamExecutor device (0): <undefined>, <undefined>
2020-08-29 23:06:44.434071: I tensorflow/stream_executor/platform/default/dso_loader.cc:42] Successfully opened dynamic library libcuda.so.1
2020-08-29 23:06:44.599348: I tensorflow/stream_executor/cuda/cuda_gpu_executor.cc:1005] successful NUMA node read from SysFS had negative value (-1), but there must be at least one NUMA node, so returning NUMA node zero
2020-08-29 23:06:44.599732: I tensorflow/core/common_runtime/gpu/gpu_device.cc:1640] Found device 0 with properties: 
name: GeForce RTX 2080 Ti major: 7 minor: 5 memoryClockRate(GHz): 1.575
pciBusID: 0000:01:00.0
2020-08-29 23:06:44.599779: I tensorflow/stream_executor/cuda/cuda_gpu_executor.cc:1005] successful NUMA node read from SysFS had negative value (-1), but there must be at least one NUMA node, so returning NUMA node zero
2020-08-29 23:06:44.600113: I tensorflow/core/common_runtime/gpu/gpu_device.cc:1640] Found device 1 with properties: 
name: GeForce RTX 2080 Ti major: 7 minor: 5 memoryClockRate(GHz): 1.575
pciBusID: 0000:02:00.0
2020-08-29 23:06:44.601194: I tensorflow/stream_executor/platform/default/dso_loader.cc:42] Successfully opened dynamic library libcudart.so.10.1
2020-08-29 23:06:44.604175: I tensorflow/stream_executor/platform/default/dso_loader.cc:42] Successfully opened dynamic library libcublas.so.10
2020-08-29 23:06:44.606210: I tensorflow/stream_executor/platform/default/dso_loader.cc:42] Successfully opened dynamic library libcufft.so.10
2020-08-29 23:06:44.607477: I tensorflow/stream_executor/platform/default/dso_loader.cc:42] Successfully opened dynamic library libcurand.so.10
2020-08-29 23:06:44.609588: I tensorflow/stream_executor/platform/default/dso_loader.cc:42] Successfully opened dynamic library libcusolver.so.10
2020-08-29 23:06:44.611095: I tensorflow/stream_executor/platform/default/dso_loader.cc:42] Successfully opened dynamic library libcusparse.so.10
2020-08-29 23:06:44.614150: I tensorflow/stream_executor/platform/default/dso_loader.cc:42] Successfully opened dynamic library libcudnn.so.7
2020-08-29 23:06:44.614223: I tensorflow/stream_executor/cuda/cuda_gpu_executor.cc:1005] successful NUMA node read from SysFS had negative value (-1), but there must be at least one NUMA node, so returning NUMA node zero
2020-08-29 23:06:44.614620: I tensorflow/stream_executor/cuda/cuda_gpu_executor.cc:1005] successful NUMA node read from SysFS had negative value (-1), but there must be at least one NUMA node, so returning NUMA node zero
2020-08-29 23:06:44.614981: I tensorflow/stream_executor/cuda/cuda_gpu_executor.cc:1005] successful NUMA node read from SysFS had negative value (-1), but there must be at least one NUMA node, so returning NUMA node zero
2020-08-29 23:06:44.615332: I tensorflow/stream_executor/cuda/cuda_gpu_executor.cc:1005] successful NUMA node read from SysFS had negative value (-1), but there must be at least one NUMA node, so returning NUMA node zero
2020-08-29 23:06:44.615666: I tensorflow/core/common_runtime/gpu/gpu_device.cc:1763] Adding visible gpu devices: 0, 1
2020-08-29 23:06:44.615685: I tensorflow/stream_executor/platform/default/dso_loader.cc:42] Successfully opened dynamic library libcudart.so.10.1
2020-08-29 23:06:44.616590: I tensorflow/core/common_runtime/gpu/gpu_device.cc:1181] Device interconnect StreamExecutor with strength 1 edge matrix:
2020-08-29 23:06:44.616599: I tensorflow/core/common_runtime/gpu/gpu_device.cc:1187]      0 1 
2020-08-29 23:06:44.616606: I tensorflow/core/common_runtime/gpu/gpu_device.cc:1200] 0:   N N 
2020-08-29 23:06:44.616614: I tensorflow/core/common_runtime/gpu/gpu_device.cc:1200] 1:   N N 
2020-08-29 23:06:44.616692: I tensorflow/stream_executor/cuda/cuda_gpu_executor.cc:1005] successful NUMA node read from SysFS had negative value (-1), but there must be at least one NUMA node, so returning NUMA node zero
2020-08-29 23:06:44.617049: I tensorflow/stream_executor/cuda/cuda_gpu_executor.cc:1005] successful NUMA node read from SysFS had negative value (-1), but there must be at least one NUMA node, so returning NUMA node zero
2020-08-29 23:06:44.617401: I tensorflow/stream_executor/cuda/cuda_gpu_executor.cc:1005] successful NUMA node read from SysFS had negative value (-1), but there must be at least one NUMA node, so returning NUMA node zero
2020-08-29 23:06:44.617759: I tensorflow/stream_executor/cuda/cuda_gpu_executor.cc:1005] successful NUMA node read from SysFS had negative value (-1), but there must be at least one NUMA node, so returning NUMA node zero
2020-08-29 23:06:44.618104: I tensorflow/core/common_runtime/gpu/gpu_device.cc:1326] Created TensorFlow device (/job:localhost/replica:0/task:0/device:GPU:0 with 10248 MB memory) -> physical GPU (device: 0, name: GeForce RTX 2080 Ti, pci bus id: 0000:01:00.0, compute capability: 7.5)
2020-08-29 23:06:44.618382: I tensorflow/stream_executor/cuda/cuda_gpu_executor.cc:1005] successful NUMA node read from SysFS had negative value (-1), but there must be at least one NUMA node, so returning NUMA node zero
2020-08-29 23:06:44.618745: I tensorflow/stream_executor/cuda/cuda_gpu_executor.cc:1005] successful NUMA node read from SysFS had negative value (-1), but there must be at least one NUMA node, so returning NUMA node zero
2020-08-29 23:06:44.619079: I tensorflow/core/common_runtime/gpu/gpu_device.cc:1326] Created TensorFlow device (/job:localhost/replica:0/task:0/device:GPU:1 with 10319 MB memory) -> physical GPU (device: 1, name: GeForce RTX 2080 Ti, pci bus id: 0000:02:00.0, compute capability: 7.5)
2020-08-29 23:06:44.620472: I tensorflow/compiler/xla/service/service.cc:168] XLA service 0x565074caa350 executing computations on platform CUDA. Devices:
2020-08-29 23:06:44.620488: I tensorflow/compiler/xla/service/service.cc:175]   StreamExecutor device (0): GeForce RTX 2080 Ti, Compute Capability 7.5
2020-08-29 23:06:44.620493: I tensorflow/compiler/xla/service/service.cc:175]   StreamExecutor device (1): GeForce RTX 2080 Ti, Compute Capability 7.5
/home/mehfo331/.conda/envs/thesis/lib/python3.6/site-packages/tensorflow/python/framework/dtypes.py:516: FutureWarning: Passing (type, 1) or '1type' as a synonym of type is deprecated; in a future version of numpy, it will be understood as (type, (1,)) / '(1,)type'.
  _np_qint8 = np.dtype([("qint8", np.int8, 1)])
/home/mehfo331/.conda/envs/thesis/lib/python3.6/site-packages/tensorflow/python/framework/dtypes.py:517: FutureWarning: Passing (type, 1) or '1type' as a synonym of type is deprecated; in a future version of numpy, it will be understood as (type, (1,)) / '(1,)type'.
  _np_quint8 = np.dtype([("quint8", np.uint8, 1)])
/home/mehfo331/.conda/envs/thesis/lib/python3.6/site-packages/tensorflow/python/framework/dtypes.py:518: FutureWarning: Passing (type, 1) or '1type' as a synonym of type is deprecated; in a future version of numpy, it will be understood as (type, (1,)) / '(1,)type'.
  _np_qint16 = np.dtype([("qint16", np.int16, 1)])
/home/mehfo331/.conda/envs/thesis/lib/python3.6/site-packages/tensorflow/python/framework/dtypes.py:519: FutureWarning: Passing (type, 1) or '1type' as a synonym of type is deprecated; in a future version of numpy, it will be understood as (type, (1,)) / '(1,)type'.
  _np_quint16 = np.dtype([("quint16", np.uint16, 1)])
/home/mehfo331/.conda/envs/thesis/lib/python3.6/site-packages/tensorflow/python/framework/dtypes.py:520: FutureWarning: Passing (type, 1) or '1type' as a synonym of type is deprecated; in a future version of numpy, it will be understood as (type, (1,)) / '(1,)type'.
  _np_qint32 = np.dtype([("qint32", np.int32, 1)])
/home/mehfo331/.conda/envs/thesis/lib/python3.6/site-packages/tensorflow/python/framework/dtypes.py:525: FutureWarning: Passing (type, 1) or '1type' as a synonym of type is deprecated; in a future version of numpy, it will be understood as (type, (1,)) / '(1,)type'.
  np_resource = np.dtype([("resource", np.ubyte, 1)])
/home/mehfo331/.conda/envs/thesis/lib/python3.6/site-packages/tensorboard/compat/tensorflow_stub/dtypes.py:541: FutureWarning: Passing (type, 1) or '1type' as a synonym of type is deprecated; in a future version of numpy, it will be understood as (type, (1,)) / '(1,)type'.
  _np_qint8 = np.dtype([("qint8", np.int8, 1)])
/home/mehfo331/.conda/envs/thesis/lib/python3.6/site-packages/tensorboard/compat/tensorflow_stub/dtypes.py:542: FutureWarning: Passing (type, 1) or '1type' as a synonym of type is deprecated; in a future version of numpy, it will be understood as (type, (1,)) / '(1,)type'.
  _np_quint8 = np.dtype([("quint8", np.uint8, 1)])
/home/mehfo331/.conda/envs/thesis/lib/python3.6/site-packages/tensorboard/compat/tensorflow_stub/dtypes.py:543: FutureWarning: Passing (type, 1) or '1type' as a synonym of type is deprecated; in a future version of numpy, it will be understood as (type, (1,)) / '(1,)type'.
  _np_qint16 = np.dtype([("qint16", np.int16, 1)])
/home/mehfo331/.conda/envs/thesis/lib/python3.6/site-packages/tensorboard/compat/tensorflow_stub/dtypes.py:544: FutureWarning: Passing (type, 1) or '1type' as a synonym of type is deprecated; in a future version of numpy, it will be understood as (type, (1,)) / '(1,)type'.
  _np_quint16 = np.dtype([("quint16", np.uint16, 1)])
/home/mehfo331/.conda/envs/thesis/lib/python3.6/site-packages/tensorboard/compat/tensorflow_stub/dtypes.py:545: FutureWarning: Passing (type, 1) or '1type' as a synonym of type is deprecated; in a future version of numpy, it will be understood as (type, (1,)) / '(1,)type'.
  _np_qint32 = np.dtype([("qint32", np.int32, 1)])
/home/mehfo331/.conda/envs/thesis/lib/python3.6/site-packages/tensorboard/compat/tensorflow_stub/dtypes.py:550: FutureWarning: Passing (type, 1) or '1type' as a synonym of type is deprecated; in a future version of numpy, it will be understood as (type, (1,)) / '(1,)type'.
  np_resource = np.dtype([("resource", np.ubyte, 1)])
Using TensorFlow backend.
WARNING:tensorflow:From segmentation.py:20: The name tf.keras.backend.set_session is deprecated. Please use tf.compat.v1.keras.backend.set_session instead.

WARNING:tensorflow:From segmentation.py:33: The name tf.ConfigProto is deprecated. Please use tf.compat.v1.ConfigProto instead.

WARNING:tensorflow:From segmentation.py:35: The name tf.Session is deprecated. Please use tf.compat.v1.Session instead.

2020-08-29 23:06:44.621312: I tensorflow/stream_executor/cuda/cuda_gpu_executor.cc:1005] successful NUMA node read from SysFS had negative value (-1), but there must be at least one NUMA node, so returning NUMA node zero
2020-08-29 23:06:44.621678: I tensorflow/core/common_runtime/gpu/gpu_device.cc:1640] Found device 0 with properties: 
name: GeForce RTX 2080 Ti major: 7 minor: 5 memoryClockRate(GHz): 1.575
pciBusID: 0000:01:00.0
2020-08-29 23:06:44.621729: I tensorflow/stream_executor/cuda/cuda_gpu_executor.cc:1005] successful NUMA node read from SysFS had negative value (-1), but there must be at least one NUMA node, so returning NUMA node zero
2020-08-29 23:06:44.622059: I tensorflow/core/common_runtime/gpu/gpu_device.cc:1640] Found device 1 with properties: 
name: GeForce RTX 2080 Ti major: 7 minor: 5 memoryClockRate(GHz): 1.575
pciBusID: 0000:02:00.0
2020-08-29 23:06:44.622077: I tensorflow/stream_executor/platform/default/dso_loader.cc:42] Successfully opened dynamic library libcudart.so.10.1
2020-08-29 23:06:44.622085: I tensorflow/stream_executor/platform/default/dso_loader.cc:42] Successfully opened dynamic library libcublas.so.10
2020-08-29 23:06:44.622093: I tensorflow/stream_executor/platform/default/dso_loader.cc:42] Successfully opened dynamic library libcufft.so.10
2020-08-29 23:06:44.622100: I tensorflow/stream_executor/platform/default/dso_loader.cc:42] Successfully opened dynamic library libcurand.so.10
2020-08-29 23:06:44.622110: I tensorflow/stream_executor/platform/default/dso_loader.cc:42] Successfully opened dynamic library libcusolver.so.10
2020-08-29 23:06:44.622117: I tensorflow/stream_executor/platform/default/dso_loader.cc:42] Successfully opened dynamic library libcusparse.so.10
2020-08-29 23:06:44.622124: I tensorflow/stream_executor/platform/default/dso_loader.cc:42] Successfully opened dynamic library libcudnn.so.7
2020-08-29 23:06:44.622154: I tensorflow/stream_executor/cuda/cuda_gpu_executor.cc:1005] successful NUMA node read from SysFS had negative value (-1), but there must be at least one NUMA node, so returning NUMA node zero
2020-08-29 23:06:44.622505: I tensorflow/stream_executor/cuda/cuda_gpu_executor.cc:1005] successful NUMA node read from SysFS had negative value (-1), but there must be at least one NUMA node, so returning NUMA node zero
2020-08-29 23:06:44.622859: I tensorflow/stream_executor/cuda/cuda_gpu_executor.cc:1005] successful NUMA node read from SysFS had negative value (-1), but there must be at least one NUMA node, so returning NUMA node zero
2020-08-29 23:06:44.623209: I tensorflow/stream_executor/cuda/cuda_gpu_executor.cc:1005] successful NUMA node read from SysFS had negative value (-1), but there must be at least one NUMA node, so returning NUMA node zero
2020-08-29 23:06:44.623536: I tensorflow/core/common_runtime/gpu/gpu_device.cc:1763] Adding visible gpu devices: 0, 1
2020-08-29 23:06:44.623554: I tensorflow/core/common_runtime/gpu/gpu_device.cc:1181] Device interconnect StreamExecutor with strength 1 edge matrix:
2020-08-29 23:06:44.623560: I tensorflow/core/common_runtime/gpu/gpu_device.cc:1187]      0 1 
2020-08-29 23:06:44.623564: I tensorflow/core/common_runtime/gpu/gpu_device.cc:1200] 0:   N N 
2020-08-29 23:06:44.623567: I tensorflow/core/common_runtime/gpu/gpu_device.cc:1200] 1:   N N 
2020-08-29 23:06:44.623621: I tensorflow/stream_executor/cuda/cuda_gpu_executor.cc:1005] successful NUMA node read from SysFS had negative value (-1), but there must be at least one NUMA node, so returning NUMA node zero
2020-08-29 23:06:44.623976: I tensorflow/stream_executor/cuda/cuda_gpu_executor.cc:1005] successful NUMA node read from SysFS had negative value (-1), but there must be at least one NUMA node, so returning NUMA node zero
2020-08-29 23:06:44.624328: I tensorflow/stream_executor/cuda/cuda_gpu_executor.cc:1005] successful NUMA node read from SysFS had negative value (-1), but there must be at least one NUMA node, so returning NUMA node zero
2020-08-29 23:06:44.624685: I tensorflow/core/common_runtime/gpu/gpu_device.cc:1326] Created TensorFlow device (/job:localhost/replica:0/task:0/device:GPU:0 with 10248 MB memory) -> physical GPU (device: 0, name: GeForce RTX 2080 Ti, pci bus id: 0000:01:00.0, compute capability: 7.5)
2020-08-29 23:06:44.624734: I tensorflow/stream_executor/cuda/cuda_gpu_executor.cc:1005] successful NUMA node read from SysFS had negative value (-1), but there must be at least one NUMA node, so returning NUMA node zero
2020-08-29 23:06:44.625064: I tensorflow/core/common_runtime/gpu/gpu_device.cc:1326] Created TensorFlow device (/job:localhost/replica:0/task:0/device:GPU:1 with 10319 MB memory) -> physical GPU (device: 1, name: GeForce RTX 2080 Ti, pci bus id: 0000:02:00.0, compute capability: 7.5)
WARNING:tensorflow:From /home/mehfo331/.conda/envs/thesis/lib/python3.6/site-packages/keras/backend/tensorflow_backend.py:74: The name tf.get_default_graph is deprecated. Please use tf.compat.v1.get_default_graph instead.

WARNING:tensorflow:From /home/mehfo331/.conda/envs/thesis/lib/python3.6/site-packages/keras/backend/tensorflow_backend.py:517: The name tf.placeholder is deprecated. Please use tf.compat.v1.placeholder instead.

WARNING:tensorflow:From /home/mehfo331/.conda/envs/thesis/lib/python3.6/site-packages/keras/backend/tensorflow_backend.py:4185: The name tf.truncated_normal is deprecated. Please use tf.random.truncated_normal instead.

WARNING:tensorflow:From /home/mehfo331/.conda/envs/thesis/lib/python3.6/site-packages/keras/backend/tensorflow_backend.py:1834: The name tf.nn.fused_batch_norm is deprecated. Please use tf.compat.v1.nn.fused_batch_norm instead.

WARNING:tensorflow:From /home/mehfo331/.conda/envs/thesis/lib/python3.6/site-packages/keras/backend/tensorflow_backend.py:3976: The name tf.nn.max_pool is deprecated. Please use tf.nn.max_pool2d instead.

WARNING:tensorflow:From /home/mehfo331/.conda/envs/thesis/lib/python3.6/site-packages/keras/optimizers.py:790: The name tf.train.Optimizer is deprecated. Please use tf.compat.v1.train.Optimizer instead.

2020-08-29 23:08:29.230212: I tensorflow/stream_executor/platform/default/dso_loader.cc:42] Successfully opened dynamic library libcudnn.so.7

Reading data...
Finished reading data.

Reading data...
Finished reading data.

Training 2 classes with 26040 images (5208 real and 20832 GAN images):

Epoch 1/150
 - 861s - loss: 0.2543 - weighted_dice_loss: 0.2543 - val_loss: 0.2970 - val_weighted_dice_loss: 0.2970

Epoch 00001: val_weighted_dice_loss improved from inf to 0.29699, saving model to ./Unet-weights/2_classes_5208_reals_20832_GANs.h5
Epoch 2/150
 - 836s - loss: 0.1355 - weighted_dice_loss: 0.1355 - val_loss: 0.1497 - val_weighted_dice_loss: 0.1497

Epoch 00002: val_weighted_dice_loss improved from 0.29699 to 0.14968, saving model to ./Unet-weights/2_classes_5208_reals_20832_GANs.h5
Epoch 3/150
 - 838s - loss: 0.1195 - weighted_dice_loss: 0.1195 - val_loss: 0.1321 - val_weighted_dice_loss: 0.1321

Epoch 00003: val_weighted_dice_loss improved from 0.14968 to 0.13213, saving model to ./Unet-weights/2_classes_5208_reals_20832_GANs.h5
Epoch 4/150
 - 839s - loss: 0.1106 - weighted_dice_loss: 0.1106 - val_loss: 0.1232 - val_weighted_dice_loss: 0.1232

Epoch 00004: val_weighted_dice_loss improved from 0.13213 to 0.12319, saving model to ./Unet-weights/2_classes_5208_reals_20832_GANs.h5
Epoch 5/150
 - 841s - loss: 0.1006 - weighted_dice_loss: 0.1006 - val_loss: 0.1564 - val_weighted_dice_loss: 0.1564

Epoch 00005: val_weighted_dice_loss did not improve from 0.12319
Epoch 6/150
 - 842s - loss: 0.0940 - weighted_dice_loss: 0.0940 - val_loss: 0.1401 - val_weighted_dice_loss: 0.1401

Epoch 00006: val_weighted_dice_loss did not improve from 0.12319
Epoch 7/150
 - 841s - loss: 0.0875 - weighted_dice_loss: 0.0875 - val_loss: 0.1647 - val_weighted_dice_loss: 0.1647

Epoch 00007: val_weighted_dice_loss did not improve from 0.12319
Epoch 8/150
 - 842s - loss: 0.0797 - weighted_dice_loss: 0.0797 - val_loss: 0.1483 - val_weighted_dice_loss: 0.1483

Epoch 00008: val_weighted_dice_loss did not improve from 0.12319
Epoch 9/150
 - 842s - loss: 0.0751 - weighted_dice_loss: 0.0751 - val_loss: 0.1439 - val_weighted_dice_loss: 0.1439

Epoch 00009: val_weighted_dice_loss did not improve from 0.12319
Epoch 10/150
 - 842s - loss: 0.0706 - weighted_dice_loss: 0.0706 - val_loss: 0.1192 - val_weighted_dice_loss: 0.1192

Epoch 00010: val_weighted_dice_loss improved from 0.12319 to 0.11924, saving model to ./Unet-weights/2_classes_5208_reals_20832_GANs.h5
Epoch 11/150
 - 842s - loss: 0.0686 - weighted_dice_loss: 0.0686 - val_loss: 0.1126 - val_weighted_dice_loss: 0.1126

Epoch 00011: val_weighted_dice_loss improved from 0.11924 to 0.11264, saving model to ./Unet-weights/2_classes_5208_reals_20832_GANs.h5
Epoch 12/150
 - 842s - loss: 0.0651 - weighted_dice_loss: 0.0651 - val_loss: 0.1123 - val_weighted_dice_loss: 0.1123

Epoch 00012: val_weighted_dice_loss improved from 0.11264 to 0.11227, saving model to ./Unet-weights/2_classes_5208_reals_20832_GANs.h5
Epoch 13/150
 - 841s - loss: 0.0633 - weighted_dice_loss: 0.0633 - val_loss: 0.1267 - val_weighted_dice_loss: 0.1267

Epoch 00013: val_weighted_dice_loss did not improve from 0.11227
Epoch 14/150
 - 842s - loss: 0.0622 - weighted_dice_loss: 0.0622 - val_loss: 0.1067 - val_weighted_dice_loss: 0.1067

Epoch 00014: val_weighted_dice_loss improved from 0.11227 to 0.10671, saving model to ./Unet-weights/2_classes_5208_reals_20832_GANs.h5
Epoch 15/150
 - 842s - loss: 0.0596 - weighted_dice_loss: 0.0596 - val_loss: 0.1178 - val_weighted_dice_loss: 0.1178

Epoch 00015: val_weighted_dice_loss did not improve from 0.10671
Epoch 16/150
 - 842s - loss: 0.0586 - weighted_dice_loss: 0.0586 - val_loss: 0.0976 - val_weighted_dice_loss: 0.0976

Epoch 00016: val_weighted_dice_loss improved from 0.10671 to 0.09764, saving model to ./Unet-weights/2_classes_5208_reals_20832_GANs.h5
Epoch 17/150
 - 842s - loss: 0.0565 - weighted_dice_loss: 0.0565 - val_loss: 0.1087 - val_weighted_dice_loss: 0.1087

Epoch 00017: val_weighted_dice_loss did not improve from 0.09764
Epoch 18/150
 - 842s - loss: 0.0553 - weighted_dice_loss: 0.0553 - val_loss: 0.1001 - val_weighted_dice_loss: 0.1001

Epoch 00018: val_weighted_dice_loss did not improve from 0.09764
Epoch 19/150
 - 842s - loss: 0.0550 - weighted_dice_loss: 0.0550 - val_loss: 0.1203 - val_weighted_dice_loss: 0.1203

Epoch 00019: val_weighted_dice_loss did not improve from 0.09764
Epoch 20/150
 - 842s - loss: 0.0532 - weighted_dice_loss: 0.0532 - val_loss: 0.1003 - val_weighted_dice_loss: 0.1003

Epoch 00020: val_weighted_dice_loss did not improve from 0.09764
Epoch 21/150
 - 842s - loss: 0.0524 - weighted_dice_loss: 0.0524 - val_loss: 0.0891 - val_weighted_dice_loss: 0.0891

Epoch 00021: val_weighted_dice_loss improved from 0.09764 to 0.08909, saving model to ./Unet-weights/2_classes_5208_reals_20832_GANs.h5
Epoch 22/150
 - 841s - loss: 0.0518 - weighted_dice_loss: 0.0518 - val_loss: 0.1395 - val_weighted_dice_loss: 0.1395

Epoch 00022: val_weighted_dice_loss did not improve from 0.08909
Epoch 23/150
 - 842s - loss: 0.0503 - weighted_dice_loss: 0.0503 - val_loss: 0.0912 - val_weighted_dice_loss: 0.0912

Epoch 00023: val_weighted_dice_loss did not improve from 0.08909
Epoch 24/150
 - 842s - loss: 0.0500 - weighted_dice_loss: 0.0500 - val_loss: 0.1019 - val_weighted_dice_loss: 0.1019

Epoch 00024: val_weighted_dice_loss did not improve from 0.08909
Epoch 25/150
 - 842s - loss: 0.0494 - weighted_dice_loss: 0.0494 - val_loss: 0.0878 - val_weighted_dice_loss: 0.0878

Epoch 00025: val_weighted_dice_loss improved from 0.08909 to 0.08777, saving model to ./Unet-weights/2_classes_5208_reals_20832_GANs.h5
Epoch 26/150
 - 842s - loss: 0.0478 - weighted_dice_loss: 0.0478 - val_loss: 0.0866 - val_weighted_dice_loss: 0.0866

Epoch 00026: val_weighted_dice_loss improved from 0.08777 to 0.08660, saving model to ./Unet-weights/2_classes_5208_reals_20832_GANs.h5
Epoch 27/150
 - 841s - loss: 0.0472 - weighted_dice_loss: 0.0472 - val_loss: 0.0950 - val_weighted_dice_loss: 0.0950

Epoch 00027: val_weighted_dice_loss did not improve from 0.08660
Epoch 28/150
 - 842s - loss: 0.0470 - weighted_dice_loss: 0.0470 - val_loss: 0.0806 - val_weighted_dice_loss: 0.0806

Epoch 00028: val_weighted_dice_loss improved from 0.08660 to 0.08055, saving model to ./Unet-weights/2_classes_5208_reals_20832_GANs.h5
Epoch 29/150
 - 842s - loss: 0.0461 - weighted_dice_loss: 0.0461 - val_loss: 0.0818 - val_weighted_dice_loss: 0.0818

Epoch 00029: val_weighted_dice_loss did not improve from 0.08055
Epoch 30/150
 - 842s - loss: 0.0451 - weighted_dice_loss: 0.0451 - val_loss: 0.0881 - val_weighted_dice_loss: 0.0881

Epoch 00030: val_weighted_dice_loss did not improve from 0.08055
Epoch 31/150
 - 842s - loss: 0.0449 - weighted_dice_loss: 0.0449 - val_loss: 0.0920 - val_weighted_dice_loss: 0.0920

Epoch 00031: val_weighted_dice_loss did not improve from 0.08055
Epoch 32/150
 - 842s - loss: 0.0440 - weighted_dice_loss: 0.0440 - val_loss: 0.0965 - val_weighted_dice_loss: 0.0965

Epoch 00032: val_weighted_dice_loss did not improve from 0.08055
Epoch 33/150
 - 842s - loss: 0.0433 - weighted_dice_loss: 0.0433 - val_loss: 0.0854 - val_weighted_dice_loss: 0.0854

Epoch 00033: val_weighted_dice_loss did not improve from 0.08055
Epoch 34/150
 - 842s - loss: 0.0424 - weighted_dice_loss: 0.0424 - val_loss: 0.0800 - val_weighted_dice_loss: 0.0800

Epoch 00034: val_weighted_dice_loss improved from 0.08055 to 0.07999, saving model to ./Unet-weights/2_classes_5208_reals_20832_GANs.h5
Epoch 35/150
 - 841s - loss: 0.0424 - weighted_dice_loss: 0.0424 - val_loss: 0.0754 - val_weighted_dice_loss: 0.0754

Epoch 00035: val_weighted_dice_loss improved from 0.07999 to 0.07544, saving model to ./Unet-weights/2_classes_5208_reals_20832_GANs.h5
Epoch 36/150
 - 842s - loss: 0.0418 - weighted_dice_loss: 0.0418 - val_loss: 0.0795 - val_weighted_dice_loss: 0.0795

Epoch 00036: val_weighted_dice_loss did not improve from 0.07544
Epoch 37/150
 - 842s - loss: 0.0405 - weighted_dice_loss: 0.0405 - val_loss: 0.0829 - val_weighted_dice_loss: 0.0829

Epoch 00037: val_weighted_dice_loss did not improve from 0.07544
Epoch 38/150
 - 841s - loss: 0.0402 - weighted_dice_loss: 0.0402 - val_loss: 0.3864 - val_weighted_dice_loss: 0.3864

Epoch 00038: val_weighted_dice_loss did not improve from 0.07544
Epoch 39/150
 - 842s - loss: 0.0398 - weighted_dice_loss: 0.0398 - val_loss: 0.0847 - val_weighted_dice_loss: 0.0847

Epoch 00039: val_weighted_dice_loss did not improve from 0.07544
Epoch 40/150
 - 842s - loss: 0.0396 - weighted_dice_loss: 0.0396 - val_loss: 0.0820 - val_weighted_dice_loss: 0.0820

Epoch 00040: val_weighted_dice_loss did not improve from 0.07544
Epoch 41/150
 - 842s - loss: 0.0389 - weighted_dice_loss: 0.0389 - val_loss: 0.0724 - val_weighted_dice_loss: 0.0724

Epoch 00041: val_weighted_dice_loss improved from 0.07544 to 0.07237, saving model to ./Unet-weights/2_classes_5208_reals_20832_GANs.h5
Epoch 42/150
 - 841s - loss: 0.0380 - weighted_dice_loss: 0.0380 - val_loss: 0.0768 - val_weighted_dice_loss: 0.0768

Epoch 00042: val_weighted_dice_loss did not improve from 0.07237
Epoch 43/150
 - 842s - loss: 0.0379 - weighted_dice_loss: 0.0379 - val_loss: 0.0941 - val_weighted_dice_loss: 0.0941

Epoch 00043: val_weighted_dice_loss did not improve from 0.07237
Epoch 44/150
 - 842s - loss: 0.0375 - weighted_dice_loss: 0.0375 - val_loss: 0.1282 - val_weighted_dice_loss: 0.1282

Epoch 00044: val_weighted_dice_loss did not improve from 0.07237
Epoch 45/150
 - 841s - loss: 0.0365 - weighted_dice_loss: 0.0365 - val_loss: 0.0733 - val_weighted_dice_loss: 0.0733

Epoch 00045: val_weighted_dice_loss did not improve from 0.07237
Epoch 46/150
 - 841s - loss: 0.0361 - weighted_dice_loss: 0.0361 - val_loss: 0.9238 - val_weighted_dice_loss: 0.9238

Epoch 00046: val_weighted_dice_loss did not improve from 0.07237
Epoch 47/150
 - 841s - loss: 0.0364 - weighted_dice_loss: 0.0364 - val_loss: 0.0697 - val_weighted_dice_loss: 0.0697

Epoch 00047: val_weighted_dice_loss improved from 0.07237 to 0.06974, saving model to ./Unet-weights/2_classes_5208_reals_20832_GANs.h5
Epoch 48/150
 - 841s - loss: 0.0353 - weighted_dice_loss: 0.0353 - val_loss: 0.4255 - val_weighted_dice_loss: 0.4255

Epoch 00048: val_weighted_dice_loss did not improve from 0.06974
Epoch 49/150
 - 842s - loss: 0.0351 - weighted_dice_loss: 0.0351 - val_loss: 0.9189 - val_weighted_dice_loss: 0.9189

Epoch 00049: val_weighted_dice_loss did not improve from 0.06974
Epoch 50/150
 - 841s - loss: 0.0345 - weighted_dice_loss: 0.0345 - val_loss: 0.0785 - val_weighted_dice_loss: 0.0785

Epoch 00050: val_weighted_dice_loss did not improve from 0.06974
Epoch 51/150
 - 841s - loss: 0.0343 - weighted_dice_loss: 0.0343 - val_loss: 0.0702 - val_weighted_dice_loss: 0.0702

Epoch 00051: val_weighted_dice_loss did not improve from 0.06974
Epoch 52/150
 - 842s - loss: 0.0338 - weighted_dice_loss: 0.0338 - val_loss: 0.0745 - val_weighted_dice_loss: 0.0745

Epoch 00052: val_weighted_dice_loss did not improve from 0.06974
Epoch 53/150
 - 842s - loss: 0.0334 - weighted_dice_loss: 0.0334 - val_loss: 0.5653 - val_weighted_dice_loss: 0.5653

Epoch 00053: val_weighted_dice_loss did not improve from 0.06974
Epoch 54/150
 - 841s - loss: 0.0328 - weighted_dice_loss: 0.0328 - val_loss: 0.5162 - val_weighted_dice_loss: 0.5162

Epoch 00054: val_weighted_dice_loss did not improve from 0.06974
Epoch 55/150
 - 841s - loss: 0.0326 - weighted_dice_loss: 0.0326 - val_loss: 0.2986 - val_weighted_dice_loss: 0.2986

Epoch 00055: val_weighted_dice_loss did not improve from 0.06974
Epoch 56/150
 - 842s - loss: 0.0322 - weighted_dice_loss: 0.0322 - val_loss: 0.7728 - val_weighted_dice_loss: 0.7728

Epoch 00056: val_weighted_dice_loss did not improve from 0.06974
Epoch 57/150
 - 841s - loss: 0.0317 - weighted_dice_loss: 0.0317 - val_loss: 0.0871 - val_weighted_dice_loss: 0.0871

Epoch 00057: val_weighted_dice_loss did not improve from 0.06974
Epoch 58/150
 - 841s - loss: 0.0315 - weighted_dice_loss: 0.0315 - val_loss: 0.2155 - val_weighted_dice_loss: 0.2155

Epoch 00058: val_weighted_dice_loss did not improve from 0.06974
Epoch 59/150
 - 841s - loss: 0.0312 - weighted_dice_loss: 0.0312 - val_loss: 0.9483 - val_weighted_dice_loss: 0.9483

Epoch 00059: val_weighted_dice_loss did not improve from 0.06974
Epoch 60/150
 - 842s - loss: 0.0309 - weighted_dice_loss: 0.0309 - val_loss: 0.0691 - val_weighted_dice_loss: 0.0691

Epoch 00060: val_weighted_dice_loss improved from 0.06974 to 0.06905, saving model to ./Unet-weights/2_classes_5208_reals_20832_GANs.h5
Epoch 61/150
 - 841s - loss: 0.0304 - weighted_dice_loss: 0.0304 - val_loss: 0.0651 - val_weighted_dice_loss: 0.0651

Epoch 00061: val_weighted_dice_loss improved from 0.06905 to 0.06512, saving model to ./Unet-weights/2_classes_5208_reals_20832_GANs.h5
Epoch 62/150
 - 842s - loss: 0.0302 - weighted_dice_loss: 0.0302 - val_loss: 0.8319 - val_weighted_dice_loss: 0.8319

Epoch 00062: val_weighted_dice_loss did not improve from 0.06512
Epoch 63/150
 - 842s - loss: 0.0299 - weighted_dice_loss: 0.0299 - val_loss: 0.2235 - val_weighted_dice_loss: 0.2235

Epoch 00063: val_weighted_dice_loss did not improve from 0.06512
Epoch 64/150
 - 842s - loss: 0.0295 - weighted_dice_loss: 0.0295 - val_loss: 0.0709 - val_weighted_dice_loss: 0.0709

Epoch 00064: val_weighted_dice_loss did not improve from 0.06512
Epoch 65/150
 - 842s - loss: 0.0296 - weighted_dice_loss: 0.0296 - val_loss: 0.9289 - val_weighted_dice_loss: 0.9289

Epoch 00065: val_weighted_dice_loss did not improve from 0.06512
Epoch 66/150
 - 842s - loss: 0.0290 - weighted_dice_loss: 0.0290 - val_loss: 0.8806 - val_weighted_dice_loss: 0.8806

Epoch 00066: val_weighted_dice_loss did not improve from 0.06512
Epoch 67/150
 - 842s - loss: 0.0286 - weighted_dice_loss: 0.0286 - val_loss: 0.0652 - val_weighted_dice_loss: 0.0652

Epoch 00067: val_weighted_dice_loss did not improve from 0.06512
Epoch 68/150
 - 842s - loss: 0.0285 - weighted_dice_loss: 0.0285 - val_loss: 0.0923 - val_weighted_dice_loss: 0.0923

Epoch 00068: val_weighted_dice_loss did not improve from 0.06512
Epoch 69/150
 - 841s - loss: 0.0282 - weighted_dice_loss: 0.0282 - val_loss: 0.1487 - val_weighted_dice_loss: 0.1487

Epoch 00069: val_weighted_dice_loss did not improve from 0.06512
Epoch 70/150
 - 842s - loss: 0.0280 - weighted_dice_loss: 0.0280 - val_loss: 0.8584 - val_weighted_dice_loss: 0.8584

Epoch 00070: val_weighted_dice_loss did not improve from 0.06512
Epoch 71/150
 - 841s - loss: 0.0276 - weighted_dice_loss: 0.0276 - val_loss: 0.0662 - val_weighted_dice_loss: 0.0662

Epoch 00071: val_weighted_dice_loss did not improve from 0.06512
Epoch 72/150
 - 841s - loss: 0.0274 - weighted_dice_loss: 0.0274 - val_loss: 0.0693 - val_weighted_dice_loss: 0.0693

Epoch 00072: val_weighted_dice_loss did not improve from 0.06512
Epoch 73/150
 - 841s - loss: 0.0271 - weighted_dice_loss: 0.0271 - val_loss: 0.0664 - val_weighted_dice_loss: 0.0664

Epoch 00073: val_weighted_dice_loss did not improve from 0.06512
Epoch 74/150
 - 841s - loss: 0.0270 - weighted_dice_loss: 0.0270 - val_loss: 0.0654 - val_weighted_dice_loss: 0.0654

Epoch 00074: val_weighted_dice_loss did not improve from 0.06512
Epoch 75/150
 - 841s - loss: 0.0266 - weighted_dice_loss: 0.0266 - val_loss: 0.0651 - val_weighted_dice_loss: 0.0651

Epoch 00075: val_weighted_dice_loss improved from 0.06512 to 0.06511, saving model to ./Unet-weights/2_classes_5208_reals_20832_GANs.h5
Epoch 76/150
 - 841s - loss: 0.0263 - weighted_dice_loss: 0.0263 - val_loss: 0.0650 - val_weighted_dice_loss: 0.0650

Epoch 00076: val_weighted_dice_loss improved from 0.06511 to 0.06503, saving model to ./Unet-weights/2_classes_5208_reals_20832_GANs.h5
Epoch 77/150
 - 841s - loss: 0.0261 - weighted_dice_loss: 0.0261 - val_loss: 0.0636 - val_weighted_dice_loss: 0.0636

Epoch 00077: val_weighted_dice_loss improved from 0.06503 to 0.06356, saving model to ./Unet-weights/2_classes_5208_reals_20832_GANs.h5
Epoch 78/150
 - 841s - loss: 0.0260 - weighted_dice_loss: 0.0260 - val_loss: 0.9210 - val_weighted_dice_loss: 0.9210

Epoch 00078: val_weighted_dice_loss did not improve from 0.06356
Epoch 79/150
 - 841s - loss: 0.0257 - weighted_dice_loss: 0.0257 - val_loss: 0.0785 - val_weighted_dice_loss: 0.0785

Epoch 00079: val_weighted_dice_loss did not improve from 0.06356
Epoch 80/150
 - 841s - loss: 0.0256 - weighted_dice_loss: 0.0256 - val_loss: 0.3759 - val_weighted_dice_loss: 0.3759

Epoch 00080: val_weighted_dice_loss did not improve from 0.06356
Epoch 81/150
 - 841s - loss: 0.0252 - weighted_dice_loss: 0.0252 - val_loss: 0.0651 - val_weighted_dice_loss: 0.0651

Epoch 00081: val_weighted_dice_loss did not improve from 0.06356
Epoch 82/150
 - 841s - loss: 0.0250 - weighted_dice_loss: 0.0250 - val_loss: 0.0721 - val_weighted_dice_loss: 0.0721

Epoch 00082: val_weighted_dice_loss did not improve from 0.06356
Epoch 83/150
 - 841s - loss: 0.0248 - weighted_dice_loss: 0.0248 - val_loss: 0.6351 - val_weighted_dice_loss: 0.6351

Epoch 00083: val_weighted_dice_loss did not improve from 0.06356
Epoch 84/150
 - 841s - loss: 0.0246 - weighted_dice_loss: 0.0246 - val_loss: 0.0612 - val_weighted_dice_loss: 0.0612

Epoch 00084: val_weighted_dice_loss improved from 0.06356 to 0.06119, saving model to ./Unet-weights/2_classes_5208_reals_20832_GANs.h5
Epoch 85/150
 - 840s - loss: 0.0243 - weighted_dice_loss: 0.0243 - val_loss: 0.0624 - val_weighted_dice_loss: 0.0624

Epoch 00085: val_weighted_dice_loss did not improve from 0.06119
Epoch 86/150
 - 841s - loss: 0.0242 - weighted_dice_loss: 0.0242 - val_loss: 0.3715 - val_weighted_dice_loss: 0.3715

Epoch 00086: val_weighted_dice_loss did not improve from 0.06119
Epoch 87/150
 - 841s - loss: 0.0241 - weighted_dice_loss: 0.0241 - val_loss: 0.0651 - val_weighted_dice_loss: 0.0651

Epoch 00087: val_weighted_dice_loss did not improve from 0.06119
Epoch 88/150
 - 841s - loss: 0.0239 - weighted_dice_loss: 0.0239 - val_loss: 0.0646 - val_weighted_dice_loss: 0.0646

Epoch 00088: val_weighted_dice_loss did not improve from 0.06119
Epoch 89/150
 - 840s - loss: 0.0237 - weighted_dice_loss: 0.0237 - val_loss: 0.0644 - val_weighted_dice_loss: 0.0644

Epoch 00089: val_weighted_dice_loss did not improve from 0.06119
Epoch 90/150
 - 840s - loss: 0.0236 - weighted_dice_loss: 0.0236 - val_loss: 0.0623 - val_weighted_dice_loss: 0.0623

Epoch 00090: val_weighted_dice_loss did not improve from 0.06119
Epoch 91/150
 - 840s - loss: 0.0234 - weighted_dice_loss: 0.0234 - val_loss: 0.0622 - val_weighted_dice_loss: 0.0622

Epoch 00091: val_weighted_dice_loss did not improve from 0.06119
Epoch 92/150
 - 841s - loss: 0.0231 - weighted_dice_loss: 0.0231 - val_loss: 0.0620 - val_weighted_dice_loss: 0.0620

Epoch 00092: val_weighted_dice_loss did not improve from 0.06119
Epoch 93/150
 - 840s - loss: 0.0229 - weighted_dice_loss: 0.0229 - val_loss: 0.1231 - val_weighted_dice_loss: 0.1231

Epoch 00093: val_weighted_dice_loss did not improve from 0.06119
Epoch 94/150
 - 840s - loss: 0.0228 - weighted_dice_loss: 0.0228 - val_loss: 0.0620 - val_weighted_dice_loss: 0.0620

Epoch 00094: val_weighted_dice_loss did not improve from 0.06119
Epoch 95/150
 - 840s - loss: 0.0228 - weighted_dice_loss: 0.0228 - val_loss: 0.0673 - val_weighted_dice_loss: 0.0673

Epoch 00095: val_weighted_dice_loss did not improve from 0.06119
Epoch 96/150
 - 840s - loss: 0.0225 - weighted_dice_loss: 0.0225 - val_loss: 0.0618 - val_weighted_dice_loss: 0.0618

Epoch 00096: val_weighted_dice_loss did not improve from 0.06119
Epoch 97/150
 - 840s - loss: 0.0224 - weighted_dice_loss: 0.0224 - val_loss: 0.9297 - val_weighted_dice_loss: 0.9297

Epoch 00097: val_weighted_dice_loss did not improve from 0.06119
Epoch 98/150
 - 840s - loss: 0.0222 - weighted_dice_loss: 0.0222 - val_loss: 0.6972 - val_weighted_dice_loss: 0.6972

Epoch 00098: val_weighted_dice_loss did not improve from 0.06119
Epoch 99/150
 - 840s - loss: 0.0221 - weighted_dice_loss: 0.0221 - val_loss: 0.0617 - val_weighted_dice_loss: 0.0617

Epoch 00099: val_weighted_dice_loss did not improve from 0.06119
Epoch 100/150
 - 840s - loss: 0.0220 - weighted_dice_loss: 0.0220 - val_loss: 0.0611 - val_weighted_dice_loss: 0.0611

Epoch 00100: val_weighted_dice_loss improved from 0.06119 to 0.06108, saving model to ./Unet-weights/2_classes_5208_reals_20832_GANs.h5
Epoch 101/150
 - 840s - loss: 0.0218 - weighted_dice_loss: 0.0218 - val_loss: 0.0622 - val_weighted_dice_loss: 0.0622

Epoch 00101: val_weighted_dice_loss did not improve from 0.06108
Epoch 102/150
 - 840s - loss: 0.0216 - weighted_dice_loss: 0.0216 - val_loss: 0.0623 - val_weighted_dice_loss: 0.0623

Epoch 00102: val_weighted_dice_loss did not improve from 0.06108
Epoch 103/150
 - 840s - loss: 0.0216 - weighted_dice_loss: 0.0216 - val_loss: 0.9149 - val_weighted_dice_loss: 0.9149

Epoch 00103: val_weighted_dice_loss did not improve from 0.06108
Epoch 104/150
 - 840s - loss: 0.0214 - weighted_dice_loss: 0.0214 - val_loss: 0.0622 - val_weighted_dice_loss: 0.0622

Epoch 00104: val_weighted_dice_loss did not improve from 0.06108
Epoch 105/150
 - 840s - loss: 0.0212 - weighted_dice_loss: 0.0212 - val_loss: 0.0620 - val_weighted_dice_loss: 0.0620

Epoch 00105: val_weighted_dice_loss did not improve from 0.06108
Epoch 106/150
 - 840s - loss: 0.0212 - weighted_dice_loss: 0.0212 - val_loss: 0.0615 - val_weighted_dice_loss: 0.0615

Epoch 00106: val_weighted_dice_loss did not improve from 0.06108
Epoch 107/150
 - 840s - loss: 0.0210 - weighted_dice_loss: 0.0210 - val_loss: 0.5493 - val_weighted_dice_loss: 0.5493

Epoch 00107: val_weighted_dice_loss did not improve from 0.06108
Epoch 108/150
 - 840s - loss: 0.0209 - weighted_dice_loss: 0.0209 - val_loss: 0.1691 - val_weighted_dice_loss: 0.1691

Epoch 00108: val_weighted_dice_loss did not improve from 0.06108
Epoch 109/150
 - 840s - loss: 0.0207 - weighted_dice_loss: 0.0207 - val_loss: 0.0629 - val_weighted_dice_loss: 0.0629

Epoch 00109: val_weighted_dice_loss did not improve from 0.06108
Epoch 110/150
 - 840s - loss: 0.0206 - weighted_dice_loss: 0.0206 - val_loss: 0.0618 - val_weighted_dice_loss: 0.0618

Epoch 00110: val_weighted_dice_loss did not improve from 0.06108
Epoch 111/150
 - 840s - loss: 0.0205 - weighted_dice_loss: 0.0205 - val_loss: 0.2156 - val_weighted_dice_loss: 0.2156

Epoch 00111: val_weighted_dice_loss did not improve from 0.06108
Epoch 112/150
 - 840s - loss: 0.0204 - weighted_dice_loss: 0.0204 - val_loss: 0.0623 - val_weighted_dice_loss: 0.0623

Epoch 00112: val_weighted_dice_loss did not improve from 0.06108
Epoch 113/150
 - 840s - loss: 0.0204 - weighted_dice_loss: 0.0204 - val_loss: 0.0593 - val_weighted_dice_loss: 0.0593

Epoch 00113: val_weighted_dice_loss improved from 0.06108 to 0.05928, saving model to ./Unet-weights/2_classes_5208_reals_20832_GANs.h5
Epoch 114/150
 - 839s - loss: 0.0202 - weighted_dice_loss: 0.0202 - val_loss: 0.1731 - val_weighted_dice_loss: 0.1731

Epoch 00114: val_weighted_dice_loss did not improve from 0.05928
Epoch 115/150
 - 840s - loss: 0.0201 - weighted_dice_loss: 0.0201 - val_loss: 0.0607 - val_weighted_dice_loss: 0.0607

Epoch 00115: val_weighted_dice_loss did not improve from 0.05928
Epoch 116/150
 - 840s - loss: 0.0199 - weighted_dice_loss: 0.0199 - val_loss: 0.7712 - val_weighted_dice_loss: 0.7712

Epoch 00116: val_weighted_dice_loss did not improve from 0.05928
Epoch 117/150
 - 840s - loss: 0.0199 - weighted_dice_loss: 0.0199 - val_loss: 0.0621 - val_weighted_dice_loss: 0.0621

Epoch 00117: val_weighted_dice_loss did not improve from 0.05928
Epoch 118/150
 - 840s - loss: 0.0198 - weighted_dice_loss: 0.0198 - val_loss: 0.8850 - val_weighted_dice_loss: 0.8850

Epoch 00118: val_weighted_dice_loss did not improve from 0.05928
Epoch 119/150
 - 839s - loss: 0.0196 - weighted_dice_loss: 0.0196 - val_loss: 0.8448 - val_weighted_dice_loss: 0.8448

Epoch 00119: val_weighted_dice_loss did not improve from 0.05928
Epoch 120/150
 - 839s - loss: 0.0195 - weighted_dice_loss: 0.0195 - val_loss: 0.0612 - val_weighted_dice_loss: 0.0612

Epoch 00120: val_weighted_dice_loss did not improve from 0.05928
Epoch 121/150
 - 839s - loss: 0.0195 - weighted_dice_loss: 0.0195 - val_loss: 0.0620 - val_weighted_dice_loss: 0.0620

Epoch 00121: val_weighted_dice_loss did not improve from 0.05928
Epoch 122/150
 - 840s - loss: 0.0194 - weighted_dice_loss: 0.0194 - val_loss: 0.0627 - val_weighted_dice_loss: 0.0627

Epoch 00122: val_weighted_dice_loss did not improve from 0.05928
Epoch 123/150
 - 839s - loss: 0.0193 - weighted_dice_loss: 0.0193 - val_loss: 0.0677 - val_weighted_dice_loss: 0.0677

Epoch 00123: val_weighted_dice_loss did not improve from 0.05928
Epoch 124/150
 - 839s - loss: 0.0192 - weighted_dice_loss: 0.0192 - val_loss: 0.0609 - val_weighted_dice_loss: 0.0609

Epoch 00124: val_weighted_dice_loss did not improve from 0.05928
Epoch 125/150
 - 839s - loss: 0.0191 - weighted_dice_loss: 0.0191 - val_loss: 0.8716 - val_weighted_dice_loss: 0.8716

Epoch 00125: val_weighted_dice_loss did not improve from 0.05928
Epoch 126/150
 - 839s - loss: 0.0190 - weighted_dice_loss: 0.0190 - val_loss: 0.0608 - val_weighted_dice_loss: 0.0608

Epoch 00126: val_weighted_dice_loss did not improve from 0.05928
Epoch 127/150
 - 839s - loss: 0.0189 - weighted_dice_loss: 0.0189 - val_loss: 0.0598 - val_weighted_dice_loss: 0.0598

Epoch 00127: val_weighted_dice_loss did not improve from 0.05928
Epoch 128/150
 - 839s - loss: 0.0188 - weighted_dice_loss: 0.0188 - val_loss: 0.0601 - val_weighted_dice_loss: 0.0601

Epoch 00128: val_weighted_dice_loss did not improve from 0.05928
Epoch 129/150
 - 839s - loss: 0.0187 - weighted_dice_loss: 0.0187 - val_loss: 0.0611 - val_weighted_dice_loss: 0.0611

Epoch 00129: val_weighted_dice_loss did not improve from 0.05928
Epoch 130/150
 - 839s - loss: 0.0187 - weighted_dice_loss: 0.0187 - val_loss: 0.0876 - val_weighted_dice_loss: 0.0876

Epoch 00130: val_weighted_dice_loss did not improve from 0.05928
Epoch 131/150
 - 839s - loss: 0.0186 - weighted_dice_loss: 0.0186 - val_loss: 0.0611 - val_weighted_dice_loss: 0.0611

Epoch 00131: val_weighted_dice_loss did not improve from 0.05928
Epoch 132/150
 - 839s - loss: 0.0185 - weighted_dice_loss: 0.0185 - val_loss: 0.0590 - val_weighted_dice_loss: 0.0590

Epoch 00132: val_weighted_dice_loss improved from 0.05928 to 0.05899, saving model to ./Unet-weights/2_classes_5208_reals_20832_GANs.h5
Epoch 133/150
 - 839s - loss: 0.0183 - weighted_dice_loss: 0.0183 - val_loss: 0.8855 - val_weighted_dice_loss: 0.8855

Epoch 00133: val_weighted_dice_loss did not improve from 0.05899
Epoch 134/150
 - 839s - loss: 0.0183 - weighted_dice_loss: 0.0183 - val_loss: 0.0616 - val_weighted_dice_loss: 0.0616

Epoch 00134: val_weighted_dice_loss did not improve from 0.05899
Epoch 135/150
 - 839s - loss: 0.0182 - weighted_dice_loss: 0.0182 - val_loss: 0.0616 - val_weighted_dice_loss: 0.0616

Epoch 00135: val_weighted_dice_loss did not improve from 0.05899
Epoch 136/150
 - 839s - loss: 0.0181 - weighted_dice_loss: 0.0181 - val_loss: 0.0611 - val_weighted_dice_loss: 0.0611

Epoch 00136: val_weighted_dice_loss did not improve from 0.05899
Epoch 137/150
 - 838s - loss: 0.0181 - weighted_dice_loss: 0.0181 - val_loss: 0.0609 - val_weighted_dice_loss: 0.0609

Epoch 00137: val_weighted_dice_loss did not improve from 0.05899
Epoch 138/150
 - 838s - loss: 0.0181 - weighted_dice_loss: 0.0181 - val_loss: 0.0588 - val_weighted_dice_loss: 0.0588

Epoch 00138: val_weighted_dice_loss improved from 0.05899 to 0.05879, saving model to ./Unet-weights/2_classes_5208_reals_20832_GANs.h5
Epoch 139/150
 - 838s - loss: 0.0180 - weighted_dice_loss: 0.0180 - val_loss: 0.0594 - val_weighted_dice_loss: 0.0594

Epoch 00139: val_weighted_dice_loss did not improve from 0.05879
Epoch 140/150
 - 838s - loss: 0.0178 - weighted_dice_loss: 0.0178 - val_loss: 0.0814 - val_weighted_dice_loss: 0.0814

Epoch 00140: val_weighted_dice_loss did not improve from 0.05879
Epoch 141/150
 - 838s - loss: 0.0178 - weighted_dice_loss: 0.0178 - val_loss: 0.4208 - val_weighted_dice_loss: 0.4208

Epoch 00141: val_weighted_dice_loss did not improve from 0.05879
Epoch 142/150
 - 838s - loss: 0.0177 - weighted_dice_loss: 0.0177 - val_loss: 0.2369 - val_weighted_dice_loss: 0.2369

Epoch 00142: val_weighted_dice_loss did not improve from 0.05879
Epoch 143/150
 - 838s - loss: 0.0176 - weighted_dice_loss: 0.0176 - val_loss: 0.0639 - val_weighted_dice_loss: 0.0639

Epoch 00143: val_weighted_dice_loss did not improve from 0.05879
Epoch 144/150
 - 838s - loss: 0.0175 - weighted_dice_loss: 0.0175 - val_loss: 0.0588 - val_weighted_dice_loss: 0.0588

Epoch 00144: val_weighted_dice_loss did not improve from 0.05879
Epoch 145/150
 - 838s - loss: 0.0175 - weighted_dice_loss: 0.0175 - val_loss: 0.0594 - val_weighted_dice_loss: 0.0594

Epoch 00145: val_weighted_dice_loss did not improve from 0.05879
Epoch 146/150
 - 838s - loss: 0.0174 - weighted_dice_loss: 0.0174 - val_loss: 0.0604 - val_weighted_dice_loss: 0.0604

Epoch 00146: val_weighted_dice_loss did not improve from 0.05879
Epoch 147/150
 - 838s - loss: 0.0173 - weighted_dice_loss: 0.0173 - val_loss: 0.0608 - val_weighted_dice_loss: 0.0608

Epoch 00147: val_weighted_dice_loss did not improve from 0.05879
Epoch 148/150
 - 839s - loss: 0.0172 - weighted_dice_loss: 0.0172 - val_loss: 0.0600 - val_weighted_dice_loss: 0.0600

Epoch 00148: val_weighted_dice_loss did not improve from 0.05879
Epoch 149/150
 - 839s - loss: 0.0173 - weighted_dice_loss: 0.0173 - val_loss: 0.0602 - val_weighted_dice_loss: 0.0602

Epoch 00149: val_weighted_dice_loss did not improve from 0.05879
Epoch 150/150
 - 839s - loss: 0.0171 - weighted_dice_loss: 0.0171 - val_loss: 0.0591 - val_weighted_dice_loss: 0.0591

Epoch 00150: val_weighted_dice_loss did not improve from 0.05879
Finished training.
