nohup: ignoring input
2020-08-26 23:42:29.159282: I tensorflow/core/platform/cpu_feature_guard.cc:142] Your CPU supports instructions that this TensorFlow binary was not compiled to use: SSE4.1 SSE4.2 AVX
2020-08-26 23:42:29.186436: I tensorflow/core/platform/profile_utils/cpu_utils.cc:94] CPU Frequency: 3601900000 Hz
2020-08-26 23:42:29.187493: I tensorflow/compiler/xla/service/service.cc:168] XLA service 0x5560c25c4570 executing computations on platform Host. Devices:
2020-08-26 23:42:29.187554: I tensorflow/compiler/xla/service/service.cc:175]   StreamExecutor device (0): <undefined>, <undefined>
2020-08-26 23:42:29.190864: I tensorflow/stream_executor/platform/default/dso_loader.cc:42] Successfully opened dynamic library libcuda.so.1
2020-08-26 23:42:29.214233: I tensorflow/stream_executor/cuda/cuda_gpu_executor.cc:1005] successful NUMA node read from SysFS had negative value (-1), but there must be at least one NUMA node, so returning NUMA node zero
2020-08-26 23:42:29.215409: I tensorflow/core/common_runtime/gpu/gpu_device.cc:1640] Found device 0 with properties: 
name: GeForce GTX 1080 major: 6 minor: 1 memoryClockRate(GHz): 1.7335
pciBusID: 0000:01:00.0
2020-08-26 23:42:29.226078: I tensorflow/stream_executor/platform/default/dso_loader.cc:42] Successfully opened dynamic library libcudart.so.10.1
2020-08-26 23:42:29.370054: I tensorflow/stream_executor/platform/default/dso_loader.cc:42] Successfully opened dynamic library libcublas.so.10
2020-08-26 23:42:29.451811: I tensorflow/stream_executor/platform/default/dso_loader.cc:42] Successfully opened dynamic library libcufft.so.10
2020-08-26 23:42:29.521337: I tensorflow/stream_executor/platform/default/dso_loader.cc:42] Successfully opened dynamic library libcurand.so.10
2020-08-26 23:42:29.671186: I tensorflow/stream_executor/platform/default/dso_loader.cc:42] Successfully opened dynamic library libcusolver.so.10
2020-08-26 23:42:29.740942: I tensorflow/stream_executor/platform/default/dso_loader.cc:42] Successfully opened dynamic library libcusparse.so.10
2020-08-26 23:42:30.052720: I tensorflow/stream_executor/platform/default/dso_loader.cc:42] Successfully opened dynamic library libcudnn.so.7
2020-08-26 23:42:30.052963: I tensorflow/stream_executor/cuda/cuda_gpu_executor.cc:1005] successful NUMA node read from SysFS had negative value (-1), but there must be at least one NUMA node, so returning NUMA node zero
2020-08-26 23:42:30.053945: I tensorflow/stream_executor/cuda/cuda_gpu_executor.cc:1005] successful NUMA node read from SysFS had negative value (-1), but there must be at least one NUMA node, so returning NUMA node zero
2020-08-26 23:42:30.054777: I tensorflow/core/common_runtime/gpu/gpu_device.cc:1763] Adding visible gpu devices: 0
2020-08-26 23:42:30.054839: I tensorflow/stream_executor/platform/default/dso_loader.cc:42] Successfully opened dynamic library libcudart.so.10.1
2020-08-26 23:42:30.146679: I tensorflow/core/common_runtime/gpu/gpu_device.cc:1181] Device interconnect StreamExecutor with strength 1 edge matrix:
2020-08-26 23:42:30.146730: I tensorflow/core/common_runtime/gpu/gpu_device.cc:1187]      0 
2020-08-26 23:42:30.146747: I tensorflow/core/common_runtime/gpu/gpu_device.cc:1200] 0:   N 
2020-08-26 23:42:30.146929: I tensorflow/stream_executor/cuda/cuda_gpu_executor.cc:1005] successful NUMA node read from SysFS had negative value (-1), but there must be at least one NUMA node, so returning NUMA node zero
2020-08-26 23:42:30.147516: I tensorflow/stream_executor/cuda/cuda_gpu_executor.cc:1005] successful NUMA node read from SysFS had negative value (-1), but there must be at least one NUMA node, so returning NUMA node zero
2020-08-26 23:42:30.148055: I tensorflow/stream_executor/cuda/cuda_gpu_executor.cc:1005] successful NUMA node read from SysFS had negative value (-1), but there must be at least one NUMA node, so returning NUMA node zero
2020-08-26 23:42:30.148572: I tensorflow/core/common_runtime/gpu/gpu_device.cc:1326] Created TensorFlow device (/job:localhost/replica:0/task:0/device:GPU:0 with 7568 MB memory) -> physical GPU (device: 0, name: GeForce GTX 1080, pci bus id: 0000:01:00.0, compute capability: 6.1)
2020-08-26 23:42:30.150785: I tensorflow/compiler/xla/service/service.cc:168] XLA service 0x5560c30d1180 executing computations on platform CUDA. Devices:
2020-08-26 23:42:30.150809: I tensorflow/compiler/xla/service/service.cc:175]   StreamExecutor device (0): GeForce GTX 1080, Compute Capability 6.1
/home/mehfo331/.conda/envs/thesis/lib/python3.6/site-packages/tensorflow/python/framework/dtypes.py:516: FutureWarning: Passing (type, 1) or '1type' as a synonym of type is deprecated; in a future version of numpy, it will be understood as (type, (1,)) / '(1,)type'.
  _np_qint8 = np.dtype([("qint8", np.int8, 1)])
/home/mehfo331/.conda/envs/thesis/lib/python3.6/site-packages/tensorflow/python/framework/dtypes.py:517: FutureWarning: Passing (type, 1) or '1type' as a synonym of type is deprecated; in a future version of numpy, it will be understood as (type, (1,)) / '(1,)type'.
  _np_quint8 = np.dtype([("quint8", np.uint8, 1)])
/home/mehfo331/.conda/envs/thesis/lib/python3.6/site-packages/tensorflow/python/framework/dtypes.py:518: FutureWarning: Passing (type, 1) or '1type' as a synonym of type is deprecated; in a future version of numpy, it will be understood as (type, (1,)) / '(1,)type'.
  _np_qint16 = np.dtype([("qint16", np.int16, 1)])
/home/mehfo331/.conda/envs/thesis/lib/python3.6/site-packages/tensorflow/python/framework/dtypes.py:519: FutureWarning: Passing (type, 1) or '1type' as a synonym of type is deprecated; in a future version of numpy, it will be understood as (type, (1,)) / '(1,)type'.
  _np_quint16 = np.dtype([("quint16", np.uint16, 1)])
/home/mehfo331/.conda/envs/thesis/lib/python3.6/site-packages/tensorflow/python/framework/dtypes.py:520: FutureWarning: Passing (type, 1) or '1type' as a synonym of type is deprecated; in a future version of numpy, it will be understood as (type, (1,)) / '(1,)type'.
  _np_qint32 = np.dtype([("qint32", np.int32, 1)])
/home/mehfo331/.conda/envs/thesis/lib/python3.6/site-packages/tensorflow/python/framework/dtypes.py:525: FutureWarning: Passing (type, 1) or '1type' as a synonym of type is deprecated; in a future version of numpy, it will be understood as (type, (1,)) / '(1,)type'.
  np_resource = np.dtype([("resource", np.ubyte, 1)])
/home/mehfo331/.conda/envs/thesis/lib/python3.6/site-packages/tensorboard/compat/tensorflow_stub/dtypes.py:541: FutureWarning: Passing (type, 1) or '1type' as a synonym of type is deprecated; in a future version of numpy, it will be understood as (type, (1,)) / '(1,)type'.
  _np_qint8 = np.dtype([("qint8", np.int8, 1)])
/home/mehfo331/.conda/envs/thesis/lib/python3.6/site-packages/tensorboard/compat/tensorflow_stub/dtypes.py:542: FutureWarning: Passing (type, 1) or '1type' as a synonym of type is deprecated; in a future version of numpy, it will be understood as (type, (1,)) / '(1,)type'.
  _np_quint8 = np.dtype([("quint8", np.uint8, 1)])
/home/mehfo331/.conda/envs/thesis/lib/python3.6/site-packages/tensorboard/compat/tensorflow_stub/dtypes.py:543: FutureWarning: Passing (type, 1) or '1type' as a synonym of type is deprecated; in a future version of numpy, it will be understood as (type, (1,)) / '(1,)type'.
  _np_qint16 = np.dtype([("qint16", np.int16, 1)])
/home/mehfo331/.conda/envs/thesis/lib/python3.6/site-packages/tensorboard/compat/tensorflow_stub/dtypes.py:544: FutureWarning: Passing (type, 1) or '1type' as a synonym of type is deprecated; in a future version of numpy, it will be understood as (type, (1,)) / '(1,)type'.
  _np_quint16 = np.dtype([("quint16", np.uint16, 1)])
/home/mehfo331/.conda/envs/thesis/lib/python3.6/site-packages/tensorboard/compat/tensorflow_stub/dtypes.py:545: FutureWarning: Passing (type, 1) or '1type' as a synonym of type is deprecated; in a future version of numpy, it will be understood as (type, (1,)) / '(1,)type'.
  _np_qint32 = np.dtype([("qint32", np.int32, 1)])
/home/mehfo331/.conda/envs/thesis/lib/python3.6/site-packages/tensorboard/compat/tensorflow_stub/dtypes.py:550: FutureWarning: Passing (type, 1) or '1type' as a synonym of type is deprecated; in a future version of numpy, it will be understood as (type, (1,)) / '(1,)type'.
  np_resource = np.dtype([("resource", np.ubyte, 1)])
Using TensorFlow backend.
WARNING:tensorflow:From segmentation.py:20: The name tf.keras.backend.set_session is deprecated. Please use tf.compat.v1.keras.backend.set_session instead.

WARNING:tensorflow:From segmentation.py:33: The name tf.ConfigProto is deprecated. Please use tf.compat.v1.ConfigProto instead.

WARNING:tensorflow:From segmentation.py:35: The name tf.Session is deprecated. Please use tf.compat.v1.Session instead.

2020-08-26 23:42:30.152405: I tensorflow/stream_executor/cuda/cuda_gpu_executor.cc:1005] successful NUMA node read from SysFS had negative value (-1), but there must be at least one NUMA node, so returning NUMA node zero
2020-08-26 23:42:30.152932: I tensorflow/core/common_runtime/gpu/gpu_device.cc:1640] Found device 0 with properties: 
name: GeForce GTX 1080 major: 6 minor: 1 memoryClockRate(GHz): 1.7335
pciBusID: 0000:01:00.0
2020-08-26 23:42:30.152973: I tensorflow/stream_executor/platform/default/dso_loader.cc:42] Successfully opened dynamic library libcudart.so.10.1
2020-08-26 23:42:30.152995: I tensorflow/stream_executor/platform/default/dso_loader.cc:42] Successfully opened dynamic library libcublas.so.10
2020-08-26 23:42:30.153014: I tensorflow/stream_executor/platform/default/dso_loader.cc:42] Successfully opened dynamic library libcufft.so.10
2020-08-26 23:42:30.153034: I tensorflow/stream_executor/platform/default/dso_loader.cc:42] Successfully opened dynamic library libcurand.so.10
2020-08-26 23:42:30.153052: I tensorflow/stream_executor/platform/default/dso_loader.cc:42] Successfully opened dynamic library libcusolver.so.10
2020-08-26 23:42:30.153071: I tensorflow/stream_executor/platform/default/dso_loader.cc:42] Successfully opened dynamic library libcusparse.so.10
2020-08-26 23:42:30.153091: I tensorflow/stream_executor/platform/default/dso_loader.cc:42] Successfully opened dynamic library libcudnn.so.7
2020-08-26 23:42:30.153172: I tensorflow/stream_executor/cuda/cuda_gpu_executor.cc:1005] successful NUMA node read from SysFS had negative value (-1), but there must be at least one NUMA node, so returning NUMA node zero
2020-08-26 23:42:30.153713: I tensorflow/stream_executor/cuda/cuda_gpu_executor.cc:1005] successful NUMA node read from SysFS had negative value (-1), but there must be at least one NUMA node, so returning NUMA node zero
2020-08-26 23:42:30.154193: I tensorflow/core/common_runtime/gpu/gpu_device.cc:1763] Adding visible gpu devices: 0
2020-08-26 23:42:30.154228: I tensorflow/core/common_runtime/gpu/gpu_device.cc:1181] Device interconnect StreamExecutor with strength 1 edge matrix:
2020-08-26 23:42:30.154241: I tensorflow/core/common_runtime/gpu/gpu_device.cc:1187]      0 
2020-08-26 23:42:30.154251: I tensorflow/core/common_runtime/gpu/gpu_device.cc:1200] 0:   N 
2020-08-26 23:42:30.154344: I tensorflow/stream_executor/cuda/cuda_gpu_executor.cc:1005] successful NUMA node read from SysFS had negative value (-1), but there must be at least one NUMA node, so returning NUMA node zero
2020-08-26 23:42:30.154886: I tensorflow/stream_executor/cuda/cuda_gpu_executor.cc:1005] successful NUMA node read from SysFS had negative value (-1), but there must be at least one NUMA node, so returning NUMA node zero
2020-08-26 23:42:30.155388: I tensorflow/core/common_runtime/gpu/gpu_device.cc:1326] Created TensorFlow device (/job:localhost/replica:0/task:0/device:GPU:0 with 7568 MB memory) -> physical GPU (device: 0, name: GeForce GTX 1080, pci bus id: 0000:01:00.0, compute capability: 6.1)
WARNING:tensorflow:From /home/mehfo331/.conda/envs/thesis/lib/python3.6/site-packages/keras/backend/tensorflow_backend.py:74: The name tf.get_default_graph is deprecated. Please use tf.compat.v1.get_default_graph instead.

WARNING:tensorflow:From /home/mehfo331/.conda/envs/thesis/lib/python3.6/site-packages/keras/backend/tensorflow_backend.py:517: The name tf.placeholder is deprecated. Please use tf.compat.v1.placeholder instead.

WARNING:tensorflow:From /home/mehfo331/.conda/envs/thesis/lib/python3.6/site-packages/keras/backend/tensorflow_backend.py:4185: The name tf.truncated_normal is deprecated. Please use tf.random.truncated_normal instead.

WARNING:tensorflow:From /home/mehfo331/.conda/envs/thesis/lib/python3.6/site-packages/keras/backend/tensorflow_backend.py:1834: The name tf.nn.fused_batch_norm is deprecated. Please use tf.compat.v1.nn.fused_batch_norm instead.

WARNING:tensorflow:From /home/mehfo331/.conda/envs/thesis/lib/python3.6/site-packages/keras/backend/tensorflow_backend.py:3976: The name tf.nn.max_pool is deprecated. Please use tf.nn.max_pool2d instead.

WARNING:tensorflow:From /home/mehfo331/.conda/envs/thesis/lib/python3.6/site-packages/keras/optimizers.py:790: The name tf.train.Optimizer is deprecated. Please use tf.compat.v1.train.Optimizer instead.

2020-08-26 23:57:19.612140: I tensorflow/stream_executor/platform/default/dso_loader.cc:42] Successfully opened dynamic library libcudnn.so.7

Reading data...
Finished reading data.

Reading data...
Finished reading data.

Training 2 classes with 35000 images (26040 real and 8960 GAN images):

Epoch 1/150
 - 2813s - loss: 0.2469 - weighted_dice_loss: 0.2469 - val_loss: 0.1497 - val_weighted_dice_loss: 0.1497

Epoch 00001: val_weighted_dice_loss improved from inf to 0.14968, saving model to ./Unet-weights/2_classes_26040_reals_8960_GANs.h5
Epoch 2/150
 - 2079s - loss: 0.1338 - weighted_dice_loss: 0.1338 - val_loss: 0.1151 - val_weighted_dice_loss: 0.1151

Epoch 00002: val_weighted_dice_loss improved from 0.14968 to 0.11515, saving model to ./Unet-weights/2_classes_26040_reals_8960_GANs.h5
Epoch 3/150
 - 2081s - loss: 0.1144 - weighted_dice_loss: 0.1144 - val_loss: 0.1157 - val_weighted_dice_loss: 0.1157

Epoch 00003: val_weighted_dice_loss did not improve from 0.11515
Epoch 4/150
 - 2080s - loss: 0.1040 - weighted_dice_loss: 0.1040 - val_loss: 0.1007 - val_weighted_dice_loss: 0.1007

Epoch 00004: val_weighted_dice_loss improved from 0.11515 to 0.10072, saving model to ./Unet-weights/2_classes_26040_reals_8960_GANs.h5
Epoch 5/150
 - 2081s - loss: 0.0975 - weighted_dice_loss: 0.0975 - val_loss: 0.0954 - val_weighted_dice_loss: 0.0954

Epoch 00005: val_weighted_dice_loss improved from 0.10072 to 0.09537, saving model to ./Unet-weights/2_classes_26040_reals_8960_GANs.h5
Epoch 6/150
 - 2080s - loss: 0.0920 - weighted_dice_loss: 0.0920 - val_loss: 0.0966 - val_weighted_dice_loss: 0.0966

Epoch 00006: val_weighted_dice_loss did not improve from 0.09537
Epoch 7/150
 - 2080s - loss: 0.0868 - weighted_dice_loss: 0.0868 - val_loss: 0.0889 - val_weighted_dice_loss: 0.0889

Epoch 00007: val_weighted_dice_loss improved from 0.09537 to 0.08886, saving model to ./Unet-weights/2_classes_26040_reals_8960_GANs.h5
Epoch 8/150
 - 2080s - loss: 0.0828 - weighted_dice_loss: 0.0828 - val_loss: 0.0815 - val_weighted_dice_loss: 0.0815

Epoch 00008: val_weighted_dice_loss improved from 0.08886 to 0.08148, saving model to ./Unet-weights/2_classes_26040_reals_8960_GANs.h5
Epoch 9/150
 - 2084s - loss: 0.0793 - weighted_dice_loss: 0.0793 - val_loss: 0.0810 - val_weighted_dice_loss: 0.0810

Epoch 00009: val_weighted_dice_loss improved from 0.08148 to 0.08104, saving model to ./Unet-weights/2_classes_26040_reals_8960_GANs.h5
Epoch 10/150
 - 2080s - loss: 0.0751 - weighted_dice_loss: 0.0751 - val_loss: 0.0766 - val_weighted_dice_loss: 0.0766

Epoch 00010: val_weighted_dice_loss improved from 0.08104 to 0.07661, saving model to ./Unet-weights/2_classes_26040_reals_8960_GANs.h5
Epoch 11/150
 - 2079s - loss: 0.0731 - weighted_dice_loss: 0.0731 - val_loss: 0.0761 - val_weighted_dice_loss: 0.0761

Epoch 00011: val_weighted_dice_loss improved from 0.07661 to 0.07614, saving model to ./Unet-weights/2_classes_26040_reals_8960_GANs.h5
Epoch 12/150
 - 2080s - loss: 0.0701 - weighted_dice_loss: 0.0701 - val_loss: 0.0750 - val_weighted_dice_loss: 0.0750

Epoch 00012: val_weighted_dice_loss improved from 0.07614 to 0.07504, saving model to ./Unet-weights/2_classes_26040_reals_8960_GANs.h5
Epoch 13/150
 - 2079s - loss: 0.0671 - weighted_dice_loss: 0.0671 - val_loss: 0.0770 - val_weighted_dice_loss: 0.0770

Epoch 00013: val_weighted_dice_loss did not improve from 0.07504
Epoch 14/150
 - 2077s - loss: 0.0648 - weighted_dice_loss: 0.0648 - val_loss: 0.6635 - val_weighted_dice_loss: 0.6635

Epoch 00014: val_weighted_dice_loss did not improve from 0.07504
Epoch 15/150
 - 2079s - loss: 0.0622 - weighted_dice_loss: 0.0622 - val_loss: 0.0768 - val_weighted_dice_loss: 0.0768

Epoch 00015: val_weighted_dice_loss did not improve from 0.07504
Epoch 16/150
 - 2080s - loss: 0.0600 - weighted_dice_loss: 0.0600 - val_loss: 0.0604 - val_weighted_dice_loss: 0.0604

Epoch 00016: val_weighted_dice_loss improved from 0.07504 to 0.06041, saving model to ./Unet-weights/2_classes_26040_reals_8960_GANs.h5
Epoch 17/150
 - 2081s - loss: 0.0582 - weighted_dice_loss: 0.0582 - val_loss: 0.0693 - val_weighted_dice_loss: 0.0693

Epoch 00017: val_weighted_dice_loss did not improve from 0.06041
Epoch 18/150
 - 2085s - loss: 0.0555 - weighted_dice_loss: 0.0555 - val_loss: 0.0919 - val_weighted_dice_loss: 0.0919

Epoch 00018: val_weighted_dice_loss did not improve from 0.06041
Epoch 19/150
 - 2084s - loss: 0.0535 - weighted_dice_loss: 0.0535 - val_loss: 0.1793 - val_weighted_dice_loss: 0.1793

Epoch 00019: val_weighted_dice_loss did not improve from 0.06041
Epoch 20/150
 - 2083s - loss: 0.0517 - weighted_dice_loss: 0.0517 - val_loss: 0.0559 - val_weighted_dice_loss: 0.0559

Epoch 00020: val_weighted_dice_loss improved from 0.06041 to 0.05590, saving model to ./Unet-weights/2_classes_26040_reals_8960_GANs.h5
Epoch 21/150
 - 2080s - loss: 0.0497 - weighted_dice_loss: 0.0497 - val_loss: 0.0553 - val_weighted_dice_loss: 0.0553

Epoch 00021: val_weighted_dice_loss improved from 0.05590 to 0.05533, saving model to ./Unet-weights/2_classes_26040_reals_8960_GANs.h5
Epoch 22/150
 - 2079s - loss: 0.0484 - weighted_dice_loss: 0.0484 - val_loss: 0.4544 - val_weighted_dice_loss: 0.4544

Epoch 00022: val_weighted_dice_loss did not improve from 0.05533
Epoch 23/150
 - 2085s - loss: 0.0470 - weighted_dice_loss: 0.0470 - val_loss: 0.0528 - val_weighted_dice_loss: 0.0528

Epoch 00023: val_weighted_dice_loss improved from 0.05533 to 0.05277, saving model to ./Unet-weights/2_classes_26040_reals_8960_GANs.h5
Epoch 24/150
 - 2080s - loss: 0.0453 - weighted_dice_loss: 0.0453 - val_loss: 0.0532 - val_weighted_dice_loss: 0.0532

Epoch 00024: val_weighted_dice_loss did not improve from 0.05277
Epoch 25/150
 - 2079s - loss: 0.0441 - weighted_dice_loss: 0.0441 - val_loss: 0.0490 - val_weighted_dice_loss: 0.0490

Epoch 00025: val_weighted_dice_loss improved from 0.05277 to 0.04897, saving model to ./Unet-weights/2_classes_26040_reals_8960_GANs.h5
Epoch 26/150
 - 2080s - loss: 0.0430 - weighted_dice_loss: 0.0430 - val_loss: 0.0471 - val_weighted_dice_loss: 0.0471

Epoch 00026: val_weighted_dice_loss improved from 0.04897 to 0.04706, saving model to ./Unet-weights/2_classes_26040_reals_8960_GANs.h5
Epoch 27/150
 - 2081s - loss: 0.0414 - weighted_dice_loss: 0.0414 - val_loss: 0.0469 - val_weighted_dice_loss: 0.0469

Epoch 00027: val_weighted_dice_loss improved from 0.04706 to 0.04690, saving model to ./Unet-weights/2_classes_26040_reals_8960_GANs.h5
Epoch 28/150
 - 2083s - loss: 0.0404 - weighted_dice_loss: 0.0404 - val_loss: 0.0447 - val_weighted_dice_loss: 0.0447

Epoch 00028: val_weighted_dice_loss improved from 0.04690 to 0.04472, saving model to ./Unet-weights/2_classes_26040_reals_8960_GANs.h5
Epoch 29/150
 - 2084s - loss: 0.0397 - weighted_dice_loss: 0.0397 - val_loss: 0.3118 - val_weighted_dice_loss: 0.3118

Epoch 00029: val_weighted_dice_loss did not improve from 0.04472
Epoch 30/150
 - 2082s - loss: 0.0385 - weighted_dice_loss: 0.0385 - val_loss: 0.0434 - val_weighted_dice_loss: 0.0434

Epoch 00030: val_weighted_dice_loss improved from 0.04472 to 0.04345, saving model to ./Unet-weights/2_classes_26040_reals_8960_GANs.h5
Epoch 31/150
 - 2083s - loss: 0.0373 - weighted_dice_loss: 0.0373 - val_loss: 0.0537 - val_weighted_dice_loss: 0.0537

Epoch 00031: val_weighted_dice_loss did not improve from 0.04345
Epoch 32/150
 - 2083s - loss: 0.0365 - weighted_dice_loss: 0.0365 - val_loss: 0.0425 - val_weighted_dice_loss: 0.0425

Epoch 00032: val_weighted_dice_loss improved from 0.04345 to 0.04252, saving model to ./Unet-weights/2_classes_26040_reals_8960_GANs.h5
Epoch 33/150
 - 2082s - loss: 0.0359 - weighted_dice_loss: 0.0359 - val_loss: 0.0405 - val_weighted_dice_loss: 0.0405

Epoch 00033: val_weighted_dice_loss improved from 0.04252 to 0.04045, saving model to ./Unet-weights/2_classes_26040_reals_8960_GANs.h5
Epoch 34/150
 - 2082s - loss: 0.0351 - weighted_dice_loss: 0.0351 - val_loss: 0.0508 - val_weighted_dice_loss: 0.0508

Epoch 00034: val_weighted_dice_loss did not improve from 0.04045
Epoch 35/150
 - 2081s - loss: 0.0345 - weighted_dice_loss: 0.0345 - val_loss: 0.0706 - val_weighted_dice_loss: 0.0706

Epoch 00035: val_weighted_dice_loss did not improve from 0.04045
Epoch 36/150
 - 2083s - loss: 0.0337 - weighted_dice_loss: 0.0337 - val_loss: 0.0477 - val_weighted_dice_loss: 0.0477

Epoch 00036: val_weighted_dice_loss did not improve from 0.04045
Epoch 37/150
 - 2082s - loss: 0.0333 - weighted_dice_loss: 0.0333 - val_loss: 0.0399 - val_weighted_dice_loss: 0.0399

Epoch 00037: val_weighted_dice_loss improved from 0.04045 to 0.03988, saving model to ./Unet-weights/2_classes_26040_reals_8960_GANs.h5
Epoch 38/150
 - 2081s - loss: 0.0324 - weighted_dice_loss: 0.0324 - val_loss: 0.0407 - val_weighted_dice_loss: 0.0407

Epoch 00038: val_weighted_dice_loss did not improve from 0.03988
Epoch 39/150
 - 2081s - loss: 0.0320 - weighted_dice_loss: 0.0320 - val_loss: 0.0505 - val_weighted_dice_loss: 0.0505

Epoch 00039: val_weighted_dice_loss did not improve from 0.03988
Epoch 40/150
 - 2081s - loss: 0.0315 - weighted_dice_loss: 0.0315 - val_loss: 0.0368 - val_weighted_dice_loss: 0.0368

Epoch 00040: val_weighted_dice_loss improved from 0.03988 to 0.03676, saving model to ./Unet-weights/2_classes_26040_reals_8960_GANs.h5
Epoch 41/150
 - 2083s - loss: 0.0309 - weighted_dice_loss: 0.0309 - val_loss: 0.0363 - val_weighted_dice_loss: 0.0363

Epoch 00041: val_weighted_dice_loss improved from 0.03676 to 0.03633, saving model to ./Unet-weights/2_classes_26040_reals_8960_GANs.h5
Epoch 42/150
 - 2082s - loss: 0.0305 - weighted_dice_loss: 0.0305 - val_loss: 0.0378 - val_weighted_dice_loss: 0.0378

Epoch 00042: val_weighted_dice_loss did not improve from 0.03633
Epoch 43/150
 - 2085s - loss: 0.0303 - weighted_dice_loss: 0.0303 - val_loss: 0.0377 - val_weighted_dice_loss: 0.0377

Epoch 00043: val_weighted_dice_loss did not improve from 0.03633
Epoch 44/150
 - 2081s - loss: 0.0296 - weighted_dice_loss: 0.0296 - val_loss: 0.0355 - val_weighted_dice_loss: 0.0355

Epoch 00044: val_weighted_dice_loss improved from 0.03633 to 0.03550, saving model to ./Unet-weights/2_classes_26040_reals_8960_GANs.h5
Epoch 45/150
 - 2080s - loss: 0.0294 - weighted_dice_loss: 0.0294 - val_loss: 0.3056 - val_weighted_dice_loss: 0.3056

Epoch 00045: val_weighted_dice_loss did not improve from 0.03550
Epoch 46/150
 - 2080s - loss: 0.0289 - weighted_dice_loss: 0.0289 - val_loss: 0.0358 - val_weighted_dice_loss: 0.0358

Epoch 00046: val_weighted_dice_loss did not improve from 0.03550
Epoch 47/150
 - 2081s - loss: 0.0285 - weighted_dice_loss: 0.0285 - val_loss: 0.7919 - val_weighted_dice_loss: 0.7919

Epoch 00047: val_weighted_dice_loss did not improve from 0.03550
Epoch 48/150
 - 2086s - loss: 0.0282 - weighted_dice_loss: 0.0282 - val_loss: 0.6055 - val_weighted_dice_loss: 0.6055

Epoch 00048: val_weighted_dice_loss did not improve from 0.03550
Epoch 49/150
 - 2080s - loss: 0.0278 - weighted_dice_loss: 0.0278 - val_loss: 0.0512 - val_weighted_dice_loss: 0.0512

Epoch 00049: val_weighted_dice_loss did not improve from 0.03550
Epoch 50/150
 - 2081s - loss: 0.0276 - weighted_dice_loss: 0.0276 - val_loss: 0.4596 - val_weighted_dice_loss: 0.4596

Epoch 00050: val_weighted_dice_loss did not improve from 0.03550
Epoch 51/150
 - 2082s - loss: 0.0273 - weighted_dice_loss: 0.0273 - val_loss: 0.0345 - val_weighted_dice_loss: 0.0345

Epoch 00051: val_weighted_dice_loss improved from 0.03550 to 0.03454, saving model to ./Unet-weights/2_classes_26040_reals_8960_GANs.h5
Epoch 52/150
 - 2080s - loss: 0.0270 - weighted_dice_loss: 0.0270 - val_loss: 0.0343 - val_weighted_dice_loss: 0.0343

Epoch 00052: val_weighted_dice_loss improved from 0.03454 to 0.03427, saving model to ./Unet-weights/2_classes_26040_reals_8960_GANs.h5
Epoch 53/150
 - 2080s - loss: 0.0267 - weighted_dice_loss: 0.0267 - val_loss: 0.0332 - val_weighted_dice_loss: 0.0332

Epoch 00053: val_weighted_dice_loss improved from 0.03427 to 0.03317, saving model to ./Unet-weights/2_classes_26040_reals_8960_GANs.h5
Epoch 54/150
 - 2077s - loss: 0.0264 - weighted_dice_loss: 0.0264 - val_loss: 0.4271 - val_weighted_dice_loss: 0.4271

Epoch 00054: val_weighted_dice_loss did not improve from 0.03317
Epoch 55/150
 - 2076s - loss: 0.0262 - weighted_dice_loss: 0.0262 - val_loss: 0.0431 - val_weighted_dice_loss: 0.0431

Epoch 00055: val_weighted_dice_loss did not improve from 0.03317
Epoch 56/150
 - 2078s - loss: 0.0259 - weighted_dice_loss: 0.0259 - val_loss: 0.0971 - val_weighted_dice_loss: 0.0971

Epoch 00056: val_weighted_dice_loss did not improve from 0.03317
Epoch 57/150
 - 2076s - loss: 0.0256 - weighted_dice_loss: 0.0256 - val_loss: 0.0324 - val_weighted_dice_loss: 0.0324

Epoch 00057: val_weighted_dice_loss improved from 0.03317 to 0.03237, saving model to ./Unet-weights/2_classes_26040_reals_8960_GANs.h5
Epoch 58/150
 - 2077s - loss: 0.0255 - weighted_dice_loss: 0.0255 - val_loss: 0.0332 - val_weighted_dice_loss: 0.0332

Epoch 00058: val_weighted_dice_loss did not improve from 0.03237
Epoch 59/150
 - 2082s - loss: 0.0252 - weighted_dice_loss: 0.0252 - val_loss: 0.6989 - val_weighted_dice_loss: 0.6989

Epoch 00059: val_weighted_dice_loss did not improve from 0.03237
Epoch 60/150
 - 2084s - loss: 0.0250 - weighted_dice_loss: 0.0250 - val_loss: 0.0332 - val_weighted_dice_loss: 0.0332

Epoch 00060: val_weighted_dice_loss did not improve from 0.03237
Epoch 61/150
 - 2080s - loss: 0.0248 - weighted_dice_loss: 0.0248 - val_loss: 0.0322 - val_weighted_dice_loss: 0.0322

Epoch 00061: val_weighted_dice_loss improved from 0.03237 to 0.03218, saving model to ./Unet-weights/2_classes_26040_reals_8960_GANs.h5
Epoch 62/150
 - 2080s - loss: 0.0246 - weighted_dice_loss: 0.0246 - val_loss: 0.3007 - val_weighted_dice_loss: 0.3007

Epoch 00062: val_weighted_dice_loss did not improve from 0.03218
Epoch 63/150
 - 2080s - loss: 0.0243 - weighted_dice_loss: 0.0243 - val_loss: 0.0321 - val_weighted_dice_loss: 0.0321

Epoch 00063: val_weighted_dice_loss improved from 0.03218 to 0.03207, saving model to ./Unet-weights/2_classes_26040_reals_8960_GANs.h5
Epoch 64/150
 - 2086s - loss: 0.0242 - weighted_dice_loss: 0.0242 - val_loss: 0.0614 - val_weighted_dice_loss: 0.0614

Epoch 00064: val_weighted_dice_loss did not improve from 0.03207
Epoch 65/150
 - 2079s - loss: 0.0241 - weighted_dice_loss: 0.0241 - val_loss: 0.0661 - val_weighted_dice_loss: 0.0661

Epoch 00065: val_weighted_dice_loss did not improve from 0.03207
Epoch 66/150
 - 2080s - loss: 0.0238 - weighted_dice_loss: 0.0238 - val_loss: 0.6962 - val_weighted_dice_loss: 0.6962

Epoch 00066: val_weighted_dice_loss did not improve from 0.03207
Epoch 67/150
 - 2080s - loss: 0.0235 - weighted_dice_loss: 0.0235 - val_loss: 0.0315 - val_weighted_dice_loss: 0.0315

Epoch 00067: val_weighted_dice_loss improved from 0.03207 to 0.03152, saving model to ./Unet-weights/2_classes_26040_reals_8960_GANs.h5
Epoch 68/150
 - 2083s - loss: 0.0234 - weighted_dice_loss: 0.0234 - val_loss: 0.7287 - val_weighted_dice_loss: 0.7287

Epoch 00068: val_weighted_dice_loss did not improve from 0.03152
Epoch 69/150
 - 2079s - loss: 0.0233 - weighted_dice_loss: 0.0233 - val_loss: 0.0310 - val_weighted_dice_loss: 0.0310

Epoch 00069: val_weighted_dice_loss improved from 0.03152 to 0.03105, saving model to ./Unet-weights/2_classes_26040_reals_8960_GANs.h5
Epoch 70/150
 - 2080s - loss: 0.0231 - weighted_dice_loss: 0.0231 - val_loss: 0.0340 - val_weighted_dice_loss: 0.0340

Epoch 00070: val_weighted_dice_loss did not improve from 0.03105
Epoch 71/150
 - 2081s - loss: 0.0229 - weighted_dice_loss: 0.0229 - val_loss: 0.0306 - val_weighted_dice_loss: 0.0306

Epoch 00071: val_weighted_dice_loss improved from 0.03105 to 0.03060, saving model to ./Unet-weights/2_classes_26040_reals_8960_GANs.h5
Epoch 72/150
 - 2083s - loss: 0.0228 - weighted_dice_loss: 0.0228 - val_loss: 0.4647 - val_weighted_dice_loss: 0.4647

Epoch 00072: val_weighted_dice_loss did not improve from 0.03060
Epoch 73/150
 - 2082s - loss: 0.0226 - weighted_dice_loss: 0.0226 - val_loss: 0.0316 - val_weighted_dice_loss: 0.0316

Epoch 00073: val_weighted_dice_loss did not improve from 0.03060
Epoch 74/150
 - 2084s - loss: 0.0224 - weighted_dice_loss: 0.0224 - val_loss: 0.0303 - val_weighted_dice_loss: 0.0303

Epoch 00074: val_weighted_dice_loss improved from 0.03060 to 0.03028, saving model to ./Unet-weights/2_classes_26040_reals_8960_GANs.h5
Epoch 75/150
 - 2082s - loss: 0.0223 - weighted_dice_loss: 0.0223 - val_loss: 0.8330 - val_weighted_dice_loss: 0.8330

Epoch 00075: val_weighted_dice_loss did not improve from 0.03028
Epoch 76/150
 - 2082s - loss: 0.0221 - weighted_dice_loss: 0.0221 - val_loss: 0.0302 - val_weighted_dice_loss: 0.0302

Epoch 00076: val_weighted_dice_loss improved from 0.03028 to 0.03020, saving model to ./Unet-weights/2_classes_26040_reals_8960_GANs.h5
Epoch 77/150
 - 2082s - loss: 0.0220 - weighted_dice_loss: 0.0220 - val_loss: 0.6836 - val_weighted_dice_loss: 0.6836

Epoch 00077: val_weighted_dice_loss did not improve from 0.03020
Epoch 78/150
 - 2082s - loss: 0.0218 - weighted_dice_loss: 0.0218 - val_loss: 0.8624 - val_weighted_dice_loss: 0.8624

Epoch 00078: val_weighted_dice_loss did not improve from 0.03020
Epoch 79/150
 - 2081s - loss: 0.0216 - weighted_dice_loss: 0.0216 - val_loss: 0.7733 - val_weighted_dice_loss: 0.7733

Epoch 00079: val_weighted_dice_loss did not improve from 0.03020
Epoch 80/150
 - 2081s - loss: 0.0215 - weighted_dice_loss: 0.0215 - val_loss: 0.8019 - val_weighted_dice_loss: 0.8019

Epoch 00080: val_weighted_dice_loss did not improve from 0.03020
Epoch 81/150
 - 2085s - loss: 0.0215 - weighted_dice_loss: 0.0215 - val_loss: 0.0315 - val_weighted_dice_loss: 0.0315

Epoch 00081: val_weighted_dice_loss did not improve from 0.03020
Epoch 82/150
 - 2081s - loss: 0.0214 - weighted_dice_loss: 0.0214 - val_loss: 0.0300 - val_weighted_dice_loss: 0.0300

Epoch 00082: val_weighted_dice_loss improved from 0.03020 to 0.02996, saving model to ./Unet-weights/2_classes_26040_reals_8960_GANs.h5
Epoch 83/150
 - 2081s - loss: 0.0213 - weighted_dice_loss: 0.0213 - val_loss: 0.0297 - val_weighted_dice_loss: 0.0297

Epoch 00083: val_weighted_dice_loss improved from 0.02996 to 0.02967, saving model to ./Unet-weights/2_classes_26040_reals_8960_GANs.h5
Epoch 84/150
 - 2083s - loss: 0.0211 - weighted_dice_loss: 0.0211 - val_loss: 0.7601 - val_weighted_dice_loss: 0.7601

Epoch 00084: val_weighted_dice_loss did not improve from 0.02967
Epoch 85/150
 - 2083s - loss: 0.0211 - weighted_dice_loss: 0.0211 - val_loss: 0.2014 - val_weighted_dice_loss: 0.2014

Epoch 00085: val_weighted_dice_loss did not improve from 0.02967
Epoch 86/150
 - 2081s - loss: 0.0209 - weighted_dice_loss: 0.0209 - val_loss: 0.0288 - val_weighted_dice_loss: 0.0288

Epoch 00086: val_weighted_dice_loss improved from 0.02967 to 0.02881, saving model to ./Unet-weights/2_classes_26040_reals_8960_GANs.h5
Epoch 87/150
 - 2084s - loss: 0.0207 - weighted_dice_loss: 0.0207 - val_loss: 0.0752 - val_weighted_dice_loss: 0.0752

Epoch 00087: val_weighted_dice_loss did not improve from 0.02881
Epoch 88/150
 - 2081s - loss: 0.0207 - weighted_dice_loss: 0.0207 - val_loss: 0.0544 - val_weighted_dice_loss: 0.0544

Epoch 00088: val_weighted_dice_loss did not improve from 0.02881
Epoch 89/150
 - 2081s - loss: 0.0206 - weighted_dice_loss: 0.0206 - val_loss: 0.0306 - val_weighted_dice_loss: 0.0306

Epoch 00089: val_weighted_dice_loss did not improve from 0.02881
Epoch 90/150
 - 2082s - loss: 0.0204 - weighted_dice_loss: 0.0204 - val_loss: 0.0709 - val_weighted_dice_loss: 0.0709

Epoch 00090: val_weighted_dice_loss did not improve from 0.02881
Epoch 91/150
 - 2081s - loss: 0.0203 - weighted_dice_loss: 0.0203 - val_loss: 0.0301 - val_weighted_dice_loss: 0.0301

Epoch 00091: val_weighted_dice_loss did not improve from 0.02881
Epoch 92/150
 - 2081s - loss: 0.0202 - weighted_dice_loss: 0.0202 - val_loss: 0.1236 - val_weighted_dice_loss: 0.1236

Epoch 00092: val_weighted_dice_loss did not improve from 0.02881
Epoch 93/150
 - 2081s - loss: 0.0201 - weighted_dice_loss: 0.0201 - val_loss: 0.0307 - val_weighted_dice_loss: 0.0307

Epoch 00093: val_weighted_dice_loss did not improve from 0.02881
Epoch 94/150
 - 2081s - loss: 0.0201 - weighted_dice_loss: 0.0201 - val_loss: 0.0288 - val_weighted_dice_loss: 0.0288

Epoch 00094: val_weighted_dice_loss improved from 0.02881 to 0.02875, saving model to ./Unet-weights/2_classes_26040_reals_8960_GANs.h5
Epoch 95/150
 - 2080s - loss: 0.0200 - weighted_dice_loss: 0.0200 - val_loss: 0.0285 - val_weighted_dice_loss: 0.0285

Epoch 00095: val_weighted_dice_loss improved from 0.02875 to 0.02852, saving model to ./Unet-weights/2_classes_26040_reals_8960_GANs.h5
Epoch 96/150
 - 2081s - loss: 0.0198 - weighted_dice_loss: 0.0198 - val_loss: 0.1282 - val_weighted_dice_loss: 0.1282

Epoch 00096: val_weighted_dice_loss did not improve from 0.02852
Epoch 97/150
 - 2081s - loss: 0.0198 - weighted_dice_loss: 0.0198 - val_loss: 0.0286 - val_weighted_dice_loss: 0.0286

Epoch 00097: val_weighted_dice_loss did not improve from 0.02852
Epoch 98/150
 - 2081s - loss: 0.0197 - weighted_dice_loss: 0.0197 - val_loss: 0.1286 - val_weighted_dice_loss: 0.1286

Epoch 00098: val_weighted_dice_loss did not improve from 0.02852
Epoch 99/150
 - 2081s - loss: 0.0196 - weighted_dice_loss: 0.0196 - val_loss: 0.0290 - val_weighted_dice_loss: 0.0290

Epoch 00099: val_weighted_dice_loss did not improve from 0.02852
Epoch 100/150
 - 2081s - loss: 0.0195 - weighted_dice_loss: 0.0195 - val_loss: 0.0275 - val_weighted_dice_loss: 0.0275

Epoch 00100: val_weighted_dice_loss improved from 0.02852 to 0.02753, saving model to ./Unet-weights/2_classes_26040_reals_8960_GANs.h5
Epoch 101/150
 - 2081s - loss: 0.0194 - weighted_dice_loss: 0.0194 - val_loss: 0.0293 - val_weighted_dice_loss: 0.0293

Epoch 00101: val_weighted_dice_loss did not improve from 0.02753
Epoch 102/150
 - 2081s - loss: 0.0194 - weighted_dice_loss: 0.0194 - val_loss: 0.7553 - val_weighted_dice_loss: 0.7553

Epoch 00102: val_weighted_dice_loss did not improve from 0.02753
Epoch 103/150
 - 2086s - loss: 0.0193 - weighted_dice_loss: 0.0193 - val_loss: 0.0362 - val_weighted_dice_loss: 0.0362

Epoch 00103: val_weighted_dice_loss did not improve from 0.02753
Epoch 104/150
 - 2082s - loss: 0.0192 - weighted_dice_loss: 0.0192 - val_loss: 0.0284 - val_weighted_dice_loss: 0.0284

Epoch 00104: val_weighted_dice_loss did not improve from 0.02753
Epoch 105/150
 - 2080s - loss: 0.0191 - weighted_dice_loss: 0.0191 - val_loss: 0.0277 - val_weighted_dice_loss: 0.0277

Epoch 00105: val_weighted_dice_loss did not improve from 0.02753
Epoch 106/150
 - 2081s - loss: 0.0191 - weighted_dice_loss: 0.0191 - val_loss: 0.0277 - val_weighted_dice_loss: 0.0277

Epoch 00106: val_weighted_dice_loss did not improve from 0.02753
Epoch 107/150
 - 2082s - loss: 0.0190 - weighted_dice_loss: 0.0190 - val_loss: 0.0271 - val_weighted_dice_loss: 0.0271

Epoch 00107: val_weighted_dice_loss improved from 0.02753 to 0.02712, saving model to ./Unet-weights/2_classes_26040_reals_8960_GANs.h5
Epoch 108/150
 - 2084s - loss: 0.0189 - weighted_dice_loss: 0.0189 - val_loss: 0.0285 - val_weighted_dice_loss: 0.0285

Epoch 00108: val_weighted_dice_loss did not improve from 0.02712
Epoch 109/150
 - 2081s - loss: 0.0188 - weighted_dice_loss: 0.0188 - val_loss: 0.0292 - val_weighted_dice_loss: 0.0292

Epoch 00109: val_weighted_dice_loss did not improve from 0.02712
Epoch 110/150
 - 2081s - loss: 0.0187 - weighted_dice_loss: 0.0187 - val_loss: 0.1448 - val_weighted_dice_loss: 0.1448

Epoch 00110: val_weighted_dice_loss did not improve from 0.02712
Epoch 111/150
 - 2082s - loss: 0.0186 - weighted_dice_loss: 0.0186 - val_loss: 0.0283 - val_weighted_dice_loss: 0.0283

Epoch 00111: val_weighted_dice_loss did not improve from 0.02712
Epoch 112/150
 - 2082s - loss: 0.0185 - weighted_dice_loss: 0.0185 - val_loss: 0.7730 - val_weighted_dice_loss: 0.7730

Epoch 00112: val_weighted_dice_loss did not improve from 0.02712
Epoch 113/150
 - 2081s - loss: 0.0184 - weighted_dice_loss: 0.0184 - val_loss: 0.1904 - val_weighted_dice_loss: 0.1904

Epoch 00113: val_weighted_dice_loss did not improve from 0.02712
Epoch 114/150
 - 2084s - loss: 0.0183 - weighted_dice_loss: 0.0183 - val_loss: 0.3927 - val_weighted_dice_loss: 0.3927

Epoch 00114: val_weighted_dice_loss did not improve from 0.02712
Epoch 115/150
 - 2080s - loss: 0.0183 - weighted_dice_loss: 0.0183 - val_loss: 0.0278 - val_weighted_dice_loss: 0.0278

Epoch 00115: val_weighted_dice_loss did not improve from 0.02712
Epoch 116/150
 - 2081s - loss: 0.0182 - weighted_dice_loss: 0.0182 - val_loss: 0.0275 - val_weighted_dice_loss: 0.0275

Epoch 00116: val_weighted_dice_loss did not improve from 0.02712
Epoch 117/150
 - 2080s - loss: 0.0181 - weighted_dice_loss: 0.0181 - val_loss: 0.2152 - val_weighted_dice_loss: 0.2152

Epoch 00117: val_weighted_dice_loss did not improve from 0.02712
Epoch 118/150
 - 2079s - loss: 0.0180 - weighted_dice_loss: 0.0180 - val_loss: 0.0274 - val_weighted_dice_loss: 0.0274

Epoch 00118: val_weighted_dice_loss did not improve from 0.02712
Epoch 119/150
 - 2076s - loss: 0.0180 - weighted_dice_loss: 0.0180 - val_loss: 0.0271 - val_weighted_dice_loss: 0.0271

Epoch 00119: val_weighted_dice_loss improved from 0.02712 to 0.02708, saving model to ./Unet-weights/2_classes_26040_reals_8960_GANs.h5
Epoch 120/150
 - 2075s - loss: 0.0179 - weighted_dice_loss: 0.0179 - val_loss: 0.0269 - val_weighted_dice_loss: 0.0269

Epoch 00120: val_weighted_dice_loss improved from 0.02708 to 0.02695, saving model to ./Unet-weights/2_classes_26040_reals_8960_GANs.h5
Epoch 121/150
 - 2076s - loss: 0.0179 - weighted_dice_loss: 0.0179 - val_loss: 0.0281 - val_weighted_dice_loss: 0.0281

Epoch 00121: val_weighted_dice_loss did not improve from 0.02695
Epoch 122/150
 - 2074s - loss: 0.0179 - weighted_dice_loss: 0.0179 - val_loss: 0.0283 - val_weighted_dice_loss: 0.0283

Epoch 00122: val_weighted_dice_loss did not improve from 0.02695
Epoch 123/150
 - 2076s - loss: 0.0177 - weighted_dice_loss: 0.0177 - val_loss: 0.1819 - val_weighted_dice_loss: 0.1819

Epoch 00123: val_weighted_dice_loss did not improve from 0.02695
Epoch 124/150
 - 2075s - loss: 0.0177 - weighted_dice_loss: 0.0177 - val_loss: 0.0274 - val_weighted_dice_loss: 0.0274

Epoch 00124: val_weighted_dice_loss did not improve from 0.02695
Epoch 125/150
 - 2079s - loss: 0.0177 - weighted_dice_loss: 0.0177 - val_loss: 0.3555 - val_weighted_dice_loss: 0.3555

Epoch 00125: val_weighted_dice_loss did not improve from 0.02695
Epoch 126/150
 - 2081s - loss: 0.0176 - weighted_dice_loss: 0.0176 - val_loss: 0.1442 - val_weighted_dice_loss: 0.1442

Epoch 00126: val_weighted_dice_loss did not improve from 0.02695
Epoch 127/150
 - 2080s - loss: 0.0175 - weighted_dice_loss: 0.0175 - val_loss: 0.0267 - val_weighted_dice_loss: 0.0267

Epoch 00127: val_weighted_dice_loss improved from 0.02695 to 0.02673, saving model to ./Unet-weights/2_classes_26040_reals_8960_GANs.h5
Epoch 128/150
 - 2078s - loss: 0.0175 - weighted_dice_loss: 0.0175 - val_loss: 0.0264 - val_weighted_dice_loss: 0.0264

Epoch 00128: val_weighted_dice_loss improved from 0.02673 to 0.02641, saving model to ./Unet-weights/2_classes_26040_reals_8960_GANs.h5
Epoch 129/150
 - 2080s - loss: 0.0175 - weighted_dice_loss: 0.0175 - val_loss: 0.7810 - val_weighted_dice_loss: 0.7810

Epoch 00129: val_weighted_dice_loss did not improve from 0.02641
Epoch 130/150
 - 2080s - loss: 0.0174 - weighted_dice_loss: 0.0174 - val_loss: 0.0266 - val_weighted_dice_loss: 0.0266

Epoch 00130: val_weighted_dice_loss did not improve from 0.02641
Epoch 131/150
 - 2078s - loss: 0.0174 - weighted_dice_loss: 0.0174 - val_loss: 0.1216 - val_weighted_dice_loss: 0.1216

Epoch 00131: val_weighted_dice_loss did not improve from 0.02641
Epoch 132/150
 - 2078s - loss: 0.0172 - weighted_dice_loss: 0.0172 - val_loss: 0.0272 - val_weighted_dice_loss: 0.0272

Epoch 00132: val_weighted_dice_loss did not improve from 0.02641
Epoch 133/150
 - 2078s - loss: 0.0172 - weighted_dice_loss: 0.0172 - val_loss: 0.0269 - val_weighted_dice_loss: 0.0269

Epoch 00133: val_weighted_dice_loss did not improve from 0.02641
Epoch 134/150
 - 2078s - loss: 0.0171 - weighted_dice_loss: 0.0171 - val_loss: 0.0264 - val_weighted_dice_loss: 0.0264

Epoch 00134: val_weighted_dice_loss did not improve from 0.02641
Epoch 135/150
 - 2077s - loss: 0.0171 - weighted_dice_loss: 0.0171 - val_loss: 0.0263 - val_weighted_dice_loss: 0.0263

Epoch 00135: val_weighted_dice_loss improved from 0.02641 to 0.02633, saving model to ./Unet-weights/2_classes_26040_reals_8960_GANs.h5
Epoch 136/150
 - 2078s - loss: 0.0171 - weighted_dice_loss: 0.0171 - val_loss: 0.0266 - val_weighted_dice_loss: 0.0266

Epoch 00136: val_weighted_dice_loss did not improve from 0.02633
Epoch 137/150
 - 2078s - loss: 0.0170 - weighted_dice_loss: 0.0170 - val_loss: 0.6192 - val_weighted_dice_loss: 0.6192

Epoch 00137: val_weighted_dice_loss did not improve from 0.02633
Epoch 138/150
 - 2078s - loss: 0.0169 - weighted_dice_loss: 0.0169 - val_loss: 0.0279 - val_weighted_dice_loss: 0.0279

Epoch 00138: val_weighted_dice_loss did not improve from 0.02633
Epoch 139/150
 - 2079s - loss: 0.0170 - weighted_dice_loss: 0.0170 - val_loss: 0.0266 - val_weighted_dice_loss: 0.0266

Epoch 00139: val_weighted_dice_loss did not improve from 0.02633
Epoch 140/150
 - 2079s - loss: 0.0168 - weighted_dice_loss: 0.0168 - val_loss: 0.0275 - val_weighted_dice_loss: 0.0275

Epoch 00140: val_weighted_dice_loss did not improve from 0.02633
Epoch 141/150
 - 2080s - loss: 0.0168 - weighted_dice_loss: 0.0168 - val_loss: 0.0272 - val_weighted_dice_loss: 0.0272

Epoch 00141: val_weighted_dice_loss did not improve from 0.02633
Epoch 142/150
 - 2078s - loss: 0.0168 - weighted_dice_loss: 0.0168 - val_loss: 0.0273 - val_weighted_dice_loss: 0.0273

Epoch 00142: val_weighted_dice_loss did not improve from 0.02633
Epoch 143/150
 - 2080s - loss: 0.0167 - weighted_dice_loss: 0.0167 - val_loss: 0.0333 - val_weighted_dice_loss: 0.0333

Epoch 00143: val_weighted_dice_loss did not improve from 0.02633
Epoch 144/150
 - 2079s - loss: 0.0167 - weighted_dice_loss: 0.0167 - val_loss: 0.0274 - val_weighted_dice_loss: 0.0274

Epoch 00144: val_weighted_dice_loss did not improve from 0.02633
Epoch 145/150
 - 2079s - loss: 0.0167 - weighted_dice_loss: 0.0167 - val_loss: 0.0277 - val_weighted_dice_loss: 0.0277

Epoch 00145: val_weighted_dice_loss did not improve from 0.02633
Epoch 146/150
 - 2080s - loss: 0.0166 - weighted_dice_loss: 0.0166 - val_loss: 0.7940 - val_weighted_dice_loss: 0.7940

Epoch 00146: val_weighted_dice_loss did not improve from 0.02633
Epoch 147/150
 - 2078s - loss: 0.0165 - weighted_dice_loss: 0.0165 - val_loss: 0.6838 - val_weighted_dice_loss: 0.6838

Epoch 00147: val_weighted_dice_loss did not improve from 0.02633
Epoch 148/150
 - 2080s - loss: 0.0165 - weighted_dice_loss: 0.0165 - val_loss: 0.0598 - val_weighted_dice_loss: 0.0598

Epoch 00148: val_weighted_dice_loss did not improve from 0.02633
Epoch 149/150
 - 2081s - loss: 0.0164 - weighted_dice_loss: 0.0164 - val_loss: 0.0270 - val_weighted_dice_loss: 0.0270

Epoch 00149: val_weighted_dice_loss did not improve from 0.02633
Epoch 150/150
 - 2078s - loss: 0.0163 - weighted_dice_loss: 0.0163 - val_loss: 0.5667 - val_weighted_dice_loss: 0.5667

Epoch 00150: val_weighted_dice_loss did not improve from 0.02633
Finished training.
