nohup: ignoring input
2020-08-29 19:28:33.780115: I tensorflow/core/platform/cpu_feature_guard.cc:142] Your CPU supports instructions that this TensorFlow binary was not compiled to use: SSE4.1 SSE4.2 AVX
2020-08-29 19:28:33.898375: I tensorflow/core/platform/profile_utils/cpu_utils.cc:94] CPU Frequency: 3601770000 Hz
2020-08-29 19:28:33.900018: I tensorflow/compiler/xla/service/service.cc:168] XLA service 0x555d515476a0 executing computations on platform Host. Devices:
2020-08-29 19:28:33.900108: I tensorflow/compiler/xla/service/service.cc:175]   StreamExecutor device (0): <undefined>, <undefined>
2020-08-29 19:28:34.017593: I tensorflow/stream_executor/platform/default/dso_loader.cc:42] Successfully opened dynamic library libcuda.so.1
2020-08-29 19:28:34.051345: I tensorflow/stream_executor/cuda/cuda_gpu_executor.cc:1005] successful NUMA node read from SysFS had negative value (-1), but there must be at least one NUMA node, so returning NUMA node zero
2020-08-29 19:28:34.052737: I tensorflow/core/common_runtime/gpu/gpu_device.cc:1640] Found device 0 with properties: 
name: GeForce GTX 1080 major: 6 minor: 1 memoryClockRate(GHz): 1.7715
pciBusID: 0000:01:00.0
2020-08-29 19:28:34.393525: I tensorflow/stream_executor/platform/default/dso_loader.cc:42] Successfully opened dynamic library libcudart.so.10.1
2020-08-29 19:28:35.167046: I tensorflow/stream_executor/platform/default/dso_loader.cc:42] Successfully opened dynamic library libcublas.so.10
2020-08-29 19:28:35.993519: I tensorflow/stream_executor/platform/default/dso_loader.cc:42] Successfully opened dynamic library libcufft.so.10
2020-08-29 19:28:36.676803: I tensorflow/stream_executor/platform/default/dso_loader.cc:42] Successfully opened dynamic library libcurand.so.10
2020-08-29 19:28:37.387642: I tensorflow/stream_executor/platform/default/dso_loader.cc:42] Successfully opened dynamic library libcusolver.so.10
2020-08-29 19:28:38.201037: I tensorflow/stream_executor/platform/default/dso_loader.cc:42] Successfully opened dynamic library libcusparse.so.10
2020-08-29 19:28:40.226541: I tensorflow/stream_executor/platform/default/dso_loader.cc:42] Successfully opened dynamic library libcudnn.so.7
2020-08-29 19:28:40.226989: I tensorflow/stream_executor/cuda/cuda_gpu_executor.cc:1005] successful NUMA node read from SysFS had negative value (-1), but there must be at least one NUMA node, so returning NUMA node zero
2020-08-29 19:28:40.228817: I tensorflow/stream_executor/cuda/cuda_gpu_executor.cc:1005] successful NUMA node read from SysFS had negative value (-1), but there must be at least one NUMA node, so returning NUMA node zero
2020-08-29 19:28:40.230331: I tensorflow/core/common_runtime/gpu/gpu_device.cc:1763] Adding visible gpu devices: 0
2020-08-29 19:28:40.230468: I tensorflow/stream_executor/platform/default/dso_loader.cc:42] Successfully opened dynamic library libcudart.so.10.1
2020-08-29 19:28:40.407729: I tensorflow/core/common_runtime/gpu/gpu_device.cc:1181] Device interconnect StreamExecutor with strength 1 edge matrix:
2020-08-29 19:28:40.407826: I tensorflow/core/common_runtime/gpu/gpu_device.cc:1187]      0 
2020-08-29 19:28:40.407883: I tensorflow/core/common_runtime/gpu/gpu_device.cc:1200] 0:   N 
2020-08-29 19:28:40.408306: I tensorflow/stream_executor/cuda/cuda_gpu_executor.cc:1005] successful NUMA node read from SysFS had negative value (-1), but there must be at least one NUMA node, so returning NUMA node zero
2020-08-29 19:28:40.409780: I tensorflow/stream_executor/cuda/cuda_gpu_executor.cc:1005] successful NUMA node read from SysFS had negative value (-1), but there must be at least one NUMA node, so returning NUMA node zero
2020-08-29 19:28:40.411178: I tensorflow/stream_executor/cuda/cuda_gpu_executor.cc:1005] successful NUMA node read from SysFS had negative value (-1), but there must be at least one NUMA node, so returning NUMA node zero
2020-08-29 19:28:40.412530: I tensorflow/core/common_runtime/gpu/gpu_device.cc:1326] Created TensorFlow device (/job:localhost/replica:0/task:0/device:GPU:0 with 7464 MB memory) -> physical GPU (device: 0, name: GeForce GTX 1080, pci bus id: 0000:01:00.0, compute capability: 6.1)
2020-08-29 19:28:40.417901: I tensorflow/compiler/xla/service/service.cc:168] XLA service 0x555d52054270 executing computations on platform CUDA. Devices:
2020-08-29 19:28:40.417964: I tensorflow/compiler/xla/service/service.cc:175]   StreamExecutor device (0): GeForce GTX 1080, Compute Capability 6.1
/home/mehfo331/.conda/envs/thesis/lib/python3.6/site-packages/tensorflow/python/framework/dtypes.py:516: FutureWarning: Passing (type, 1) or '1type' as a synonym of type is deprecated; in a future version of numpy, it will be understood as (type, (1,)) / '(1,)type'.
  _np_qint8 = np.dtype([("qint8", np.int8, 1)])
/home/mehfo331/.conda/envs/thesis/lib/python3.6/site-packages/tensorflow/python/framework/dtypes.py:517: FutureWarning: Passing (type, 1) or '1type' as a synonym of type is deprecated; in a future version of numpy, it will be understood as (type, (1,)) / '(1,)type'.
  _np_quint8 = np.dtype([("quint8", np.uint8, 1)])
/home/mehfo331/.conda/envs/thesis/lib/python3.6/site-packages/tensorflow/python/framework/dtypes.py:518: FutureWarning: Passing (type, 1) or '1type' as a synonym of type is deprecated; in a future version of numpy, it will be understood as (type, (1,)) / '(1,)type'.
  _np_qint16 = np.dtype([("qint16", np.int16, 1)])
/home/mehfo331/.conda/envs/thesis/lib/python3.6/site-packages/tensorflow/python/framework/dtypes.py:519: FutureWarning: Passing (type, 1) or '1type' as a synonym of type is deprecated; in a future version of numpy, it will be understood as (type, (1,)) / '(1,)type'.
  _np_quint16 = np.dtype([("quint16", np.uint16, 1)])
/home/mehfo331/.conda/envs/thesis/lib/python3.6/site-packages/tensorflow/python/framework/dtypes.py:520: FutureWarning: Passing (type, 1) or '1type' as a synonym of type is deprecated; in a future version of numpy, it will be understood as (type, (1,)) / '(1,)type'.
  _np_qint32 = np.dtype([("qint32", np.int32, 1)])
/home/mehfo331/.conda/envs/thesis/lib/python3.6/site-packages/tensorflow/python/framework/dtypes.py:525: FutureWarning: Passing (type, 1) or '1type' as a synonym of type is deprecated; in a future version of numpy, it will be understood as (type, (1,)) / '(1,)type'.
  np_resource = np.dtype([("resource", np.ubyte, 1)])
/home/mehfo331/.conda/envs/thesis/lib/python3.6/site-packages/tensorboard/compat/tensorflow_stub/dtypes.py:541: FutureWarning: Passing (type, 1) or '1type' as a synonym of type is deprecated; in a future version of numpy, it will be understood as (type, (1,)) / '(1,)type'.
  _np_qint8 = np.dtype([("qint8", np.int8, 1)])
/home/mehfo331/.conda/envs/thesis/lib/python3.6/site-packages/tensorboard/compat/tensorflow_stub/dtypes.py:542: FutureWarning: Passing (type, 1) or '1type' as a synonym of type is deprecated; in a future version of numpy, it will be understood as (type, (1,)) / '(1,)type'.
  _np_quint8 = np.dtype([("quint8", np.uint8, 1)])
/home/mehfo331/.conda/envs/thesis/lib/python3.6/site-packages/tensorboard/compat/tensorflow_stub/dtypes.py:543: FutureWarning: Passing (type, 1) or '1type' as a synonym of type is deprecated; in a future version of numpy, it will be understood as (type, (1,)) / '(1,)type'.
  _np_qint16 = np.dtype([("qint16", np.int16, 1)])
/home/mehfo331/.conda/envs/thesis/lib/python3.6/site-packages/tensorboard/compat/tensorflow_stub/dtypes.py:544: FutureWarning: Passing (type, 1) or '1type' as a synonym of type is deprecated; in a future version of numpy, it will be understood as (type, (1,)) / '(1,)type'.
  _np_quint16 = np.dtype([("quint16", np.uint16, 1)])
/home/mehfo331/.conda/envs/thesis/lib/python3.6/site-packages/tensorboard/compat/tensorflow_stub/dtypes.py:545: FutureWarning: Passing (type, 1) or '1type' as a synonym of type is deprecated; in a future version of numpy, it will be understood as (type, (1,)) / '(1,)type'.
  _np_qint32 = np.dtype([("qint32", np.int32, 1)])
/home/mehfo331/.conda/envs/thesis/lib/python3.6/site-packages/tensorboard/compat/tensorflow_stub/dtypes.py:550: FutureWarning: Passing (type, 1) or '1type' as a synonym of type is deprecated; in a future version of numpy, it will be understood as (type, (1,)) / '(1,)type'.
  np_resource = np.dtype([("resource", np.ubyte, 1)])
Using TensorFlow backend.
WARNING:tensorflow:From segmentation.py:20: The name tf.keras.backend.set_session is deprecated. Please use tf.compat.v1.keras.backend.set_session instead.

WARNING:tensorflow:From segmentation.py:33: The name tf.ConfigProto is deprecated. Please use tf.compat.v1.ConfigProto instead.

WARNING:tensorflow:From segmentation.py:35: The name tf.Session is deprecated. Please use tf.compat.v1.Session instead.

2020-08-29 19:28:40.423315: I tensorflow/stream_executor/cuda/cuda_gpu_executor.cc:1005] successful NUMA node read from SysFS had negative value (-1), but there must be at least one NUMA node, so returning NUMA node zero
2020-08-29 19:28:40.424595: I tensorflow/core/common_runtime/gpu/gpu_device.cc:1640] Found device 0 with properties: 
name: GeForce GTX 1080 major: 6 minor: 1 memoryClockRate(GHz): 1.7715
pciBusID: 0000:01:00.0
2020-08-29 19:28:40.424688: I tensorflow/stream_executor/platform/default/dso_loader.cc:42] Successfully opened dynamic library libcudart.so.10.1
2020-08-29 19:28:40.424745: I tensorflow/stream_executor/platform/default/dso_loader.cc:42] Successfully opened dynamic library libcublas.so.10
2020-08-29 19:28:40.424796: I tensorflow/stream_executor/platform/default/dso_loader.cc:42] Successfully opened dynamic library libcufft.so.10
2020-08-29 19:28:40.424844: I tensorflow/stream_executor/platform/default/dso_loader.cc:42] Successfully opened dynamic library libcurand.so.10
2020-08-29 19:28:40.424892: I tensorflow/stream_executor/platform/default/dso_loader.cc:42] Successfully opened dynamic library libcusolver.so.10
2020-08-29 19:28:40.424941: I tensorflow/stream_executor/platform/default/dso_loader.cc:42] Successfully opened dynamic library libcusparse.so.10
2020-08-29 19:28:40.424989: I tensorflow/stream_executor/platform/default/dso_loader.cc:42] Successfully opened dynamic library libcudnn.so.7
2020-08-29 19:28:40.425166: I tensorflow/stream_executor/cuda/cuda_gpu_executor.cc:1005] successful NUMA node read from SysFS had negative value (-1), but there must be at least one NUMA node, so returning NUMA node zero
2020-08-29 19:28:40.426570: I tensorflow/stream_executor/cuda/cuda_gpu_executor.cc:1005] successful NUMA node read from SysFS had negative value (-1), but there must be at least one NUMA node, so returning NUMA node zero
2020-08-29 19:28:40.427793: I tensorflow/core/common_runtime/gpu/gpu_device.cc:1763] Adding visible gpu devices: 0
2020-08-29 19:28:40.427867: I tensorflow/core/common_runtime/gpu/gpu_device.cc:1181] Device interconnect StreamExecutor with strength 1 edge matrix:
2020-08-29 19:28:40.427902: I tensorflow/core/common_runtime/gpu/gpu_device.cc:1187]      0 
2020-08-29 19:28:40.427928: I tensorflow/core/common_runtime/gpu/gpu_device.cc:1200] 0:   N 
2020-08-29 19:28:40.428162: I tensorflow/stream_executor/cuda/cuda_gpu_executor.cc:1005] successful NUMA node read from SysFS had negative value (-1), but there must be at least one NUMA node, so returning NUMA node zero
2020-08-29 19:28:40.429592: I tensorflow/stream_executor/cuda/cuda_gpu_executor.cc:1005] successful NUMA node read from SysFS had negative value (-1), but there must be at least one NUMA node, so returning NUMA node zero
2020-08-29 19:28:40.430870: I tensorflow/core/common_runtime/gpu/gpu_device.cc:1326] Created TensorFlow device (/job:localhost/replica:0/task:0/device:GPU:0 with 7464 MB memory) -> physical GPU (device: 0, name: GeForce GTX 1080, pci bus id: 0000:01:00.0, compute capability: 6.1)
WARNING:tensorflow:From /home/mehfo331/.conda/envs/thesis/lib/python3.6/site-packages/keras/backend/tensorflow_backend.py:74: The name tf.get_default_graph is deprecated. Please use tf.compat.v1.get_default_graph instead.

WARNING:tensorflow:From /home/mehfo331/.conda/envs/thesis/lib/python3.6/site-packages/keras/backend/tensorflow_backend.py:517: The name tf.placeholder is deprecated. Please use tf.compat.v1.placeholder instead.

WARNING:tensorflow:From /home/mehfo331/.conda/envs/thesis/lib/python3.6/site-packages/keras/backend/tensorflow_backend.py:4185: The name tf.truncated_normal is deprecated. Please use tf.random.truncated_normal instead.

WARNING:tensorflow:From /home/mehfo331/.conda/envs/thesis/lib/python3.6/site-packages/keras/backend/tensorflow_backend.py:1834: The name tf.nn.fused_batch_norm is deprecated. Please use tf.compat.v1.nn.fused_batch_norm instead.

WARNING:tensorflow:From /home/mehfo331/.conda/envs/thesis/lib/python3.6/site-packages/keras/backend/tensorflow_backend.py:3976: The name tf.nn.max_pool is deprecated. Please use tf.nn.max_pool2d instead.

WARNING:tensorflow:From /home/mehfo331/.conda/envs/thesis/lib/python3.6/site-packages/keras/optimizers.py:790: The name tf.train.Optimizer is deprecated. Please use tf.compat.v1.train.Optimizer instead.

2020-08-29 19:30:20.997134: I tensorflow/stream_executor/platform/default/dso_loader.cc:42] Successfully opened dynamic library libcudnn.so.7

Reading data...
Finished reading data.

Reading data...
Finished reading data.

Training 2 classes with 5208 images (5208 real and 0 GAN images):

Epoch 1/150
 - 399s - loss: 0.4916 - weighted_dice_loss: 0.4916 - val_loss: 0.3196 - val_weighted_dice_loss: 0.3196

Epoch 00001: val_weighted_dice_loss improved from inf to 0.31962, saving model to ./Unet-weights/2_classes_5208_reals_0_GANs.h5
Epoch 2/150
 - 360s - loss: 0.2887 - weighted_dice_loss: 0.2887 - val_loss: 0.3144 - val_weighted_dice_loss: 0.3144

Epoch 00002: val_weighted_dice_loss improved from 0.31962 to 0.31442, saving model to ./Unet-weights/2_classes_5208_reals_0_GANs.h5
Epoch 3/150
 - 360s - loss: 0.2584 - weighted_dice_loss: 0.2584 - val_loss: 0.2176 - val_weighted_dice_loss: 0.2176

Epoch 00003: val_weighted_dice_loss improved from 0.31442 to 0.21755, saving model to ./Unet-weights/2_classes_5208_reals_0_GANs.h5
Epoch 4/150
 - 361s - loss: 0.2438 - weighted_dice_loss: 0.2438 - val_loss: 0.2047 - val_weighted_dice_loss: 0.2047

Epoch 00004: val_weighted_dice_loss improved from 0.21755 to 0.20468, saving model to ./Unet-weights/2_classes_5208_reals_0_GANs.h5
Epoch 5/150
 - 361s - loss: 0.2125 - weighted_dice_loss: 0.2125 - val_loss: 0.1945 - val_weighted_dice_loss: 0.1945

Epoch 00005: val_weighted_dice_loss improved from 0.20468 to 0.19450, saving model to ./Unet-weights/2_classes_5208_reals_0_GANs.h5
Epoch 6/150
 - 361s - loss: 0.1852 - weighted_dice_loss: 0.1852 - val_loss: 0.2138 - val_weighted_dice_loss: 0.2138

Epoch 00006: val_weighted_dice_loss did not improve from 0.19450
Epoch 7/150
 - 362s - loss: 0.1697 - weighted_dice_loss: 0.1697 - val_loss: 0.1876 - val_weighted_dice_loss: 0.1876

Epoch 00007: val_weighted_dice_loss improved from 0.19450 to 0.18756, saving model to ./Unet-weights/2_classes_5208_reals_0_GANs.h5
Epoch 8/150
 - 362s - loss: 0.1562 - weighted_dice_loss: 0.1562 - val_loss: 0.2093 - val_weighted_dice_loss: 0.2093

Epoch 00008: val_weighted_dice_loss did not improve from 0.18756
Epoch 9/150
 - 361s - loss: 0.1468 - weighted_dice_loss: 0.1468 - val_loss: 0.1484 - val_weighted_dice_loss: 0.1484

Epoch 00009: val_weighted_dice_loss improved from 0.18756 to 0.14836, saving model to ./Unet-weights/2_classes_5208_reals_0_GANs.h5
Epoch 10/150
 - 363s - loss: 0.1371 - weighted_dice_loss: 0.1371 - val_loss: 0.3223 - val_weighted_dice_loss: 0.3223

Epoch 00010: val_weighted_dice_loss did not improve from 0.14836
Epoch 11/150
 - 362s - loss: 0.1365 - weighted_dice_loss: 0.1365 - val_loss: 0.1363 - val_weighted_dice_loss: 0.1363

Epoch 00011: val_weighted_dice_loss improved from 0.14836 to 0.13625, saving model to ./Unet-weights/2_classes_5208_reals_0_GANs.h5
Epoch 12/150
 - 361s - loss: 0.1226 - weighted_dice_loss: 0.1226 - val_loss: 0.3015 - val_weighted_dice_loss: 0.3015

Epoch 00012: val_weighted_dice_loss did not improve from 0.13625
Epoch 13/150
 - 361s - loss: 0.1262 - weighted_dice_loss: 0.1262 - val_loss: 0.1325 - val_weighted_dice_loss: 0.1325

Epoch 00013: val_weighted_dice_loss improved from 0.13625 to 0.13253, saving model to ./Unet-weights/2_classes_5208_reals_0_GANs.h5
Epoch 14/150
 - 362s - loss: 0.1183 - weighted_dice_loss: 0.1183 - val_loss: 0.1179 - val_weighted_dice_loss: 0.1179

Epoch 00014: val_weighted_dice_loss improved from 0.13253 to 0.11793, saving model to ./Unet-weights/2_classes_5208_reals_0_GANs.h5
Epoch 15/150
 - 362s - loss: 0.1171 - weighted_dice_loss: 0.1171 - val_loss: 0.1435 - val_weighted_dice_loss: 0.1435

Epoch 00015: val_weighted_dice_loss did not improve from 0.11793
Epoch 16/150
 - 363s - loss: 0.1160 - weighted_dice_loss: 0.1160 - val_loss: 0.1290 - val_weighted_dice_loss: 0.1290

Epoch 00016: val_weighted_dice_loss did not improve from 0.11793
Epoch 17/150
 - 363s - loss: 0.1107 - weighted_dice_loss: 0.1107 - val_loss: 0.1217 - val_weighted_dice_loss: 0.1217

Epoch 00017: val_weighted_dice_loss did not improve from 0.11793
Epoch 18/150
 - 362s - loss: 0.1090 - weighted_dice_loss: 0.1090 - val_loss: 0.2336 - val_weighted_dice_loss: 0.2336

Epoch 00018: val_weighted_dice_loss did not improve from 0.11793
Epoch 19/150
 - 363s - loss: 0.1047 - weighted_dice_loss: 0.1047 - val_loss: 0.1142 - val_weighted_dice_loss: 0.1142

Epoch 00019: val_weighted_dice_loss improved from 0.11793 to 0.11416, saving model to ./Unet-weights/2_classes_5208_reals_0_GANs.h5
Epoch 20/150
 - 361s - loss: 0.1050 - weighted_dice_loss: 0.1050 - val_loss: 0.1190 - val_weighted_dice_loss: 0.1190

Epoch 00020: val_weighted_dice_loss did not improve from 0.11416
Epoch 21/150
 - 362s - loss: 0.1040 - weighted_dice_loss: 0.1040 - val_loss: 0.1091 - val_weighted_dice_loss: 0.1091

Epoch 00021: val_weighted_dice_loss improved from 0.11416 to 0.10909, saving model to ./Unet-weights/2_classes_5208_reals_0_GANs.h5
Epoch 22/150
 - 363s - loss: 0.0980 - weighted_dice_loss: 0.0980 - val_loss: 0.1163 - val_weighted_dice_loss: 0.1163

Epoch 00022: val_weighted_dice_loss did not improve from 0.10909
Epoch 23/150
 - 362s - loss: 0.1017 - weighted_dice_loss: 0.1017 - val_loss: 0.0959 - val_weighted_dice_loss: 0.0959

Epoch 00023: val_weighted_dice_loss improved from 0.10909 to 0.09589, saving model to ./Unet-weights/2_classes_5208_reals_0_GANs.h5
Epoch 24/150
 - 363s - loss: 0.0939 - weighted_dice_loss: 0.0939 - val_loss: 0.0949 - val_weighted_dice_loss: 0.0949

Epoch 00024: val_weighted_dice_loss improved from 0.09589 to 0.09488, saving model to ./Unet-weights/2_classes_5208_reals_0_GANs.h5
Epoch 25/150
 - 361s - loss: 0.0908 - weighted_dice_loss: 0.0908 - val_loss: 0.1111 - val_weighted_dice_loss: 0.1111

Epoch 00025: val_weighted_dice_loss did not improve from 0.09488
Epoch 26/150
 - 362s - loss: 0.0940 - weighted_dice_loss: 0.0940 - val_loss: 0.0956 - val_weighted_dice_loss: 0.0956

Epoch 00026: val_weighted_dice_loss did not improve from 0.09488
Epoch 27/150
 - 363s - loss: 0.0892 - weighted_dice_loss: 0.0892 - val_loss: 0.1018 - val_weighted_dice_loss: 0.1018

Epoch 00027: val_weighted_dice_loss did not improve from 0.09488
Epoch 28/150
 - 363s - loss: 0.0933 - weighted_dice_loss: 0.0933 - val_loss: 0.1486 - val_weighted_dice_loss: 0.1486

Epoch 00028: val_weighted_dice_loss did not improve from 0.09488
Epoch 29/150
 - 362s - loss: 0.0889 - weighted_dice_loss: 0.0889 - val_loss: 0.0969 - val_weighted_dice_loss: 0.0969

Epoch 00029: val_weighted_dice_loss did not improve from 0.09488
Epoch 30/150
 - 361s - loss: 0.0884 - weighted_dice_loss: 0.0884 - val_loss: 0.0928 - val_weighted_dice_loss: 0.0928

Epoch 00030: val_weighted_dice_loss improved from 0.09488 to 0.09277, saving model to ./Unet-weights/2_classes_5208_reals_0_GANs.h5
Epoch 31/150
 - 363s - loss: 0.0860 - weighted_dice_loss: 0.0860 - val_loss: 0.0921 - val_weighted_dice_loss: 0.0921

Epoch 00031: val_weighted_dice_loss improved from 0.09277 to 0.09206, saving model to ./Unet-weights/2_classes_5208_reals_0_GANs.h5
Epoch 32/150
 - 363s - loss: 0.0844 - weighted_dice_loss: 0.0844 - val_loss: 0.0916 - val_weighted_dice_loss: 0.0916

Epoch 00032: val_weighted_dice_loss improved from 0.09206 to 0.09163, saving model to ./Unet-weights/2_classes_5208_reals_0_GANs.h5
Epoch 33/150
 - 363s - loss: 0.0811 - weighted_dice_loss: 0.0811 - val_loss: 0.0880 - val_weighted_dice_loss: 0.0880

Epoch 00033: val_weighted_dice_loss improved from 0.09163 to 0.08804, saving model to ./Unet-weights/2_classes_5208_reals_0_GANs.h5
Epoch 34/150
 - 362s - loss: 0.0814 - weighted_dice_loss: 0.0814 - val_loss: 0.0940 - val_weighted_dice_loss: 0.0940

Epoch 00034: val_weighted_dice_loss did not improve from 0.08804
Epoch 35/150
 - 360s - loss: 0.0801 - weighted_dice_loss: 0.0801 - val_loss: 0.0836 - val_weighted_dice_loss: 0.0836

Epoch 00035: val_weighted_dice_loss improved from 0.08804 to 0.08358, saving model to ./Unet-weights/2_classes_5208_reals_0_GANs.h5
Epoch 36/150
 - 362s - loss: 0.0752 - weighted_dice_loss: 0.0752 - val_loss: 0.0921 - val_weighted_dice_loss: 0.0921

Epoch 00036: val_weighted_dice_loss did not improve from 0.08358
Epoch 37/150
 - 362s - loss: 0.0798 - weighted_dice_loss: 0.0798 - val_loss: 0.1042 - val_weighted_dice_loss: 0.1042

Epoch 00037: val_weighted_dice_loss did not improve from 0.08358
Epoch 38/150
 - 361s - loss: 0.0770 - weighted_dice_loss: 0.0770 - val_loss: 0.0858 - val_weighted_dice_loss: 0.0858

Epoch 00038: val_weighted_dice_loss did not improve from 0.08358
Epoch 39/150
 - 362s - loss: 0.0763 - weighted_dice_loss: 0.0763 - val_loss: 0.0828 - val_weighted_dice_loss: 0.0828

Epoch 00039: val_weighted_dice_loss improved from 0.08358 to 0.08276, saving model to ./Unet-weights/2_classes_5208_reals_0_GANs.h5
Epoch 40/150
 - 362s - loss: 0.0719 - weighted_dice_loss: 0.0719 - val_loss: 0.0851 - val_weighted_dice_loss: 0.0851

Epoch 00040: val_weighted_dice_loss did not improve from 0.08276
Epoch 41/150
 - 361s - loss: 0.0727 - weighted_dice_loss: 0.0727 - val_loss: 0.0904 - val_weighted_dice_loss: 0.0904

Epoch 00041: val_weighted_dice_loss did not improve from 0.08276
Epoch 42/150
 - 362s - loss: 0.0746 - weighted_dice_loss: 0.0746 - val_loss: 0.2074 - val_weighted_dice_loss: 0.2074

Epoch 00042: val_weighted_dice_loss did not improve from 0.08276
Epoch 43/150
 - 362s - loss: 0.0699 - weighted_dice_loss: 0.0699 - val_loss: 0.0934 - val_weighted_dice_loss: 0.0934

Epoch 00043: val_weighted_dice_loss did not improve from 0.08276
Epoch 44/150
 - 361s - loss: 0.0732 - weighted_dice_loss: 0.0732 - val_loss: 0.0843 - val_weighted_dice_loss: 0.0843

Epoch 00044: val_weighted_dice_loss did not improve from 0.08276
Epoch 45/150
 - 362s - loss: 0.0681 - weighted_dice_loss: 0.0681 - val_loss: 0.0884 - val_weighted_dice_loss: 0.0884

Epoch 00045: val_weighted_dice_loss did not improve from 0.08276
Epoch 46/150
 - 362s - loss: 0.0676 - weighted_dice_loss: 0.0676 - val_loss: 0.0904 - val_weighted_dice_loss: 0.0904

Epoch 00046: val_weighted_dice_loss did not improve from 0.08276
Epoch 47/150
 - 362s - loss: 0.0654 - weighted_dice_loss: 0.0654 - val_loss: 0.0793 - val_weighted_dice_loss: 0.0793

Epoch 00047: val_weighted_dice_loss improved from 0.08276 to 0.07926, saving model to ./Unet-weights/2_classes_5208_reals_0_GANs.h5
Epoch 48/150
 - 362s - loss: 0.0648 - weighted_dice_loss: 0.0648 - val_loss: 0.0920 - val_weighted_dice_loss: 0.0920

Epoch 00048: val_weighted_dice_loss did not improve from 0.07926
Epoch 49/150
 - 361s - loss: 0.0656 - weighted_dice_loss: 0.0656 - val_loss: 0.0865 - val_weighted_dice_loss: 0.0865

Epoch 00049: val_weighted_dice_loss did not improve from 0.07926
Epoch 50/150
 - 362s - loss: 0.0682 - weighted_dice_loss: 0.0682 - val_loss: 0.0955 - val_weighted_dice_loss: 0.0955

Epoch 00050: val_weighted_dice_loss did not improve from 0.07926
Epoch 51/150
 - 361s - loss: 0.0669 - weighted_dice_loss: 0.0669 - val_loss: 0.1003 - val_weighted_dice_loss: 0.1003

Epoch 00051: val_weighted_dice_loss did not improve from 0.07926
Epoch 52/150
 - 361s - loss: 0.0657 - weighted_dice_loss: 0.0657 - val_loss: 0.8952 - val_weighted_dice_loss: 0.8952

Epoch 00052: val_weighted_dice_loss did not improve from 0.07926
Epoch 53/150
 - 363s - loss: 0.0596 - weighted_dice_loss: 0.0596 - val_loss: 0.0785 - val_weighted_dice_loss: 0.0785

Epoch 00053: val_weighted_dice_loss improved from 0.07926 to 0.07851, saving model to ./Unet-weights/2_classes_5208_reals_0_GANs.h5
Epoch 54/150
 - 362s - loss: 0.0696 - weighted_dice_loss: 0.0696 - val_loss: 0.0948 - val_weighted_dice_loss: 0.0948

Epoch 00054: val_weighted_dice_loss did not improve from 0.07851
Epoch 55/150
 - 363s - loss: 0.0603 - weighted_dice_loss: 0.0603 - val_loss: 0.0760 - val_weighted_dice_loss: 0.0760

Epoch 00055: val_weighted_dice_loss improved from 0.07851 to 0.07601, saving model to ./Unet-weights/2_classes_5208_reals_0_GANs.h5
Epoch 56/150
 - 361s - loss: 0.0593 - weighted_dice_loss: 0.0593 - val_loss: 0.0835 - val_weighted_dice_loss: 0.0835

Epoch 00056: val_weighted_dice_loss did not improve from 0.07601
Epoch 57/150
 - 361s - loss: 0.0587 - weighted_dice_loss: 0.0587 - val_loss: 0.0780 - val_weighted_dice_loss: 0.0780

Epoch 00057: val_weighted_dice_loss did not improve from 0.07601
Epoch 58/150
 - 362s - loss: 0.0564 - weighted_dice_loss: 0.0564 - val_loss: 0.0825 - val_weighted_dice_loss: 0.0825

Epoch 00058: val_weighted_dice_loss did not improve from 0.07601
Epoch 59/150
 - 361s - loss: 0.0584 - weighted_dice_loss: 0.0584 - val_loss: 0.0745 - val_weighted_dice_loss: 0.0745

Epoch 00059: val_weighted_dice_loss improved from 0.07601 to 0.07446, saving model to ./Unet-weights/2_classes_5208_reals_0_GANs.h5
Epoch 60/150
 - 363s - loss: 0.0565 - weighted_dice_loss: 0.0565 - val_loss: 0.0768 - val_weighted_dice_loss: 0.0768

Epoch 00060: val_weighted_dice_loss did not improve from 0.07446
Epoch 61/150
 - 363s - loss: 0.0577 - weighted_dice_loss: 0.0577 - val_loss: 0.0763 - val_weighted_dice_loss: 0.0763

Epoch 00061: val_weighted_dice_loss did not improve from 0.07446
Epoch 62/150
 - 360s - loss: 0.0553 - weighted_dice_loss: 0.0553 - val_loss: 0.2255 - val_weighted_dice_loss: 0.2255

Epoch 00062: val_weighted_dice_loss did not improve from 0.07446
Epoch 63/150
 - 361s - loss: 0.0543 - weighted_dice_loss: 0.0543 - val_loss: 0.0742 - val_weighted_dice_loss: 0.0742

Epoch 00063: val_weighted_dice_loss improved from 0.07446 to 0.07424, saving model to ./Unet-weights/2_classes_5208_reals_0_GANs.h5
Epoch 64/150
 - 360s - loss: 0.0554 - weighted_dice_loss: 0.0554 - val_loss: 0.0977 - val_weighted_dice_loss: 0.0977

Epoch 00064: val_weighted_dice_loss did not improve from 0.07424
Epoch 65/150
 - 361s - loss: 0.0531 - weighted_dice_loss: 0.0531 - val_loss: 0.0730 - val_weighted_dice_loss: 0.0730

Epoch 00065: val_weighted_dice_loss improved from 0.07424 to 0.07302, saving model to ./Unet-weights/2_classes_5208_reals_0_GANs.h5
Epoch 66/150
 - 362s - loss: 0.0517 - weighted_dice_loss: 0.0517 - val_loss: 0.1917 - val_weighted_dice_loss: 0.1917

Epoch 00066: val_weighted_dice_loss did not improve from 0.07302
Epoch 67/150
 - 362s - loss: 0.0539 - weighted_dice_loss: 0.0539 - val_loss: 0.8516 - val_weighted_dice_loss: 0.8516

Epoch 00067: val_weighted_dice_loss did not improve from 0.07302
Epoch 68/150
 - 363s - loss: 0.0506 - weighted_dice_loss: 0.0506 - val_loss: 0.0724 - val_weighted_dice_loss: 0.0724

Epoch 00068: val_weighted_dice_loss improved from 0.07302 to 0.07245, saving model to ./Unet-weights/2_classes_5208_reals_0_GANs.h5
Epoch 69/150
 - 363s - loss: 0.0508 - weighted_dice_loss: 0.0508 - val_loss: 0.0721 - val_weighted_dice_loss: 0.0721

Epoch 00069: val_weighted_dice_loss improved from 0.07245 to 0.07207, saving model to ./Unet-weights/2_classes_5208_reals_0_GANs.h5
Epoch 70/150
 - 362s - loss: 0.0486 - weighted_dice_loss: 0.0486 - val_loss: 0.0802 - val_weighted_dice_loss: 0.0802

Epoch 00070: val_weighted_dice_loss did not improve from 0.07207
Epoch 71/150
 - 363s - loss: 0.0492 - weighted_dice_loss: 0.0492 - val_loss: 0.0695 - val_weighted_dice_loss: 0.0695

Epoch 00071: val_weighted_dice_loss improved from 0.07207 to 0.06946, saving model to ./Unet-weights/2_classes_5208_reals_0_GANs.h5
Epoch 72/150
 - 362s - loss: 0.0486 - weighted_dice_loss: 0.0486 - val_loss: 0.1617 - val_weighted_dice_loss: 0.1617

Epoch 00072: val_weighted_dice_loss did not improve from 0.06946
Epoch 73/150
 - 363s - loss: 0.0496 - weighted_dice_loss: 0.0496 - val_loss: 0.8442 - val_weighted_dice_loss: 0.8442

Epoch 00073: val_weighted_dice_loss did not improve from 0.06946
Epoch 74/150
 - 363s - loss: 0.0486 - weighted_dice_loss: 0.0486 - val_loss: 0.6101 - val_weighted_dice_loss: 0.6101

Epoch 00074: val_weighted_dice_loss did not improve from 0.06946
Epoch 75/150
 - 362s - loss: 0.0464 - weighted_dice_loss: 0.0464 - val_loss: 0.0706 - val_weighted_dice_loss: 0.0706

Epoch 00075: val_weighted_dice_loss did not improve from 0.06946
Epoch 76/150
 - 362s - loss: 0.0464 - weighted_dice_loss: 0.0464 - val_loss: 0.0904 - val_weighted_dice_loss: 0.0904

Epoch 00076: val_weighted_dice_loss did not improve from 0.06946
Epoch 77/150
 - 363s - loss: 0.0452 - weighted_dice_loss: 0.0452 - val_loss: 0.0684 - val_weighted_dice_loss: 0.0684

Epoch 00077: val_weighted_dice_loss improved from 0.06946 to 0.06837, saving model to ./Unet-weights/2_classes_5208_reals_0_GANs.h5
Epoch 78/150
 - 362s - loss: 0.0459 - weighted_dice_loss: 0.0459 - val_loss: 0.0697 - val_weighted_dice_loss: 0.0697

Epoch 00078: val_weighted_dice_loss did not improve from 0.06837
Epoch 79/150
 - 362s - loss: 0.0438 - weighted_dice_loss: 0.0438 - val_loss: 0.8033 - val_weighted_dice_loss: 0.8033

Epoch 00079: val_weighted_dice_loss did not improve from 0.06837
Epoch 80/150
 - 362s - loss: 0.0434 - weighted_dice_loss: 0.0434 - val_loss: 0.0676 - val_weighted_dice_loss: 0.0676

Epoch 00080: val_weighted_dice_loss improved from 0.06837 to 0.06762, saving model to ./Unet-weights/2_classes_5208_reals_0_GANs.h5
Epoch 81/150
 - 363s - loss: 0.0430 - weighted_dice_loss: 0.0430 - val_loss: 0.0682 - val_weighted_dice_loss: 0.0682

Epoch 00081: val_weighted_dice_loss did not improve from 0.06762
Epoch 82/150
 - 362s - loss: 0.0457 - weighted_dice_loss: 0.0457 - val_loss: 0.0704 - val_weighted_dice_loss: 0.0704

Epoch 00082: val_weighted_dice_loss did not improve from 0.06762
Epoch 83/150
 - 362s - loss: 0.0413 - weighted_dice_loss: 0.0413 - val_loss: 0.0690 - val_weighted_dice_loss: 0.0690

Epoch 00083: val_weighted_dice_loss did not improve from 0.06762
Epoch 84/150
 - 360s - loss: 0.0430 - weighted_dice_loss: 0.0430 - val_loss: 0.0793 - val_weighted_dice_loss: 0.0793

Epoch 00084: val_weighted_dice_loss did not improve from 0.06762
Epoch 85/150
 - 360s - loss: 0.0417 - weighted_dice_loss: 0.0417 - val_loss: 0.0695 - val_weighted_dice_loss: 0.0695

Epoch 00085: val_weighted_dice_loss did not improve from 0.06762
Epoch 86/150
 - 362s - loss: 0.0404 - weighted_dice_loss: 0.0404 - val_loss: 0.0721 - val_weighted_dice_loss: 0.0721

Epoch 00086: val_weighted_dice_loss did not improve from 0.06762
Epoch 87/150
 - 363s - loss: 0.0398 - weighted_dice_loss: 0.0398 - val_loss: 0.0684 - val_weighted_dice_loss: 0.0684

Epoch 00087: val_weighted_dice_loss did not improve from 0.06762
Epoch 88/150
 - 364s - loss: 0.0435 - weighted_dice_loss: 0.0435 - val_loss: 0.7793 - val_weighted_dice_loss: 0.7793

Epoch 00088: val_weighted_dice_loss did not improve from 0.06762
Epoch 89/150
 - 363s - loss: 0.0400 - weighted_dice_loss: 0.0400 - val_loss: 0.0684 - val_weighted_dice_loss: 0.0684

Epoch 00089: val_weighted_dice_loss did not improve from 0.06762
Epoch 90/150
 - 360s - loss: 0.0390 - weighted_dice_loss: 0.0390 - val_loss: 0.3602 - val_weighted_dice_loss: 0.3602

Epoch 00090: val_weighted_dice_loss did not improve from 0.06762
Epoch 91/150
 - 361s - loss: 0.0376 - weighted_dice_loss: 0.0376 - val_loss: 0.0689 - val_weighted_dice_loss: 0.0689

Epoch 00091: val_weighted_dice_loss did not improve from 0.06762
Epoch 92/150
 - 361s - loss: 0.0374 - weighted_dice_loss: 0.0374 - val_loss: 0.0689 - val_weighted_dice_loss: 0.0689

Epoch 00092: val_weighted_dice_loss did not improve from 0.06762
Epoch 93/150
 - 363s - loss: 0.0379 - weighted_dice_loss: 0.0379 - val_loss: 0.0659 - val_weighted_dice_loss: 0.0659

Epoch 00093: val_weighted_dice_loss improved from 0.06762 to 0.06587, saving model to ./Unet-weights/2_classes_5208_reals_0_GANs.h5
Epoch 94/150
 - 361s - loss: 0.0373 - weighted_dice_loss: 0.0373 - val_loss: 0.1524 - val_weighted_dice_loss: 0.1524

Epoch 00094: val_weighted_dice_loss did not improve from 0.06587
Epoch 95/150
 - 361s - loss: 0.0383 - weighted_dice_loss: 0.0383 - val_loss: 0.4426 - val_weighted_dice_loss: 0.4426

Epoch 00095: val_weighted_dice_loss did not improve from 0.06587
Epoch 96/150
 - 361s - loss: 0.0390 - weighted_dice_loss: 0.0390 - val_loss: 0.1002 - val_weighted_dice_loss: 0.1002

Epoch 00096: val_weighted_dice_loss did not improve from 0.06587
Epoch 97/150
 - 362s - loss: 0.0396 - weighted_dice_loss: 0.0396 - val_loss: 0.0661 - val_weighted_dice_loss: 0.0661

Epoch 00097: val_weighted_dice_loss did not improve from 0.06587
Epoch 98/150
 - 362s - loss: 0.0358 - weighted_dice_loss: 0.0358 - val_loss: 0.0678 - val_weighted_dice_loss: 0.0678

Epoch 00098: val_weighted_dice_loss did not improve from 0.06587
Epoch 99/150
 - 363s - loss: 0.0351 - weighted_dice_loss: 0.0351 - val_loss: 0.0682 - val_weighted_dice_loss: 0.0682

Epoch 00099: val_weighted_dice_loss did not improve from 0.06587
Epoch 100/150
 - 362s - loss: 0.0346 - weighted_dice_loss: 0.0346 - val_loss: 0.0653 - val_weighted_dice_loss: 0.0653

Epoch 00100: val_weighted_dice_loss improved from 0.06587 to 0.06529, saving model to ./Unet-weights/2_classes_5208_reals_0_GANs.h5
Epoch 101/150
 - 362s - loss: 0.0362 - weighted_dice_loss: 0.0362 - val_loss: 0.0721 - val_weighted_dice_loss: 0.0721

Epoch 00101: val_weighted_dice_loss did not improve from 0.06529
Epoch 102/150
 - 363s - loss: 0.0342 - weighted_dice_loss: 0.0342 - val_loss: 0.0660 - val_weighted_dice_loss: 0.0660

Epoch 00102: val_weighted_dice_loss did not improve from 0.06529
Epoch 103/150
 - 362s - loss: 0.0335 - weighted_dice_loss: 0.0335 - val_loss: 0.0647 - val_weighted_dice_loss: 0.0647

Epoch 00103: val_weighted_dice_loss improved from 0.06529 to 0.06466, saving model to ./Unet-weights/2_classes_5208_reals_0_GANs.h5
Epoch 104/150
 - 360s - loss: 0.0337 - weighted_dice_loss: 0.0337 - val_loss: 0.0677 - val_weighted_dice_loss: 0.0677

Epoch 00104: val_weighted_dice_loss did not improve from 0.06466
Epoch 105/150
 - 363s - loss: 0.0351 - weighted_dice_loss: 0.0351 - val_loss: 0.0667 - val_weighted_dice_loss: 0.0667

Epoch 00105: val_weighted_dice_loss did not improve from 0.06466
Epoch 106/150
 - 361s - loss: 0.0334 - weighted_dice_loss: 0.0334 - val_loss: 0.0645 - val_weighted_dice_loss: 0.0645

Epoch 00106: val_weighted_dice_loss improved from 0.06466 to 0.06448, saving model to ./Unet-weights/2_classes_5208_reals_0_GANs.h5
Epoch 107/150
 - 361s - loss: 0.0329 - weighted_dice_loss: 0.0329 - val_loss: 0.0645 - val_weighted_dice_loss: 0.0645

Epoch 00107: val_weighted_dice_loss improved from 0.06448 to 0.06447, saving model to ./Unet-weights/2_classes_5208_reals_0_GANs.h5
Epoch 108/150
 - 361s - loss: 0.0326 - weighted_dice_loss: 0.0326 - val_loss: 0.1291 - val_weighted_dice_loss: 0.1291

Epoch 00108: val_weighted_dice_loss did not improve from 0.06447
Epoch 109/150
 - 362s - loss: 0.0329 - weighted_dice_loss: 0.0329 - val_loss: 0.0662 - val_weighted_dice_loss: 0.0662

Epoch 00109: val_weighted_dice_loss did not improve from 0.06447
Epoch 110/150
 - 362s - loss: 0.0323 - weighted_dice_loss: 0.0323 - val_loss: 0.1027 - val_weighted_dice_loss: 0.1027

Epoch 00110: val_weighted_dice_loss did not improve from 0.06447
Epoch 111/150
 - 361s - loss: 0.0330 - weighted_dice_loss: 0.0330 - val_loss: 0.0634 - val_weighted_dice_loss: 0.0634

Epoch 00111: val_weighted_dice_loss improved from 0.06447 to 0.06337, saving model to ./Unet-weights/2_classes_5208_reals_0_GANs.h5
Epoch 112/150
 - 362s - loss: 0.0318 - weighted_dice_loss: 0.0318 - val_loss: 0.5907 - val_weighted_dice_loss: 0.5907

Epoch 00112: val_weighted_dice_loss did not improve from 0.06337
Epoch 113/150
 - 362s - loss: 0.0316 - weighted_dice_loss: 0.0316 - val_loss: 0.0691 - val_weighted_dice_loss: 0.0691

Epoch 00113: val_weighted_dice_loss did not improve from 0.06337
Epoch 114/150
 - 361s - loss: 0.0312 - weighted_dice_loss: 0.0312 - val_loss: 0.0675 - val_weighted_dice_loss: 0.0675

Epoch 00114: val_weighted_dice_loss did not improve from 0.06337
Epoch 115/150
 - 363s - loss: 0.0317 - weighted_dice_loss: 0.0317 - val_loss: 0.0645 - val_weighted_dice_loss: 0.0645

Epoch 00115: val_weighted_dice_loss did not improve from 0.06337
Epoch 116/150
 - 363s - loss: 0.0310 - weighted_dice_loss: 0.0310 - val_loss: 0.0982 - val_weighted_dice_loss: 0.0982

Epoch 00116: val_weighted_dice_loss did not improve from 0.06337
Epoch 117/150
 - 361s - loss: 0.0325 - weighted_dice_loss: 0.0325 - val_loss: 0.1462 - val_weighted_dice_loss: 0.1462

Epoch 00117: val_weighted_dice_loss did not improve from 0.06337
Epoch 118/150
 - 361s - loss: 0.0305 - weighted_dice_loss: 0.0305 - val_loss: 0.0633 - val_weighted_dice_loss: 0.0633

Epoch 00118: val_weighted_dice_loss improved from 0.06337 to 0.06327, saving model to ./Unet-weights/2_classes_5208_reals_0_GANs.h5
Epoch 119/150
 - 363s - loss: 0.0296 - weighted_dice_loss: 0.0296 - val_loss: 0.0634 - val_weighted_dice_loss: 0.0634

Epoch 00119: val_weighted_dice_loss did not improve from 0.06327
Epoch 120/150
 - 360s - loss: 0.0293 - weighted_dice_loss: 0.0293 - val_loss: 0.0637 - val_weighted_dice_loss: 0.0637

Epoch 00120: val_weighted_dice_loss did not improve from 0.06327
Epoch 121/150
 - 363s - loss: 0.0298 - weighted_dice_loss: 0.0298 - val_loss: 0.0636 - val_weighted_dice_loss: 0.0636

Epoch 00121: val_weighted_dice_loss did not improve from 0.06327
Epoch 122/150
 - 364s - loss: 0.0295 - weighted_dice_loss: 0.0295 - val_loss: 0.1002 - val_weighted_dice_loss: 0.1002

Epoch 00122: val_weighted_dice_loss did not improve from 0.06327
Epoch 123/150
 - 363s - loss: 0.0315 - weighted_dice_loss: 0.0315 - val_loss: 0.0642 - val_weighted_dice_loss: 0.0642

Epoch 00123: val_weighted_dice_loss did not improve from 0.06327
Epoch 124/150
 - 361s - loss: 0.0288 - weighted_dice_loss: 0.0288 - val_loss: 0.0726 - val_weighted_dice_loss: 0.0726

Epoch 00124: val_weighted_dice_loss did not improve from 0.06327
Epoch 125/150
 - 362s - loss: 0.0288 - weighted_dice_loss: 0.0288 - val_loss: 0.3590 - val_weighted_dice_loss: 0.3590

Epoch 00125: val_weighted_dice_loss did not improve from 0.06327
Epoch 126/150
 - 364s - loss: 0.0289 - weighted_dice_loss: 0.0289 - val_loss: 0.0646 - val_weighted_dice_loss: 0.0646

Epoch 00126: val_weighted_dice_loss did not improve from 0.06327
Epoch 127/150
 - 360s - loss: 0.0286 - weighted_dice_loss: 0.0286 - val_loss: 0.0632 - val_weighted_dice_loss: 0.0632

Epoch 00127: val_weighted_dice_loss improved from 0.06327 to 0.06322, saving model to ./Unet-weights/2_classes_5208_reals_0_GANs.h5
Epoch 128/150
 - 361s - loss: 0.0287 - weighted_dice_loss: 0.0287 - val_loss: 0.0637 - val_weighted_dice_loss: 0.0637

Epoch 00128: val_weighted_dice_loss did not improve from 0.06322
Epoch 129/150
 - 365s - loss: 0.0284 - weighted_dice_loss: 0.0284 - val_loss: 0.0628 - val_weighted_dice_loss: 0.0628

Epoch 00129: val_weighted_dice_loss improved from 0.06322 to 0.06283, saving model to ./Unet-weights/2_classes_5208_reals_0_GANs.h5
Epoch 130/150
 - 362s - loss: 0.0279 - weighted_dice_loss: 0.0279 - val_loss: 0.0634 - val_weighted_dice_loss: 0.0634

Epoch 00130: val_weighted_dice_loss did not improve from 0.06283
Epoch 131/150
 - 361s - loss: 0.0292 - weighted_dice_loss: 0.0292 - val_loss: 0.6478 - val_weighted_dice_loss: 0.6478

Epoch 00131: val_weighted_dice_loss did not improve from 0.06283
Epoch 132/150
 - 362s - loss: 0.0273 - weighted_dice_loss: 0.0273 - val_loss: 0.0623 - val_weighted_dice_loss: 0.0623

Epoch 00132: val_weighted_dice_loss improved from 0.06283 to 0.06235, saving model to ./Unet-weights/2_classes_5208_reals_0_GANs.h5
Epoch 133/150
 - 359s - loss: 0.0276 - weighted_dice_loss: 0.0276 - val_loss: 0.0622 - val_weighted_dice_loss: 0.0622

Epoch 00133: val_weighted_dice_loss improved from 0.06235 to 0.06218, saving model to ./Unet-weights/2_classes_5208_reals_0_GANs.h5
Epoch 134/150
 - 361s - loss: 0.0273 - weighted_dice_loss: 0.0273 - val_loss: 0.0617 - val_weighted_dice_loss: 0.0617

Epoch 00134: val_weighted_dice_loss improved from 0.06218 to 0.06167, saving model to ./Unet-weights/2_classes_5208_reals_0_GANs.h5
Epoch 135/150
 - 361s - loss: 0.0272 - weighted_dice_loss: 0.0272 - val_loss: 0.0646 - val_weighted_dice_loss: 0.0646

Epoch 00135: val_weighted_dice_loss did not improve from 0.06167
Epoch 136/150
 - 362s - loss: 0.0269 - weighted_dice_loss: 0.0269 - val_loss: 0.2670 - val_weighted_dice_loss: 0.2670

Epoch 00136: val_weighted_dice_loss did not improve from 0.06167
Epoch 137/150
 - 361s - loss: 0.0269 - weighted_dice_loss: 0.0269 - val_loss: 0.0639 - val_weighted_dice_loss: 0.0639

Epoch 00137: val_weighted_dice_loss did not improve from 0.06167
Epoch 138/150
 - 362s - loss: 0.0267 - weighted_dice_loss: 0.0267 - val_loss: 0.0642 - val_weighted_dice_loss: 0.0642

Epoch 00138: val_weighted_dice_loss did not improve from 0.06167
Epoch 139/150
 - 363s - loss: 0.0269 - weighted_dice_loss: 0.0269 - val_loss: 0.0616 - val_weighted_dice_loss: 0.0616

Epoch 00139: val_weighted_dice_loss improved from 0.06167 to 0.06157, saving model to ./Unet-weights/2_classes_5208_reals_0_GANs.h5
Epoch 140/150
 - 361s - loss: 0.0261 - weighted_dice_loss: 0.0261 - val_loss: 0.0636 - val_weighted_dice_loss: 0.0636

Epoch 00140: val_weighted_dice_loss did not improve from 0.06157
Epoch 141/150
 - 362s - loss: 0.0263 - weighted_dice_loss: 0.0263 - val_loss: 0.0637 - val_weighted_dice_loss: 0.0637

Epoch 00141: val_weighted_dice_loss did not improve from 0.06157
Epoch 142/150
 - 362s - loss: 0.0261 - weighted_dice_loss: 0.0261 - val_loss: 0.2732 - val_weighted_dice_loss: 0.2732

Epoch 00142: val_weighted_dice_loss did not improve from 0.06157
Epoch 143/150
 - 363s - loss: 0.0263 - weighted_dice_loss: 0.0263 - val_loss: 0.0654 - val_weighted_dice_loss: 0.0654

Epoch 00143: val_weighted_dice_loss did not improve from 0.06157
Epoch 144/150
 - 362s - loss: 0.0255 - weighted_dice_loss: 0.0255 - val_loss: 0.2916 - val_weighted_dice_loss: 0.2916

Epoch 00144: val_weighted_dice_loss did not improve from 0.06157
Epoch 145/150
 - 361s - loss: 0.0261 - weighted_dice_loss: 0.0261 - val_loss: 0.0633 - val_weighted_dice_loss: 0.0633

Epoch 00145: val_weighted_dice_loss did not improve from 0.06157
Epoch 146/150
 - 364s - loss: 0.0256 - weighted_dice_loss: 0.0256 - val_loss: 0.0637 - val_weighted_dice_loss: 0.0637

Epoch 00146: val_weighted_dice_loss did not improve from 0.06157
Epoch 147/150
 - 362s - loss: 0.0260 - weighted_dice_loss: 0.0260 - val_loss: 0.0668 - val_weighted_dice_loss: 0.0668

Epoch 00147: val_weighted_dice_loss did not improve from 0.06157
Epoch 148/150
 - 362s - loss: 0.0254 - weighted_dice_loss: 0.0254 - val_loss: 0.0625 - val_weighted_dice_loss: 0.0625

Epoch 00148: val_weighted_dice_loss did not improve from 0.06157
Epoch 149/150
 - 363s - loss: 0.0253 - weighted_dice_loss: 0.0253 - val_loss: 0.0693 - val_weighted_dice_loss: 0.0693

Epoch 00149: val_weighted_dice_loss did not improve from 0.06157
Epoch 150/150
 - 360s - loss: 0.0251 - weighted_dice_loss: 0.0251 - val_loss: 0.0627 - val_weighted_dice_loss: 0.0627

Epoch 00150: val_weighted_dice_loss did not improve from 0.06157
Finished training.
