nohup: ignoring input
2020-08-21 16:07:18.425409: I tensorflow/core/platform/cpu_feature_guard.cc:142] Your CPU supports instructions that this TensorFlow binary was not compiled to use: SSE4.1 SSE4.2 AVX
2020-08-21 16:07:18.439069: I tensorflow/core/platform/profile_utils/cpu_utils.cc:94] CPU Frequency: 3601900000 Hz
2020-08-21 16:07:18.440073: I tensorflow/compiler/xla/service/service.cc:168] XLA service 0x55b7c54f6690 executing computations on platform Host. Devices:
2020-08-21 16:07:18.440128: I tensorflow/compiler/xla/service/service.cc:175]   StreamExecutor device (0): <undefined>, <undefined>
2020-08-21 16:07:18.442012: I tensorflow/stream_executor/platform/default/dso_loader.cc:42] Successfully opened dynamic library libcuda.so.1
2020-08-21 16:07:18.463601: I tensorflow/stream_executor/cuda/cuda_gpu_executor.cc:1005] successful NUMA node read from SysFS had negative value (-1), but there must be at least one NUMA node, so returning NUMA node zero
2020-08-21 16:07:18.465907: I tensorflow/core/common_runtime/gpu/gpu_device.cc:1640] Found device 0 with properties: 
name: GeForce GTX 1080 major: 6 minor: 1 memoryClockRate(GHz): 1.7335
pciBusID: 0000:01:00.0
2020-08-21 16:07:18.468080: I tensorflow/stream_executor/platform/default/dso_loader.cc:42] Successfully opened dynamic library libcudart.so.10.1
2020-08-21 16:07:18.474652: I tensorflow/stream_executor/platform/default/dso_loader.cc:42] Successfully opened dynamic library libcublas.so.10
2020-08-21 16:07:18.479362: I tensorflow/stream_executor/platform/default/dso_loader.cc:42] Successfully opened dynamic library libcufft.so.10
2020-08-21 16:07:18.481540: I tensorflow/stream_executor/platform/default/dso_loader.cc:42] Successfully opened dynamic library libcurand.so.10
2020-08-21 16:07:18.486794: I tensorflow/stream_executor/platform/default/dso_loader.cc:42] Successfully opened dynamic library libcusolver.so.10
2020-08-21 16:07:18.490327: I tensorflow/stream_executor/platform/default/dso_loader.cc:42] Successfully opened dynamic library libcusparse.so.10
2020-08-21 16:07:18.499244: I tensorflow/stream_executor/platform/default/dso_loader.cc:42] Successfully opened dynamic library libcudnn.so.7
2020-08-21 16:07:18.499438: I tensorflow/stream_executor/cuda/cuda_gpu_executor.cc:1005] successful NUMA node read from SysFS had negative value (-1), but there must be at least one NUMA node, so returning NUMA node zero
2020-08-21 16:07:18.500552: I tensorflow/stream_executor/cuda/cuda_gpu_executor.cc:1005] successful NUMA node read from SysFS had negative value (-1), but there must be at least one NUMA node, so returning NUMA node zero
2020-08-21 16:07:18.501490: I tensorflow/core/common_runtime/gpu/gpu_device.cc:1763] Adding visible gpu devices: 0
2020-08-21 16:07:18.501552: I tensorflow/stream_executor/platform/default/dso_loader.cc:42] Successfully opened dynamic library libcudart.so.10.1
2020-08-21 16:07:18.597006: I tensorflow/core/common_runtime/gpu/gpu_device.cc:1181] Device interconnect StreamExecutor with strength 1 edge matrix:
2020-08-21 16:07:18.597061: I tensorflow/core/common_runtime/gpu/gpu_device.cc:1187]      0 
2020-08-21 16:07:18.597081: I tensorflow/core/common_runtime/gpu/gpu_device.cc:1200] 0:   N 
2020-08-21 16:07:18.597285: I tensorflow/stream_executor/cuda/cuda_gpu_executor.cc:1005] successful NUMA node read from SysFS had negative value (-1), but there must be at least one NUMA node, so returning NUMA node zero
2020-08-21 16:07:18.597937: I tensorflow/stream_executor/cuda/cuda_gpu_executor.cc:1005] successful NUMA node read from SysFS had negative value (-1), but there must be at least one NUMA node, so returning NUMA node zero
2020-08-21 16:07:18.598572: I tensorflow/stream_executor/cuda/cuda_gpu_executor.cc:1005] successful NUMA node read from SysFS had negative value (-1), but there must be at least one NUMA node, so returning NUMA node zero
2020-08-21 16:07:18.599176: I tensorflow/core/common_runtime/gpu/gpu_device.cc:1326] Created TensorFlow device (/job:localhost/replica:0/task:0/device:GPU:0 with 7568 MB memory) -> physical GPU (device: 0, name: GeForce GTX 1080, pci bus id: 0000:01:00.0, compute capability: 6.1)
2020-08-21 16:07:18.601502: I tensorflow/compiler/xla/service/service.cc:168] XLA service 0x55b7c6003280 executing computations on platform CUDA. Devices:
2020-08-21 16:07:18.601529: I tensorflow/compiler/xla/service/service.cc:175]   StreamExecutor device (0): GeForce GTX 1080, Compute Capability 6.1
/home/mehfo331/.conda/envs/thesis/lib/python3.6/site-packages/tensorflow/python/framework/dtypes.py:516: FutureWarning: Passing (type, 1) or '1type' as a synonym of type is deprecated; in a future version of numpy, it will be understood as (type, (1,)) / '(1,)type'.
  _np_qint8 = np.dtype([("qint8", np.int8, 1)])
/home/mehfo331/.conda/envs/thesis/lib/python3.6/site-packages/tensorflow/python/framework/dtypes.py:517: FutureWarning: Passing (type, 1) or '1type' as a synonym of type is deprecated; in a future version of numpy, it will be understood as (type, (1,)) / '(1,)type'.
  _np_quint8 = np.dtype([("quint8", np.uint8, 1)])
/home/mehfo331/.conda/envs/thesis/lib/python3.6/site-packages/tensorflow/python/framework/dtypes.py:518: FutureWarning: Passing (type, 1) or '1type' as a synonym of type is deprecated; in a future version of numpy, it will be understood as (type, (1,)) / '(1,)type'.
  _np_qint16 = np.dtype([("qint16", np.int16, 1)])
/home/mehfo331/.conda/envs/thesis/lib/python3.6/site-packages/tensorflow/python/framework/dtypes.py:519: FutureWarning: Passing (type, 1) or '1type' as a synonym of type is deprecated; in a future version of numpy, it will be understood as (type, (1,)) / '(1,)type'.
  _np_quint16 = np.dtype([("quint16", np.uint16, 1)])
/home/mehfo331/.conda/envs/thesis/lib/python3.6/site-packages/tensorflow/python/framework/dtypes.py:520: FutureWarning: Passing (type, 1) or '1type' as a synonym of type is deprecated; in a future version of numpy, it will be understood as (type, (1,)) / '(1,)type'.
  _np_qint32 = np.dtype([("qint32", np.int32, 1)])
/home/mehfo331/.conda/envs/thesis/lib/python3.6/site-packages/tensorflow/python/framework/dtypes.py:525: FutureWarning: Passing (type, 1) or '1type' as a synonym of type is deprecated; in a future version of numpy, it will be understood as (type, (1,)) / '(1,)type'.
  np_resource = np.dtype([("resource", np.ubyte, 1)])
/home/mehfo331/.conda/envs/thesis/lib/python3.6/site-packages/tensorboard/compat/tensorflow_stub/dtypes.py:541: FutureWarning: Passing (type, 1) or '1type' as a synonym of type is deprecated; in a future version of numpy, it will be understood as (type, (1,)) / '(1,)type'.
  _np_qint8 = np.dtype([("qint8", np.int8, 1)])
/home/mehfo331/.conda/envs/thesis/lib/python3.6/site-packages/tensorboard/compat/tensorflow_stub/dtypes.py:542: FutureWarning: Passing (type, 1) or '1type' as a synonym of type is deprecated; in a future version of numpy, it will be understood as (type, (1,)) / '(1,)type'.
  _np_quint8 = np.dtype([("quint8", np.uint8, 1)])
/home/mehfo331/.conda/envs/thesis/lib/python3.6/site-packages/tensorboard/compat/tensorflow_stub/dtypes.py:543: FutureWarning: Passing (type, 1) or '1type' as a synonym of type is deprecated; in a future version of numpy, it will be understood as (type, (1,)) / '(1,)type'.
  _np_qint16 = np.dtype([("qint16", np.int16, 1)])
/home/mehfo331/.conda/envs/thesis/lib/python3.6/site-packages/tensorboard/compat/tensorflow_stub/dtypes.py:544: FutureWarning: Passing (type, 1) or '1type' as a synonym of type is deprecated; in a future version of numpy, it will be understood as (type, (1,)) / '(1,)type'.
  _np_quint16 = np.dtype([("quint16", np.uint16, 1)])
/home/mehfo331/.conda/envs/thesis/lib/python3.6/site-packages/tensorboard/compat/tensorflow_stub/dtypes.py:545: FutureWarning: Passing (type, 1) or '1type' as a synonym of type is deprecated; in a future version of numpy, it will be understood as (type, (1,)) / '(1,)type'.
  _np_qint32 = np.dtype([("qint32", np.int32, 1)])
/home/mehfo331/.conda/envs/thesis/lib/python3.6/site-packages/tensorboard/compat/tensorflow_stub/dtypes.py:550: FutureWarning: Passing (type, 1) or '1type' as a synonym of type is deprecated; in a future version of numpy, it will be understood as (type, (1,)) / '(1,)type'.
  np_resource = np.dtype([("resource", np.ubyte, 1)])
Using TensorFlow backend.
WARNING:tensorflow:From segmentation.py:20: The name tf.keras.backend.set_session is deprecated. Please use tf.compat.v1.keras.backend.set_session instead.

WARNING:tensorflow:From segmentation.py:33: The name tf.ConfigProto is deprecated. Please use tf.compat.v1.ConfigProto instead.

WARNING:tensorflow:From segmentation.py:35: The name tf.Session is deprecated. Please use tf.compat.v1.Session instead.

2020-08-21 16:07:18.602992: I tensorflow/stream_executor/cuda/cuda_gpu_executor.cc:1005] successful NUMA node read from SysFS had negative value (-1), but there must be at least one NUMA node, so returning NUMA node zero
2020-08-21 16:07:18.603593: I tensorflow/core/common_runtime/gpu/gpu_device.cc:1640] Found device 0 with properties: 
name: GeForce GTX 1080 major: 6 minor: 1 memoryClockRate(GHz): 1.7335
pciBusID: 0000:01:00.0
2020-08-21 16:07:18.603639: I tensorflow/stream_executor/platform/default/dso_loader.cc:42] Successfully opened dynamic library libcudart.so.10.1
2020-08-21 16:07:18.603665: I tensorflow/stream_executor/platform/default/dso_loader.cc:42] Successfully opened dynamic library libcublas.so.10
2020-08-21 16:07:18.603689: I tensorflow/stream_executor/platform/default/dso_loader.cc:42] Successfully opened dynamic library libcufft.so.10
2020-08-21 16:07:18.603712: I tensorflow/stream_executor/platform/default/dso_loader.cc:42] Successfully opened dynamic library libcurand.so.10
2020-08-21 16:07:18.603734: I tensorflow/stream_executor/platform/default/dso_loader.cc:42] Successfully opened dynamic library libcusolver.so.10
2020-08-21 16:07:18.603756: I tensorflow/stream_executor/platform/default/dso_loader.cc:42] Successfully opened dynamic library libcusparse.so.10
2020-08-21 16:07:18.603779: I tensorflow/stream_executor/platform/default/dso_loader.cc:42] Successfully opened dynamic library libcudnn.so.7
2020-08-21 16:07:18.603858: I tensorflow/stream_executor/cuda/cuda_gpu_executor.cc:1005] successful NUMA node read from SysFS had negative value (-1), but there must be at least one NUMA node, so returning NUMA node zero
2020-08-21 16:07:18.604502: I tensorflow/stream_executor/cuda/cuda_gpu_executor.cc:1005] successful NUMA node read from SysFS had negative value (-1), but there must be at least one NUMA node, so returning NUMA node zero
2020-08-21 16:07:18.605059: I tensorflow/core/common_runtime/gpu/gpu_device.cc:1763] Adding visible gpu devices: 0
2020-08-21 16:07:18.605091: I tensorflow/core/common_runtime/gpu/gpu_device.cc:1181] Device interconnect StreamExecutor with strength 1 edge matrix:
2020-08-21 16:07:18.605107: I tensorflow/core/common_runtime/gpu/gpu_device.cc:1187]      0 
2020-08-21 16:07:18.605119: I tensorflow/core/common_runtime/gpu/gpu_device.cc:1200] 0:   N 
2020-08-21 16:07:18.605229: I tensorflow/stream_executor/cuda/cuda_gpu_executor.cc:1005] successful NUMA node read from SysFS had negative value (-1), but there must be at least one NUMA node, so returning NUMA node zero
2020-08-21 16:07:18.607010: I tensorflow/stream_executor/cuda/cuda_gpu_executor.cc:1005] successful NUMA node read from SysFS had negative value (-1), but there must be at least one NUMA node, so returning NUMA node zero
2020-08-21 16:07:18.607586: I tensorflow/core/common_runtime/gpu/gpu_device.cc:1326] Created TensorFlow device (/job:localhost/replica:0/task:0/device:GPU:0 with 7568 MB memory) -> physical GPU (device: 0, name: GeForce GTX 1080, pci bus id: 0000:01:00.0, compute capability: 6.1)
WARNING:tensorflow:From /home/mehfo331/.conda/envs/thesis/lib/python3.6/site-packages/keras/backend/tensorflow_backend.py:74: The name tf.get_default_graph is deprecated. Please use tf.compat.v1.get_default_graph instead.

WARNING:tensorflow:From /home/mehfo331/.conda/envs/thesis/lib/python3.6/site-packages/keras/backend/tensorflow_backend.py:517: The name tf.placeholder is deprecated. Please use tf.compat.v1.placeholder instead.

WARNING:tensorflow:From /home/mehfo331/.conda/envs/thesis/lib/python3.6/site-packages/keras/backend/tensorflow_backend.py:4185: The name tf.truncated_normal is deprecated. Please use tf.random.truncated_normal instead.

WARNING:tensorflow:From /home/mehfo331/.conda/envs/thesis/lib/python3.6/site-packages/keras/backend/tensorflow_backend.py:1834: The name tf.nn.fused_batch_norm is deprecated. Please use tf.compat.v1.nn.fused_batch_norm instead.

WARNING:tensorflow:From /home/mehfo331/.conda/envs/thesis/lib/python3.6/site-packages/keras/backend/tensorflow_backend.py:3976: The name tf.nn.max_pool is deprecated. Please use tf.nn.max_pool2d instead.

WARNING:tensorflow:From /home/mehfo331/.conda/envs/thesis/lib/python3.6/site-packages/keras/optimizers.py:790: The name tf.train.Optimizer is deprecated. Please use tf.compat.v1.train.Optimizer instead.

2020-08-21 16:29:23.173800: I tensorflow/stream_executor/platform/default/dso_loader.cc:42] Successfully opened dynamic library libcudnn.so.7

Reading data...
Finished reading data.

Reading data...
Finished reading data.

Training 4 classes with 35000 images (26040 real and 8960 GAN images):

Epoch 1/150
 - 2829s - loss: 0.4097 - weighted_dice_loss: 0.4097 - val_loss: 0.2814 - val_weighted_dice_loss: 0.2814

Epoch 00001: val_weighted_dice_loss improved from inf to 0.28145, saving model to ./Unet-weights/4_classes_26040_reals_8960_GANs.h5
Epoch 2/150
 - 2102s - loss: 0.2404 - weighted_dice_loss: 0.2404 - val_loss: 0.2294 - val_weighted_dice_loss: 0.2294

Epoch 00002: val_weighted_dice_loss improved from 0.28145 to 0.22942, saving model to ./Unet-weights/4_classes_26040_reals_8960_GANs.h5
Epoch 3/150
 - 2099s - loss: 0.2182 - weighted_dice_loss: 0.2182 - val_loss: 0.2403 - val_weighted_dice_loss: 0.2403

Epoch 00003: val_weighted_dice_loss did not improve from 0.22942
Epoch 4/150
 - 2098s - loss: 0.2048 - weighted_dice_loss: 0.2048 - val_loss: 0.1724 - val_weighted_dice_loss: 0.1724

Epoch 00004: val_weighted_dice_loss improved from 0.22942 to 0.17237, saving model to ./Unet-weights/4_classes_26040_reals_8960_GANs.h5
Epoch 5/150
 - 2098s - loss: 0.1944 - weighted_dice_loss: 0.1944 - val_loss: 0.1682 - val_weighted_dice_loss: 0.1682

Epoch 00005: val_weighted_dice_loss improved from 0.17237 to 0.16816, saving model to ./Unet-weights/4_classes_26040_reals_8960_GANs.h5
Epoch 6/150
 - 2097s - loss: 0.1849 - weighted_dice_loss: 0.1849 - val_loss: 0.1674 - val_weighted_dice_loss: 0.1674

Epoch 00006: val_weighted_dice_loss improved from 0.16816 to 0.16739, saving model to ./Unet-weights/4_classes_26040_reals_8960_GANs.h5
Epoch 7/150
 - 2097s - loss: 0.1795 - weighted_dice_loss: 0.1795 - val_loss: 0.1605 - val_weighted_dice_loss: 0.1605

Epoch 00007: val_weighted_dice_loss improved from 0.16739 to 0.16046, saving model to ./Unet-weights/4_classes_26040_reals_8960_GANs.h5
Epoch 8/150
 - 2096s - loss: 0.1728 - weighted_dice_loss: 0.1728 - val_loss: 0.1480 - val_weighted_dice_loss: 0.1480

Epoch 00008: val_weighted_dice_loss improved from 0.16046 to 0.14805, saving model to ./Unet-weights/4_classes_26040_reals_8960_GANs.h5
Epoch 9/150
 - 2096s - loss: 0.1687 - weighted_dice_loss: 0.1687 - val_loss: 0.2073 - val_weighted_dice_loss: 0.2073

Epoch 00009: val_weighted_dice_loss did not improve from 0.14805
Epoch 10/150
 - 2096s - loss: 0.1629 - weighted_dice_loss: 0.1629 - val_loss: 0.1500 - val_weighted_dice_loss: 0.1500

Epoch 00010: val_weighted_dice_loss did not improve from 0.14805
Epoch 11/150
 - 2094s - loss: 0.1593 - weighted_dice_loss: 0.1593 - val_loss: 0.1543 - val_weighted_dice_loss: 0.1543

Epoch 00011: val_weighted_dice_loss did not improve from 0.14805
Epoch 12/150
 - 2098s - loss: 0.1551 - weighted_dice_loss: 0.1551 - val_loss: 0.1416 - val_weighted_dice_loss: 0.1416

Epoch 00012: val_weighted_dice_loss improved from 0.14805 to 0.14163, saving model to ./Unet-weights/4_classes_26040_reals_8960_GANs.h5
Epoch 13/150
 - 2096s - loss: 0.1509 - weighted_dice_loss: 0.1509 - val_loss: 0.2753 - val_weighted_dice_loss: 0.2753

Epoch 00013: val_weighted_dice_loss did not improve from 0.14163
Epoch 14/150
 - 2098s - loss: 0.1469 - weighted_dice_loss: 0.1469 - val_loss: 0.1269 - val_weighted_dice_loss: 0.1269

Epoch 00014: val_weighted_dice_loss improved from 0.14163 to 0.12691, saving model to ./Unet-weights/4_classes_26040_reals_8960_GANs.h5
Epoch 15/150
 - 2096s - loss: 0.1428 - weighted_dice_loss: 0.1428 - val_loss: 0.1325 - val_weighted_dice_loss: 0.1325

Epoch 00015: val_weighted_dice_loss did not improve from 0.12691
Epoch 16/150
 - 2097s - loss: 0.1403 - weighted_dice_loss: 0.1403 - val_loss: 0.1267 - val_weighted_dice_loss: 0.1267

Epoch 00016: val_weighted_dice_loss improved from 0.12691 to 0.12670, saving model to ./Unet-weights/4_classes_26040_reals_8960_GANs.h5
Epoch 17/150
 - 2097s - loss: 0.1379 - weighted_dice_loss: 0.1379 - val_loss: 0.1304 - val_weighted_dice_loss: 0.1304

Epoch 00017: val_weighted_dice_loss did not improve from 0.12670
Epoch 18/150
 - 2095s - loss: 0.1342 - weighted_dice_loss: 0.1342 - val_loss: 0.1198 - val_weighted_dice_loss: 0.1198

Epoch 00018: val_weighted_dice_loss improved from 0.12670 to 0.11980, saving model to ./Unet-weights/4_classes_26040_reals_8960_GANs.h5
Epoch 19/150
 - 2094s - loss: 0.1313 - weighted_dice_loss: 0.1313 - val_loss: 0.1346 - val_weighted_dice_loss: 0.1346

Epoch 00019: val_weighted_dice_loss did not improve from 0.11980
Epoch 20/150
 - 2096s - loss: 0.1288 - weighted_dice_loss: 0.1288 - val_loss: 0.1254 - val_weighted_dice_loss: 0.1254

Epoch 00020: val_weighted_dice_loss did not improve from 0.11980
Epoch 21/150
 - 2095s - loss: 0.1264 - weighted_dice_loss: 0.1264 - val_loss: 0.1177 - val_weighted_dice_loss: 0.1177

Epoch 00021: val_weighted_dice_loss improved from 0.11980 to 0.11769, saving model to ./Unet-weights/4_classes_26040_reals_8960_GANs.h5
Epoch 22/150
 - 2104s - loss: 0.1222 - weighted_dice_loss: 0.1222 - val_loss: 0.1178 - val_weighted_dice_loss: 0.1178

Epoch 00022: val_weighted_dice_loss did not improve from 0.11769
Epoch 23/150
 - 2096s - loss: 0.1211 - weighted_dice_loss: 0.1211 - val_loss: 0.1182 - val_weighted_dice_loss: 0.1182

Epoch 00023: val_weighted_dice_loss did not improve from 0.11769
Epoch 24/150
 - 2095s - loss: 0.1186 - weighted_dice_loss: 0.1186 - val_loss: 0.1375 - val_weighted_dice_loss: 0.1375

Epoch 00024: val_weighted_dice_loss did not improve from 0.11769
Epoch 25/150
 - 2093s - loss: 0.1164 - weighted_dice_loss: 0.1164 - val_loss: 0.1092 - val_weighted_dice_loss: 0.1092

Epoch 00025: val_weighted_dice_loss improved from 0.11769 to 0.10923, saving model to ./Unet-weights/4_classes_26040_reals_8960_GANs.h5
Epoch 26/150
 - 2096s - loss: 0.1136 - weighted_dice_loss: 0.1136 - val_loss: 0.1064 - val_weighted_dice_loss: 0.1064

Epoch 00026: val_weighted_dice_loss improved from 0.10923 to 0.10638, saving model to ./Unet-weights/4_classes_26040_reals_8960_GANs.h5
Epoch 27/150
 - 2098s - loss: 0.1120 - weighted_dice_loss: 0.1120 - val_loss: 0.1047 - val_weighted_dice_loss: 0.1047

Epoch 00027: val_weighted_dice_loss improved from 0.10638 to 0.10475, saving model to ./Unet-weights/4_classes_26040_reals_8960_GANs.h5
Epoch 28/150
 - 2096s - loss: 0.1103 - weighted_dice_loss: 0.1103 - val_loss: 0.1115 - val_weighted_dice_loss: 0.1115

Epoch 00028: val_weighted_dice_loss did not improve from 0.10475
Epoch 29/150
 - 2098s - loss: 0.1086 - weighted_dice_loss: 0.1086 - val_loss: 0.1041 - val_weighted_dice_loss: 0.1041

Epoch 00029: val_weighted_dice_loss improved from 0.10475 to 0.10412, saving model to ./Unet-weights/4_classes_26040_reals_8960_GANs.h5
Epoch 30/150
 - 2099s - loss: 0.1061 - weighted_dice_loss: 0.1061 - val_loss: 0.0985 - val_weighted_dice_loss: 0.0985

Epoch 00030: val_weighted_dice_loss improved from 0.10412 to 0.09853, saving model to ./Unet-weights/4_classes_26040_reals_8960_GANs.h5
Epoch 31/150
 - 2098s - loss: 0.1048 - weighted_dice_loss: 0.1048 - val_loss: 0.5410 - val_weighted_dice_loss: 0.5410

Epoch 00031: val_weighted_dice_loss did not improve from 0.09853
Epoch 32/150
 - 2098s - loss: 0.1027 - weighted_dice_loss: 0.1027 - val_loss: 0.1377 - val_weighted_dice_loss: 0.1377

Epoch 00032: val_weighted_dice_loss did not improve from 0.09853
Epoch 33/150
 - 2097s - loss: 0.1017 - weighted_dice_loss: 0.1017 - val_loss: 0.8409 - val_weighted_dice_loss: 0.8409

Epoch 00033: val_weighted_dice_loss did not improve from 0.09853
Epoch 34/150
 - 2098s - loss: 0.0999 - weighted_dice_loss: 0.0999 - val_loss: 0.0999 - val_weighted_dice_loss: 0.0999

Epoch 00034: val_weighted_dice_loss did not improve from 0.09853
Epoch 35/150
 - 2097s - loss: 0.0984 - weighted_dice_loss: 0.0984 - val_loss: 0.0939 - val_weighted_dice_loss: 0.0939

Epoch 00035: val_weighted_dice_loss improved from 0.09853 to 0.09388, saving model to ./Unet-weights/4_classes_26040_reals_8960_GANs.h5
Epoch 36/150
 - 2097s - loss: 0.0977 - weighted_dice_loss: 0.0977 - val_loss: 0.0923 - val_weighted_dice_loss: 0.0923

Epoch 00036: val_weighted_dice_loss improved from 0.09388 to 0.09230, saving model to ./Unet-weights/4_classes_26040_reals_8960_GANs.h5
Epoch 37/150
 - 2096s - loss: 0.0959 - weighted_dice_loss: 0.0959 - val_loss: 0.0928 - val_weighted_dice_loss: 0.0928

Epoch 00037: val_weighted_dice_loss did not improve from 0.09230
Epoch 38/150
 - 2096s - loss: 0.0940 - weighted_dice_loss: 0.0940 - val_loss: 0.0948 - val_weighted_dice_loss: 0.0948

Epoch 00038: val_weighted_dice_loss did not improve from 0.09230
Epoch 39/150
 - 2099s - loss: 0.0934 - weighted_dice_loss: 0.0934 - val_loss: 0.1079 - val_weighted_dice_loss: 0.1079

Epoch 00039: val_weighted_dice_loss did not improve from 0.09230
Epoch 40/150
 - 2104s - loss: 0.0924 - weighted_dice_loss: 0.0924 - val_loss: 0.0903 - val_weighted_dice_loss: 0.0903

Epoch 00040: val_weighted_dice_loss improved from 0.09230 to 0.09032, saving model to ./Unet-weights/4_classes_26040_reals_8960_GANs.h5
Epoch 41/150
 - 2097s - loss: 0.0909 - weighted_dice_loss: 0.0909 - val_loss: 0.0868 - val_weighted_dice_loss: 0.0868

Epoch 00041: val_weighted_dice_loss improved from 0.09032 to 0.08681, saving model to ./Unet-weights/4_classes_26040_reals_8960_GANs.h5
Epoch 42/150
 - 2103s - loss: 0.0901 - weighted_dice_loss: 0.0901 - val_loss: 0.0892 - val_weighted_dice_loss: 0.0892

Epoch 00042: val_weighted_dice_loss did not improve from 0.08681
Epoch 43/150
 - 2097s - loss: 0.0894 - weighted_dice_loss: 0.0894 - val_loss: 0.1487 - val_weighted_dice_loss: 0.1487

Epoch 00043: val_weighted_dice_loss did not improve from 0.08681
Epoch 44/150
 - 2106s - loss: 0.0879 - weighted_dice_loss: 0.0879 - val_loss: 0.0934 - val_weighted_dice_loss: 0.0934

Epoch 00044: val_weighted_dice_loss did not improve from 0.08681
Epoch 45/150
 - 2097s - loss: 0.0876 - weighted_dice_loss: 0.0876 - val_loss: 0.0857 - val_weighted_dice_loss: 0.0857

Epoch 00045: val_weighted_dice_loss improved from 0.08681 to 0.08569, saving model to ./Unet-weights/4_classes_26040_reals_8960_GANs.h5
Epoch 46/150
 - 2096s - loss: 0.0867 - weighted_dice_loss: 0.0867 - val_loss: 0.0938 - val_weighted_dice_loss: 0.0938

Epoch 00046: val_weighted_dice_loss did not improve from 0.08569
Epoch 47/150
 - 2098s - loss: 0.0857 - weighted_dice_loss: 0.0857 - val_loss: 0.3902 - val_weighted_dice_loss: 0.3902

Epoch 00047: val_weighted_dice_loss did not improve from 0.08569
Epoch 48/150
 - 2098s - loss: 0.0853 - weighted_dice_loss: 0.0853 - val_loss: 0.0987 - val_weighted_dice_loss: 0.0987

Epoch 00048: val_weighted_dice_loss did not improve from 0.08569
Epoch 49/150
 - 2097s - loss: 0.0839 - weighted_dice_loss: 0.0839 - val_loss: 0.9476 - val_weighted_dice_loss: 0.9476

Epoch 00049: val_weighted_dice_loss did not improve from 0.08569
Epoch 50/150
 - 2099s - loss: 0.0833 - weighted_dice_loss: 0.0833 - val_loss: 0.5813 - val_weighted_dice_loss: 0.5813

Epoch 00050: val_weighted_dice_loss did not improve from 0.08569
Epoch 51/150
 - 2096s - loss: 0.0825 - weighted_dice_loss: 0.0825 - val_loss: 0.9769 - val_weighted_dice_loss: 0.9769

Epoch 00051: val_weighted_dice_loss did not improve from 0.08569
Epoch 52/150
 - 2096s - loss: 0.0818 - weighted_dice_loss: 0.0818 - val_loss: 0.0844 - val_weighted_dice_loss: 0.0844

Epoch 00052: val_weighted_dice_loss improved from 0.08569 to 0.08438, saving model to ./Unet-weights/4_classes_26040_reals_8960_GANs.h5
Epoch 53/150
 - 2096s - loss: 0.0811 - weighted_dice_loss: 0.0811 - val_loss: 0.0861 - val_weighted_dice_loss: 0.0861

Epoch 00053: val_weighted_dice_loss did not improve from 0.08438
Epoch 54/150
 - 2096s - loss: 0.0804 - weighted_dice_loss: 0.0804 - val_loss: 0.3395 - val_weighted_dice_loss: 0.3395

Epoch 00054: val_weighted_dice_loss did not improve from 0.08438
Epoch 55/150
 - 2098s - loss: 0.0796 - weighted_dice_loss: 0.0796 - val_loss: 0.1265 - val_weighted_dice_loss: 0.1265

Epoch 00055: val_weighted_dice_loss did not improve from 0.08438
Epoch 56/150
 - 2096s - loss: 0.0792 - weighted_dice_loss: 0.0792 - val_loss: 0.8467 - val_weighted_dice_loss: 0.8467

Epoch 00056: val_weighted_dice_loss did not improve from 0.08438
Epoch 57/150
 - 2099s - loss: 0.0786 - weighted_dice_loss: 0.0786 - val_loss: 0.8912 - val_weighted_dice_loss: 0.8912

Epoch 00057: val_weighted_dice_loss did not improve from 0.08438
Epoch 58/150
 - 2095s - loss: 0.0778 - weighted_dice_loss: 0.0778 - val_loss: 0.0837 - val_weighted_dice_loss: 0.0837

Epoch 00058: val_weighted_dice_loss improved from 0.08438 to 0.08374, saving model to ./Unet-weights/4_classes_26040_reals_8960_GANs.h5
Epoch 59/150
 - 2097s - loss: 0.0773 - weighted_dice_loss: 0.0773 - val_loss: 0.8009 - val_weighted_dice_loss: 0.8009

Epoch 00059: val_weighted_dice_loss did not improve from 0.08374
Epoch 60/150
 - 2097s - loss: 0.0767 - weighted_dice_loss: 0.0767 - val_loss: 0.0816 - val_weighted_dice_loss: 0.0816

Epoch 00060: val_weighted_dice_loss improved from 0.08374 to 0.08155, saving model to ./Unet-weights/4_classes_26040_reals_8960_GANs.h5
Epoch 61/150
 - 2097s - loss: 0.0763 - weighted_dice_loss: 0.0763 - val_loss: 0.9411 - val_weighted_dice_loss: 0.9411

Epoch 00061: val_weighted_dice_loss did not improve from 0.08155
Epoch 62/150
 - 2097s - loss: 0.0759 - weighted_dice_loss: 0.0759 - val_loss: 0.0807 - val_weighted_dice_loss: 0.0807

Epoch 00062: val_weighted_dice_loss improved from 0.08155 to 0.08066, saving model to ./Unet-weights/4_classes_26040_reals_8960_GANs.h5
Epoch 63/150
 - 2096s - loss: 0.0751 - weighted_dice_loss: 0.0751 - val_loss: 0.0803 - val_weighted_dice_loss: 0.0803

Epoch 00063: val_weighted_dice_loss improved from 0.08066 to 0.08026, saving model to ./Unet-weights/4_classes_26040_reals_8960_GANs.h5
Epoch 64/150
 - 2095s - loss: 0.0744 - weighted_dice_loss: 0.0744 - val_loss: 0.5182 - val_weighted_dice_loss: 0.5182

Epoch 00064: val_weighted_dice_loss did not improve from 0.08026
Epoch 65/150
 - 2101s - loss: 0.0742 - weighted_dice_loss: 0.0742 - val_loss: 0.0774 - val_weighted_dice_loss: 0.0774

Epoch 00065: val_weighted_dice_loss improved from 0.08026 to 0.07737, saving model to ./Unet-weights/4_classes_26040_reals_8960_GANs.h5
Epoch 66/150
 - 2097s - loss: 0.0733 - weighted_dice_loss: 0.0733 - val_loss: 0.0799 - val_weighted_dice_loss: 0.0799

Epoch 00066: val_weighted_dice_loss did not improve from 0.07737
Epoch 67/150
 - 2098s - loss: 0.0730 - weighted_dice_loss: 0.0730 - val_loss: 0.0797 - val_weighted_dice_loss: 0.0797

Epoch 00067: val_weighted_dice_loss did not improve from 0.07737
Epoch 68/150
 - 2102s - loss: 0.0725 - weighted_dice_loss: 0.0725 - val_loss: 0.0776 - val_weighted_dice_loss: 0.0776

Epoch 00068: val_weighted_dice_loss did not improve from 0.07737
Epoch 69/150
 - 2103s - loss: 0.0722 - weighted_dice_loss: 0.0722 - val_loss: 0.0769 - val_weighted_dice_loss: 0.0769

Epoch 00069: val_weighted_dice_loss improved from 0.07737 to 0.07689, saving model to ./Unet-weights/4_classes_26040_reals_8960_GANs.h5
Epoch 70/150
 - 2101s - loss: 0.0720 - weighted_dice_loss: 0.0720 - val_loss: 0.0841 - val_weighted_dice_loss: 0.0841

Epoch 00070: val_weighted_dice_loss did not improve from 0.07689
Epoch 71/150
 - 2105s - loss: 0.0714 - weighted_dice_loss: 0.0714 - val_loss: 0.1138 - val_weighted_dice_loss: 0.1138

Epoch 00071: val_weighted_dice_loss did not improve from 0.07689
Epoch 72/150
 - 2102s - loss: 0.0713 - weighted_dice_loss: 0.0713 - val_loss: 0.0782 - val_weighted_dice_loss: 0.0782

Epoch 00072: val_weighted_dice_loss did not improve from 0.07689
Epoch 73/150
 - 2104s - loss: 0.0707 - weighted_dice_loss: 0.0707 - val_loss: 0.0746 - val_weighted_dice_loss: 0.0746

Epoch 00073: val_weighted_dice_loss improved from 0.07689 to 0.07461, saving model to ./Unet-weights/4_classes_26040_reals_8960_GANs.h5
Epoch 74/150
 - 2101s - loss: 0.0703 - weighted_dice_loss: 0.0703 - val_loss: 0.0764 - val_weighted_dice_loss: 0.0764

Epoch 00074: val_weighted_dice_loss did not improve from 0.07461
Epoch 75/150
 - 2102s - loss: 0.0697 - weighted_dice_loss: 0.0697 - val_loss: 0.0779 - val_weighted_dice_loss: 0.0779

Epoch 00075: val_weighted_dice_loss did not improve from 0.07461
Epoch 76/150
 - 2099s - loss: 0.0697 - weighted_dice_loss: 0.0697 - val_loss: 0.0756 - val_weighted_dice_loss: 0.0756

Epoch 00076: val_weighted_dice_loss did not improve from 0.07461
Epoch 77/150
 - 2102s - loss: 0.0690 - weighted_dice_loss: 0.0690 - val_loss: 0.1194 - val_weighted_dice_loss: 0.1194

Epoch 00077: val_weighted_dice_loss did not improve from 0.07461
Epoch 78/150
 - 2098s - loss: 0.0686 - weighted_dice_loss: 0.0686 - val_loss: 0.0765 - val_weighted_dice_loss: 0.0765

Epoch 00078: val_weighted_dice_loss did not improve from 0.07461
Epoch 79/150
 - 2098s - loss: 0.0683 - weighted_dice_loss: 0.0683 - val_loss: 0.0755 - val_weighted_dice_loss: 0.0755

Epoch 00079: val_weighted_dice_loss did not improve from 0.07461
Epoch 80/150
 - 2096s - loss: 0.0677 - weighted_dice_loss: 0.0677 - val_loss: 0.6077 - val_weighted_dice_loss: 0.6077

Epoch 00080: val_weighted_dice_loss did not improve from 0.07461
Epoch 81/150
 - 2096s - loss: 0.0678 - weighted_dice_loss: 0.0678 - val_loss: 0.0764 - val_weighted_dice_loss: 0.0764

Epoch 00081: val_weighted_dice_loss did not improve from 0.07461
Epoch 82/150
 - 2095s - loss: 0.0671 - weighted_dice_loss: 0.0671 - val_loss: 0.0748 - val_weighted_dice_loss: 0.0748

Epoch 00082: val_weighted_dice_loss did not improve from 0.07461
Epoch 83/150
 - 2098s - loss: 0.0671 - weighted_dice_loss: 0.0671 - val_loss: 0.8686 - val_weighted_dice_loss: 0.8686

Epoch 00083: val_weighted_dice_loss did not improve from 0.07461
Epoch 84/150
 - 2098s - loss: 0.0667 - weighted_dice_loss: 0.0667 - val_loss: 0.9559 - val_weighted_dice_loss: 0.9559

Epoch 00084: val_weighted_dice_loss did not improve from 0.07461
Epoch 85/150
 - 2097s - loss: 0.0668 - weighted_dice_loss: 0.0668 - val_loss: 0.0746 - val_weighted_dice_loss: 0.0746

Epoch 00085: val_weighted_dice_loss did not improve from 0.07461
Epoch 86/150
 - 2098s - loss: 0.0659 - weighted_dice_loss: 0.0659 - val_loss: 0.0750 - val_weighted_dice_loss: 0.0750

Epoch 00086: val_weighted_dice_loss did not improve from 0.07461
Epoch 87/150
 - 2096s - loss: 0.0657 - weighted_dice_loss: 0.0657 - val_loss: 0.0743 - val_weighted_dice_loss: 0.0743

Epoch 00087: val_weighted_dice_loss improved from 0.07461 to 0.07425, saving model to ./Unet-weights/4_classes_26040_reals_8960_GANs.h5
Epoch 88/150
 - 2098s - loss: 0.0658 - weighted_dice_loss: 0.0658 - val_loss: 0.0743 - val_weighted_dice_loss: 0.0743

Epoch 00088: val_weighted_dice_loss did not improve from 0.07425
Epoch 89/150
 - 2096s - loss: 0.0655 - weighted_dice_loss: 0.0655 - val_loss: 0.6434 - val_weighted_dice_loss: 0.6434

Epoch 00089: val_weighted_dice_loss did not improve from 0.07425
Epoch 90/150
 - 2098s - loss: 0.0649 - weighted_dice_loss: 0.0649 - val_loss: 0.0742 - val_weighted_dice_loss: 0.0742

Epoch 00090: val_weighted_dice_loss improved from 0.07425 to 0.07419, saving model to ./Unet-weights/4_classes_26040_reals_8960_GANs.h5
Epoch 91/150
 - 2096s - loss: 0.0645 - weighted_dice_loss: 0.0645 - val_loss: 0.5373 - val_weighted_dice_loss: 0.5373

Epoch 00091: val_weighted_dice_loss did not improve from 0.07419
Epoch 92/150
 - 2095s - loss: 0.0643 - weighted_dice_loss: 0.0643 - val_loss: 0.3048 - val_weighted_dice_loss: 0.3048

Epoch 00092: val_weighted_dice_loss did not improve from 0.07419
Epoch 93/150
 - 2095s - loss: 0.0640 - weighted_dice_loss: 0.0640 - val_loss: 0.0760 - val_weighted_dice_loss: 0.0760

Epoch 00093: val_weighted_dice_loss did not improve from 0.07419
Epoch 94/150
 - 2095s - loss: 0.0640 - weighted_dice_loss: 0.0640 - val_loss: 0.0766 - val_weighted_dice_loss: 0.0766

Epoch 00094: val_weighted_dice_loss did not improve from 0.07419
Epoch 95/150
 - 2097s - loss: 0.0637 - weighted_dice_loss: 0.0637 - val_loss: 0.5222 - val_weighted_dice_loss: 0.5222

Epoch 00095: val_weighted_dice_loss did not improve from 0.07419
Epoch 96/150
 - 2098s - loss: 0.0635 - weighted_dice_loss: 0.0635 - val_loss: 0.0720 - val_weighted_dice_loss: 0.0720

Epoch 00096: val_weighted_dice_loss improved from 0.07419 to 0.07196, saving model to ./Unet-weights/4_classes_26040_reals_8960_GANs.h5
Epoch 97/150
 - 2094s - loss: 0.0634 - weighted_dice_loss: 0.0634 - val_loss: 0.2954 - val_weighted_dice_loss: 0.2954

Epoch 00097: val_weighted_dice_loss did not improve from 0.07196
Epoch 98/150
 - 2096s - loss: 0.0629 - weighted_dice_loss: 0.0629 - val_loss: 0.8957 - val_weighted_dice_loss: 0.8957

Epoch 00098: val_weighted_dice_loss did not improve from 0.07196
Epoch 99/150
 - 2094s - loss: 0.0627 - weighted_dice_loss: 0.0627 - val_loss: 0.0726 - val_weighted_dice_loss: 0.0726

Epoch 00099: val_weighted_dice_loss did not improve from 0.07196
Epoch 100/150
 - 2098s - loss: 0.0623 - weighted_dice_loss: 0.0623 - val_loss: 0.1624 - val_weighted_dice_loss: 0.1624

Epoch 00100: val_weighted_dice_loss did not improve from 0.07196
Epoch 101/150
 - 2095s - loss: 0.0617 - weighted_dice_loss: 0.0617 - val_loss: 0.0781 - val_weighted_dice_loss: 0.0781

Epoch 00101: val_weighted_dice_loss did not improve from 0.07196
Epoch 102/150
 - 2094s - loss: 0.0620 - weighted_dice_loss: 0.0620 - val_loss: 0.0727 - val_weighted_dice_loss: 0.0727

Epoch 00102: val_weighted_dice_loss did not improve from 0.07196
Epoch 103/150
 - 2095s - loss: 0.0617 - weighted_dice_loss: 0.0617 - val_loss: 0.0707 - val_weighted_dice_loss: 0.0707

Epoch 00103: val_weighted_dice_loss improved from 0.07196 to 0.07072, saving model to ./Unet-weights/4_classes_26040_reals_8960_GANs.h5
Epoch 104/150
 - 2093s - loss: 0.0614 - weighted_dice_loss: 0.0614 - val_loss: 0.0752 - val_weighted_dice_loss: 0.0752

Epoch 00104: val_weighted_dice_loss did not improve from 0.07072
Epoch 105/150
 - 2096s - loss: 0.0613 - weighted_dice_loss: 0.0613 - val_loss: 0.1184 - val_weighted_dice_loss: 0.1184

Epoch 00105: val_weighted_dice_loss did not improve from 0.07072
Epoch 106/150
 - 2096s - loss: 0.0611 - weighted_dice_loss: 0.0611 - val_loss: 0.1359 - val_weighted_dice_loss: 0.1359

Epoch 00106: val_weighted_dice_loss did not improve from 0.07072
Epoch 107/150
 - 2093s - loss: 0.0609 - weighted_dice_loss: 0.0609 - val_loss: 0.5597 - val_weighted_dice_loss: 0.5597

Epoch 00107: val_weighted_dice_loss did not improve from 0.07072
Epoch 108/150
 - 2093s - loss: 0.0605 - weighted_dice_loss: 0.0605 - val_loss: 0.0797 - val_weighted_dice_loss: 0.0797

Epoch 00108: val_weighted_dice_loss did not improve from 0.07072
Epoch 109/150
 - 2091s - loss: 0.0605 - weighted_dice_loss: 0.0605 - val_loss: 0.0737 - val_weighted_dice_loss: 0.0737

Epoch 00109: val_weighted_dice_loss did not improve from 0.07072
Epoch 110/150
 - 2091s - loss: 0.0600 - weighted_dice_loss: 0.0600 - val_loss: 0.0706 - val_weighted_dice_loss: 0.0706

Epoch 00110: val_weighted_dice_loss improved from 0.07072 to 0.07065, saving model to ./Unet-weights/4_classes_26040_reals_8960_GANs.h5
Epoch 111/150
 - 2093s - loss: 0.0602 - weighted_dice_loss: 0.0602 - val_loss: 0.0781 - val_weighted_dice_loss: 0.0781

Epoch 00111: val_weighted_dice_loss did not improve from 0.07065
Epoch 112/150
 - 2098s - loss: 0.0600 - weighted_dice_loss: 0.0600 - val_loss: 0.0838 - val_weighted_dice_loss: 0.0838

Epoch 00112: val_weighted_dice_loss did not improve from 0.07065
Epoch 113/150
 - 2097s - loss: 0.0593 - weighted_dice_loss: 0.0593 - val_loss: 0.0703 - val_weighted_dice_loss: 0.0703

Epoch 00113: val_weighted_dice_loss improved from 0.07065 to 0.07027, saving model to ./Unet-weights/4_classes_26040_reals_8960_GANs.h5
Epoch 114/150
 - 2097s - loss: 0.0596 - weighted_dice_loss: 0.0596 - val_loss: 0.1757 - val_weighted_dice_loss: 0.1757

Epoch 00114: val_weighted_dice_loss did not improve from 0.07027
Epoch 115/150
 - 2098s - loss: 0.0589 - weighted_dice_loss: 0.0589 - val_loss: 0.3824 - val_weighted_dice_loss: 0.3824

Epoch 00115: val_weighted_dice_loss did not improve from 0.07027
Epoch 116/150
 - 2092s - loss: 0.0591 - weighted_dice_loss: 0.0591 - val_loss: 0.0714 - val_weighted_dice_loss: 0.0714

Epoch 00116: val_weighted_dice_loss did not improve from 0.07027
Epoch 117/150
 - 2092s - loss: 0.0589 - weighted_dice_loss: 0.0589 - val_loss: 0.0721 - val_weighted_dice_loss: 0.0721

Epoch 00117: val_weighted_dice_loss did not improve from 0.07027
Epoch 118/150
 - 2093s - loss: 0.0584 - weighted_dice_loss: 0.0584 - val_loss: 0.0689 - val_weighted_dice_loss: 0.0689

Epoch 00118: val_weighted_dice_loss improved from 0.07027 to 0.06889, saving model to ./Unet-weights/4_classes_26040_reals_8960_GANs.h5
Epoch 119/150
 - 2090s - loss: 0.0586 - weighted_dice_loss: 0.0586 - val_loss: 0.0705 - val_weighted_dice_loss: 0.0705

Epoch 00119: val_weighted_dice_loss did not improve from 0.06889
Epoch 120/150
 - 2093s - loss: 0.0583 - weighted_dice_loss: 0.0583 - val_loss: 0.0728 - val_weighted_dice_loss: 0.0728

Epoch 00120: val_weighted_dice_loss did not improve from 0.06889
Epoch 121/150
 - 2088s - loss: 0.0579 - weighted_dice_loss: 0.0579 - val_loss: 0.2713 - val_weighted_dice_loss: 0.2713

Epoch 00121: val_weighted_dice_loss did not improve from 0.06889
Epoch 122/150
 - 2090s - loss: 0.0581 - weighted_dice_loss: 0.0581 - val_loss: 0.0697 - val_weighted_dice_loss: 0.0697

Epoch 00122: val_weighted_dice_loss did not improve from 0.06889
Epoch 123/150
 - 2089s - loss: 0.0575 - weighted_dice_loss: 0.0575 - val_loss: 0.0707 - val_weighted_dice_loss: 0.0707

Epoch 00123: val_weighted_dice_loss did not improve from 0.06889
Epoch 124/150
 - 2090s - loss: 0.0576 - weighted_dice_loss: 0.0576 - val_loss: 0.1567 - val_weighted_dice_loss: 0.1567

Epoch 00124: val_weighted_dice_loss did not improve from 0.06889
Epoch 125/150
 - 2094s - loss: 0.0575 - weighted_dice_loss: 0.0575 - val_loss: 0.0715 - val_weighted_dice_loss: 0.0715

Epoch 00125: val_weighted_dice_loss did not improve from 0.06889
Epoch 126/150
 - 2092s - loss: 0.0572 - weighted_dice_loss: 0.0572 - val_loss: 0.0696 - val_weighted_dice_loss: 0.0696

Epoch 00126: val_weighted_dice_loss did not improve from 0.06889
Epoch 127/150
 - 2091s - loss: 0.0570 - weighted_dice_loss: 0.0570 - val_loss: 0.0700 - val_weighted_dice_loss: 0.0700

Epoch 00127: val_weighted_dice_loss did not improve from 0.06889
Epoch 128/150
 - 2091s - loss: 0.0572 - weighted_dice_loss: 0.0572 - val_loss: 0.0689 - val_weighted_dice_loss: 0.0689

Epoch 00128: val_weighted_dice_loss improved from 0.06889 to 0.06885, saving model to ./Unet-weights/4_classes_26040_reals_8960_GANs.h5
Epoch 129/150
 - 2090s - loss: 0.0571 - weighted_dice_loss: 0.0571 - val_loss: 0.0696 - val_weighted_dice_loss: 0.0696

Epoch 00129: val_weighted_dice_loss did not improve from 0.06885
Epoch 130/150
 - 2087s - loss: 0.0566 - weighted_dice_loss: 0.0566 - val_loss: 0.8801 - val_weighted_dice_loss: 0.8801

Epoch 00130: val_weighted_dice_loss did not improve from 0.06885
Epoch 131/150
 - 2089s - loss: 0.0565 - weighted_dice_loss: 0.0565 - val_loss: 0.0715 - val_weighted_dice_loss: 0.0715

Epoch 00131: val_weighted_dice_loss did not improve from 0.06885
Epoch 132/150
 - 2088s - loss: 0.0559 - weighted_dice_loss: 0.0559 - val_loss: 0.5267 - val_weighted_dice_loss: 0.5267

Epoch 00132: val_weighted_dice_loss did not improve from 0.06885
Epoch 133/150
 - 2089s - loss: 0.0559 - weighted_dice_loss: 0.0559 - val_loss: 0.2348 - val_weighted_dice_loss: 0.2348

Epoch 00133: val_weighted_dice_loss did not improve from 0.06885
Epoch 134/150
 - 2088s - loss: 0.0558 - weighted_dice_loss: 0.0558 - val_loss: 0.3635 - val_weighted_dice_loss: 0.3635

Epoch 00134: val_weighted_dice_loss did not improve from 0.06885
Epoch 135/150
 - 2086s - loss: 0.0556 - weighted_dice_loss: 0.0556 - val_loss: 0.0706 - val_weighted_dice_loss: 0.0706

Epoch 00135: val_weighted_dice_loss did not improve from 0.06885
Epoch 136/150
 - 2089s - loss: 0.0555 - weighted_dice_loss: 0.0555 - val_loss: 0.2991 - val_weighted_dice_loss: 0.2991

Epoch 00136: val_weighted_dice_loss did not improve from 0.06885
Epoch 137/150
 - 2089s - loss: 0.0552 - weighted_dice_loss: 0.0552 - val_loss: 0.2396 - val_weighted_dice_loss: 0.2396

Epoch 00137: val_weighted_dice_loss did not improve from 0.06885
Epoch 138/150
 - 2087s - loss: 0.0552 - weighted_dice_loss: 0.0552 - val_loss: 0.0739 - val_weighted_dice_loss: 0.0739

Epoch 00138: val_weighted_dice_loss did not improve from 0.06885
Epoch 139/150
 - 2088s - loss: 0.0554 - weighted_dice_loss: 0.0554 - val_loss: 0.0704 - val_weighted_dice_loss: 0.0704

Epoch 00139: val_weighted_dice_loss did not improve from 0.06885
Epoch 140/150
 - 2088s - loss: 0.0550 - weighted_dice_loss: 0.0550 - val_loss: 0.2965 - val_weighted_dice_loss: 0.2965

Epoch 00140: val_weighted_dice_loss did not improve from 0.06885
Epoch 141/150
 - 2087s - loss: 0.0550 - weighted_dice_loss: 0.0550 - val_loss: 0.1480 - val_weighted_dice_loss: 0.1480

Epoch 00141: val_weighted_dice_loss did not improve from 0.06885
Epoch 142/150
 - 2086s - loss: 0.0547 - weighted_dice_loss: 0.0547 - val_loss: 0.0689 - val_weighted_dice_loss: 0.0689

Epoch 00142: val_weighted_dice_loss did not improve from 0.06885
Epoch 143/150
 - 2086s - loss: 0.0545 - weighted_dice_loss: 0.0545 - val_loss: 0.0699 - val_weighted_dice_loss: 0.0699

Epoch 00143: val_weighted_dice_loss did not improve from 0.06885
Epoch 144/150
 - 2085s - loss: 0.0546 - weighted_dice_loss: 0.0546 - val_loss: 0.0720 - val_weighted_dice_loss: 0.0720

Epoch 00144: val_weighted_dice_loss did not improve from 0.06885
Epoch 145/150
 - 2086s - loss: 0.0547 - weighted_dice_loss: 0.0547 - val_loss: 0.6685 - val_weighted_dice_loss: 0.6685

Epoch 00145: val_weighted_dice_loss did not improve from 0.06885
Epoch 146/150
 - 2086s - loss: 0.0543 - weighted_dice_loss: 0.0543 - val_loss: 0.2501 - val_weighted_dice_loss: 0.2501

Epoch 00146: val_weighted_dice_loss did not improve from 0.06885
Epoch 147/150
 - 2087s - loss: 0.0540 - weighted_dice_loss: 0.0540 - val_loss: 0.1626 - val_weighted_dice_loss: 0.1626

Epoch 00147: val_weighted_dice_loss did not improve from 0.06885
Epoch 148/150
 - 2086s - loss: 0.0539 - weighted_dice_loss: 0.0539 - val_loss: 0.0769 - val_weighted_dice_loss: 0.0769

Epoch 00148: val_weighted_dice_loss did not improve from 0.06885
Epoch 149/150
 - 2087s - loss: 0.0539 - weighted_dice_loss: 0.0539 - val_loss: 0.0672 - val_weighted_dice_loss: 0.0672

Epoch 00149: val_weighted_dice_loss improved from 0.06885 to 0.06723, saving model to ./Unet-weights/4_classes_26040_reals_8960_GANs.h5
Epoch 150/150
 - 2088s - loss: 0.0538 - weighted_dice_loss: 0.0538 - val_loss: 0.9164 - val_weighted_dice_loss: 0.9164

Epoch 00150: val_weighted_dice_loss did not improve from 0.06723
Finished training.
