nohup: ignoring input
2020-08-25 12:24:57.591566: I tensorflow/core/platform/cpu_feature_guard.cc:142] Your CPU supports instructions that this TensorFlow binary was not compiled to use: SSE4.1 SSE4.2 AVX AVX2 FMA
2020-08-25 12:24:57.613499: I tensorflow/core/platform/profile_utils/cpu_utils.cc:94] CPU Frequency: 3696000000 Hz
2020-08-25 12:24:57.615301: I tensorflow/compiler/xla/service/service.cc:168] XLA service 0x55bcd6ef1d40 executing computations on platform Host. Devices:
2020-08-25 12:24:57.615381: I tensorflow/compiler/xla/service/service.cc:175]   StreamExecutor device (0): <undefined>, <undefined>
2020-08-25 12:24:57.620322: I tensorflow/stream_executor/platform/default/dso_loader.cc:42] Successfully opened dynamic library libcuda.so.1
2020-08-25 12:24:57.815202: I tensorflow/stream_executor/cuda/cuda_gpu_executor.cc:1005] successful NUMA node read from SysFS had negative value (-1), but there must be at least one NUMA node, so returning NUMA node zero
2020-08-25 12:24:57.815581: I tensorflow/core/common_runtime/gpu/gpu_device.cc:1640] Found device 0 with properties: 
name: GeForce RTX 2080 Ti major: 7 minor: 5 memoryClockRate(GHz): 1.575
pciBusID: 0000:01:00.0
2020-08-25 12:24:57.815626: I tensorflow/stream_executor/cuda/cuda_gpu_executor.cc:1005] successful NUMA node read from SysFS had negative value (-1), but there must be at least one NUMA node, so returning NUMA node zero
2020-08-25 12:24:57.815963: I tensorflow/core/common_runtime/gpu/gpu_device.cc:1640] Found device 1 with properties: 
name: GeForce RTX 2080 Ti major: 7 minor: 5 memoryClockRate(GHz): 1.575
pciBusID: 0000:02:00.0
2020-08-25 12:24:57.826305: I tensorflow/stream_executor/platform/default/dso_loader.cc:42] Successfully opened dynamic library libcudart.so.10.1
2020-08-25 12:24:57.990325: I tensorflow/stream_executor/platform/default/dso_loader.cc:42] Successfully opened dynamic library libcublas.so.10
2020-08-25 12:24:58.099079: I tensorflow/stream_executor/platform/default/dso_loader.cc:42] Successfully opened dynamic library libcufft.so.10
2020-08-25 12:24:58.183052: I tensorflow/stream_executor/platform/default/dso_loader.cc:42] Successfully opened dynamic library libcurand.so.10
2020-08-25 12:24:58.358784: I tensorflow/stream_executor/platform/default/dso_loader.cc:42] Successfully opened dynamic library libcusolver.so.10
2020-08-25 12:24:58.436037: I tensorflow/stream_executor/platform/default/dso_loader.cc:42] Successfully opened dynamic library libcusparse.so.10
2020-08-25 12:24:58.790401: I tensorflow/stream_executor/platform/default/dso_loader.cc:42] Successfully opened dynamic library libcudnn.so.7
2020-08-25 12:24:58.790679: I tensorflow/stream_executor/cuda/cuda_gpu_executor.cc:1005] successful NUMA node read from SysFS had negative value (-1), but there must be at least one NUMA node, so returning NUMA node zero
2020-08-25 12:24:58.792069: I tensorflow/stream_executor/cuda/cuda_gpu_executor.cc:1005] successful NUMA node read from SysFS had negative value (-1), but there must be at least one NUMA node, so returning NUMA node zero
2020-08-25 12:24:58.793364: I tensorflow/stream_executor/cuda/cuda_gpu_executor.cc:1005] successful NUMA node read from SysFS had negative value (-1), but there must be at least one NUMA node, so returning NUMA node zero
2020-08-25 12:24:58.794648: I tensorflow/stream_executor/cuda/cuda_gpu_executor.cc:1005] successful NUMA node read from SysFS had negative value (-1), but there must be at least one NUMA node, so returning NUMA node zero
2020-08-25 12:24:58.795846: I tensorflow/core/common_runtime/gpu/gpu_device.cc:1763] Adding visible gpu devices: 0, 1
2020-08-25 12:24:58.795924: I tensorflow/stream_executor/platform/default/dso_loader.cc:42] Successfully opened dynamic library libcudart.so.10.1
2020-08-25 12:24:58.799196: I tensorflow/core/common_runtime/gpu/gpu_device.cc:1181] Device interconnect StreamExecutor with strength 1 edge matrix:
2020-08-25 12:24:58.799233: I tensorflow/core/common_runtime/gpu/gpu_device.cc:1187]      0 1 
2020-08-25 12:24:58.799255: I tensorflow/core/common_runtime/gpu/gpu_device.cc:1200] 0:   N N 
2020-08-25 12:24:58.799282: I tensorflow/core/common_runtime/gpu/gpu_device.cc:1200] 1:   N N 
2020-08-25 12:24:58.799545: I tensorflow/stream_executor/cuda/cuda_gpu_executor.cc:1005] successful NUMA node read from SysFS had negative value (-1), but there must be at least one NUMA node, so returning NUMA node zero
2020-08-25 12:24:58.800845: I tensorflow/stream_executor/cuda/cuda_gpu_executor.cc:1005] successful NUMA node read from SysFS had negative value (-1), but there must be at least one NUMA node, so returning NUMA node zero
2020-08-25 12:24:58.802132: I tensorflow/stream_executor/cuda/cuda_gpu_executor.cc:1005] successful NUMA node read from SysFS had negative value (-1), but there must be at least one NUMA node, so returning NUMA node zero
2020-08-25 12:24:58.803426: I tensorflow/stream_executor/cuda/cuda_gpu_executor.cc:1005] successful NUMA node read from SysFS had negative value (-1), but there must be at least one NUMA node, so returning NUMA node zero
2020-08-25 12:24:58.804673: I tensorflow/core/common_runtime/gpu/gpu_device.cc:1326] Created TensorFlow device (/job:localhost/replica:0/task:0/device:GPU:0 with 10248 MB memory) -> physical GPU (device: 0, name: GeForce RTX 2080 Ti, pci bus id: 0000:01:00.0, compute capability: 7.5)
2020-08-25 12:24:58.805497: I tensorflow/stream_executor/cuda/cuda_gpu_executor.cc:1005] successful NUMA node read from SysFS had negative value (-1), but there must be at least one NUMA node, so returning NUMA node zero
2020-08-25 12:24:58.806815: I tensorflow/stream_executor/cuda/cuda_gpu_executor.cc:1005] successful NUMA node read from SysFS had negative value (-1), but there must be at least one NUMA node, so returning NUMA node zero
2020-08-25 12:24:58.808025: I tensorflow/core/common_runtime/gpu/gpu_device.cc:1326] Created TensorFlow device (/job:localhost/replica:0/task:0/device:GPU:1 with 10319 MB memory) -> physical GPU (device: 1, name: GeForce RTX 2080 Ti, pci bus id: 0000:02:00.0, compute capability: 7.5)
2020-08-25 12:24:58.812528: I tensorflow/compiler/xla/service/service.cc:168] XLA service 0x55bcd8270190 executing computations on platform CUDA. Devices:
2020-08-25 12:24:58.812575: I tensorflow/compiler/xla/service/service.cc:175]   StreamExecutor device (0): GeForce RTX 2080 Ti, Compute Capability 7.5
2020-08-25 12:24:58.812593: I tensorflow/compiler/xla/service/service.cc:175]   StreamExecutor device (1): GeForce RTX 2080 Ti, Compute Capability 7.5
/home/mehfo331/.conda/envs/thesis/lib/python3.6/site-packages/tensorflow/python/framework/dtypes.py:516: FutureWarning: Passing (type, 1) or '1type' as a synonym of type is deprecated; in a future version of numpy, it will be understood as (type, (1,)) / '(1,)type'.
  _np_qint8 = np.dtype([("qint8", np.int8, 1)])
/home/mehfo331/.conda/envs/thesis/lib/python3.6/site-packages/tensorflow/python/framework/dtypes.py:517: FutureWarning: Passing (type, 1) or '1type' as a synonym of type is deprecated; in a future version of numpy, it will be understood as (type, (1,)) / '(1,)type'.
  _np_quint8 = np.dtype([("quint8", np.uint8, 1)])
/home/mehfo331/.conda/envs/thesis/lib/python3.6/site-packages/tensorflow/python/framework/dtypes.py:518: FutureWarning: Passing (type, 1) or '1type' as a synonym of type is deprecated; in a future version of numpy, it will be understood as (type, (1,)) / '(1,)type'.
  _np_qint16 = np.dtype([("qint16", np.int16, 1)])
/home/mehfo331/.conda/envs/thesis/lib/python3.6/site-packages/tensorflow/python/framework/dtypes.py:519: FutureWarning: Passing (type, 1) or '1type' as a synonym of type is deprecated; in a future version of numpy, it will be understood as (type, (1,)) / '(1,)type'.
  _np_quint16 = np.dtype([("quint16", np.uint16, 1)])
/home/mehfo331/.conda/envs/thesis/lib/python3.6/site-packages/tensorflow/python/framework/dtypes.py:520: FutureWarning: Passing (type, 1) or '1type' as a synonym of type is deprecated; in a future version of numpy, it will be understood as (type, (1,)) / '(1,)type'.
  _np_qint32 = np.dtype([("qint32", np.int32, 1)])
/home/mehfo331/.conda/envs/thesis/lib/python3.6/site-packages/tensorflow/python/framework/dtypes.py:525: FutureWarning: Passing (type, 1) or '1type' as a synonym of type is deprecated; in a future version of numpy, it will be understood as (type, (1,)) / '(1,)type'.
  np_resource = np.dtype([("resource", np.ubyte, 1)])
/home/mehfo331/.conda/envs/thesis/lib/python3.6/site-packages/tensorboard/compat/tensorflow_stub/dtypes.py:541: FutureWarning: Passing (type, 1) or '1type' as a synonym of type is deprecated; in a future version of numpy, it will be understood as (type, (1,)) / '(1,)type'.
  _np_qint8 = np.dtype([("qint8", np.int8, 1)])
/home/mehfo331/.conda/envs/thesis/lib/python3.6/site-packages/tensorboard/compat/tensorflow_stub/dtypes.py:542: FutureWarning: Passing (type, 1) or '1type' as a synonym of type is deprecated; in a future version of numpy, it will be understood as (type, (1,)) / '(1,)type'.
  _np_quint8 = np.dtype([("quint8", np.uint8, 1)])
/home/mehfo331/.conda/envs/thesis/lib/python3.6/site-packages/tensorboard/compat/tensorflow_stub/dtypes.py:543: FutureWarning: Passing (type, 1) or '1type' as a synonym of type is deprecated; in a future version of numpy, it will be understood as (type, (1,)) / '(1,)type'.
  _np_qint16 = np.dtype([("qint16", np.int16, 1)])
/home/mehfo331/.conda/envs/thesis/lib/python3.6/site-packages/tensorboard/compat/tensorflow_stub/dtypes.py:544: FutureWarning: Passing (type, 1) or '1type' as a synonym of type is deprecated; in a future version of numpy, it will be understood as (type, (1,)) / '(1,)type'.
  _np_quint16 = np.dtype([("quint16", np.uint16, 1)])
/home/mehfo331/.conda/envs/thesis/lib/python3.6/site-packages/tensorboard/compat/tensorflow_stub/dtypes.py:545: FutureWarning: Passing (type, 1) or '1type' as a synonym of type is deprecated; in a future version of numpy, it will be understood as (type, (1,)) / '(1,)type'.
  _np_qint32 = np.dtype([("qint32", np.int32, 1)])
/home/mehfo331/.conda/envs/thesis/lib/python3.6/site-packages/tensorboard/compat/tensorflow_stub/dtypes.py:550: FutureWarning: Passing (type, 1) or '1type' as a synonym of type is deprecated; in a future version of numpy, it will be understood as (type, (1,)) / '(1,)type'.
  np_resource = np.dtype([("resource", np.ubyte, 1)])
Using TensorFlow backend.
WARNING:tensorflow:From segmentation.py:20: The name tf.keras.backend.set_session is deprecated. Please use tf.compat.v1.keras.backend.set_session instead.

WARNING:tensorflow:From segmentation.py:33: The name tf.ConfigProto is deprecated. Please use tf.compat.v1.ConfigProto instead.

WARNING:tensorflow:From segmentation.py:35: The name tf.Session is deprecated. Please use tf.compat.v1.Session instead.

2020-08-25 12:24:58.815087: I tensorflow/stream_executor/cuda/cuda_gpu_executor.cc:1005] successful NUMA node read from SysFS had negative value (-1), but there must be at least one NUMA node, so returning NUMA node zero
2020-08-25 12:24:58.816326: I tensorflow/core/common_runtime/gpu/gpu_device.cc:1640] Found device 0 with properties: 
name: GeForce RTX 2080 Ti major: 7 minor: 5 memoryClockRate(GHz): 1.575
pciBusID: 0000:01:00.0
2020-08-25 12:24:58.816465: I tensorflow/stream_executor/cuda/cuda_gpu_executor.cc:1005] successful NUMA node read from SysFS had negative value (-1), but there must be at least one NUMA node, so returning NUMA node zero
2020-08-25 12:24:58.817665: I tensorflow/core/common_runtime/gpu/gpu_device.cc:1640] Found device 1 with properties: 
name: GeForce RTX 2080 Ti major: 7 minor: 5 memoryClockRate(GHz): 1.575
pciBusID: 0000:02:00.0
2020-08-25 12:24:58.817728: I tensorflow/stream_executor/platform/default/dso_loader.cc:42] Successfully opened dynamic library libcudart.so.10.1
2020-08-25 12:24:58.817761: I tensorflow/stream_executor/platform/default/dso_loader.cc:42] Successfully opened dynamic library libcublas.so.10
2020-08-25 12:24:58.817790: I tensorflow/stream_executor/platform/default/dso_loader.cc:42] Successfully opened dynamic library libcufft.so.10
2020-08-25 12:24:58.817818: I tensorflow/stream_executor/platform/default/dso_loader.cc:42] Successfully opened dynamic library libcurand.so.10
2020-08-25 12:24:58.817858: I tensorflow/stream_executor/platform/default/dso_loader.cc:42] Successfully opened dynamic library libcusolver.so.10
2020-08-25 12:24:58.817888: I tensorflow/stream_executor/platform/default/dso_loader.cc:42] Successfully opened dynamic library libcusparse.so.10
2020-08-25 12:24:58.817917: I tensorflow/stream_executor/platform/default/dso_loader.cc:42] Successfully opened dynamic library libcudnn.so.7
2020-08-25 12:24:58.818032: I tensorflow/stream_executor/cuda/cuda_gpu_executor.cc:1005] successful NUMA node read from SysFS had negative value (-1), but there must be at least one NUMA node, so returning NUMA node zero
2020-08-25 12:24:58.819314: I tensorflow/stream_executor/cuda/cuda_gpu_executor.cc:1005] successful NUMA node read from SysFS had negative value (-1), but there must be at least one NUMA node, so returning NUMA node zero
2020-08-25 12:24:58.820589: I tensorflow/stream_executor/cuda/cuda_gpu_executor.cc:1005] successful NUMA node read from SysFS had negative value (-1), but there must be at least one NUMA node, so returning NUMA node zero
2020-08-25 12:24:58.821831: I tensorflow/stream_executor/cuda/cuda_gpu_executor.cc:1005] successful NUMA node read from SysFS had negative value (-1), but there must be at least one NUMA node, so returning NUMA node zero
2020-08-25 12:24:58.822721: I tensorflow/core/common_runtime/gpu/gpu_device.cc:1763] Adding visible gpu devices: 0, 1
2020-08-25 12:24:58.822771: I tensorflow/core/common_runtime/gpu/gpu_device.cc:1181] Device interconnect StreamExecutor with strength 1 edge matrix:
2020-08-25 12:24:58.822786: I tensorflow/core/common_runtime/gpu/gpu_device.cc:1187]      0 1 
2020-08-25 12:24:58.822797: I tensorflow/core/common_runtime/gpu/gpu_device.cc:1200] 0:   N N 
2020-08-25 12:24:58.822807: I tensorflow/core/common_runtime/gpu/gpu_device.cc:1200] 1:   N N 
2020-08-25 12:24:58.822963: I tensorflow/stream_executor/cuda/cuda_gpu_executor.cc:1005] successful NUMA node read from SysFS had negative value (-1), but there must be at least one NUMA node, so returning NUMA node zero
2020-08-25 12:24:58.823928: I tensorflow/stream_executor/cuda/cuda_gpu_executor.cc:1005] successful NUMA node read from SysFS had negative value (-1), but there must be at least one NUMA node, so returning NUMA node zero
2020-08-25 12:24:58.824894: I tensorflow/stream_executor/cuda/cuda_gpu_executor.cc:1005] successful NUMA node read from SysFS had negative value (-1), but there must be at least one NUMA node, so returning NUMA node zero
2020-08-25 12:24:58.825801: I tensorflow/core/common_runtime/gpu/gpu_device.cc:1326] Created TensorFlow device (/job:localhost/replica:0/task:0/device:GPU:0 with 10248 MB memory) -> physical GPU (device: 0, name: GeForce RTX 2080 Ti, pci bus id: 0000:01:00.0, compute capability: 7.5)
2020-08-25 12:24:58.825904: I tensorflow/stream_executor/cuda/cuda_gpu_executor.cc:1005] successful NUMA node read from SysFS had negative value (-1), but there must be at least one NUMA node, so returning NUMA node zero
2020-08-25 12:24:58.826794: I tensorflow/core/common_runtime/gpu/gpu_device.cc:1326] Created TensorFlow device (/job:localhost/replica:0/task:0/device:GPU:1 with 10319 MB memory) -> physical GPU (device: 1, name: GeForce RTX 2080 Ti, pci bus id: 0000:02:00.0, compute capability: 7.5)
WARNING:tensorflow:From /home/mehfo331/.conda/envs/thesis/lib/python3.6/site-packages/keras/backend/tensorflow_backend.py:74: The name tf.get_default_graph is deprecated. Please use tf.compat.v1.get_default_graph instead.

WARNING:tensorflow:From /home/mehfo331/.conda/envs/thesis/lib/python3.6/site-packages/keras/backend/tensorflow_backend.py:517: The name tf.placeholder is deprecated. Please use tf.compat.v1.placeholder instead.

WARNING:tensorflow:From /home/mehfo331/.conda/envs/thesis/lib/python3.6/site-packages/keras/backend/tensorflow_backend.py:4185: The name tf.truncated_normal is deprecated. Please use tf.random.truncated_normal instead.

WARNING:tensorflow:From /home/mehfo331/.conda/envs/thesis/lib/python3.6/site-packages/keras/backend/tensorflow_backend.py:1834: The name tf.nn.fused_batch_norm is deprecated. Please use tf.compat.v1.nn.fused_batch_norm instead.

WARNING:tensorflow:From /home/mehfo331/.conda/envs/thesis/lib/python3.6/site-packages/keras/backend/tensorflow_backend.py:3976: The name tf.nn.max_pool is deprecated. Please use tf.nn.max_pool2d instead.

WARNING:tensorflow:From /home/mehfo331/.conda/envs/thesis/lib/python3.6/site-packages/keras/optimizers.py:790: The name tf.train.Optimizer is deprecated. Please use tf.compat.v1.train.Optimizer instead.

2020-08-25 12:31:01.476383: I tensorflow/stream_executor/platform/default/dso_loader.cc:42] Successfully opened dynamic library libcudnn.so.7

Reading data...
Finished reading data.

Reading data...
Finished reading data.

Training 4 classes with 26040 images (5208 real and 20832 GAN images):

Epoch 1/150
 - 871s - loss: 0.4507 - weighted_dice_loss: 0.4507 - val_loss: 0.5030 - val_weighted_dice_loss: 0.5030

Epoch 00001: val_weighted_dice_loss improved from inf to 0.50296, saving model to ./Unet-weights/4_classes_5208_reals_20832_GANs.h5
Epoch 2/150
 - 843s - loss: 0.2803 - weighted_dice_loss: 0.2803 - val_loss: 0.2652 - val_weighted_dice_loss: 0.2652

Epoch 00002: val_weighted_dice_loss improved from 0.50296 to 0.26518, saving model to ./Unet-weights/4_classes_5208_reals_20832_GANs.h5
Epoch 3/150
 - 847s - loss: 0.2537 - weighted_dice_loss: 0.2537 - val_loss: 0.2694 - val_weighted_dice_loss: 0.2694

Epoch 00003: val_weighted_dice_loss did not improve from 0.26518
Epoch 4/150
 - 847s - loss: 0.2376 - weighted_dice_loss: 0.2376 - val_loss: 0.2619 - val_weighted_dice_loss: 0.2619

Epoch 00004: val_weighted_dice_loss improved from 0.26518 to 0.26188, saving model to ./Unet-weights/4_classes_5208_reals_20832_GANs.h5
Epoch 5/150
 - 848s - loss: 0.2257 - weighted_dice_loss: 0.2257 - val_loss: 0.2430 - val_weighted_dice_loss: 0.2430

Epoch 00005: val_weighted_dice_loss improved from 0.26188 to 0.24297, saving model to ./Unet-weights/4_classes_5208_reals_20832_GANs.h5
Epoch 6/150
 - 848s - loss: 0.2190 - weighted_dice_loss: 0.2190 - val_loss: 0.3417 - val_weighted_dice_loss: 0.3417

Epoch 00006: val_weighted_dice_loss did not improve from 0.24297
Epoch 7/150
 - 848s - loss: 0.2110 - weighted_dice_loss: 0.2110 - val_loss: 0.2171 - val_weighted_dice_loss: 0.2171

Epoch 00007: val_weighted_dice_loss improved from 0.24297 to 0.21709, saving model to ./Unet-weights/4_classes_5208_reals_20832_GANs.h5
Epoch 8/150
 - 847s - loss: 0.2044 - weighted_dice_loss: 0.2044 - val_loss: 0.2201 - val_weighted_dice_loss: 0.2201

Epoch 00008: val_weighted_dice_loss did not improve from 0.21709
Epoch 9/150
 - 848s - loss: 0.1989 - weighted_dice_loss: 0.1989 - val_loss: 0.2679 - val_weighted_dice_loss: 0.2679

Epoch 00009: val_weighted_dice_loss did not improve from 0.21709
Epoch 10/150
 - 848s - loss: 0.1929 - weighted_dice_loss: 0.1929 - val_loss: 0.2066 - val_weighted_dice_loss: 0.2066

Epoch 00010: val_weighted_dice_loss improved from 0.21709 to 0.20656, saving model to ./Unet-weights/4_classes_5208_reals_20832_GANs.h5
Epoch 11/150
 - 848s - loss: 0.1884 - weighted_dice_loss: 0.1884 - val_loss: 0.2106 - val_weighted_dice_loss: 0.2106

Epoch 00011: val_weighted_dice_loss did not improve from 0.20656
Epoch 12/150
 - 850s - loss: 0.1843 - weighted_dice_loss: 0.1843 - val_loss: 0.1905 - val_weighted_dice_loss: 0.1905

Epoch 00012: val_weighted_dice_loss improved from 0.20656 to 0.19054, saving model to ./Unet-weights/4_classes_5208_reals_20832_GANs.h5
Epoch 13/150
 - 849s - loss: 0.1795 - weighted_dice_loss: 0.1795 - val_loss: 0.2178 - val_weighted_dice_loss: 0.2178

Epoch 00013: val_weighted_dice_loss did not improve from 0.19054
Epoch 14/150
 - 849s - loss: 0.1735 - weighted_dice_loss: 0.1735 - val_loss: 0.1825 - val_weighted_dice_loss: 0.1825

Epoch 00014: val_weighted_dice_loss improved from 0.19054 to 0.18248, saving model to ./Unet-weights/4_classes_5208_reals_20832_GANs.h5
Epoch 15/150
 - 848s - loss: 0.1706 - weighted_dice_loss: 0.1706 - val_loss: 0.1891 - val_weighted_dice_loss: 0.1891

Epoch 00015: val_weighted_dice_loss did not improve from 0.18248
Epoch 16/150
 - 848s - loss: 0.1679 - weighted_dice_loss: 0.1679 - val_loss: 0.2371 - val_weighted_dice_loss: 0.2371

Epoch 00016: val_weighted_dice_loss did not improve from 0.18248
Epoch 17/150
 - 848s - loss: 0.1650 - weighted_dice_loss: 0.1650 - val_loss: 0.1899 - val_weighted_dice_loss: 0.1899

Epoch 00017: val_weighted_dice_loss did not improve from 0.18248
Epoch 18/150
 - 849s - loss: 0.1612 - weighted_dice_loss: 0.1612 - val_loss: 0.1957 - val_weighted_dice_loss: 0.1957

Epoch 00018: val_weighted_dice_loss did not improve from 0.18248
Epoch 19/150
 - 848s - loss: 0.1590 - weighted_dice_loss: 0.1590 - val_loss: 0.2678 - val_weighted_dice_loss: 0.2678

Epoch 00019: val_weighted_dice_loss did not improve from 0.18248
Epoch 20/150
 - 848s - loss: 0.1567 - weighted_dice_loss: 0.1567 - val_loss: 0.1790 - val_weighted_dice_loss: 0.1790

Epoch 00020: val_weighted_dice_loss improved from 0.18248 to 0.17904, saving model to ./Unet-weights/4_classes_5208_reals_20832_GANs.h5
Epoch 21/150
 - 848s - loss: 0.1548 - weighted_dice_loss: 0.1548 - val_loss: 0.1646 - val_weighted_dice_loss: 0.1646

Epoch 00021: val_weighted_dice_loss improved from 0.17904 to 0.16464, saving model to ./Unet-weights/4_classes_5208_reals_20832_GANs.h5
Epoch 22/150
 - 850s - loss: 0.1527 - weighted_dice_loss: 0.1527 - val_loss: 0.1722 - val_weighted_dice_loss: 0.1722

Epoch 00022: val_weighted_dice_loss did not improve from 0.16464
Epoch 23/150
 - 850s - loss: 0.1503 - weighted_dice_loss: 0.1503 - val_loss: 0.1811 - val_weighted_dice_loss: 0.1811

Epoch 00023: val_weighted_dice_loss did not improve from 0.16464
Epoch 24/150
 - 851s - loss: 0.1488 - weighted_dice_loss: 0.1488 - val_loss: 0.1660 - val_weighted_dice_loss: 0.1660

Epoch 00024: val_weighted_dice_loss did not improve from 0.16464
Epoch 25/150
 - 851s - loss: 0.1465 - weighted_dice_loss: 0.1465 - val_loss: 0.1888 - val_weighted_dice_loss: 0.1888

Epoch 00025: val_weighted_dice_loss did not improve from 0.16464
Epoch 26/150
 - 851s - loss: 0.1449 - weighted_dice_loss: 0.1449 - val_loss: 0.2352 - val_weighted_dice_loss: 0.2352

Epoch 00026: val_weighted_dice_loss did not improve from 0.16464
Epoch 27/150
 - 850s - loss: 0.1434 - weighted_dice_loss: 0.1434 - val_loss: 0.1582 - val_weighted_dice_loss: 0.1582

Epoch 00027: val_weighted_dice_loss improved from 0.16464 to 0.15817, saving model to ./Unet-weights/4_classes_5208_reals_20832_GANs.h5
Epoch 28/150
 - 850s - loss: 0.1418 - weighted_dice_loss: 0.1418 - val_loss: 0.1554 - val_weighted_dice_loss: 0.1554

Epoch 00028: val_weighted_dice_loss improved from 0.15817 to 0.15540, saving model to ./Unet-weights/4_classes_5208_reals_20832_GANs.h5
Epoch 29/150
 - 851s - loss: 0.1399 - weighted_dice_loss: 0.1399 - val_loss: 0.3061 - val_weighted_dice_loss: 0.3061

Epoch 00029: val_weighted_dice_loss did not improve from 0.15540
Epoch 30/150
 - 850s - loss: 0.1389 - weighted_dice_loss: 0.1389 - val_loss: 0.1524 - val_weighted_dice_loss: 0.1524

Epoch 00030: val_weighted_dice_loss improved from 0.15540 to 0.15240, saving model to ./Unet-weights/4_classes_5208_reals_20832_GANs.h5
Epoch 31/150
 - 851s - loss: 0.1371 - weighted_dice_loss: 0.1371 - val_loss: 0.1576 - val_weighted_dice_loss: 0.1576

Epoch 00031: val_weighted_dice_loss did not improve from 0.15240
Epoch 32/150
 - 850s - loss: 0.1361 - weighted_dice_loss: 0.1361 - val_loss: 0.1543 - val_weighted_dice_loss: 0.1543

Epoch 00032: val_weighted_dice_loss did not improve from 0.15240
Epoch 33/150
 - 850s - loss: 0.1345 - weighted_dice_loss: 0.1345 - val_loss: 0.1844 - val_weighted_dice_loss: 0.1844

Epoch 00033: val_weighted_dice_loss did not improve from 0.15240
Epoch 34/150
 - 850s - loss: 0.1330 - weighted_dice_loss: 0.1330 - val_loss: 0.1564 - val_weighted_dice_loss: 0.1564

Epoch 00034: val_weighted_dice_loss did not improve from 0.15240
Epoch 35/150
 - 850s - loss: 0.1318 - weighted_dice_loss: 0.1318 - val_loss: 0.1503 - val_weighted_dice_loss: 0.1503

Epoch 00035: val_weighted_dice_loss improved from 0.15240 to 0.15030, saving model to ./Unet-weights/4_classes_5208_reals_20832_GANs.h5
Epoch 36/150
 - 850s - loss: 0.1307 - weighted_dice_loss: 0.1307 - val_loss: 0.1756 - val_weighted_dice_loss: 0.1756

Epoch 00036: val_weighted_dice_loss did not improve from 0.15030
Epoch 37/150
 - 850s - loss: 0.1293 - weighted_dice_loss: 0.1293 - val_loss: 0.1451 - val_weighted_dice_loss: 0.1451

Epoch 00037: val_weighted_dice_loss improved from 0.15030 to 0.14510, saving model to ./Unet-weights/4_classes_5208_reals_20832_GANs.h5
Epoch 38/150
 - 850s - loss: 0.1288 - weighted_dice_loss: 0.1288 - val_loss: 0.1617 - val_weighted_dice_loss: 0.1617

Epoch 00038: val_weighted_dice_loss did not improve from 0.14510
Epoch 39/150
 - 850s - loss: 0.1274 - weighted_dice_loss: 0.1274 - val_loss: 0.1532 - val_weighted_dice_loss: 0.1532

Epoch 00039: val_weighted_dice_loss did not improve from 0.14510
Epoch 40/150
 - 849s - loss: 0.1259 - weighted_dice_loss: 0.1259 - val_loss: 0.1436 - val_weighted_dice_loss: 0.1436

Epoch 00040: val_weighted_dice_loss improved from 0.14510 to 0.14357, saving model to ./Unet-weights/4_classes_5208_reals_20832_GANs.h5
Epoch 41/150
 - 849s - loss: 0.1246 - weighted_dice_loss: 0.1246 - val_loss: 0.1435 - val_weighted_dice_loss: 0.1435

Epoch 00041: val_weighted_dice_loss improved from 0.14357 to 0.14351, saving model to ./Unet-weights/4_classes_5208_reals_20832_GANs.h5
Epoch 42/150
 - 850s - loss: 0.1241 - weighted_dice_loss: 0.1241 - val_loss: 0.1611 - val_weighted_dice_loss: 0.1611

Epoch 00042: val_weighted_dice_loss did not improve from 0.14351
Epoch 43/150
 - 850s - loss: 0.1228 - weighted_dice_loss: 0.1228 - val_loss: 0.1593 - val_weighted_dice_loss: 0.1593

Epoch 00043: val_weighted_dice_loss did not improve from 0.14351
Epoch 44/150
 - 850s - loss: 0.1227 - weighted_dice_loss: 0.1227 - val_loss: 0.1343 - val_weighted_dice_loss: 0.1343

Epoch 00044: val_weighted_dice_loss improved from 0.14351 to 0.13430, saving model to ./Unet-weights/4_classes_5208_reals_20832_GANs.h5
Epoch 45/150
 - 850s - loss: 0.1213 - weighted_dice_loss: 0.1213 - val_loss: 0.1784 - val_weighted_dice_loss: 0.1784

Epoch 00045: val_weighted_dice_loss did not improve from 0.13430
Epoch 46/150
 - 850s - loss: 0.1202 - weighted_dice_loss: 0.1202 - val_loss: 0.1393 - val_weighted_dice_loss: 0.1393

Epoch 00046: val_weighted_dice_loss did not improve from 0.13430
Epoch 47/150
 - 849s - loss: 0.1190 - weighted_dice_loss: 0.1190 - val_loss: 0.1609 - val_weighted_dice_loss: 0.1609

Epoch 00047: val_weighted_dice_loss did not improve from 0.13430
Epoch 48/150
 - 849s - loss: 0.1183 - weighted_dice_loss: 0.1183 - val_loss: 0.1452 - val_weighted_dice_loss: 0.1452

Epoch 00048: val_weighted_dice_loss did not improve from 0.13430
Epoch 49/150
 - 849s - loss: 0.1175 - weighted_dice_loss: 0.1175 - val_loss: 0.1383 - val_weighted_dice_loss: 0.1383

Epoch 00049: val_weighted_dice_loss did not improve from 0.13430
Epoch 50/150
 - 849s - loss: 0.1167 - weighted_dice_loss: 0.1167 - val_loss: 0.1409 - val_weighted_dice_loss: 0.1409

Epoch 00050: val_weighted_dice_loss did not improve from 0.13430
Epoch 51/150
 - 849s - loss: 0.1155 - weighted_dice_loss: 0.1155 - val_loss: 0.1372 - val_weighted_dice_loss: 0.1372

Epoch 00051: val_weighted_dice_loss did not improve from 0.13430
Epoch 52/150
 - 850s - loss: 0.1153 - weighted_dice_loss: 0.1153 - val_loss: 0.3565 - val_weighted_dice_loss: 0.3565

Epoch 00052: val_weighted_dice_loss did not improve from 0.13430
Epoch 53/150
 - 850s - loss: 0.1145 - weighted_dice_loss: 0.1145 - val_loss: 0.1389 - val_weighted_dice_loss: 0.1389

Epoch 00053: val_weighted_dice_loss did not improve from 0.13430
Epoch 54/150
 - 850s - loss: 0.1127 - weighted_dice_loss: 0.1127 - val_loss: 0.1598 - val_weighted_dice_loss: 0.1598

Epoch 00054: val_weighted_dice_loss did not improve from 0.13430
Epoch 55/150
 - 850s - loss: 0.1126 - weighted_dice_loss: 0.1126 - val_loss: 0.1395 - val_weighted_dice_loss: 0.1395

Epoch 00055: val_weighted_dice_loss did not improve from 0.13430
Epoch 56/150
 - 850s - loss: 0.1112 - weighted_dice_loss: 0.1112 - val_loss: 0.1311 - val_weighted_dice_loss: 0.1311

Epoch 00056: val_weighted_dice_loss improved from 0.13430 to 0.13114, saving model to ./Unet-weights/4_classes_5208_reals_20832_GANs.h5
Epoch 57/150
 - 849s - loss: 0.1102 - weighted_dice_loss: 0.1102 - val_loss: 0.1326 - val_weighted_dice_loss: 0.1326

Epoch 00057: val_weighted_dice_loss did not improve from 0.13114
Epoch 58/150
 - 850s - loss: 0.1100 - weighted_dice_loss: 0.1100 - val_loss: 0.9564 - val_weighted_dice_loss: 0.9564

Epoch 00058: val_weighted_dice_loss did not improve from 0.13114
Epoch 59/150
 - 850s - loss: 0.1097 - weighted_dice_loss: 0.1097 - val_loss: 0.1314 - val_weighted_dice_loss: 0.1314

Epoch 00059: val_weighted_dice_loss did not improve from 0.13114
Epoch 60/150
 - 850s - loss: 0.1082 - weighted_dice_loss: 0.1082 - val_loss: 0.1309 - val_weighted_dice_loss: 0.1309

Epoch 00060: val_weighted_dice_loss improved from 0.13114 to 0.13091, saving model to ./Unet-weights/4_classes_5208_reals_20832_GANs.h5
Epoch 61/150
 - 849s - loss: 0.1079 - weighted_dice_loss: 0.1079 - val_loss: 0.1393 - val_weighted_dice_loss: 0.1393

Epoch 00061: val_weighted_dice_loss did not improve from 0.13091
Epoch 62/150
 - 849s - loss: 0.1077 - weighted_dice_loss: 0.1077 - val_loss: 0.8060 - val_weighted_dice_loss: 0.8060

Epoch 00062: val_weighted_dice_loss did not improve from 0.13091
Epoch 63/150
 - 849s - loss: 0.1063 - weighted_dice_loss: 0.1063 - val_loss: 0.1481 - val_weighted_dice_loss: 0.1481

Epoch 00063: val_weighted_dice_loss did not improve from 0.13091
Epoch 64/150
 - 849s - loss: 0.1055 - weighted_dice_loss: 0.1055 - val_loss: 0.1373 - val_weighted_dice_loss: 0.1373

Epoch 00064: val_weighted_dice_loss did not improve from 0.13091
Epoch 65/150
 - 850s - loss: 0.1055 - weighted_dice_loss: 0.1055 - val_loss: 0.1327 - val_weighted_dice_loss: 0.1327

Epoch 00065: val_weighted_dice_loss did not improve from 0.13091
Epoch 66/150
 - 849s - loss: 0.1043 - weighted_dice_loss: 0.1043 - val_loss: 0.8927 - val_weighted_dice_loss: 0.8927

Epoch 00066: val_weighted_dice_loss did not improve from 0.13091
Epoch 67/150
 - 849s - loss: 0.1040 - weighted_dice_loss: 0.1040 - val_loss: 0.1392 - val_weighted_dice_loss: 0.1392

Epoch 00067: val_weighted_dice_loss did not improve from 0.13091
Epoch 68/150
 - 850s - loss: 0.1031 - weighted_dice_loss: 0.1031 - val_loss: 0.3079 - val_weighted_dice_loss: 0.3079

Epoch 00068: val_weighted_dice_loss did not improve from 0.13091
Epoch 69/150
 - 850s - loss: 0.1025 - weighted_dice_loss: 0.1025 - val_loss: 0.1536 - val_weighted_dice_loss: 0.1536

Epoch 00069: val_weighted_dice_loss did not improve from 0.13091
Epoch 70/150
 - 850s - loss: 0.1020 - weighted_dice_loss: 0.1020 - val_loss: 0.7970 - val_weighted_dice_loss: 0.7970

Epoch 00070: val_weighted_dice_loss did not improve from 0.13091
Epoch 71/150
 - 850s - loss: 0.1017 - weighted_dice_loss: 0.1017 - val_loss: 0.7373 - val_weighted_dice_loss: 0.7373

Epoch 00071: val_weighted_dice_loss did not improve from 0.13091
Epoch 72/150
 - 849s - loss: 0.1008 - weighted_dice_loss: 0.1008 - val_loss: 0.1581 - val_weighted_dice_loss: 0.1581

Epoch 00072: val_weighted_dice_loss did not improve from 0.13091
Epoch 73/150
 - 850s - loss: 0.1002 - weighted_dice_loss: 0.1002 - val_loss: 0.1251 - val_weighted_dice_loss: 0.1251

Epoch 00073: val_weighted_dice_loss improved from 0.13091 to 0.12509, saving model to ./Unet-weights/4_classes_5208_reals_20832_GANs.h5
Epoch 74/150
 - 849s - loss: 0.0998 - weighted_dice_loss: 0.0998 - val_loss: 0.1270 - val_weighted_dice_loss: 0.1270

Epoch 00074: val_weighted_dice_loss did not improve from 0.12509
Epoch 75/150
 - 849s - loss: 0.0995 - weighted_dice_loss: 0.0995 - val_loss: 0.1261 - val_weighted_dice_loss: 0.1261

Epoch 00075: val_weighted_dice_loss did not improve from 0.12509
Epoch 76/150
 - 849s - loss: 0.0985 - weighted_dice_loss: 0.0985 - val_loss: 0.1313 - val_weighted_dice_loss: 0.1313

Epoch 00076: val_weighted_dice_loss did not improve from 0.12509
Epoch 77/150
 - 850s - loss: 0.0973 - weighted_dice_loss: 0.0973 - val_loss: 0.4195 - val_weighted_dice_loss: 0.4195

Epoch 00077: val_weighted_dice_loss did not improve from 0.12509
Epoch 78/150
 - 850s - loss: 0.0973 - weighted_dice_loss: 0.0973 - val_loss: 0.7993 - val_weighted_dice_loss: 0.7993

Epoch 00078: val_weighted_dice_loss did not improve from 0.12509
Epoch 79/150
 - 850s - loss: 0.0973 - weighted_dice_loss: 0.0973 - val_loss: 0.1290 - val_weighted_dice_loss: 0.1290

Epoch 00079: val_weighted_dice_loss did not improve from 0.12509
Epoch 80/150
 - 849s - loss: 0.0964 - weighted_dice_loss: 0.0964 - val_loss: 0.1257 - val_weighted_dice_loss: 0.1257

Epoch 00080: val_weighted_dice_loss did not improve from 0.12509
Epoch 81/150
 - 849s - loss: 0.0957 - weighted_dice_loss: 0.0957 - val_loss: 0.3076 - val_weighted_dice_loss: 0.3076

Epoch 00081: val_weighted_dice_loss did not improve from 0.12509
Epoch 82/150
 - 848s - loss: 0.0954 - weighted_dice_loss: 0.0954 - val_loss: 0.1953 - val_weighted_dice_loss: 0.1953

Epoch 00082: val_weighted_dice_loss did not improve from 0.12509
Epoch 83/150
 - 847s - loss: 0.0949 - weighted_dice_loss: 0.0949 - val_loss: 0.1819 - val_weighted_dice_loss: 0.1819

Epoch 00083: val_weighted_dice_loss did not improve from 0.12509
Epoch 84/150
 - 847s - loss: 0.0945 - weighted_dice_loss: 0.0945 - val_loss: 0.9103 - val_weighted_dice_loss: 0.9103

Epoch 00084: val_weighted_dice_loss did not improve from 0.12509
Epoch 85/150
 - 847s - loss: 0.0936 - weighted_dice_loss: 0.0936 - val_loss: 0.1352 - val_weighted_dice_loss: 0.1352

Epoch 00085: val_weighted_dice_loss did not improve from 0.12509
Epoch 86/150
 - 848s - loss: 0.0936 - weighted_dice_loss: 0.0936 - val_loss: 0.8604 - val_weighted_dice_loss: 0.8604

Epoch 00086: val_weighted_dice_loss did not improve from 0.12509
Epoch 87/150
 - 848s - loss: 0.0933 - weighted_dice_loss: 0.0933 - val_loss: 0.1305 - val_weighted_dice_loss: 0.1305

Epoch 00087: val_weighted_dice_loss did not improve from 0.12509
Epoch 88/150
 - 848s - loss: 0.0929 - weighted_dice_loss: 0.0929 - val_loss: 0.1275 - val_weighted_dice_loss: 0.1275

Epoch 00088: val_weighted_dice_loss did not improve from 0.12509
Epoch 89/150
 - 848s - loss: 0.0922 - weighted_dice_loss: 0.0922 - val_loss: 0.3669 - val_weighted_dice_loss: 0.3669

Epoch 00089: val_weighted_dice_loss did not improve from 0.12509
Epoch 90/150
 - 848s - loss: 0.0923 - weighted_dice_loss: 0.0923 - val_loss: 0.2580 - val_weighted_dice_loss: 0.2580

Epoch 00090: val_weighted_dice_loss did not improve from 0.12509
Epoch 91/150
 - 848s - loss: 0.0916 - weighted_dice_loss: 0.0916 - val_loss: 0.4006 - val_weighted_dice_loss: 0.4006

Epoch 00091: val_weighted_dice_loss did not improve from 0.12509
Epoch 92/150
 - 848s - loss: 0.0905 - weighted_dice_loss: 0.0905 - val_loss: 0.1228 - val_weighted_dice_loss: 0.1228

Epoch 00092: val_weighted_dice_loss improved from 0.12509 to 0.12278, saving model to ./Unet-weights/4_classes_5208_reals_20832_GANs.h5
Epoch 93/150
 - 848s - loss: 0.0906 - weighted_dice_loss: 0.0906 - val_loss: 0.1255 - val_weighted_dice_loss: 0.1255

Epoch 00093: val_weighted_dice_loss did not improve from 0.12278
Epoch 94/150
 - 848s - loss: 0.0897 - weighted_dice_loss: 0.0897 - val_loss: 0.1251 - val_weighted_dice_loss: 0.1251

Epoch 00094: val_weighted_dice_loss did not improve from 0.12278
Epoch 95/150
 - 848s - loss: 0.0893 - weighted_dice_loss: 0.0893 - val_loss: 0.9546 - val_weighted_dice_loss: 0.9546

Epoch 00095: val_weighted_dice_loss did not improve from 0.12278
Epoch 96/150
 - 848s - loss: 0.0893 - weighted_dice_loss: 0.0893 - val_loss: 0.1261 - val_weighted_dice_loss: 0.1261

Epoch 00096: val_weighted_dice_loss did not improve from 0.12278
Epoch 97/150
 - 848s - loss: 0.0888 - weighted_dice_loss: 0.0888 - val_loss: 0.1354 - val_weighted_dice_loss: 0.1354

Epoch 00097: val_weighted_dice_loss did not improve from 0.12278
Epoch 98/150
 - 848s - loss: 0.0884 - weighted_dice_loss: 0.0884 - val_loss: 0.9461 - val_weighted_dice_loss: 0.9461

Epoch 00098: val_weighted_dice_loss did not improve from 0.12278
Epoch 99/150
 - 848s - loss: 0.0878 - weighted_dice_loss: 0.0878 - val_loss: 0.6833 - val_weighted_dice_loss: 0.6833

Epoch 00099: val_weighted_dice_loss did not improve from 0.12278
Epoch 100/150
 - 848s - loss: 0.0876 - weighted_dice_loss: 0.0876 - val_loss: 0.4470 - val_weighted_dice_loss: 0.4470

Epoch 00100: val_weighted_dice_loss did not improve from 0.12278
Epoch 101/150
 - 850s - loss: 0.0875 - weighted_dice_loss: 0.0875 - val_loss: 0.2585 - val_weighted_dice_loss: 0.2585

Epoch 00101: val_weighted_dice_loss did not improve from 0.12278
Epoch 102/150
 - 850s - loss: 0.0866 - weighted_dice_loss: 0.0866 - val_loss: 0.1227 - val_weighted_dice_loss: 0.1227

Epoch 00102: val_weighted_dice_loss improved from 0.12278 to 0.12272, saving model to ./Unet-weights/4_classes_5208_reals_20832_GANs.h5
Epoch 103/150
 - 850s - loss: 0.0866 - weighted_dice_loss: 0.0866 - val_loss: 0.6901 - val_weighted_dice_loss: 0.6901

Epoch 00103: val_weighted_dice_loss did not improve from 0.12272
Epoch 104/150
 - 850s - loss: 0.0862 - weighted_dice_loss: 0.0862 - val_loss: 0.1242 - val_weighted_dice_loss: 0.1242

Epoch 00104: val_weighted_dice_loss did not improve from 0.12272
Epoch 105/150
 - 850s - loss: 0.0861 - weighted_dice_loss: 0.0861 - val_loss: 0.5946 - val_weighted_dice_loss: 0.5946

Epoch 00105: val_weighted_dice_loss did not improve from 0.12272
Epoch 106/150
 - 850s - loss: 0.0853 - weighted_dice_loss: 0.0853 - val_loss: 0.7785 - val_weighted_dice_loss: 0.7785

Epoch 00106: val_weighted_dice_loss did not improve from 0.12272
Epoch 107/150
 - 849s - loss: 0.0847 - weighted_dice_loss: 0.0847 - val_loss: 0.1248 - val_weighted_dice_loss: 0.1248

Epoch 00107: val_weighted_dice_loss did not improve from 0.12272
Epoch 108/150
 - 849s - loss: 0.0844 - weighted_dice_loss: 0.0844 - val_loss: 0.7257 - val_weighted_dice_loss: 0.7257

Epoch 00108: val_weighted_dice_loss did not improve from 0.12272
Epoch 109/150
 - 848s - loss: 0.0842 - weighted_dice_loss: 0.0842 - val_loss: 0.4209 - val_weighted_dice_loss: 0.4209

Epoch 00109: val_weighted_dice_loss did not improve from 0.12272
Epoch 110/150
 - 847s - loss: 0.0841 - weighted_dice_loss: 0.0841 - val_loss: 0.1232 - val_weighted_dice_loss: 0.1232

Epoch 00110: val_weighted_dice_loss did not improve from 0.12272
Epoch 111/150
 - 847s - loss: 0.0834 - weighted_dice_loss: 0.0834 - val_loss: 0.4159 - val_weighted_dice_loss: 0.4159

Epoch 00111: val_weighted_dice_loss did not improve from 0.12272
Epoch 112/150
 - 847s - loss: 0.0831 - weighted_dice_loss: 0.0831 - val_loss: 0.1270 - val_weighted_dice_loss: 0.1270

Epoch 00112: val_weighted_dice_loss did not improve from 0.12272
Epoch 113/150
 - 847s - loss: 0.0831 - weighted_dice_loss: 0.0831 - val_loss: 0.1242 - val_weighted_dice_loss: 0.1242

Epoch 00113: val_weighted_dice_loss did not improve from 0.12272
Epoch 114/150
 - 848s - loss: 0.0826 - weighted_dice_loss: 0.0826 - val_loss: 0.1743 - val_weighted_dice_loss: 0.1743

Epoch 00114: val_weighted_dice_loss did not improve from 0.12272
Epoch 115/150
 - 848s - loss: 0.0824 - weighted_dice_loss: 0.0824 - val_loss: 0.6918 - val_weighted_dice_loss: 0.6918

Epoch 00115: val_weighted_dice_loss did not improve from 0.12272
Epoch 116/150
 - 848s - loss: 0.0818 - weighted_dice_loss: 0.0818 - val_loss: 0.1205 - val_weighted_dice_loss: 0.1205

Epoch 00116: val_weighted_dice_loss improved from 0.12272 to 0.12054, saving model to ./Unet-weights/4_classes_5208_reals_20832_GANs.h5
Epoch 117/150
 - 848s - loss: 0.0817 - weighted_dice_loss: 0.0817 - val_loss: 0.1548 - val_weighted_dice_loss: 0.1548

Epoch 00117: val_weighted_dice_loss did not improve from 0.12054
Epoch 118/150
 - 848s - loss: 0.0815 - weighted_dice_loss: 0.0815 - val_loss: 0.8036 - val_weighted_dice_loss: 0.8036

Epoch 00118: val_weighted_dice_loss did not improve from 0.12054
Epoch 119/150
 - 848s - loss: 0.0810 - weighted_dice_loss: 0.0810 - val_loss: 0.2401 - val_weighted_dice_loss: 0.2401

Epoch 00119: val_weighted_dice_loss did not improve from 0.12054
Epoch 120/150
 - 848s - loss: 0.0805 - weighted_dice_loss: 0.0805 - val_loss: 0.8270 - val_weighted_dice_loss: 0.8270

Epoch 00120: val_weighted_dice_loss did not improve from 0.12054
Epoch 121/150
 - 848s - loss: 0.0803 - weighted_dice_loss: 0.0803 - val_loss: 0.1214 - val_weighted_dice_loss: 0.1214

Epoch 00121: val_weighted_dice_loss did not improve from 0.12054
Epoch 122/150
 - 848s - loss: 0.0802 - weighted_dice_loss: 0.0802 - val_loss: 0.1227 - val_weighted_dice_loss: 0.1227

Epoch 00122: val_weighted_dice_loss did not improve from 0.12054
Epoch 123/150
 - 848s - loss: 0.0801 - weighted_dice_loss: 0.0801 - val_loss: 0.1257 - val_weighted_dice_loss: 0.1257

Epoch 00123: val_weighted_dice_loss did not improve from 0.12054
Epoch 124/150
 - 849s - loss: 0.0799 - weighted_dice_loss: 0.0799 - val_loss: 0.9440 - val_weighted_dice_loss: 0.9440

Epoch 00124: val_weighted_dice_loss did not improve from 0.12054
Epoch 125/150
 - 850s - loss: 0.0793 - weighted_dice_loss: 0.0793 - val_loss: 0.1399 - val_weighted_dice_loss: 0.1399

Epoch 00125: val_weighted_dice_loss did not improve from 0.12054
Epoch 126/150
 - 850s - loss: 0.0791 - weighted_dice_loss: 0.0791 - val_loss: 0.1215 - val_weighted_dice_loss: 0.1215

Epoch 00126: val_weighted_dice_loss did not improve from 0.12054
Epoch 127/150
 - 850s - loss: 0.0788 - weighted_dice_loss: 0.0788 - val_loss: 0.8896 - val_weighted_dice_loss: 0.8896

Epoch 00127: val_weighted_dice_loss did not improve from 0.12054
Epoch 128/150
 - 850s - loss: 0.0784 - weighted_dice_loss: 0.0784 - val_loss: 0.4641 - val_weighted_dice_loss: 0.4641

Epoch 00128: val_weighted_dice_loss did not improve from 0.12054
Epoch 129/150
 - 850s - loss: 0.0780 - weighted_dice_loss: 0.0780 - val_loss: 0.1215 - val_weighted_dice_loss: 0.1215

Epoch 00129: val_weighted_dice_loss did not improve from 0.12054
Epoch 130/150
 - 850s - loss: 0.0784 - weighted_dice_loss: 0.0784 - val_loss: 0.1471 - val_weighted_dice_loss: 0.1471

Epoch 00130: val_weighted_dice_loss did not improve from 0.12054
Epoch 131/150
 - 850s - loss: 0.0777 - weighted_dice_loss: 0.0777 - val_loss: 0.1292 - val_weighted_dice_loss: 0.1292

Epoch 00131: val_weighted_dice_loss did not improve from 0.12054
Epoch 132/150
 - 850s - loss: 0.0774 - weighted_dice_loss: 0.0774 - val_loss: 0.9043 - val_weighted_dice_loss: 0.9043

Epoch 00132: val_weighted_dice_loss did not improve from 0.12054
Epoch 133/150
 - 849s - loss: 0.0770 - weighted_dice_loss: 0.0770 - val_loss: 0.6333 - val_weighted_dice_loss: 0.6333

Epoch 00133: val_weighted_dice_loss did not improve from 0.12054
Epoch 134/150
 - 849s - loss: 0.0767 - weighted_dice_loss: 0.0767 - val_loss: 0.1237 - val_weighted_dice_loss: 0.1237

Epoch 00134: val_weighted_dice_loss did not improve from 0.12054
Epoch 135/150
 - 849s - loss: 0.0767 - weighted_dice_loss: 0.0767 - val_loss: 0.1252 - val_weighted_dice_loss: 0.1252

Epoch 00135: val_weighted_dice_loss did not improve from 0.12054
Epoch 136/150
 - 849s - loss: 0.0766 - weighted_dice_loss: 0.0766 - val_loss: 0.1208 - val_weighted_dice_loss: 0.1208

Epoch 00136: val_weighted_dice_loss did not improve from 0.12054
Epoch 137/150
 - 849s - loss: 0.0761 - weighted_dice_loss: 0.0761 - val_loss: 0.2396 - val_weighted_dice_loss: 0.2396

Epoch 00137: val_weighted_dice_loss did not improve from 0.12054
Epoch 138/150
 - 849s - loss: 0.0760 - weighted_dice_loss: 0.0760 - val_loss: 0.1210 - val_weighted_dice_loss: 0.1210

Epoch 00138: val_weighted_dice_loss did not improve from 0.12054
Epoch 139/150
 - 849s - loss: 0.0758 - weighted_dice_loss: 0.0758 - val_loss: 0.2459 - val_weighted_dice_loss: 0.2459

Epoch 00139: val_weighted_dice_loss did not improve from 0.12054
Epoch 140/150
 - 849s - loss: 0.0756 - weighted_dice_loss: 0.0756 - val_loss: 0.1235 - val_weighted_dice_loss: 0.1235

Epoch 00140: val_weighted_dice_loss did not improve from 0.12054
Epoch 141/150
 - 849s - loss: 0.0753 - weighted_dice_loss: 0.0753 - val_loss: 0.1201 - val_weighted_dice_loss: 0.1201

Epoch 00141: val_weighted_dice_loss improved from 0.12054 to 0.12009, saving model to ./Unet-weights/4_classes_5208_reals_20832_GANs.h5
Epoch 142/150
 - 849s - loss: 0.0749 - weighted_dice_loss: 0.0749 - val_loss: 0.1235 - val_weighted_dice_loss: 0.1235

Epoch 00142: val_weighted_dice_loss did not improve from 0.12009
Epoch 143/150
 - 849s - loss: 0.0748 - weighted_dice_loss: 0.0748 - val_loss: 0.1633 - val_weighted_dice_loss: 0.1633

Epoch 00143: val_weighted_dice_loss did not improve from 0.12009
Epoch 144/150
 - 849s - loss: 0.0744 - weighted_dice_loss: 0.0744 - val_loss: 0.8694 - val_weighted_dice_loss: 0.8694

Epoch 00144: val_weighted_dice_loss did not improve from 0.12009
Epoch 145/150
 - 849s - loss: 0.0743 - weighted_dice_loss: 0.0743 - val_loss: 0.1244 - val_weighted_dice_loss: 0.1244

Epoch 00145: val_weighted_dice_loss did not improve from 0.12009
Epoch 146/150
 - 849s - loss: 0.0739 - weighted_dice_loss: 0.0739 - val_loss: 0.1264 - val_weighted_dice_loss: 0.1264

Epoch 00146: val_weighted_dice_loss did not improve from 0.12009
Epoch 147/150
 - 849s - loss: 0.0736 - weighted_dice_loss: 0.0736 - val_loss: 0.1235 - val_weighted_dice_loss: 0.1235

Epoch 00147: val_weighted_dice_loss did not improve from 0.12009
Epoch 148/150
 - 849s - loss: 0.0735 - weighted_dice_loss: 0.0735 - val_loss: 0.1244 - val_weighted_dice_loss: 0.1244

Epoch 00148: val_weighted_dice_loss did not improve from 0.12009
Epoch 149/150
 - 849s - loss: 0.0731 - weighted_dice_loss: 0.0731 - val_loss: 0.8895 - val_weighted_dice_loss: 0.8895

Epoch 00149: val_weighted_dice_loss did not improve from 0.12009
Epoch 150/150
 - 848s - loss: 0.0731 - weighted_dice_loss: 0.0731 - val_loss: 0.1226 - val_weighted_dice_loss: 0.1226

Epoch 00150: val_weighted_dice_loss did not improve from 0.12009
Finished training.
