nohup: ignoring input
2020-08-25 12:36:30.199219: I tensorflow/core/platform/cpu_feature_guard.cc:142] Your CPU supports instructions that this TensorFlow binary was not compiled to use: SSE4.1 SSE4.2 AVX
2020-08-25 12:36:30.232389: I tensorflow/core/platform/profile_utils/cpu_utils.cc:94] CPU Frequency: 3601770000 Hz
2020-08-25 12:36:30.233760: I tensorflow/compiler/xla/service/service.cc:168] XLA service 0x555aa315c680 executing computations on platform Host. Devices:
2020-08-25 12:36:30.233829: I tensorflow/compiler/xla/service/service.cc:175]   StreamExecutor device (0): <undefined>, <undefined>
2020-08-25 12:36:30.237834: I tensorflow/stream_executor/platform/default/dso_loader.cc:42] Successfully opened dynamic library libcuda.so.1
2020-08-25 12:36:30.266708: I tensorflow/stream_executor/cuda/cuda_gpu_executor.cc:1005] successful NUMA node read from SysFS had negative value (-1), but there must be at least one NUMA node, so returning NUMA node zero
2020-08-25 12:36:30.267780: I tensorflow/core/common_runtime/gpu/gpu_device.cc:1640] Found device 0 with properties: 
name: GeForce GTX 1080 major: 6 minor: 1 memoryClockRate(GHz): 1.7715
pciBusID: 0000:01:00.0
2020-08-25 12:36:30.278855: I tensorflow/stream_executor/platform/default/dso_loader.cc:42] Successfully opened dynamic library libcudart.so.10.1
2020-08-25 12:36:30.422518: I tensorflow/stream_executor/platform/default/dso_loader.cc:42] Successfully opened dynamic library libcublas.so.10
2020-08-25 12:36:30.503811: I tensorflow/stream_executor/platform/default/dso_loader.cc:42] Successfully opened dynamic library libcufft.so.10
2020-08-25 12:36:30.576645: I tensorflow/stream_executor/platform/default/dso_loader.cc:42] Successfully opened dynamic library libcurand.so.10
2020-08-25 12:36:30.722686: I tensorflow/stream_executor/platform/default/dso_loader.cc:42] Successfully opened dynamic library libcusolver.so.10
2020-08-25 12:36:30.794630: I tensorflow/stream_executor/platform/default/dso_loader.cc:42] Successfully opened dynamic library libcusparse.so.10
2020-08-25 12:36:31.100884: I tensorflow/stream_executor/platform/default/dso_loader.cc:42] Successfully opened dynamic library libcudnn.so.7
2020-08-25 12:36:31.101099: I tensorflow/stream_executor/cuda/cuda_gpu_executor.cc:1005] successful NUMA node read from SysFS had negative value (-1), but there must be at least one NUMA node, so returning NUMA node zero
2020-08-25 12:36:31.101987: I tensorflow/stream_executor/cuda/cuda_gpu_executor.cc:1005] successful NUMA node read from SysFS had negative value (-1), but there must be at least one NUMA node, so returning NUMA node zero
2020-08-25 12:36:31.102786: I tensorflow/core/common_runtime/gpu/gpu_device.cc:1763] Adding visible gpu devices: 0
2020-08-25 12:36:31.102843: I tensorflow/stream_executor/platform/default/dso_loader.cc:42] Successfully opened dynamic library libcudart.so.10.1
2020-08-25 12:36:31.231678: I tensorflow/core/common_runtime/gpu/gpu_device.cc:1181] Device interconnect StreamExecutor with strength 1 edge matrix:
2020-08-25 12:36:31.231787: I tensorflow/core/common_runtime/gpu/gpu_device.cc:1187]      0 
2020-08-25 12:36:31.231847: I tensorflow/core/common_runtime/gpu/gpu_device.cc:1200] 0:   N 
2020-08-25 12:36:31.232237: I tensorflow/stream_executor/cuda/cuda_gpu_executor.cc:1005] successful NUMA node read from SysFS had negative value (-1), but there must be at least one NUMA node, so returning NUMA node zero
2020-08-25 12:36:31.233724: I tensorflow/stream_executor/cuda/cuda_gpu_executor.cc:1005] successful NUMA node read from SysFS had negative value (-1), but there must be at least one NUMA node, so returning NUMA node zero
2020-08-25 12:36:31.235121: I tensorflow/stream_executor/cuda/cuda_gpu_executor.cc:1005] successful NUMA node read from SysFS had negative value (-1), but there must be at least one NUMA node, so returning NUMA node zero
2020-08-25 12:36:31.236470: I tensorflow/core/common_runtime/gpu/gpu_device.cc:1326] Created TensorFlow device (/job:localhost/replica:0/task:0/device:GPU:0 with 7465 MB memory) -> physical GPU (device: 0, name: GeForce GTX 1080, pci bus id: 0000:01:00.0, compute capability: 6.1)
2020-08-25 12:36:31.242031: I tensorflow/compiler/xla/service/service.cc:168] XLA service 0x555aa3c69290 executing computations on platform CUDA. Devices:
2020-08-25 12:36:31.242097: I tensorflow/compiler/xla/service/service.cc:175]   StreamExecutor device (0): GeForce GTX 1080, Compute Capability 6.1
/home/mehfo331/.conda/envs/thesis/lib/python3.6/site-packages/tensorflow/python/framework/dtypes.py:516: FutureWarning: Passing (type, 1) or '1type' as a synonym of type is deprecated; in a future version of numpy, it will be understood as (type, (1,)) / '(1,)type'.
  _np_qint8 = np.dtype([("qint8", np.int8, 1)])
/home/mehfo331/.conda/envs/thesis/lib/python3.6/site-packages/tensorflow/python/framework/dtypes.py:517: FutureWarning: Passing (type, 1) or '1type' as a synonym of type is deprecated; in a future version of numpy, it will be understood as (type, (1,)) / '(1,)type'.
  _np_quint8 = np.dtype([("quint8", np.uint8, 1)])
/home/mehfo331/.conda/envs/thesis/lib/python3.6/site-packages/tensorflow/python/framework/dtypes.py:518: FutureWarning: Passing (type, 1) or '1type' as a synonym of type is deprecated; in a future version of numpy, it will be understood as (type, (1,)) / '(1,)type'.
  _np_qint16 = np.dtype([("qint16", np.int16, 1)])
/home/mehfo331/.conda/envs/thesis/lib/python3.6/site-packages/tensorflow/python/framework/dtypes.py:519: FutureWarning: Passing (type, 1) or '1type' as a synonym of type is deprecated; in a future version of numpy, it will be understood as (type, (1,)) / '(1,)type'.
  _np_quint16 = np.dtype([("quint16", np.uint16, 1)])
/home/mehfo331/.conda/envs/thesis/lib/python3.6/site-packages/tensorflow/python/framework/dtypes.py:520: FutureWarning: Passing (type, 1) or '1type' as a synonym of type is deprecated; in a future version of numpy, it will be understood as (type, (1,)) / '(1,)type'.
  _np_qint32 = np.dtype([("qint32", np.int32, 1)])
/home/mehfo331/.conda/envs/thesis/lib/python3.6/site-packages/tensorflow/python/framework/dtypes.py:525: FutureWarning: Passing (type, 1) or '1type' as a synonym of type is deprecated; in a future version of numpy, it will be understood as (type, (1,)) / '(1,)type'.
  np_resource = np.dtype([("resource", np.ubyte, 1)])
/home/mehfo331/.conda/envs/thesis/lib/python3.6/site-packages/tensorboard/compat/tensorflow_stub/dtypes.py:541: FutureWarning: Passing (type, 1) or '1type' as a synonym of type is deprecated; in a future version of numpy, it will be understood as (type, (1,)) / '(1,)type'.
  _np_qint8 = np.dtype([("qint8", np.int8, 1)])
/home/mehfo331/.conda/envs/thesis/lib/python3.6/site-packages/tensorboard/compat/tensorflow_stub/dtypes.py:542: FutureWarning: Passing (type, 1) or '1type' as a synonym of type is deprecated; in a future version of numpy, it will be understood as (type, (1,)) / '(1,)type'.
  _np_quint8 = np.dtype([("quint8", np.uint8, 1)])
/home/mehfo331/.conda/envs/thesis/lib/python3.6/site-packages/tensorboard/compat/tensorflow_stub/dtypes.py:543: FutureWarning: Passing (type, 1) or '1type' as a synonym of type is deprecated; in a future version of numpy, it will be understood as (type, (1,)) / '(1,)type'.
  _np_qint16 = np.dtype([("qint16", np.int16, 1)])
/home/mehfo331/.conda/envs/thesis/lib/python3.6/site-packages/tensorboard/compat/tensorflow_stub/dtypes.py:544: FutureWarning: Passing (type, 1) or '1type' as a synonym of type is deprecated; in a future version of numpy, it will be understood as (type, (1,)) / '(1,)type'.
  _np_quint16 = np.dtype([("quint16", np.uint16, 1)])
/home/mehfo331/.conda/envs/thesis/lib/python3.6/site-packages/tensorboard/compat/tensorflow_stub/dtypes.py:545: FutureWarning: Passing (type, 1) or '1type' as a synonym of type is deprecated; in a future version of numpy, it will be understood as (type, (1,)) / '(1,)type'.
  _np_qint32 = np.dtype([("qint32", np.int32, 1)])
/home/mehfo331/.conda/envs/thesis/lib/python3.6/site-packages/tensorboard/compat/tensorflow_stub/dtypes.py:550: FutureWarning: Passing (type, 1) or '1type' as a synonym of type is deprecated; in a future version of numpy, it will be understood as (type, (1,)) / '(1,)type'.
  np_resource = np.dtype([("resource", np.ubyte, 1)])
Using TensorFlow backend.
WARNING:tensorflow:From segmentation.py:20: The name tf.keras.backend.set_session is deprecated. Please use tf.compat.v1.keras.backend.set_session instead.

WARNING:tensorflow:From segmentation.py:33: The name tf.ConfigProto is deprecated. Please use tf.compat.v1.ConfigProto instead.

WARNING:tensorflow:From segmentation.py:35: The name tf.Session is deprecated. Please use tf.compat.v1.Session instead.

2020-08-25 12:36:31.246709: I tensorflow/stream_executor/cuda/cuda_gpu_executor.cc:1005] successful NUMA node read from SysFS had negative value (-1), but there must be at least one NUMA node, so returning NUMA node zero
2020-08-25 12:36:31.247995: I tensorflow/core/common_runtime/gpu/gpu_device.cc:1640] Found device 0 with properties: 
name: GeForce GTX 1080 major: 6 minor: 1 memoryClockRate(GHz): 1.7715
pciBusID: 0000:01:00.0
2020-08-25 12:36:31.248089: I tensorflow/stream_executor/platform/default/dso_loader.cc:42] Successfully opened dynamic library libcudart.so.10.1
2020-08-25 12:36:31.248148: I tensorflow/stream_executor/platform/default/dso_loader.cc:42] Successfully opened dynamic library libcublas.so.10
2020-08-25 12:36:31.248200: I tensorflow/stream_executor/platform/default/dso_loader.cc:42] Successfully opened dynamic library libcufft.so.10
2020-08-25 12:36:31.248251: I tensorflow/stream_executor/platform/default/dso_loader.cc:42] Successfully opened dynamic library libcurand.so.10
2020-08-25 12:36:31.248319: I tensorflow/stream_executor/platform/default/dso_loader.cc:42] Successfully opened dynamic library libcusolver.so.10
2020-08-25 12:36:31.248374: I tensorflow/stream_executor/platform/default/dso_loader.cc:42] Successfully opened dynamic library libcusparse.so.10
2020-08-25 12:36:31.248425: I tensorflow/stream_executor/platform/default/dso_loader.cc:42] Successfully opened dynamic library libcudnn.so.7
2020-08-25 12:36:31.248605: I tensorflow/stream_executor/cuda/cuda_gpu_executor.cc:1005] successful NUMA node read from SysFS had negative value (-1), but there must be at least one NUMA node, so returning NUMA node zero
2020-08-25 12:36:31.249941: I tensorflow/stream_executor/cuda/cuda_gpu_executor.cc:1005] successful NUMA node read from SysFS had negative value (-1), but there must be at least one NUMA node, so returning NUMA node zero
2020-08-25 12:36:31.251136: I tensorflow/core/common_runtime/gpu/gpu_device.cc:1763] Adding visible gpu devices: 0
2020-08-25 12:36:31.251212: I tensorflow/core/common_runtime/gpu/gpu_device.cc:1181] Device interconnect StreamExecutor with strength 1 edge matrix:
2020-08-25 12:36:31.251247: I tensorflow/core/common_runtime/gpu/gpu_device.cc:1187]      0 
2020-08-25 12:36:31.251296: I tensorflow/core/common_runtime/gpu/gpu_device.cc:1200] 0:   N 
2020-08-25 12:36:31.251538: I tensorflow/stream_executor/cuda/cuda_gpu_executor.cc:1005] successful NUMA node read from SysFS had negative value (-1), but there must be at least one NUMA node, so returning NUMA node zero
2020-08-25 12:36:31.252800: I tensorflow/stream_executor/cuda/cuda_gpu_executor.cc:1005] successful NUMA node read from SysFS had negative value (-1), but there must be at least one NUMA node, so returning NUMA node zero
2020-08-25 12:36:31.253942: I tensorflow/core/common_runtime/gpu/gpu_device.cc:1326] Created TensorFlow device (/job:localhost/replica:0/task:0/device:GPU:0 with 7465 MB memory) -> physical GPU (device: 0, name: GeForce GTX 1080, pci bus id: 0000:01:00.0, compute capability: 6.1)
WARNING:tensorflow:From /home/mehfo331/.conda/envs/thesis/lib/python3.6/site-packages/keras/backend/tensorflow_backend.py:74: The name tf.get_default_graph is deprecated. Please use tf.compat.v1.get_default_graph instead.

WARNING:tensorflow:From /home/mehfo331/.conda/envs/thesis/lib/python3.6/site-packages/keras/backend/tensorflow_backend.py:517: The name tf.placeholder is deprecated. Please use tf.compat.v1.placeholder instead.

WARNING:tensorflow:From /home/mehfo331/.conda/envs/thesis/lib/python3.6/site-packages/keras/backend/tensorflow_backend.py:4185: The name tf.truncated_normal is deprecated. Please use tf.random.truncated_normal instead.

WARNING:tensorflow:From /home/mehfo331/.conda/envs/thesis/lib/python3.6/site-packages/keras/backend/tensorflow_backend.py:1834: The name tf.nn.fused_batch_norm is deprecated. Please use tf.compat.v1.nn.fused_batch_norm instead.

WARNING:tensorflow:From /home/mehfo331/.conda/envs/thesis/lib/python3.6/site-packages/keras/backend/tensorflow_backend.py:3976: The name tf.nn.max_pool is deprecated. Please use tf.nn.max_pool2d instead.

WARNING:tensorflow:From /home/mehfo331/.conda/envs/thesis/lib/python3.6/site-packages/keras/optimizers.py:790: The name tf.train.Optimizer is deprecated. Please use tf.compat.v1.train.Optimizer instead.

2020-08-25 12:40:08.687474: I tensorflow/stream_executor/platform/default/dso_loader.cc:42] Successfully opened dynamic library libcudnn.so.7

Reading data...
Finished reading data.

Reading data...
Finished reading data.

Training 4 classes with 10000 images (5208 real and 4792 GAN images):

Epoch 1/150
 - 663s - loss: 0.6333 - weighted_dice_loss: 0.6333 - val_loss: 0.3555 - val_weighted_dice_loss: 0.3555

Epoch 00001: val_weighted_dice_loss improved from inf to 0.35547, saving model to ./Unet-weights/4_classes_5208_reals_4792_GANs.h5
Epoch 2/150
 - 640s - loss: 0.3390 - weighted_dice_loss: 0.3390 - val_loss: 0.9464 - val_weighted_dice_loss: 0.9464

Epoch 00002: val_weighted_dice_loss did not improve from 0.35547
Epoch 3/150
 - 643s - loss: 0.2915 - weighted_dice_loss: 0.2915 - val_loss: 0.2456 - val_weighted_dice_loss: 0.2456

Epoch 00003: val_weighted_dice_loss improved from 0.35547 to 0.24564, saving model to ./Unet-weights/4_classes_5208_reals_4792_GANs.h5
Epoch 4/150
 - 644s - loss: 0.2660 - weighted_dice_loss: 0.2660 - val_loss: 0.2638 - val_weighted_dice_loss: 0.2638

Epoch 00004: val_weighted_dice_loss did not improve from 0.24564
Epoch 5/150
 - 640s - loss: 0.2633 - weighted_dice_loss: 0.2633 - val_loss: 0.2586 - val_weighted_dice_loss: 0.2586

Epoch 00005: val_weighted_dice_loss did not improve from 0.24564
Epoch 6/150
 - 643s - loss: 0.2496 - weighted_dice_loss: 0.2496 - val_loss: 0.2900 - val_weighted_dice_loss: 0.2900

Epoch 00006: val_weighted_dice_loss did not improve from 0.24564
Epoch 7/150
 - 640s - loss: 0.2410 - weighted_dice_loss: 0.2410 - val_loss: 0.1987 - val_weighted_dice_loss: 0.1987

Epoch 00007: val_weighted_dice_loss improved from 0.24564 to 0.19870, saving model to ./Unet-weights/4_classes_5208_reals_4792_GANs.h5
Epoch 8/150
 - 642s - loss: 0.2363 - weighted_dice_loss: 0.2363 - val_loss: 0.2580 - val_weighted_dice_loss: 0.2580

Epoch 00008: val_weighted_dice_loss did not improve from 0.19870
Epoch 9/150
 - 641s - loss: 0.2283 - weighted_dice_loss: 0.2283 - val_loss: 0.2109 - val_weighted_dice_loss: 0.2109

Epoch 00009: val_weighted_dice_loss did not improve from 0.19870
Epoch 10/150
 - 641s - loss: 0.2304 - weighted_dice_loss: 0.2304 - val_loss: 0.2384 - val_weighted_dice_loss: 0.2384

Epoch 00010: val_weighted_dice_loss did not improve from 0.19870
Epoch 11/150
 - 642s - loss: 0.2236 - weighted_dice_loss: 0.2236 - val_loss: 0.1796 - val_weighted_dice_loss: 0.1796

Epoch 00011: val_weighted_dice_loss improved from 0.19870 to 0.17959, saving model to ./Unet-weights/4_classes_5208_reals_4792_GANs.h5
Epoch 12/150
 - 645s - loss: 0.2217 - weighted_dice_loss: 0.2217 - val_loss: 0.1889 - val_weighted_dice_loss: 0.1889

Epoch 00012: val_weighted_dice_loss did not improve from 0.17959
Epoch 13/150
 - 645s - loss: 0.2130 - weighted_dice_loss: 0.2130 - val_loss: 0.1886 - val_weighted_dice_loss: 0.1886

Epoch 00013: val_weighted_dice_loss did not improve from 0.17959
Epoch 14/150
 - 644s - loss: 0.2154 - weighted_dice_loss: 0.2154 - val_loss: 0.1870 - val_weighted_dice_loss: 0.1870

Epoch 00014: val_weighted_dice_loss did not improve from 0.17959
Epoch 15/150
 - 646s - loss: 0.2046 - weighted_dice_loss: 0.2046 - val_loss: 0.1768 - val_weighted_dice_loss: 0.1768

Epoch 00015: val_weighted_dice_loss improved from 0.17959 to 0.17677, saving model to ./Unet-weights/4_classes_5208_reals_4792_GANs.h5
Epoch 16/150
 - 647s - loss: 0.2013 - weighted_dice_loss: 0.2013 - val_loss: 0.1745 - val_weighted_dice_loss: 0.1745

Epoch 00016: val_weighted_dice_loss improved from 0.17677 to 0.17455, saving model to ./Unet-weights/4_classes_5208_reals_4792_GANs.h5
Epoch 17/150
 - 646s - loss: 0.2028 - weighted_dice_loss: 0.2028 - val_loss: 0.1852 - val_weighted_dice_loss: 0.1852

Epoch 00017: val_weighted_dice_loss did not improve from 0.17455
Epoch 18/150
 - 645s - loss: 0.1999 - weighted_dice_loss: 0.1999 - val_loss: 0.1857 - val_weighted_dice_loss: 0.1857

Epoch 00018: val_weighted_dice_loss did not improve from 0.17455
Epoch 19/150
 - 644s - loss: 0.1957 - weighted_dice_loss: 0.1957 - val_loss: 0.1717 - val_weighted_dice_loss: 0.1717

Epoch 00019: val_weighted_dice_loss improved from 0.17455 to 0.17170, saving model to ./Unet-weights/4_classes_5208_reals_4792_GANs.h5
Epoch 20/150
 - 644s - loss: 0.1989 - weighted_dice_loss: 0.1989 - val_loss: 0.1853 - val_weighted_dice_loss: 0.1853

Epoch 00020: val_weighted_dice_loss did not improve from 0.17170
Epoch 21/150
 - 644s - loss: 0.1920 - weighted_dice_loss: 0.1920 - val_loss: 0.1933 - val_weighted_dice_loss: 0.1933

Epoch 00021: val_weighted_dice_loss did not improve from 0.17170
Epoch 22/150
 - 642s - loss: 0.1906 - weighted_dice_loss: 0.1906 - val_loss: 0.1789 - val_weighted_dice_loss: 0.1789

Epoch 00022: val_weighted_dice_loss did not improve from 0.17170
Epoch 23/150
 - 644s - loss: 0.1841 - weighted_dice_loss: 0.1841 - val_loss: 0.1641 - val_weighted_dice_loss: 0.1641

Epoch 00023: val_weighted_dice_loss improved from 0.17170 to 0.16411, saving model to ./Unet-weights/4_classes_5208_reals_4792_GANs.h5
Epoch 24/150
 - 642s - loss: 0.1879 - weighted_dice_loss: 0.1879 - val_loss: 0.1685 - val_weighted_dice_loss: 0.1685

Epoch 00024: val_weighted_dice_loss did not improve from 0.16411
Epoch 25/150
 - 645s - loss: 0.1797 - weighted_dice_loss: 0.1797 - val_loss: 0.1663 - val_weighted_dice_loss: 0.1663

Epoch 00025: val_weighted_dice_loss did not improve from 0.16411
Epoch 26/150
 - 647s - loss: 0.1792 - weighted_dice_loss: 0.1792 - val_loss: 0.2066 - val_weighted_dice_loss: 0.2066

Epoch 00026: val_weighted_dice_loss did not improve from 0.16411
Epoch 27/150
 - 645s - loss: 0.1828 - weighted_dice_loss: 0.1828 - val_loss: 0.2429 - val_weighted_dice_loss: 0.2429

Epoch 00027: val_weighted_dice_loss did not improve from 0.16411
Epoch 28/150
 - 648s - loss: 0.1788 - weighted_dice_loss: 0.1788 - val_loss: 0.1643 - val_weighted_dice_loss: 0.1643

Epoch 00028: val_weighted_dice_loss did not improve from 0.16411
Epoch 29/150
 - 644s - loss: 0.1761 - weighted_dice_loss: 0.1761 - val_loss: 0.1641 - val_weighted_dice_loss: 0.1641

Epoch 00029: val_weighted_dice_loss did not improve from 0.16411
Epoch 30/150
 - 645s - loss: 0.1735 - weighted_dice_loss: 0.1735 - val_loss: 0.1520 - val_weighted_dice_loss: 0.1520

Epoch 00030: val_weighted_dice_loss improved from 0.16411 to 0.15197, saving model to ./Unet-weights/4_classes_5208_reals_4792_GANs.h5
Epoch 31/150
 - 647s - loss: 0.1740 - weighted_dice_loss: 0.1740 - val_loss: 0.5471 - val_weighted_dice_loss: 0.5471

Epoch 00031: val_weighted_dice_loss did not improve from 0.15197
Epoch 32/150
 - 649s - loss: 0.1753 - weighted_dice_loss: 0.1753 - val_loss: 0.1591 - val_weighted_dice_loss: 0.1591

Epoch 00032: val_weighted_dice_loss did not improve from 0.15197
Epoch 33/150
 - 644s - loss: 0.1667 - weighted_dice_loss: 0.1667 - val_loss: 0.1563 - val_weighted_dice_loss: 0.1563

Epoch 00033: val_weighted_dice_loss did not improve from 0.15197
Epoch 34/150
 - 648s - loss: 0.1685 - weighted_dice_loss: 0.1685 - val_loss: 0.1571 - val_weighted_dice_loss: 0.1571

Epoch 00034: val_weighted_dice_loss did not improve from 0.15197
Epoch 35/150
 - 646s - loss: 0.1658 - weighted_dice_loss: 0.1658 - val_loss: 0.1828 - val_weighted_dice_loss: 0.1828

Epoch 00035: val_weighted_dice_loss did not improve from 0.15197
Epoch 36/150
 - 645s - loss: 0.1632 - weighted_dice_loss: 0.1632 - val_loss: 0.1564 - val_weighted_dice_loss: 0.1564

Epoch 00036: val_weighted_dice_loss did not improve from 0.15197
Epoch 37/150
 - 645s - loss: 0.1612 - weighted_dice_loss: 0.1612 - val_loss: 0.1554 - val_weighted_dice_loss: 0.1554

Epoch 00037: val_weighted_dice_loss did not improve from 0.15197
Epoch 38/150
 - 645s - loss: 0.1601 - weighted_dice_loss: 0.1601 - val_loss: 0.1534 - val_weighted_dice_loss: 0.1534

Epoch 00038: val_weighted_dice_loss did not improve from 0.15197
Epoch 39/150
 - 644s - loss: 0.1604 - weighted_dice_loss: 0.1604 - val_loss: 0.1750 - val_weighted_dice_loss: 0.1750

Epoch 00039: val_weighted_dice_loss did not improve from 0.15197
Epoch 40/150
 - 646s - loss: 0.1561 - weighted_dice_loss: 0.1561 - val_loss: 0.1559 - val_weighted_dice_loss: 0.1559

Epoch 00040: val_weighted_dice_loss did not improve from 0.15197
Epoch 41/150
 - 646s - loss: 0.1570 - weighted_dice_loss: 0.1570 - val_loss: 0.1629 - val_weighted_dice_loss: 0.1629

Epoch 00041: val_weighted_dice_loss did not improve from 0.15197
Epoch 42/150
 - 646s - loss: 0.1554 - weighted_dice_loss: 0.1554 - val_loss: 0.1545 - val_weighted_dice_loss: 0.1545

Epoch 00042: val_weighted_dice_loss did not improve from 0.15197
Epoch 43/150
 - 646s - loss: 0.1552 - weighted_dice_loss: 0.1552 - val_loss: 0.2938 - val_weighted_dice_loss: 0.2938

Epoch 00043: val_weighted_dice_loss did not improve from 0.15197
Epoch 44/150
 - 645s - loss: 0.1521 - weighted_dice_loss: 0.1521 - val_loss: 0.1878 - val_weighted_dice_loss: 0.1878

Epoch 00044: val_weighted_dice_loss did not improve from 0.15197
Epoch 45/150
 - 641s - loss: 0.1518 - weighted_dice_loss: 0.1518 - val_loss: 0.1870 - val_weighted_dice_loss: 0.1870

Epoch 00045: val_weighted_dice_loss did not improve from 0.15197
Epoch 46/150
 - 645s - loss: 0.1469 - weighted_dice_loss: 0.1469 - val_loss: 0.1472 - val_weighted_dice_loss: 0.1472

Epoch 00046: val_weighted_dice_loss improved from 0.15197 to 0.14723, saving model to ./Unet-weights/4_classes_5208_reals_4792_GANs.h5
Epoch 47/150
 - 645s - loss: 0.1517 - weighted_dice_loss: 0.1517 - val_loss: 0.2669 - val_weighted_dice_loss: 0.2669

Epoch 00047: val_weighted_dice_loss did not improve from 0.14723
Epoch 48/150
 - 646s - loss: 0.1471 - weighted_dice_loss: 0.1471 - val_loss: 0.1444 - val_weighted_dice_loss: 0.1444

Epoch 00048: val_weighted_dice_loss improved from 0.14723 to 0.14439, saving model to ./Unet-weights/4_classes_5208_reals_4792_GANs.h5
Epoch 49/150
 - 643s - loss: 0.1440 - weighted_dice_loss: 0.1440 - val_loss: 0.1449 - val_weighted_dice_loss: 0.1449

Epoch 00049: val_weighted_dice_loss did not improve from 0.14439
Epoch 50/150
 - 643s - loss: 0.1452 - weighted_dice_loss: 0.1452 - val_loss: 0.1399 - val_weighted_dice_loss: 0.1399

Epoch 00050: val_weighted_dice_loss improved from 0.14439 to 0.13988, saving model to ./Unet-weights/4_classes_5208_reals_4792_GANs.h5
Epoch 51/150
 - 645s - loss: 0.1428 - weighted_dice_loss: 0.1428 - val_loss: 0.3642 - val_weighted_dice_loss: 0.3642

Epoch 00051: val_weighted_dice_loss did not improve from 0.13988
Epoch 52/150
 - 640s - loss: 0.1405 - weighted_dice_loss: 0.1405 - val_loss: 0.6333 - val_weighted_dice_loss: 0.6333

Epoch 00052: val_weighted_dice_loss did not improve from 0.13988
Epoch 53/150
 - 642s - loss: 0.1394 - weighted_dice_loss: 0.1394 - val_loss: 0.1459 - val_weighted_dice_loss: 0.1459

Epoch 00053: val_weighted_dice_loss did not improve from 0.13988
Epoch 54/150
 - 640s - loss: 0.1393 - weighted_dice_loss: 0.1393 - val_loss: 0.1484 - val_weighted_dice_loss: 0.1484

Epoch 00054: val_weighted_dice_loss did not improve from 0.13988
Epoch 55/150
 - 642s - loss: 0.1411 - weighted_dice_loss: 0.1411 - val_loss: 0.1412 - val_weighted_dice_loss: 0.1412

Epoch 00055: val_weighted_dice_loss did not improve from 0.13988
Epoch 56/150
 - 640s - loss: 0.1370 - weighted_dice_loss: 0.1370 - val_loss: 0.1376 - val_weighted_dice_loss: 0.1376

Epoch 00056: val_weighted_dice_loss improved from 0.13988 to 0.13760, saving model to ./Unet-weights/4_classes_5208_reals_4792_GANs.h5
Epoch 57/150
 - 641s - loss: 0.1367 - weighted_dice_loss: 0.1367 - val_loss: 0.1392 - val_weighted_dice_loss: 0.1392

Epoch 00057: val_weighted_dice_loss did not improve from 0.13760
Epoch 58/150
 - 643s - loss: 0.1363 - weighted_dice_loss: 0.1363 - val_loss: 0.1470 - val_weighted_dice_loss: 0.1470

Epoch 00058: val_weighted_dice_loss did not improve from 0.13760
Epoch 59/150
 - 642s - loss: 0.1335 - weighted_dice_loss: 0.1335 - val_loss: 0.1378 - val_weighted_dice_loss: 0.1378

Epoch 00059: val_weighted_dice_loss did not improve from 0.13760
Epoch 60/150
 - 645s - loss: 0.1334 - weighted_dice_loss: 0.1334 - val_loss: 0.1345 - val_weighted_dice_loss: 0.1345

Epoch 00060: val_weighted_dice_loss improved from 0.13760 to 0.13452, saving model to ./Unet-weights/4_classes_5208_reals_4792_GANs.h5
Epoch 61/150
 - 645s - loss: 0.1301 - weighted_dice_loss: 0.1301 - val_loss: 0.1398 - val_weighted_dice_loss: 0.1398

Epoch 00061: val_weighted_dice_loss did not improve from 0.13452
Epoch 62/150
 - 645s - loss: 0.1292 - weighted_dice_loss: 0.1292 - val_loss: 0.6593 - val_weighted_dice_loss: 0.6593

Epoch 00062: val_weighted_dice_loss did not improve from 0.13452
Epoch 63/150
 - 642s - loss: 0.1293 - weighted_dice_loss: 0.1293 - val_loss: 0.1481 - val_weighted_dice_loss: 0.1481

Epoch 00063: val_weighted_dice_loss did not improve from 0.13452
Epoch 64/150
 - 643s - loss: 0.1280 - weighted_dice_loss: 0.1280 - val_loss: 0.1383 - val_weighted_dice_loss: 0.1383

Epoch 00064: val_weighted_dice_loss did not improve from 0.13452
Epoch 65/150
 - 646s - loss: 0.1263 - weighted_dice_loss: 0.1263 - val_loss: 0.1344 - val_weighted_dice_loss: 0.1344

Epoch 00065: val_weighted_dice_loss improved from 0.13452 to 0.13437, saving model to ./Unet-weights/4_classes_5208_reals_4792_GANs.h5
Epoch 66/150
 - 643s - loss: 0.1258 - weighted_dice_loss: 0.1258 - val_loss: 0.1350 - val_weighted_dice_loss: 0.1350

Epoch 00066: val_weighted_dice_loss did not improve from 0.13437
Epoch 67/150
 - 643s - loss: 0.1242 - weighted_dice_loss: 0.1242 - val_loss: 0.3984 - val_weighted_dice_loss: 0.3984

Epoch 00067: val_weighted_dice_loss did not improve from 0.13437
Epoch 68/150
 - 643s - loss: 0.1239 - weighted_dice_loss: 0.1239 - val_loss: 0.5149 - val_weighted_dice_loss: 0.5149

Epoch 00068: val_weighted_dice_loss did not improve from 0.13437
Epoch 69/150
 - 642s - loss: 0.1227 - weighted_dice_loss: 0.1227 - val_loss: 0.1450 - val_weighted_dice_loss: 0.1450

Epoch 00069: val_weighted_dice_loss did not improve from 0.13437
Epoch 70/150
 - 642s - loss: 0.1214 - weighted_dice_loss: 0.1214 - val_loss: 0.1339 - val_weighted_dice_loss: 0.1339

Epoch 00070: val_weighted_dice_loss improved from 0.13437 to 0.13388, saving model to ./Unet-weights/4_classes_5208_reals_4792_GANs.h5
Epoch 71/150
 - 643s - loss: 0.1209 - weighted_dice_loss: 0.1209 - val_loss: 0.1463 - val_weighted_dice_loss: 0.1463

Epoch 00071: val_weighted_dice_loss did not improve from 0.13388
Epoch 72/150
 - 643s - loss: 0.1187 - weighted_dice_loss: 0.1187 - val_loss: 0.1315 - val_weighted_dice_loss: 0.1315

Epoch 00072: val_weighted_dice_loss improved from 0.13388 to 0.13148, saving model to ./Unet-weights/4_classes_5208_reals_4792_GANs.h5
Epoch 73/150
 - 642s - loss: 0.1198 - weighted_dice_loss: 0.1198 - val_loss: 0.3410 - val_weighted_dice_loss: 0.3410

Epoch 00073: val_weighted_dice_loss did not improve from 0.13148
Epoch 74/150
 - 642s - loss: 0.1171 - weighted_dice_loss: 0.1171 - val_loss: 0.1302 - val_weighted_dice_loss: 0.1302

Epoch 00074: val_weighted_dice_loss improved from 0.13148 to 0.13020, saving model to ./Unet-weights/4_classes_5208_reals_4792_GANs.h5
Epoch 75/150
 - 644s - loss: 0.1167 - weighted_dice_loss: 0.1167 - val_loss: 0.1301 - val_weighted_dice_loss: 0.1301

Epoch 00075: val_weighted_dice_loss improved from 0.13020 to 0.13012, saving model to ./Unet-weights/4_classes_5208_reals_4792_GANs.h5
Epoch 76/150
 - 644s - loss: 0.1160 - weighted_dice_loss: 0.1160 - val_loss: 0.1324 - val_weighted_dice_loss: 0.1324

Epoch 00076: val_weighted_dice_loss did not improve from 0.13012
Epoch 77/150
 - 642s - loss: 0.1148 - weighted_dice_loss: 0.1148 - val_loss: 0.5498 - val_weighted_dice_loss: 0.5498

Epoch 00077: val_weighted_dice_loss did not improve from 0.13012
Epoch 78/150
 - 638s - loss: 0.1144 - weighted_dice_loss: 0.1144 - val_loss: 0.1339 - val_weighted_dice_loss: 0.1339

Epoch 00078: val_weighted_dice_loss did not improve from 0.13012
Epoch 79/150
 - 645s - loss: 0.1150 - weighted_dice_loss: 0.1150 - val_loss: 0.5612 - val_weighted_dice_loss: 0.5612

Epoch 00079: val_weighted_dice_loss did not improve from 0.13012
Epoch 80/150
 - 640s - loss: 0.1125 - weighted_dice_loss: 0.1125 - val_loss: 0.1309 - val_weighted_dice_loss: 0.1309

Epoch 00080: val_weighted_dice_loss did not improve from 0.13012
Epoch 81/150
 - 643s - loss: 0.1107 - weighted_dice_loss: 0.1107 - val_loss: 0.1300 - val_weighted_dice_loss: 0.1300

Epoch 00081: val_weighted_dice_loss improved from 0.13012 to 0.13002, saving model to ./Unet-weights/4_classes_5208_reals_4792_GANs.h5
Epoch 82/150
 - 640s - loss: 0.1110 - weighted_dice_loss: 0.1110 - val_loss: 0.7584 - val_weighted_dice_loss: 0.7584

Epoch 00082: val_weighted_dice_loss did not improve from 0.13002
Epoch 83/150
 - 640s - loss: 0.1109 - weighted_dice_loss: 0.1109 - val_loss: 0.1288 - val_weighted_dice_loss: 0.1288

Epoch 00083: val_weighted_dice_loss improved from 0.13002 to 0.12883, saving model to ./Unet-weights/4_classes_5208_reals_4792_GANs.h5
Epoch 84/150
 - 641s - loss: 0.1084 - weighted_dice_loss: 0.1084 - val_loss: 0.1324 - val_weighted_dice_loss: 0.1324

Epoch 00084: val_weighted_dice_loss did not improve from 0.12883
Epoch 85/150
 - 643s - loss: 0.1084 - weighted_dice_loss: 0.1084 - val_loss: 0.7667 - val_weighted_dice_loss: 0.7667

Epoch 00085: val_weighted_dice_loss did not improve from 0.12883
Epoch 86/150
 - 643s - loss: 0.1078 - weighted_dice_loss: 0.1078 - val_loss: 0.5090 - val_weighted_dice_loss: 0.5090

Epoch 00086: val_weighted_dice_loss did not improve from 0.12883
Epoch 87/150
 - 640s - loss: 0.1071 - weighted_dice_loss: 0.1071 - val_loss: 0.1331 - val_weighted_dice_loss: 0.1331

Epoch 00087: val_weighted_dice_loss did not improve from 0.12883
Epoch 88/150
 - 642s - loss: 0.1050 - weighted_dice_loss: 0.1050 - val_loss: 0.1300 - val_weighted_dice_loss: 0.1300

Epoch 00088: val_weighted_dice_loss did not improve from 0.12883
Epoch 89/150
 - 644s - loss: 0.1062 - weighted_dice_loss: 0.1062 - val_loss: 0.3652 - val_weighted_dice_loss: 0.3652

Epoch 00089: val_weighted_dice_loss did not improve from 0.12883
Epoch 90/150
 - 642s - loss: 0.1055 - weighted_dice_loss: 0.1055 - val_loss: 0.1416 - val_weighted_dice_loss: 0.1416

Epoch 00090: val_weighted_dice_loss did not improve from 0.12883
Epoch 91/150
 - 641s - loss: 0.1034 - weighted_dice_loss: 0.1034 - val_loss: 0.9512 - val_weighted_dice_loss: 0.9512

Epoch 00091: val_weighted_dice_loss did not improve from 0.12883
Epoch 92/150
 - 642s - loss: 0.1031 - weighted_dice_loss: 0.1031 - val_loss: 0.4502 - val_weighted_dice_loss: 0.4502

Epoch 00092: val_weighted_dice_loss did not improve from 0.12883
Epoch 93/150
 - 644s - loss: 0.1032 - weighted_dice_loss: 0.1032 - val_loss: 0.8030 - val_weighted_dice_loss: 0.8030

Epoch 00093: val_weighted_dice_loss did not improve from 0.12883
Epoch 94/150
 - 642s - loss: 0.1026 - weighted_dice_loss: 0.1026 - val_loss: 0.8596 - val_weighted_dice_loss: 0.8596

Epoch 00094: val_weighted_dice_loss did not improve from 0.12883
Epoch 95/150
 - 643s - loss: 0.1019 - weighted_dice_loss: 0.1019 - val_loss: 0.1298 - val_weighted_dice_loss: 0.1298

Epoch 00095: val_weighted_dice_loss did not improve from 0.12883
Epoch 96/150
 - 644s - loss: 0.1011 - weighted_dice_loss: 0.1011 - val_loss: 0.5760 - val_weighted_dice_loss: 0.5760

Epoch 00096: val_weighted_dice_loss did not improve from 0.12883
Epoch 97/150
 - 642s - loss: 0.1005 - weighted_dice_loss: 0.1005 - val_loss: 0.1290 - val_weighted_dice_loss: 0.1290

Epoch 00097: val_weighted_dice_loss did not improve from 0.12883
Epoch 98/150
 - 643s - loss: 0.0985 - weighted_dice_loss: 0.0985 - val_loss: 0.1498 - val_weighted_dice_loss: 0.1498

Epoch 00098: val_weighted_dice_loss did not improve from 0.12883
Epoch 99/150
 - 642s - loss: 0.0990 - weighted_dice_loss: 0.0990 - val_loss: 0.1462 - val_weighted_dice_loss: 0.1462

Epoch 00099: val_weighted_dice_loss did not improve from 0.12883
Epoch 100/150
 - 644s - loss: 0.0983 - weighted_dice_loss: 0.0983 - val_loss: 0.1291 - val_weighted_dice_loss: 0.1291

Epoch 00100: val_weighted_dice_loss did not improve from 0.12883
Epoch 101/150
 - 641s - loss: 0.0981 - weighted_dice_loss: 0.0981 - val_loss: 0.1274 - val_weighted_dice_loss: 0.1274

Epoch 00101: val_weighted_dice_loss improved from 0.12883 to 0.12739, saving model to ./Unet-weights/4_classes_5208_reals_4792_GANs.h5
Epoch 102/150
 - 642s - loss: 0.0981 - weighted_dice_loss: 0.0981 - val_loss: 0.7669 - val_weighted_dice_loss: 0.7669

Epoch 00102: val_weighted_dice_loss did not improve from 0.12739
Epoch 103/150
 - 641s - loss: 0.0963 - weighted_dice_loss: 0.0963 - val_loss: 0.7699 - val_weighted_dice_loss: 0.7699

Epoch 00103: val_weighted_dice_loss did not improve from 0.12739
Epoch 104/150
 - 644s - loss: 0.0965 - weighted_dice_loss: 0.0965 - val_loss: 0.1434 - val_weighted_dice_loss: 0.1434

Epoch 00104: val_weighted_dice_loss did not improve from 0.12739
Epoch 105/150
 - 643s - loss: 0.0954 - weighted_dice_loss: 0.0954 - val_loss: 0.1273 - val_weighted_dice_loss: 0.1273

Epoch 00105: val_weighted_dice_loss improved from 0.12739 to 0.12729, saving model to ./Unet-weights/4_classes_5208_reals_4792_GANs.h5
Epoch 106/150
 - 645s - loss: 0.0949 - weighted_dice_loss: 0.0949 - val_loss: 0.9517 - val_weighted_dice_loss: 0.9517

Epoch 00106: val_weighted_dice_loss did not improve from 0.12729
Epoch 107/150
 - 641s - loss: 0.0946 - weighted_dice_loss: 0.0946 - val_loss: 0.9649 - val_weighted_dice_loss: 0.9649

Epoch 00107: val_weighted_dice_loss did not improve from 0.12729
Epoch 108/150
 - 641s - loss: 0.0928 - weighted_dice_loss: 0.0928 - val_loss: 0.5770 - val_weighted_dice_loss: 0.5770

Epoch 00108: val_weighted_dice_loss did not improve from 0.12729
Epoch 109/150
 - 641s - loss: 0.0939 - weighted_dice_loss: 0.0939 - val_loss: 0.1274 - val_weighted_dice_loss: 0.1274

Epoch 00109: val_weighted_dice_loss did not improve from 0.12729
Epoch 110/150
 - 644s - loss: 0.0922 - weighted_dice_loss: 0.0922 - val_loss: 0.1561 - val_weighted_dice_loss: 0.1561

Epoch 00110: val_weighted_dice_loss did not improve from 0.12729
Epoch 111/150
 - 642s - loss: 0.0920 - weighted_dice_loss: 0.0920 - val_loss: 0.1244 - val_weighted_dice_loss: 0.1244

Epoch 00111: val_weighted_dice_loss improved from 0.12729 to 0.12441, saving model to ./Unet-weights/4_classes_5208_reals_4792_GANs.h5
Epoch 112/150
 - 640s - loss: 0.0910 - weighted_dice_loss: 0.0910 - val_loss: 0.1301 - val_weighted_dice_loss: 0.1301

Epoch 00112: val_weighted_dice_loss did not improve from 0.12441
Epoch 113/150
 - 643s - loss: 0.0912 - weighted_dice_loss: 0.0912 - val_loss: 0.1216 - val_weighted_dice_loss: 0.1216

Epoch 00113: val_weighted_dice_loss improved from 0.12441 to 0.12160, saving model to ./Unet-weights/4_classes_5208_reals_4792_GANs.h5
Epoch 114/150
 - 641s - loss: 0.0906 - weighted_dice_loss: 0.0906 - val_loss: 0.1333 - val_weighted_dice_loss: 0.1333

Epoch 00114: val_weighted_dice_loss did not improve from 0.12160
Epoch 115/150
 - 642s - loss: 0.0905 - weighted_dice_loss: 0.0905 - val_loss: 0.1234 - val_weighted_dice_loss: 0.1234

Epoch 00115: val_weighted_dice_loss did not improve from 0.12160
Epoch 116/150
 - 644s - loss: 0.0902 - weighted_dice_loss: 0.0902 - val_loss: 0.2122 - val_weighted_dice_loss: 0.2122

Epoch 00116: val_weighted_dice_loss did not improve from 0.12160
Epoch 117/150
 - 641s - loss: 0.0892 - weighted_dice_loss: 0.0892 - val_loss: 0.5267 - val_weighted_dice_loss: 0.5267

Epoch 00117: val_weighted_dice_loss did not improve from 0.12160
Epoch 118/150
 - 644s - loss: 0.0890 - weighted_dice_loss: 0.0890 - val_loss: 0.1225 - val_weighted_dice_loss: 0.1225

Epoch 00118: val_weighted_dice_loss did not improve from 0.12160
Epoch 119/150
 - 643s - loss: 0.0887 - weighted_dice_loss: 0.0887 - val_loss: 0.1254 - val_weighted_dice_loss: 0.1254

Epoch 00119: val_weighted_dice_loss did not improve from 0.12160
Epoch 120/150
 - 643s - loss: 0.0878 - weighted_dice_loss: 0.0878 - val_loss: 0.1240 - val_weighted_dice_loss: 0.1240

Epoch 00120: val_weighted_dice_loss did not improve from 0.12160
Epoch 121/150
 - 643s - loss: 0.0867 - weighted_dice_loss: 0.0867 - val_loss: 0.7791 - val_weighted_dice_loss: 0.7791

Epoch 00121: val_weighted_dice_loss did not improve from 0.12160
Epoch 122/150
 - 642s - loss: 0.0858 - weighted_dice_loss: 0.0858 - val_loss: 0.1338 - val_weighted_dice_loss: 0.1338

Epoch 00122: val_weighted_dice_loss did not improve from 0.12160
Epoch 123/150
 - 644s - loss: 0.0878 - weighted_dice_loss: 0.0878 - val_loss: 0.1475 - val_weighted_dice_loss: 0.1475

Epoch 00123: val_weighted_dice_loss did not improve from 0.12160
Epoch 124/150
 - 645s - loss: 0.0859 - weighted_dice_loss: 0.0859 - val_loss: 0.1435 - val_weighted_dice_loss: 0.1435

Epoch 00124: val_weighted_dice_loss did not improve from 0.12160
Epoch 125/150
 - 643s - loss: 0.0856 - weighted_dice_loss: 0.0856 - val_loss: 0.1248 - val_weighted_dice_loss: 0.1248

Epoch 00125: val_weighted_dice_loss did not improve from 0.12160
Epoch 126/150
 - 643s - loss: 0.0846 - weighted_dice_loss: 0.0846 - val_loss: 0.1593 - val_weighted_dice_loss: 0.1593

Epoch 00126: val_weighted_dice_loss did not improve from 0.12160
Epoch 127/150
 - 647s - loss: 0.0853 - weighted_dice_loss: 0.0853 - val_loss: 0.1309 - val_weighted_dice_loss: 0.1309

Epoch 00127: val_weighted_dice_loss did not improve from 0.12160
Epoch 128/150
 - 642s - loss: 0.0837 - weighted_dice_loss: 0.0837 - val_loss: 0.1245 - val_weighted_dice_loss: 0.1245

Epoch 00128: val_weighted_dice_loss did not improve from 0.12160
Epoch 129/150
 - 646s - loss: 0.0842 - weighted_dice_loss: 0.0842 - val_loss: 0.3879 - val_weighted_dice_loss: 0.3879

Epoch 00129: val_weighted_dice_loss did not improve from 0.12160
Epoch 130/150
 - 645s - loss: 0.0828 - weighted_dice_loss: 0.0828 - val_loss: 0.1346 - val_weighted_dice_loss: 0.1346

Epoch 00130: val_weighted_dice_loss did not improve from 0.12160
Epoch 131/150
 - 640s - loss: 0.0829 - weighted_dice_loss: 0.0829 - val_loss: 0.7695 - val_weighted_dice_loss: 0.7695

Epoch 00131: val_weighted_dice_loss did not improve from 0.12160
Epoch 132/150
 - 643s - loss: 0.0827 - weighted_dice_loss: 0.0827 - val_loss: 0.2473 - val_weighted_dice_loss: 0.2473

Epoch 00132: val_weighted_dice_loss did not improve from 0.12160
Epoch 133/150
 - 643s - loss: 0.0816 - weighted_dice_loss: 0.0816 - val_loss: 0.7999 - val_weighted_dice_loss: 0.7999

Epoch 00133: val_weighted_dice_loss did not improve from 0.12160
Epoch 134/150
 - 645s - loss: 0.0813 - weighted_dice_loss: 0.0813 - val_loss: 0.3259 - val_weighted_dice_loss: 0.3259

Epoch 00134: val_weighted_dice_loss did not improve from 0.12160
Epoch 135/150
 - 644s - loss: 0.0814 - weighted_dice_loss: 0.0814 - val_loss: 0.1521 - val_weighted_dice_loss: 0.1521

Epoch 00135: val_weighted_dice_loss did not improve from 0.12160
Epoch 136/150
 - 643s - loss: 0.0803 - weighted_dice_loss: 0.0803 - val_loss: 0.1264 - val_weighted_dice_loss: 0.1264

Epoch 00136: val_weighted_dice_loss did not improve from 0.12160
Epoch 137/150
 - 645s - loss: 0.0806 - weighted_dice_loss: 0.0806 - val_loss: 0.2135 - val_weighted_dice_loss: 0.2135

Epoch 00137: val_weighted_dice_loss did not improve from 0.12160
Epoch 138/150
 - 643s - loss: 0.0804 - weighted_dice_loss: 0.0804 - val_loss: 0.4532 - val_weighted_dice_loss: 0.4532

Epoch 00138: val_weighted_dice_loss did not improve from 0.12160
Epoch 139/150
 - 642s - loss: 0.0796 - weighted_dice_loss: 0.0796 - val_loss: 0.2191 - val_weighted_dice_loss: 0.2191

Epoch 00139: val_weighted_dice_loss did not improve from 0.12160
Epoch 140/150
 - 643s - loss: 0.0798 - weighted_dice_loss: 0.0798 - val_loss: 0.1331 - val_weighted_dice_loss: 0.1331

Epoch 00140: val_weighted_dice_loss did not improve from 0.12160
Epoch 141/150
 - 644s - loss: 0.0791 - weighted_dice_loss: 0.0791 - val_loss: 0.1236 - val_weighted_dice_loss: 0.1236

Epoch 00141: val_weighted_dice_loss did not improve from 0.12160
Epoch 142/150
 - 642s - loss: 0.0783 - weighted_dice_loss: 0.0783 - val_loss: 0.8448 - val_weighted_dice_loss: 0.8448

Epoch 00142: val_weighted_dice_loss did not improve from 0.12160
Epoch 143/150
 - 643s - loss: 0.0784 - weighted_dice_loss: 0.0784 - val_loss: 0.1297 - val_weighted_dice_loss: 0.1297

Epoch 00143: val_weighted_dice_loss did not improve from 0.12160
Epoch 144/150
 - 643s - loss: 0.0784 - weighted_dice_loss: 0.0784 - val_loss: 0.1252 - val_weighted_dice_loss: 0.1252

Epoch 00144: val_weighted_dice_loss did not improve from 0.12160
Epoch 145/150
 - 641s - loss: 0.0774 - weighted_dice_loss: 0.0774 - val_loss: 0.2297 - val_weighted_dice_loss: 0.2297

Epoch 00145: val_weighted_dice_loss did not improve from 0.12160
Epoch 146/150
 - 644s - loss: 0.0771 - weighted_dice_loss: 0.0771 - val_loss: 0.7196 - val_weighted_dice_loss: 0.7196

Epoch 00146: val_weighted_dice_loss did not improve from 0.12160
Epoch 147/150
 - 642s - loss: 0.0771 - weighted_dice_loss: 0.0771 - val_loss: 0.7044 - val_weighted_dice_loss: 0.7044

Epoch 00147: val_weighted_dice_loss did not improve from 0.12160
Epoch 148/150
 - 644s - loss: 0.0763 - weighted_dice_loss: 0.0763 - val_loss: 0.2657 - val_weighted_dice_loss: 0.2657

Epoch 00148: val_weighted_dice_loss did not improve from 0.12160
Epoch 149/150
 - 643s - loss: 0.0767 - weighted_dice_loss: 0.0767 - val_loss: 0.3011 - val_weighted_dice_loss: 0.3011

Epoch 00149: val_weighted_dice_loss did not improve from 0.12160
Epoch 150/150
 - 644s - loss: 0.0765 - weighted_dice_loss: 0.0765 - val_loss: 0.9647 - val_weighted_dice_loss: 0.9647

Epoch 00150: val_weighted_dice_loss did not improve from 0.12160
Finished training.
