nohup: ignoring input
2020-06-15 14:39:36.289732: I tensorflow/core/platform/cpu_feature_guard.cc:142] Your CPU supports instructions that this TensorFlow binary was not compiled to use: SSE4.1 SSE4.2 AVX
2020-06-15 14:39:36.304024: I tensorflow/core/platform/profile_utils/cpu_utils.cc:94] CPU Frequency: 3602270000 Hz
2020-06-15 14:39:36.305227: I tensorflow/compiler/xla/service/service.cc:168] XLA service 0x560b851904f0 executing computations on platform Host. Devices:
2020-06-15 14:39:36.305291: I tensorflow/compiler/xla/service/service.cc:175]   StreamExecutor device (0): <undefined>, <undefined>
2020-06-15 14:39:36.307013: I tensorflow/stream_executor/platform/default/dso_loader.cc:42] Successfully opened dynamic library libcuda.so.1
2020-06-15 14:39:36.329742: I tensorflow/stream_executor/cuda/cuda_gpu_executor.cc:1005] successful NUMA node read from SysFS had negative value (-1), but there must be at least one NUMA node, so returning NUMA node zero
2020-06-15 14:39:36.330818: I tensorflow/core/common_runtime/gpu/gpu_device.cc:1640] Found device 0 with properties: 
name: GeForce GTX 1080 major: 6 minor: 1 memoryClockRate(GHz): 1.7335
pciBusID: 0000:01:00.0
2020-06-15 14:39:36.332839: I tensorflow/stream_executor/platform/default/dso_loader.cc:42] Successfully opened dynamic library libcudart.so.10.1
2020-06-15 14:39:36.338904: I tensorflow/stream_executor/platform/default/dso_loader.cc:42] Successfully opened dynamic library libcublas.so.10
2020-06-15 14:39:36.343202: I tensorflow/stream_executor/platform/default/dso_loader.cc:42] Successfully opened dynamic library libcufft.so.10
2020-06-15 14:39:36.345078: I tensorflow/stream_executor/platform/default/dso_loader.cc:42] Successfully opened dynamic library libcurand.so.10
2020-06-15 14:39:36.349781: I tensorflow/stream_executor/platform/default/dso_loader.cc:42] Successfully opened dynamic library libcusolver.so.10
2020-06-15 14:39:36.352897: I tensorflow/stream_executor/platform/default/dso_loader.cc:42] Successfully opened dynamic library libcusparse.so.10
2020-06-15 14:39:36.362301: I tensorflow/stream_executor/platform/default/dso_loader.cc:42] Successfully opened dynamic library libcudnn.so.7
2020-06-15 14:39:36.362494: I tensorflow/stream_executor/cuda/cuda_gpu_executor.cc:1005] successful NUMA node read from SysFS had negative value (-1), but there must be at least one NUMA node, so returning NUMA node zero
2020-06-15 14:39:36.363579: I tensorflow/stream_executor/cuda/cuda_gpu_executor.cc:1005] successful NUMA node read from SysFS had negative value (-1), but there must be at least one NUMA node, so returning NUMA node zero
2020-06-15 14:39:36.364486: I tensorflow/core/common_runtime/gpu/gpu_device.cc:1763] Adding visible gpu devices: 0
2020-06-15 14:39:36.364547: I tensorflow/stream_executor/platform/default/dso_loader.cc:42] Successfully opened dynamic library libcudart.so.10.1
2020-06-15 14:39:36.458639: I tensorflow/core/common_runtime/gpu/gpu_device.cc:1181] Device interconnect StreamExecutor with strength 1 edge matrix:
2020-06-15 14:39:36.458691: I tensorflow/core/common_runtime/gpu/gpu_device.cc:1187]      0 
2020-06-15 14:39:36.458709: I tensorflow/core/common_runtime/gpu/gpu_device.cc:1200] 0:   N 
2020-06-15 14:39:36.458897: I tensorflow/stream_executor/cuda/cuda_gpu_executor.cc:1005] successful NUMA node read from SysFS had negative value (-1), but there must be at least one NUMA node, so returning NUMA node zero
2020-06-15 14:39:36.459518: I tensorflow/stream_executor/cuda/cuda_gpu_executor.cc:1005] successful NUMA node read from SysFS had negative value (-1), but there must be at least one NUMA node, so returning NUMA node zero
2020-06-15 14:39:36.460105: I tensorflow/stream_executor/cuda/cuda_gpu_executor.cc:1005] successful NUMA node read from SysFS had negative value (-1), but there must be at least one NUMA node, so returning NUMA node zero
2020-06-15 14:39:36.460669: I tensorflow/core/common_runtime/gpu/gpu_device.cc:1326] Created TensorFlow device (/job:localhost/replica:0/task:0/device:GPU:0 with 7565 MB memory) -> physical GPU (device: 0, name: GeForce GTX 1080, pci bus id: 0000:01:00.0, compute capability: 6.1)
2020-06-15 14:39:36.463361: I tensorflow/compiler/xla/service/service.cc:168] XLA service 0x560b85c8dd90 executing computations on platform CUDA. Devices:
2020-06-15 14:39:36.463389: I tensorflow/compiler/xla/service/service.cc:175]   StreamExecutor device (0): GeForce GTX 1080, Compute Capability 6.1
/home/mehfo331/.conda/envs/thesis/lib/python3.6/site-packages/tensorflow/python/framework/dtypes.py:516: FutureWarning: Passing (type, 1) or '1type' as a synonym of type is deprecated; in a future version of numpy, it will be understood as (type, (1,)) / '(1,)type'.
  _np_qint8 = np.dtype([("qint8", np.int8, 1)])
/home/mehfo331/.conda/envs/thesis/lib/python3.6/site-packages/tensorflow/python/framework/dtypes.py:517: FutureWarning: Passing (type, 1) or '1type' as a synonym of type is deprecated; in a future version of numpy, it will be understood as (type, (1,)) / '(1,)type'.
  _np_quint8 = np.dtype([("quint8", np.uint8, 1)])
/home/mehfo331/.conda/envs/thesis/lib/python3.6/site-packages/tensorflow/python/framework/dtypes.py:518: FutureWarning: Passing (type, 1) or '1type' as a synonym of type is deprecated; in a future version of numpy, it will be understood as (type, (1,)) / '(1,)type'.
  _np_qint16 = np.dtype([("qint16", np.int16, 1)])
/home/mehfo331/.conda/envs/thesis/lib/python3.6/site-packages/tensorflow/python/framework/dtypes.py:519: FutureWarning: Passing (type, 1) or '1type' as a synonym of type is deprecated; in a future version of numpy, it will be understood as (type, (1,)) / '(1,)type'.
  _np_quint16 = np.dtype([("quint16", np.uint16, 1)])
/home/mehfo331/.conda/envs/thesis/lib/python3.6/site-packages/tensorflow/python/framework/dtypes.py:520: FutureWarning: Passing (type, 1) or '1type' as a synonym of type is deprecated; in a future version of numpy, it will be understood as (type, (1,)) / '(1,)type'.
  _np_qint32 = np.dtype([("qint32", np.int32, 1)])
/home/mehfo331/.conda/envs/thesis/lib/python3.6/site-packages/tensorflow/python/framework/dtypes.py:525: FutureWarning: Passing (type, 1) or '1type' as a synonym of type is deprecated; in a future version of numpy, it will be understood as (type, (1,)) / '(1,)type'.
  np_resource = np.dtype([("resource", np.ubyte, 1)])
/home/mehfo331/.conda/envs/thesis/lib/python3.6/site-packages/tensorboard/compat/tensorflow_stub/dtypes.py:541: FutureWarning: Passing (type, 1) or '1type' as a synonym of type is deprecated; in a future version of numpy, it will be understood as (type, (1,)) / '(1,)type'.
  _np_qint8 = np.dtype([("qint8", np.int8, 1)])
/home/mehfo331/.conda/envs/thesis/lib/python3.6/site-packages/tensorboard/compat/tensorflow_stub/dtypes.py:542: FutureWarning: Passing (type, 1) or '1type' as a synonym of type is deprecated; in a future version of numpy, it will be understood as (type, (1,)) / '(1,)type'.
  _np_quint8 = np.dtype([("quint8", np.uint8, 1)])
/home/mehfo331/.conda/envs/thesis/lib/python3.6/site-packages/tensorboard/compat/tensorflow_stub/dtypes.py:543: FutureWarning: Passing (type, 1) or '1type' as a synonym of type is deprecated; in a future version of numpy, it will be understood as (type, (1,)) / '(1,)type'.
  _np_qint16 = np.dtype([("qint16", np.int16, 1)])
/home/mehfo331/.conda/envs/thesis/lib/python3.6/site-packages/tensorboard/compat/tensorflow_stub/dtypes.py:544: FutureWarning: Passing (type, 1) or '1type' as a synonym of type is deprecated; in a future version of numpy, it will be understood as (type, (1,)) / '(1,)type'.
  _np_quint16 = np.dtype([("quint16", np.uint16, 1)])
/home/mehfo331/.conda/envs/thesis/lib/python3.6/site-packages/tensorboard/compat/tensorflow_stub/dtypes.py:545: FutureWarning: Passing (type, 1) or '1type' as a synonym of type is deprecated; in a future version of numpy, it will be understood as (type, (1,)) / '(1,)type'.
  _np_qint32 = np.dtype([("qint32", np.int32, 1)])
/home/mehfo331/.conda/envs/thesis/lib/python3.6/site-packages/tensorboard/compat/tensorflow_stub/dtypes.py:550: FutureWarning: Passing (type, 1) or '1type' as a synonym of type is deprecated; in a future version of numpy, it will be understood as (type, (1,)) / '(1,)type'.
  np_resource = np.dtype([("resource", np.ubyte, 1)])
Using TensorFlow backend.
WARNING:tensorflow:From segmentation.py:20: The name tf.keras.backend.set_session is deprecated. Please use tf.compat.v1.keras.backend.set_session instead.

WARNING:tensorflow:From segmentation.py:33: The name tf.ConfigProto is deprecated. Please use tf.compat.v1.ConfigProto instead.

WARNING:tensorflow:From segmentation.py:35: The name tf.Session is deprecated. Please use tf.compat.v1.Session instead.

2020-06-15 14:39:36.464642: I tensorflow/stream_executor/cuda/cuda_gpu_executor.cc:1005] successful NUMA node read from SysFS had negative value (-1), but there must be at least one NUMA node, so returning NUMA node zero
2020-06-15 14:39:36.465189: I tensorflow/core/common_runtime/gpu/gpu_device.cc:1640] Found device 0 with properties: 
name: GeForce GTX 1080 major: 6 minor: 1 memoryClockRate(GHz): 1.7335
pciBusID: 0000:01:00.0
2020-06-15 14:39:36.465233: I tensorflow/stream_executor/platform/default/dso_loader.cc:42] Successfully opened dynamic library libcudart.so.10.1
2020-06-15 14:39:36.465257: I tensorflow/stream_executor/platform/default/dso_loader.cc:42] Successfully opened dynamic library libcublas.so.10
2020-06-15 14:39:36.465279: I tensorflow/stream_executor/platform/default/dso_loader.cc:42] Successfully opened dynamic library libcufft.so.10
2020-06-15 14:39:36.465299: I tensorflow/stream_executor/platform/default/dso_loader.cc:42] Successfully opened dynamic library libcurand.so.10
2020-06-15 14:39:36.465320: I tensorflow/stream_executor/platform/default/dso_loader.cc:42] Successfully opened dynamic library libcusolver.so.10
2020-06-15 14:39:36.465341: I tensorflow/stream_executor/platform/default/dso_loader.cc:42] Successfully opened dynamic library libcusparse.so.10
2020-06-15 14:39:36.465362: I tensorflow/stream_executor/platform/default/dso_loader.cc:42] Successfully opened dynamic library libcudnn.so.7
2020-06-15 14:39:36.465435: I tensorflow/stream_executor/cuda/cuda_gpu_executor.cc:1005] successful NUMA node read from SysFS had negative value (-1), but there must be at least one NUMA node, so returning NUMA node zero
2020-06-15 14:39:36.466008: I tensorflow/stream_executor/cuda/cuda_gpu_executor.cc:1005] successful NUMA node read from SysFS had negative value (-1), but there must be at least one NUMA node, so returning NUMA node zero
2020-06-15 14:39:36.466532: I tensorflow/core/common_runtime/gpu/gpu_device.cc:1763] Adding visible gpu devices: 0
2020-06-15 14:39:36.466564: I tensorflow/core/common_runtime/gpu/gpu_device.cc:1181] Device interconnect StreamExecutor with strength 1 edge matrix:
2020-06-15 14:39:36.466577: I tensorflow/core/common_runtime/gpu/gpu_device.cc:1187]      0 
2020-06-15 14:39:36.466588: I tensorflow/core/common_runtime/gpu/gpu_device.cc:1200] 0:   N 
2020-06-15 14:39:36.466684: I tensorflow/stream_executor/cuda/cuda_gpu_executor.cc:1005] successful NUMA node read from SysFS had negative value (-1), but there must be at least one NUMA node, so returning NUMA node zero
2020-06-15 14:39:36.467268: I tensorflow/stream_executor/cuda/cuda_gpu_executor.cc:1005] successful NUMA node read from SysFS had negative value (-1), but there must be at least one NUMA node, so returning NUMA node zero
2020-06-15 14:39:36.467796: I tensorflow/core/common_runtime/gpu/gpu_device.cc:1326] Created TensorFlow device (/job:localhost/replica:0/task:0/device:GPU:0 with 7565 MB memory) -> physical GPU (device: 0, name: GeForce GTX 1080, pci bus id: 0000:01:00.0, compute capability: 6.1)
WARNING:tensorflow:From /home/mehfo331/.conda/envs/thesis/lib/python3.6/site-packages/keras/backend/tensorflow_backend.py:74: The name tf.get_default_graph is deprecated. Please use tf.compat.v1.get_default_graph instead.

WARNING:tensorflow:From /home/mehfo331/.conda/envs/thesis/lib/python3.6/site-packages/keras/backend/tensorflow_backend.py:517: The name tf.placeholder is deprecated. Please use tf.compat.v1.placeholder instead.

WARNING:tensorflow:From /home/mehfo331/.conda/envs/thesis/lib/python3.6/site-packages/keras/backend/tensorflow_backend.py:4185: The name tf.truncated_normal is deprecated. Please use tf.random.truncated_normal instead.

WARNING:tensorflow:From /home/mehfo331/.conda/envs/thesis/lib/python3.6/site-packages/keras/backend/tensorflow_backend.py:1834: The name tf.nn.fused_batch_norm is deprecated. Please use tf.compat.v1.nn.fused_batch_norm instead.

WARNING:tensorflow:From /home/mehfo331/.conda/envs/thesis/lib/python3.6/site-packages/keras/backend/tensorflow_backend.py:3976: The name tf.nn.max_pool is deprecated. Please use tf.nn.max_pool2d instead.

WARNING:tensorflow:From /home/mehfo331/.conda/envs/thesis/lib/python3.6/site-packages/keras/optimizers.py:790: The name tf.train.Optimizer is deprecated. Please use tf.compat.v1.train.Optimizer instead.

2020-06-15 14:40:13.178744: I tensorflow/stream_executor/platform/default/dso_loader.cc:42] Successfully opened dynamic library libcudnn.so.7

Reading data...
Finished reading data.

Reading data...
Finished reading data.

Training 7 classes with 5208 images (5208 real and 0 GAN images):

Epoch 1/150
 - 391s - loss: 0.7691 - weighted_dice_loss: 0.7691 - val_loss: 0.6594 - val_weighted_dice_loss: 0.6594

Epoch 00001: val_weighted_dice_loss improved from inf to 0.65945, saving model to ./Unet-weights/New/7_classes_5208_reals_0_GANs.h5
Epoch 2/150
 - 375s - loss: 0.5816 - weighted_dice_loss: 0.5816 - val_loss: 0.4834 - val_weighted_dice_loss: 0.4834

Epoch 00002: val_weighted_dice_loss improved from 0.65945 to 0.48344, saving model to ./Unet-weights/New/7_classes_5208_reals_0_GANs.h5
Epoch 3/150
 - 376s - loss: 0.3498 - weighted_dice_loss: 0.3498 - val_loss: 0.3123 - val_weighted_dice_loss: 0.3123

Epoch 00003: val_weighted_dice_loss improved from 0.48344 to 0.31231, saving model to ./Unet-weights/New/7_classes_5208_reals_0_GANs.h5
Epoch 4/150
 - 375s - loss: 0.2950 - weighted_dice_loss: 0.2950 - val_loss: 0.2936 - val_weighted_dice_loss: 0.2936

Epoch 00004: val_weighted_dice_loss improved from 0.31231 to 0.29358, saving model to ./Unet-weights/New/7_classes_5208_reals_0_GANs.h5
Epoch 5/150
 - 375s - loss: 0.2780 - weighted_dice_loss: 0.2780 - val_loss: 0.2707 - val_weighted_dice_loss: 0.2707

Epoch 00005: val_weighted_dice_loss improved from 0.29358 to 0.27065, saving model to ./Unet-weights/New/7_classes_5208_reals_0_GANs.h5
Epoch 6/150
 - 376s - loss: 0.2720 - weighted_dice_loss: 0.2720 - val_loss: 0.2727 - val_weighted_dice_loss: 0.2727

Epoch 00006: val_weighted_dice_loss did not improve from 0.27065
Epoch 7/150
 - 375s - loss: 0.2584 - weighted_dice_loss: 0.2584 - val_loss: 0.2784 - val_weighted_dice_loss: 0.2784

Epoch 00007: val_weighted_dice_loss did not improve from 0.27065
Epoch 8/150
 - 376s - loss: 0.2543 - weighted_dice_loss: 0.2543 - val_loss: 0.3130 - val_weighted_dice_loss: 0.3130

Epoch 00008: val_weighted_dice_loss did not improve from 0.27065
Epoch 9/150
 - 376s - loss: 0.2461 - weighted_dice_loss: 0.2461 - val_loss: 0.2480 - val_weighted_dice_loss: 0.2480

Epoch 00009: val_weighted_dice_loss improved from 0.27065 to 0.24802, saving model to ./Unet-weights/New/7_classes_5208_reals_0_GANs.h5
Epoch 10/150
 - 376s - loss: 0.2454 - weighted_dice_loss: 0.2454 - val_loss: 0.2550 - val_weighted_dice_loss: 0.2550

Epoch 00010: val_weighted_dice_loss did not improve from 0.24802
Epoch 11/150
 - 375s - loss: 0.2379 - weighted_dice_loss: 0.2379 - val_loss: 0.2460 - val_weighted_dice_loss: 0.2460

Epoch 00011: val_weighted_dice_loss improved from 0.24802 to 0.24597, saving model to ./Unet-weights/New/7_classes_5208_reals_0_GANs.h5
Epoch 12/150
 - 376s - loss: 0.2319 - weighted_dice_loss: 0.2319 - val_loss: 0.2347 - val_weighted_dice_loss: 0.2347

Epoch 00012: val_weighted_dice_loss improved from 0.24597 to 0.23472, saving model to ./Unet-weights/New/7_classes_5208_reals_0_GANs.h5
Epoch 13/150
 - 376s - loss: 0.2280 - weighted_dice_loss: 0.2280 - val_loss: 0.2434 - val_weighted_dice_loss: 0.2434

Epoch 00013: val_weighted_dice_loss did not improve from 0.23472
Epoch 14/150
 - 376s - loss: 0.2223 - weighted_dice_loss: 0.2223 - val_loss: 0.2381 - val_weighted_dice_loss: 0.2381

Epoch 00014: val_weighted_dice_loss did not improve from 0.23472
Epoch 15/150
 - 376s - loss: 0.2220 - weighted_dice_loss: 0.2220 - val_loss: 0.2336 - val_weighted_dice_loss: 0.2336

Epoch 00015: val_weighted_dice_loss improved from 0.23472 to 0.23363, saving model to ./Unet-weights/New/7_classes_5208_reals_0_GANs.h5
Epoch 16/150
 - 375s - loss: 0.2200 - weighted_dice_loss: 0.2200 - val_loss: 0.2343 - val_weighted_dice_loss: 0.2343

Epoch 00016: val_weighted_dice_loss did not improve from 0.23363
Epoch 17/150
 - 376s - loss: 0.2108 - weighted_dice_loss: 0.2108 - val_loss: 0.2211 - val_weighted_dice_loss: 0.2211

Epoch 00017: val_weighted_dice_loss improved from 0.23363 to 0.22110, saving model to ./Unet-weights/New/7_classes_5208_reals_0_GANs.h5
Epoch 18/150
 - 376s - loss: 0.2105 - weighted_dice_loss: 0.2105 - val_loss: 0.2283 - val_weighted_dice_loss: 0.2283

Epoch 00018: val_weighted_dice_loss did not improve from 0.22110
Epoch 19/150
 - 376s - loss: 0.2052 - weighted_dice_loss: 0.2052 - val_loss: 0.2313 - val_weighted_dice_loss: 0.2313

Epoch 00019: val_weighted_dice_loss did not improve from 0.22110
Epoch 20/150
 - 376s - loss: 0.2053 - weighted_dice_loss: 0.2053 - val_loss: 0.2290 - val_weighted_dice_loss: 0.2290

Epoch 00020: val_weighted_dice_loss did not improve from 0.22110
Epoch 21/150
 - 375s - loss: 0.2018 - weighted_dice_loss: 0.2018 - val_loss: 0.2267 - val_weighted_dice_loss: 0.2267

Epoch 00021: val_weighted_dice_loss did not improve from 0.22110
Epoch 22/150
 - 375s - loss: 0.1981 - weighted_dice_loss: 0.1981 - val_loss: 0.2190 - val_weighted_dice_loss: 0.2190

Epoch 00022: val_weighted_dice_loss improved from 0.22110 to 0.21895, saving model to ./Unet-weights/New/7_classes_5208_reals_0_GANs.h5
Epoch 23/150
 - 376s - loss: 0.1975 - weighted_dice_loss: 0.1975 - val_loss: 0.2205 - val_weighted_dice_loss: 0.2205

Epoch 00023: val_weighted_dice_loss did not improve from 0.21895
Epoch 24/150
 - 376s - loss: 0.1953 - weighted_dice_loss: 0.1953 - val_loss: 0.2230 - val_weighted_dice_loss: 0.2230

Epoch 00024: val_weighted_dice_loss did not improve from 0.21895
Epoch 25/150
 - 376s - loss: 0.1961 - weighted_dice_loss: 0.1961 - val_loss: 0.2170 - val_weighted_dice_loss: 0.2170

Epoch 00025: val_weighted_dice_loss improved from 0.21895 to 0.21699, saving model to ./Unet-weights/New/7_classes_5208_reals_0_GANs.h5
Epoch 26/150
 - 376s - loss: 0.1927 - weighted_dice_loss: 0.1927 - val_loss: 0.2219 - val_weighted_dice_loss: 0.2219

Epoch 00026: val_weighted_dice_loss did not improve from 0.21699
Epoch 27/150
 - 376s - loss: 0.1865 - weighted_dice_loss: 0.1865 - val_loss: 0.2145 - val_weighted_dice_loss: 0.2145

Epoch 00027: val_weighted_dice_loss improved from 0.21699 to 0.21450, saving model to ./Unet-weights/New/7_classes_5208_reals_0_GANs.h5
Epoch 28/150
 - 376s - loss: 0.1838 - weighted_dice_loss: 0.1838 - val_loss: 0.2396 - val_weighted_dice_loss: 0.2396

Epoch 00028: val_weighted_dice_loss did not improve from 0.21450
Epoch 29/150
 - 376s - loss: 0.1867 - weighted_dice_loss: 0.1867 - val_loss: 0.2062 - val_weighted_dice_loss: 0.2062

Epoch 00029: val_weighted_dice_loss improved from 0.21450 to 0.20620, saving model to ./Unet-weights/New/7_classes_5208_reals_0_GANs.h5
Epoch 30/150
 - 376s - loss: 0.1799 - weighted_dice_loss: 0.1799 - val_loss: 0.2006 - val_weighted_dice_loss: 0.2006

Epoch 00030: val_weighted_dice_loss improved from 0.20620 to 0.20056, saving model to ./Unet-weights/New/7_classes_5208_reals_0_GANs.h5
Epoch 31/150
 - 376s - loss: 0.1786 - weighted_dice_loss: 0.1786 - val_loss: 0.1968 - val_weighted_dice_loss: 0.1968

Epoch 00031: val_weighted_dice_loss improved from 0.20056 to 0.19679, saving model to ./Unet-weights/New/7_classes_5208_reals_0_GANs.h5
Epoch 32/150
 - 377s - loss: 0.1761 - weighted_dice_loss: 0.1761 - val_loss: 0.2278 - val_weighted_dice_loss: 0.2278

Epoch 00032: val_weighted_dice_loss did not improve from 0.19679
Epoch 33/150
 - 376s - loss: 0.1743 - weighted_dice_loss: 0.1743 - val_loss: 0.2197 - val_weighted_dice_loss: 0.2197

Epoch 00033: val_weighted_dice_loss did not improve from 0.19679
Epoch 34/150
 - 376s - loss: 0.1775 - weighted_dice_loss: 0.1775 - val_loss: 0.2023 - val_weighted_dice_loss: 0.2023

Epoch 00034: val_weighted_dice_loss did not improve from 0.19679
Epoch 35/150
 - 376s - loss: 0.1701 - weighted_dice_loss: 0.1701 - val_loss: 0.1923 - val_weighted_dice_loss: 0.1923

Epoch 00035: val_weighted_dice_loss improved from 0.19679 to 0.19233, saving model to ./Unet-weights/New/7_classes_5208_reals_0_GANs.h5
Epoch 36/150
 - 376s - loss: 0.1681 - weighted_dice_loss: 0.1681 - val_loss: 0.1903 - val_weighted_dice_loss: 0.1903

Epoch 00036: val_weighted_dice_loss improved from 0.19233 to 0.19033, saving model to ./Unet-weights/New/7_classes_5208_reals_0_GANs.h5
Epoch 37/150
 - 375s - loss: 0.1697 - weighted_dice_loss: 0.1697 - val_loss: 0.2228 - val_weighted_dice_loss: 0.2228

Epoch 00037: val_weighted_dice_loss did not improve from 0.19033
Epoch 38/150
 - 376s - loss: 0.1664 - weighted_dice_loss: 0.1664 - val_loss: 0.2015 - val_weighted_dice_loss: 0.2015

Epoch 00038: val_weighted_dice_loss did not improve from 0.19033
Epoch 39/150
 - 377s - loss: 0.1648 - weighted_dice_loss: 0.1648 - val_loss: 0.2096 - val_weighted_dice_loss: 0.2096

Epoch 00039: val_weighted_dice_loss did not improve from 0.19033
Epoch 40/150
 - 376s - loss: 0.1626 - weighted_dice_loss: 0.1626 - val_loss: 0.1973 - val_weighted_dice_loss: 0.1973

Epoch 00040: val_weighted_dice_loss did not improve from 0.19033
Epoch 41/150
 - 376s - loss: 0.1614 - weighted_dice_loss: 0.1614 - val_loss: 0.1960 - val_weighted_dice_loss: 0.1960

Epoch 00041: val_weighted_dice_loss did not improve from 0.19033
Epoch 42/150
 - 376s - loss: 0.1596 - weighted_dice_loss: 0.1596 - val_loss: 0.2031 - val_weighted_dice_loss: 0.2031

Epoch 00042: val_weighted_dice_loss did not improve from 0.19033
Epoch 43/150
 - 376s - loss: 0.1583 - weighted_dice_loss: 0.1583 - val_loss: 0.2195 - val_weighted_dice_loss: 0.2195

Epoch 00043: val_weighted_dice_loss did not improve from 0.19033
Epoch 44/150
 - 376s - loss: 0.1573 - weighted_dice_loss: 0.1573 - val_loss: 0.1893 - val_weighted_dice_loss: 0.1893

Epoch 00044: val_weighted_dice_loss improved from 0.19033 to 0.18926, saving model to ./Unet-weights/New/7_classes_5208_reals_0_GANs.h5
Epoch 45/150
 - 376s - loss: 0.1551 - weighted_dice_loss: 0.1551 - val_loss: 0.1959 - val_weighted_dice_loss: 0.1959

Epoch 00045: val_weighted_dice_loss did not improve from 0.18926
Epoch 46/150
 - 377s - loss: 0.1533 - weighted_dice_loss: 0.1533 - val_loss: 0.1882 - val_weighted_dice_loss: 0.1882

Epoch 00046: val_weighted_dice_loss improved from 0.18926 to 0.18819, saving model to ./Unet-weights/New/7_classes_5208_reals_0_GANs.h5
Epoch 47/150
 - 376s - loss: 0.1510 - weighted_dice_loss: 0.1510 - val_loss: 0.1899 - val_weighted_dice_loss: 0.1899

Epoch 00047: val_weighted_dice_loss did not improve from 0.18819
Epoch 48/150
 - 376s - loss: 0.1512 - weighted_dice_loss: 0.1512 - val_loss: 0.1884 - val_weighted_dice_loss: 0.1884

Epoch 00048: val_weighted_dice_loss did not improve from 0.18819
Epoch 49/150
 - 376s - loss: 0.1505 - weighted_dice_loss: 0.1505 - val_loss: 0.2021 - val_weighted_dice_loss: 0.2021

Epoch 00049: val_weighted_dice_loss did not improve from 0.18819
Epoch 50/150
 - 376s - loss: 0.1471 - weighted_dice_loss: 0.1471 - val_loss: 0.1870 - val_weighted_dice_loss: 0.1870

Epoch 00050: val_weighted_dice_loss improved from 0.18819 to 0.18699, saving model to ./Unet-weights/New/7_classes_5208_reals_0_GANs.h5
Epoch 51/150
 - 376s - loss: 0.1470 - weighted_dice_loss: 0.1470 - val_loss: 0.1841 - val_weighted_dice_loss: 0.1841

Epoch 00051: val_weighted_dice_loss improved from 0.18699 to 0.18411, saving model to ./Unet-weights/New/7_classes_5208_reals_0_GANs.h5
Epoch 52/150
 - 376s - loss: 0.1458 - weighted_dice_loss: 0.1458 - val_loss: 0.1855 - val_weighted_dice_loss: 0.1855

Epoch 00052: val_weighted_dice_loss did not improve from 0.18411
Epoch 53/150
 - 376s - loss: 0.1441 - weighted_dice_loss: 0.1441 - val_loss: 0.1811 - val_weighted_dice_loss: 0.1811

Epoch 00053: val_weighted_dice_loss improved from 0.18411 to 0.18108, saving model to ./Unet-weights/New/7_classes_5208_reals_0_GANs.h5
Epoch 54/150
 - 376s - loss: 0.1424 - weighted_dice_loss: 0.1424 - val_loss: 0.2057 - val_weighted_dice_loss: 0.2057

Epoch 00054: val_weighted_dice_loss did not improve from 0.18108
Epoch 55/150
 - 376s - loss: 0.1425 - weighted_dice_loss: 0.1425 - val_loss: 0.1993 - val_weighted_dice_loss: 0.1993

Epoch 00055: val_weighted_dice_loss did not improve from 0.18108
Epoch 56/150
 - 376s - loss: 0.1410 - weighted_dice_loss: 0.1410 - val_loss: 0.1938 - val_weighted_dice_loss: 0.1938

Epoch 00056: val_weighted_dice_loss did not improve from 0.18108
Epoch 57/150
 - 377s - loss: 0.1399 - weighted_dice_loss: 0.1399 - val_loss: 0.1842 - val_weighted_dice_loss: 0.1842

Epoch 00057: val_weighted_dice_loss did not improve from 0.18108
Epoch 58/150
 - 376s - loss: 0.1382 - weighted_dice_loss: 0.1382 - val_loss: 0.1961 - val_weighted_dice_loss: 0.1961

Epoch 00058: val_weighted_dice_loss did not improve from 0.18108
Epoch 59/150
 - 376s - loss: 0.1368 - weighted_dice_loss: 0.1368 - val_loss: 0.1847 - val_weighted_dice_loss: 0.1847

Epoch 00059: val_weighted_dice_loss did not improve from 0.18108
Epoch 60/150
 - 376s - loss: 0.1362 - weighted_dice_loss: 0.1362 - val_loss: 0.1775 - val_weighted_dice_loss: 0.1775

Epoch 00060: val_weighted_dice_loss improved from 0.18108 to 0.17746, saving model to ./Unet-weights/New/7_classes_5208_reals_0_GANs.h5
Epoch 61/150
 - 376s - loss: 0.1351 - weighted_dice_loss: 0.1351 - val_loss: 0.1785 - val_weighted_dice_loss: 0.1785

Epoch 00061: val_weighted_dice_loss did not improve from 0.17746
Epoch 62/150
 - 376s - loss: 0.1341 - weighted_dice_loss: 0.1341 - val_loss: 0.2158 - val_weighted_dice_loss: 0.2158

Epoch 00062: val_weighted_dice_loss did not improve from 0.17746
Epoch 63/150
 - 376s - loss: 0.1327 - weighted_dice_loss: 0.1327 - val_loss: 0.1795 - val_weighted_dice_loss: 0.1795

Epoch 00063: val_weighted_dice_loss did not improve from 0.17746
Epoch 64/150
 - 376s - loss: 0.1321 - weighted_dice_loss: 0.1321 - val_loss: 0.1812 - val_weighted_dice_loss: 0.1812

Epoch 00064: val_weighted_dice_loss did not improve from 0.17746
Epoch 65/150
 - 376s - loss: 0.1316 - weighted_dice_loss: 0.1316 - val_loss: 0.1943 - val_weighted_dice_loss: 0.1943

Epoch 00065: val_weighted_dice_loss did not improve from 0.17746
Epoch 66/150
 - 377s - loss: 0.1297 - weighted_dice_loss: 0.1297 - val_loss: 0.1784 - val_weighted_dice_loss: 0.1784

Epoch 00066: val_weighted_dice_loss did not improve from 0.17746
Epoch 67/150
 - 376s - loss: 0.1288 - weighted_dice_loss: 0.1288 - val_loss: 0.1758 - val_weighted_dice_loss: 0.1758

Epoch 00067: val_weighted_dice_loss improved from 0.17746 to 0.17577, saving model to ./Unet-weights/New/7_classes_5208_reals_0_GANs.h5
Epoch 68/150
 - 376s - loss: 0.1276 - weighted_dice_loss: 0.1276 - val_loss: 0.1968 - val_weighted_dice_loss: 0.1968

Epoch 00068: val_weighted_dice_loss did not improve from 0.17577
Epoch 69/150
 - 376s - loss: 0.1267 - weighted_dice_loss: 0.1267 - val_loss: 0.1744 - val_weighted_dice_loss: 0.1744

Epoch 00069: val_weighted_dice_loss improved from 0.17577 to 0.17439, saving model to ./Unet-weights/New/7_classes_5208_reals_0_GANs.h5
Epoch 70/150
 - 377s - loss: 0.1270 - weighted_dice_loss: 0.1270 - val_loss: 0.1773 - val_weighted_dice_loss: 0.1773

Epoch 00070: val_weighted_dice_loss did not improve from 0.17439
Epoch 71/150
 - 376s - loss: 0.1258 - weighted_dice_loss: 0.1258 - val_loss: 0.1782 - val_weighted_dice_loss: 0.1782

Epoch 00071: val_weighted_dice_loss did not improve from 0.17439
Epoch 72/150
 - 376s - loss: 0.1251 - weighted_dice_loss: 0.1251 - val_loss: 0.1776 - val_weighted_dice_loss: 0.1776

Epoch 00072: val_weighted_dice_loss did not improve from 0.17439
Epoch 73/150
 - 377s - loss: 0.1237 - weighted_dice_loss: 0.1237 - val_loss: 0.1739 - val_weighted_dice_loss: 0.1739

Epoch 00073: val_weighted_dice_loss improved from 0.17439 to 0.17391, saving model to ./Unet-weights/New/7_classes_5208_reals_0_GANs.h5
Epoch 74/150
 - 376s - loss: 0.1225 - weighted_dice_loss: 0.1225 - val_loss: 0.1791 - val_weighted_dice_loss: 0.1791

Epoch 00074: val_weighted_dice_loss did not improve from 0.17391
Epoch 75/150
 - 376s - loss: 0.1218 - weighted_dice_loss: 0.1218 - val_loss: 0.1802 - val_weighted_dice_loss: 0.1802

Epoch 00075: val_weighted_dice_loss did not improve from 0.17391
Epoch 76/150
 - 377s - loss: 0.1207 - weighted_dice_loss: 0.1207 - val_loss: 0.1874 - val_weighted_dice_loss: 0.1874

Epoch 00076: val_weighted_dice_loss did not improve from 0.17391
Epoch 77/150
 - 376s - loss: 0.1203 - weighted_dice_loss: 0.1203 - val_loss: 0.1815 - val_weighted_dice_loss: 0.1815

Epoch 00077: val_weighted_dice_loss did not improve from 0.17391
Epoch 78/150
 - 376s - loss: 0.1200 - weighted_dice_loss: 0.1200 - val_loss: 0.1795 - val_weighted_dice_loss: 0.1795

Epoch 00078: val_weighted_dice_loss did not improve from 0.17391
Epoch 79/150
 - 376s - loss: 0.1195 - weighted_dice_loss: 0.1195 - val_loss: 0.2631 - val_weighted_dice_loss: 0.2631

Epoch 00079: val_weighted_dice_loss did not improve from 0.17391
Epoch 80/150
 - 376s - loss: 0.1183 - weighted_dice_loss: 0.1183 - val_loss: 0.1836 - val_weighted_dice_loss: 0.1836

Epoch 00080: val_weighted_dice_loss did not improve from 0.17391
Epoch 81/150
 - 375s - loss: 0.1183 - weighted_dice_loss: 0.1183 - val_loss: 0.1744 - val_weighted_dice_loss: 0.1744

Epoch 00081: val_weighted_dice_loss did not improve from 0.17391
Epoch 82/150
 - 376s - loss: 0.1171 - weighted_dice_loss: 0.1171 - val_loss: 0.1740 - val_weighted_dice_loss: 0.1740

Epoch 00082: val_weighted_dice_loss did not improve from 0.17391
Epoch 83/150
 - 376s - loss: 0.1159 - weighted_dice_loss: 0.1159 - val_loss: 0.1787 - val_weighted_dice_loss: 0.1787

Epoch 00083: val_weighted_dice_loss did not improve from 0.17391
Epoch 84/150
 - 376s - loss: 0.1153 - weighted_dice_loss: 0.1153 - val_loss: 0.1775 - val_weighted_dice_loss: 0.1775

Epoch 00084: val_weighted_dice_loss did not improve from 0.17391
Epoch 85/150
 - 376s - loss: 0.1144 - weighted_dice_loss: 0.1144 - val_loss: 0.1852 - val_weighted_dice_loss: 0.1852

Epoch 00085: val_weighted_dice_loss did not improve from 0.17391
Epoch 86/150
 - 376s - loss: 0.1146 - weighted_dice_loss: 0.1146 - val_loss: 0.1733 - val_weighted_dice_loss: 0.1733

Epoch 00086: val_weighted_dice_loss improved from 0.17391 to 0.17331, saving model to ./Unet-weights/New/7_classes_5208_reals_0_GANs.h5
Epoch 87/150
 - 376s - loss: 0.1131 - weighted_dice_loss: 0.1131 - val_loss: 0.1728 - val_weighted_dice_loss: 0.1728

Epoch 00087: val_weighted_dice_loss improved from 0.17331 to 0.17281, saving model to ./Unet-weights/New/7_classes_5208_reals_0_GANs.h5
Epoch 88/150
 - 376s - loss: 0.1152 - weighted_dice_loss: 0.1152 - val_loss: 0.1822 - val_weighted_dice_loss: 0.1822

Epoch 00088: val_weighted_dice_loss did not improve from 0.17281
Epoch 89/150
 - 377s - loss: 0.1121 - weighted_dice_loss: 0.1121 - val_loss: 0.1725 - val_weighted_dice_loss: 0.1725

Epoch 00089: val_weighted_dice_loss improved from 0.17281 to 0.17250, saving model to ./Unet-weights/New/7_classes_5208_reals_0_GANs.h5
Epoch 90/150
 - 376s - loss: 0.1108 - weighted_dice_loss: 0.1108 - val_loss: 0.1794 - val_weighted_dice_loss: 0.1794

Epoch 00090: val_weighted_dice_loss did not improve from 0.17250
Epoch 91/150
 - 376s - loss: 0.1101 - weighted_dice_loss: 0.1101 - val_loss: 0.1723 - val_weighted_dice_loss: 0.1723

Epoch 00091: val_weighted_dice_loss improved from 0.17250 to 0.17229, saving model to ./Unet-weights/New/7_classes_5208_reals_0_GANs.h5
Epoch 92/150
 - 376s - loss: 0.1102 - weighted_dice_loss: 0.1102 - val_loss: 0.1749 - val_weighted_dice_loss: 0.1749

Epoch 00092: val_weighted_dice_loss did not improve from 0.17229
Epoch 93/150
 - 376s - loss: 0.1090 - weighted_dice_loss: 0.1090 - val_loss: 0.1847 - val_weighted_dice_loss: 0.1847

Epoch 00093: val_weighted_dice_loss did not improve from 0.17229
Epoch 94/150
 - 377s - loss: 0.1091 - weighted_dice_loss: 0.1091 - val_loss: 0.1792 - val_weighted_dice_loss: 0.1792

Epoch 00094: val_weighted_dice_loss did not improve from 0.17229
Epoch 95/150
 - 377s - loss: 0.1084 - weighted_dice_loss: 0.1084 - val_loss: 0.1787 - val_weighted_dice_loss: 0.1787

Epoch 00095: val_weighted_dice_loss did not improve from 0.17229
Epoch 96/150
 - 376s - loss: 0.1077 - weighted_dice_loss: 0.1077 - val_loss: 0.1838 - val_weighted_dice_loss: 0.1838

Epoch 00096: val_weighted_dice_loss did not improve from 0.17229
Epoch 97/150
 - 376s - loss: 0.1073 - weighted_dice_loss: 0.1073 - val_loss: 0.1780 - val_weighted_dice_loss: 0.1780

Epoch 00097: val_weighted_dice_loss did not improve from 0.17229
Epoch 98/150
 - 376s - loss: 0.1067 - weighted_dice_loss: 0.1067 - val_loss: 0.1715 - val_weighted_dice_loss: 0.1715

Epoch 00098: val_weighted_dice_loss improved from 0.17229 to 0.17148, saving model to ./Unet-weights/New/7_classes_5208_reals_0_GANs.h5
Epoch 99/150
 - 377s - loss: 0.1058 - weighted_dice_loss: 0.1058 - val_loss: 0.1921 - val_weighted_dice_loss: 0.1921

Epoch 00099: val_weighted_dice_loss did not improve from 0.17148
Epoch 100/150
 - 376s - loss: 0.1077 - weighted_dice_loss: 0.1077 - val_loss: 0.3048 - val_weighted_dice_loss: 0.3048

Epoch 00100: val_weighted_dice_loss did not improve from 0.17148
Epoch 101/150
 - 376s - loss: 0.1051 - weighted_dice_loss: 0.1051 - val_loss: 0.1711 - val_weighted_dice_loss: 0.1711

Epoch 00101: val_weighted_dice_loss improved from 0.17148 to 0.17114, saving model to ./Unet-weights/New/7_classes_5208_reals_0_GANs.h5
Epoch 102/150
 - 376s - loss: 0.1045 - weighted_dice_loss: 0.1045 - val_loss: 0.1735 - val_weighted_dice_loss: 0.1735

Epoch 00102: val_weighted_dice_loss did not improve from 0.17114
Epoch 103/150
 - 376s - loss: 0.1034 - weighted_dice_loss: 0.1034 - val_loss: 0.1731 - val_weighted_dice_loss: 0.1731

Epoch 00103: val_weighted_dice_loss did not improve from 0.17114
Epoch 104/150
 - 376s - loss: 0.1034 - weighted_dice_loss: 0.1034 - val_loss: 0.1735 - val_weighted_dice_loss: 0.1735

Epoch 00104: val_weighted_dice_loss did not improve from 0.17114
Epoch 105/150
 - 376s - loss: 0.1032 - weighted_dice_loss: 0.1032 - val_loss: 0.2054 - val_weighted_dice_loss: 0.2054

Epoch 00105: val_weighted_dice_loss did not improve from 0.17114
Epoch 106/150
 - 376s - loss: 0.1023 - weighted_dice_loss: 0.1023 - val_loss: 0.1748 - val_weighted_dice_loss: 0.1748

Epoch 00106: val_weighted_dice_loss did not improve from 0.17114
Epoch 107/150
 - 376s - loss: 0.1018 - weighted_dice_loss: 0.1018 - val_loss: 0.1719 - val_weighted_dice_loss: 0.1719

Epoch 00107: val_weighted_dice_loss did not improve from 0.17114
Epoch 108/150
 - 377s - loss: 0.1014 - weighted_dice_loss: 0.1014 - val_loss: 0.1723 - val_weighted_dice_loss: 0.1723

Epoch 00108: val_weighted_dice_loss did not improve from 0.17114
Epoch 109/150
 - 376s - loss: 0.1008 - weighted_dice_loss: 0.1008 - val_loss: 0.1851 - val_weighted_dice_loss: 0.1851

Epoch 00109: val_weighted_dice_loss did not improve from 0.17114
Epoch 110/150
 - 377s - loss: 0.1007 - weighted_dice_loss: 0.1007 - val_loss: 0.1704 - val_weighted_dice_loss: 0.1704

Epoch 00110: val_weighted_dice_loss improved from 0.17114 to 0.17045, saving model to ./Unet-weights/New/7_classes_5208_reals_0_GANs.h5
Epoch 111/150
 - 377s - loss: 0.1001 - weighted_dice_loss: 0.1001 - val_loss: 0.1952 - val_weighted_dice_loss: 0.1952

Epoch 00111: val_weighted_dice_loss did not improve from 0.17045
Epoch 112/150
 - 376s - loss: 0.0995 - weighted_dice_loss: 0.0995 - val_loss: 0.1703 - val_weighted_dice_loss: 0.1703

Epoch 00112: val_weighted_dice_loss improved from 0.17045 to 0.17032, saving model to ./Unet-weights/New/7_classes_5208_reals_0_GANs.h5
Epoch 113/150
 - 376s - loss: 0.0991 - weighted_dice_loss: 0.0991 - val_loss: 0.1737 - val_weighted_dice_loss: 0.1737

Epoch 00113: val_weighted_dice_loss did not improve from 0.17032
Epoch 114/150
 - 377s - loss: 0.0990 - weighted_dice_loss: 0.0990 - val_loss: 0.1774 - val_weighted_dice_loss: 0.1774

Epoch 00114: val_weighted_dice_loss did not improve from 0.17032
Epoch 115/150
 - 376s - loss: 0.0977 - weighted_dice_loss: 0.0977 - val_loss: 0.1771 - val_weighted_dice_loss: 0.1771

Epoch 00115: val_weighted_dice_loss did not improve from 0.17032
Epoch 116/150
 - 376s - loss: 0.0975 - weighted_dice_loss: 0.0975 - val_loss: 0.1951 - val_weighted_dice_loss: 0.1951

Epoch 00116: val_weighted_dice_loss did not improve from 0.17032
Epoch 117/150
 - 376s - loss: 0.0972 - weighted_dice_loss: 0.0972 - val_loss: 0.1930 - val_weighted_dice_loss: 0.1930

Epoch 00117: val_weighted_dice_loss did not improve from 0.17032
Epoch 118/150
 - 376s - loss: 0.0966 - weighted_dice_loss: 0.0966 - val_loss: 0.1820 - val_weighted_dice_loss: 0.1820

Epoch 00118: val_weighted_dice_loss did not improve from 0.17032
Epoch 119/150
 - 377s - loss: 0.0964 - weighted_dice_loss: 0.0964 - val_loss: 0.1775 - val_weighted_dice_loss: 0.1775

Epoch 00119: val_weighted_dice_loss did not improve from 0.17032
Epoch 120/150
 - 376s - loss: 0.0963 - weighted_dice_loss: 0.0963 - val_loss: 0.1808 - val_weighted_dice_loss: 0.1808

Epoch 00120: val_weighted_dice_loss did not improve from 0.17032
Epoch 121/150
 - 376s - loss: 0.0962 - weighted_dice_loss: 0.0962 - val_loss: 0.1892 - val_weighted_dice_loss: 0.1892

Epoch 00121: val_weighted_dice_loss did not improve from 0.17032
Epoch 122/150
 - 377s - loss: 0.0955 - weighted_dice_loss: 0.0955 - val_loss: 0.1755 - val_weighted_dice_loss: 0.1755

Epoch 00122: val_weighted_dice_loss did not improve from 0.17032
Epoch 123/150
 - 376s - loss: 0.0951 - weighted_dice_loss: 0.0951 - val_loss: 0.1695 - val_weighted_dice_loss: 0.1695

Epoch 00123: val_weighted_dice_loss improved from 0.17032 to 0.16951, saving model to ./Unet-weights/New/7_classes_5208_reals_0_GANs.h5
Epoch 124/150
 - 376s - loss: 0.0941 - weighted_dice_loss: 0.0941 - val_loss: 0.1696 - val_weighted_dice_loss: 0.1696

Epoch 00124: val_weighted_dice_loss did not improve from 0.16951
Epoch 125/150
 - 377s - loss: 0.0938 - weighted_dice_loss: 0.0938 - val_loss: 0.3143 - val_weighted_dice_loss: 0.3143

Epoch 00125: val_weighted_dice_loss did not improve from 0.16951
Epoch 126/150
 - 376s - loss: 0.0939 - weighted_dice_loss: 0.0939 - val_loss: 0.1750 - val_weighted_dice_loss: 0.1750

Epoch 00126: val_weighted_dice_loss did not improve from 0.16951
Epoch 127/150
 - 376s - loss: 0.0932 - weighted_dice_loss: 0.0932 - val_loss: 0.1750 - val_weighted_dice_loss: 0.1750

Epoch 00127: val_weighted_dice_loss did not improve from 0.16951
Epoch 128/150
 - 376s - loss: 0.0929 - weighted_dice_loss: 0.0929 - val_loss: 0.1818 - val_weighted_dice_loss: 0.1818

Epoch 00128: val_weighted_dice_loss did not improve from 0.16951
Epoch 129/150
 - 376s - loss: 0.0929 - weighted_dice_loss: 0.0929 - val_loss: 0.1722 - val_weighted_dice_loss: 0.1722

Epoch 00129: val_weighted_dice_loss did not improve from 0.16951
Epoch 130/150
 - 376s - loss: 0.0918 - weighted_dice_loss: 0.0918 - val_loss: 0.1699 - val_weighted_dice_loss: 0.1699

Epoch 00130: val_weighted_dice_loss did not improve from 0.16951
Epoch 131/150
 - 376s - loss: 0.0918 - weighted_dice_loss: 0.0918 - val_loss: 0.1706 - val_weighted_dice_loss: 0.1706

Epoch 00131: val_weighted_dice_loss did not improve from 0.16951
Epoch 132/150
 - 376s - loss: 0.0910 - weighted_dice_loss: 0.0910 - val_loss: 0.1725 - val_weighted_dice_loss: 0.1725

Epoch 00132: val_weighted_dice_loss did not improve from 0.16951
Epoch 133/150
 - 376s - loss: 0.0909 - weighted_dice_loss: 0.0909 - val_loss: 0.1675 - val_weighted_dice_loss: 0.1675

Epoch 00133: val_weighted_dice_loss improved from 0.16951 to 0.16747, saving model to ./Unet-weights/New/7_classes_5208_reals_0_GANs.h5
Epoch 134/150
 - 376s - loss: 0.0904 - weighted_dice_loss: 0.0904 - val_loss: 0.1744 - val_weighted_dice_loss: 0.1744

Epoch 00134: val_weighted_dice_loss did not improve from 0.16747
Epoch 135/150
 - 376s - loss: 0.0901 - weighted_dice_loss: 0.0901 - val_loss: 0.1864 - val_weighted_dice_loss: 0.1864

Epoch 00135: val_weighted_dice_loss did not improve from 0.16747
Epoch 136/150
 - 377s - loss: 0.0896 - weighted_dice_loss: 0.0896 - val_loss: 0.1717 - val_weighted_dice_loss: 0.1717

Epoch 00136: val_weighted_dice_loss did not improve from 0.16747
Epoch 137/150
 - 376s - loss: 0.0897 - weighted_dice_loss: 0.0897 - val_loss: 0.1708 - val_weighted_dice_loss: 0.1708

Epoch 00137: val_weighted_dice_loss did not improve from 0.16747
Epoch 138/150
 - 376s - loss: 0.0891 - weighted_dice_loss: 0.0891 - val_loss: 0.1700 - val_weighted_dice_loss: 0.1700

Epoch 00138: val_weighted_dice_loss did not improve from 0.16747
Epoch 139/150
 - 377s - loss: 0.0886 - weighted_dice_loss: 0.0886 - val_loss: 0.1772 - val_weighted_dice_loss: 0.1772

Epoch 00139: val_weighted_dice_loss did not improve from 0.16747
Epoch 140/150
 - 376s - loss: 0.0884 - weighted_dice_loss: 0.0884 - val_loss: 0.1715 - val_weighted_dice_loss: 0.1715

Epoch 00140: val_weighted_dice_loss did not improve from 0.16747
Epoch 141/150
 - 376s - loss: 0.0879 - weighted_dice_loss: 0.0879 - val_loss: 0.1741 - val_weighted_dice_loss: 0.1741

Epoch 00141: val_weighted_dice_loss did not improve from 0.16747
Epoch 142/150
 - 376s - loss: 0.0876 - weighted_dice_loss: 0.0876 - val_loss: 0.1884 - val_weighted_dice_loss: 0.1884

Epoch 00142: val_weighted_dice_loss did not improve from 0.16747
Epoch 143/150
 - 376s - loss: 0.0872 - weighted_dice_loss: 0.0872 - val_loss: 0.1815 - val_weighted_dice_loss: 0.1815

Epoch 00143: val_weighted_dice_loss did not improve from 0.16747
Epoch 144/150
 - 377s - loss: 0.0877 - weighted_dice_loss: 0.0877 - val_loss: 0.1683 - val_weighted_dice_loss: 0.1683

Epoch 00144: val_weighted_dice_loss did not improve from 0.16747
Epoch 145/150
 - 376s - loss: 0.0869 - weighted_dice_loss: 0.0869 - val_loss: 0.1696 - val_weighted_dice_loss: 0.1696

Epoch 00145: val_weighted_dice_loss did not improve from 0.16747
Epoch 146/150
 - 377s - loss: 0.0862 - weighted_dice_loss: 0.0862 - val_loss: 0.1710 - val_weighted_dice_loss: 0.1710

Epoch 00146: val_weighted_dice_loss did not improve from 0.16747
Epoch 147/150
 - 377s - loss: 0.0861 - weighted_dice_loss: 0.0861 - val_loss: 0.1777 - val_weighted_dice_loss: 0.1777

Epoch 00147: val_weighted_dice_loss did not improve from 0.16747
Epoch 148/150
 - 376s - loss: 0.0860 - weighted_dice_loss: 0.0860 - val_loss: 0.1723 - val_weighted_dice_loss: 0.1723

Epoch 00148: val_weighted_dice_loss did not improve from 0.16747
Epoch 149/150
 - 376s - loss: 0.0859 - weighted_dice_loss: 0.0859 - val_loss: 0.1678 - val_weighted_dice_loss: 0.1678

Epoch 00149: val_weighted_dice_loss did not improve from 0.16747
Epoch 150/150
 - 377s - loss: 0.0855 - weighted_dice_loss: 0.0855 - val_loss: 0.1806 - val_weighted_dice_loss: 0.1806

Epoch 00150: val_weighted_dice_loss did not improve from 0.16747
Finished training.
