nohup: ignoring input
2020-06-16 16:58:34.485466: I tensorflow/core/platform/cpu_feature_guard.cc:142] Your CPU supports instructions that this TensorFlow binary was not compiled to use: SSE4.1 SSE4.2 AVX
2020-06-16 16:58:34.533031: I tensorflow/core/platform/profile_utils/cpu_utils.cc:94] CPU Frequency: 3602270000 Hz
2020-06-16 16:58:34.534334: I tensorflow/compiler/xla/service/service.cc:168] XLA service 0x5641ff77e4f0 executing computations on platform Host. Devices:
2020-06-16 16:58:34.534383: I tensorflow/compiler/xla/service/service.cc:175]   StreamExecutor device (0): <undefined>, <undefined>
2020-06-16 16:58:34.539206: I tensorflow/stream_executor/platform/default/dso_loader.cc:42] Successfully opened dynamic library libcuda.so.1
2020-06-16 16:58:34.564034: I tensorflow/stream_executor/cuda/cuda_gpu_executor.cc:1005] successful NUMA node read from SysFS had negative value (-1), but there must be at least one NUMA node, so returning NUMA node zero
2020-06-16 16:58:34.565075: I tensorflow/core/common_runtime/gpu/gpu_device.cc:1640] Found device 0 with properties: 
name: GeForce GTX 1080 major: 6 minor: 1 memoryClockRate(GHz): 1.7335
pciBusID: 0000:01:00.0
2020-06-16 16:58:34.613911: I tensorflow/stream_executor/platform/default/dso_loader.cc:42] Successfully opened dynamic library libcudart.so.10.1
2020-06-16 16:58:34.847510: I tensorflow/stream_executor/platform/default/dso_loader.cc:42] Successfully opened dynamic library libcublas.so.10
2020-06-16 16:58:35.038822: I tensorflow/stream_executor/platform/default/dso_loader.cc:42] Successfully opened dynamic library libcufft.so.10
2020-06-16 16:58:35.166374: I tensorflow/stream_executor/platform/default/dso_loader.cc:42] Successfully opened dynamic library libcurand.so.10
2020-06-16 16:58:35.394707: I tensorflow/stream_executor/platform/default/dso_loader.cc:42] Successfully opened dynamic library libcusolver.so.10
2020-06-16 16:58:35.515258: I tensorflow/stream_executor/platform/default/dso_loader.cc:42] Successfully opened dynamic library libcusparse.so.10
2020-06-16 16:58:35.901126: I tensorflow/stream_executor/platform/default/dso_loader.cc:42] Successfully opened dynamic library libcudnn.so.7
2020-06-16 16:58:35.901382: I tensorflow/stream_executor/cuda/cuda_gpu_executor.cc:1005] successful NUMA node read from SysFS had negative value (-1), but there must be at least one NUMA node, so returning NUMA node zero
2020-06-16 16:58:35.902437: I tensorflow/stream_executor/cuda/cuda_gpu_executor.cc:1005] successful NUMA node read from SysFS had negative value (-1), but there must be at least one NUMA node, so returning NUMA node zero
2020-06-16 16:58:35.903327: I tensorflow/core/common_runtime/gpu/gpu_device.cc:1763] Adding visible gpu devices: 0
2020-06-16 16:58:35.903393: I tensorflow/stream_executor/platform/default/dso_loader.cc:42] Successfully opened dynamic library libcudart.so.10.1
2020-06-16 16:58:36.001048: I tensorflow/core/common_runtime/gpu/gpu_device.cc:1181] Device interconnect StreamExecutor with strength 1 edge matrix:
2020-06-16 16:58:36.001097: I tensorflow/core/common_runtime/gpu/gpu_device.cc:1187]      0 
2020-06-16 16:58:36.001120: I tensorflow/core/common_runtime/gpu/gpu_device.cc:1200] 0:   N 
2020-06-16 16:58:36.003886: I tensorflow/stream_executor/cuda/cuda_gpu_executor.cc:1005] successful NUMA node read from SysFS had negative value (-1), but there must be at least one NUMA node, so returning NUMA node zero
2020-06-16 16:58:36.004540: I tensorflow/stream_executor/cuda/cuda_gpu_executor.cc:1005] successful NUMA node read from SysFS had negative value (-1), but there must be at least one NUMA node, so returning NUMA node zero
2020-06-16 16:58:36.005131: I tensorflow/stream_executor/cuda/cuda_gpu_executor.cc:1005] successful NUMA node read from SysFS had negative value (-1), but there must be at least one NUMA node, so returning NUMA node zero
2020-06-16 16:58:36.005693: I tensorflow/core/common_runtime/gpu/gpu_device.cc:1326] Created TensorFlow device (/job:localhost/replica:0/task:0/device:GPU:0 with 7565 MB memory) -> physical GPU (device: 0, name: GeForce GTX 1080, pci bus id: 0000:01:00.0, compute capability: 6.1)
2020-06-16 16:58:36.007916: I tensorflow/compiler/xla/service/service.cc:168] XLA service 0x56420027bd90 executing computations on platform CUDA. Devices:
2020-06-16 16:58:36.007942: I tensorflow/compiler/xla/service/service.cc:175]   StreamExecutor device (0): GeForce GTX 1080, Compute Capability 6.1
/home/mehfo331/.conda/envs/thesis/lib/python3.6/site-packages/tensorflow/python/framework/dtypes.py:516: FutureWarning: Passing (type, 1) or '1type' as a synonym of type is deprecated; in a future version of numpy, it will be understood as (type, (1,)) / '(1,)type'.
  _np_qint8 = np.dtype([("qint8", np.int8, 1)])
/home/mehfo331/.conda/envs/thesis/lib/python3.6/site-packages/tensorflow/python/framework/dtypes.py:517: FutureWarning: Passing (type, 1) or '1type' as a synonym of type is deprecated; in a future version of numpy, it will be understood as (type, (1,)) / '(1,)type'.
  _np_quint8 = np.dtype([("quint8", np.uint8, 1)])
/home/mehfo331/.conda/envs/thesis/lib/python3.6/site-packages/tensorflow/python/framework/dtypes.py:518: FutureWarning: Passing (type, 1) or '1type' as a synonym of type is deprecated; in a future version of numpy, it will be understood as (type, (1,)) / '(1,)type'.
  _np_qint16 = np.dtype([("qint16", np.int16, 1)])
/home/mehfo331/.conda/envs/thesis/lib/python3.6/site-packages/tensorflow/python/framework/dtypes.py:519: FutureWarning: Passing (type, 1) or '1type' as a synonym of type is deprecated; in a future version of numpy, it will be understood as (type, (1,)) / '(1,)type'.
  _np_quint16 = np.dtype([("quint16", np.uint16, 1)])
/home/mehfo331/.conda/envs/thesis/lib/python3.6/site-packages/tensorflow/python/framework/dtypes.py:520: FutureWarning: Passing (type, 1) or '1type' as a synonym of type is deprecated; in a future version of numpy, it will be understood as (type, (1,)) / '(1,)type'.
  _np_qint32 = np.dtype([("qint32", np.int32, 1)])
/home/mehfo331/.conda/envs/thesis/lib/python3.6/site-packages/tensorflow/python/framework/dtypes.py:525: FutureWarning: Passing (type, 1) or '1type' as a synonym of type is deprecated; in a future version of numpy, it will be understood as (type, (1,)) / '(1,)type'.
  np_resource = np.dtype([("resource", np.ubyte, 1)])
/home/mehfo331/.conda/envs/thesis/lib/python3.6/site-packages/tensorboard/compat/tensorflow_stub/dtypes.py:541: FutureWarning: Passing (type, 1) or '1type' as a synonym of type is deprecated; in a future version of numpy, it will be understood as (type, (1,)) / '(1,)type'.
  _np_qint8 = np.dtype([("qint8", np.int8, 1)])
/home/mehfo331/.conda/envs/thesis/lib/python3.6/site-packages/tensorboard/compat/tensorflow_stub/dtypes.py:542: FutureWarning: Passing (type, 1) or '1type' as a synonym of type is deprecated; in a future version of numpy, it will be understood as (type, (1,)) / '(1,)type'.
  _np_quint8 = np.dtype([("quint8", np.uint8, 1)])
/home/mehfo331/.conda/envs/thesis/lib/python3.6/site-packages/tensorboard/compat/tensorflow_stub/dtypes.py:543: FutureWarning: Passing (type, 1) or '1type' as a synonym of type is deprecated; in a future version of numpy, it will be understood as (type, (1,)) / '(1,)type'.
  _np_qint16 = np.dtype([("qint16", np.int16, 1)])
/home/mehfo331/.conda/envs/thesis/lib/python3.6/site-packages/tensorboard/compat/tensorflow_stub/dtypes.py:544: FutureWarning: Passing (type, 1) or '1type' as a synonym of type is deprecated; in a future version of numpy, it will be understood as (type, (1,)) / '(1,)type'.
  _np_quint16 = np.dtype([("quint16", np.uint16, 1)])
/home/mehfo331/.conda/envs/thesis/lib/python3.6/site-packages/tensorboard/compat/tensorflow_stub/dtypes.py:545: FutureWarning: Passing (type, 1) or '1type' as a synonym of type is deprecated; in a future version of numpy, it will be understood as (type, (1,)) / '(1,)type'.
  _np_qint32 = np.dtype([("qint32", np.int32, 1)])
/home/mehfo331/.conda/envs/thesis/lib/python3.6/site-packages/tensorboard/compat/tensorflow_stub/dtypes.py:550: FutureWarning: Passing (type, 1) or '1type' as a synonym of type is deprecated; in a future version of numpy, it will be understood as (type, (1,)) / '(1,)type'.
  np_resource = np.dtype([("resource", np.ubyte, 1)])
Using TensorFlow backend.
WARNING:tensorflow:From segmentation.py:20: The name tf.keras.backend.set_session is deprecated. Please use tf.compat.v1.keras.backend.set_session instead.

WARNING:tensorflow:From segmentation.py:33: The name tf.ConfigProto is deprecated. Please use tf.compat.v1.ConfigProto instead.

WARNING:tensorflow:From segmentation.py:35: The name tf.Session is deprecated. Please use tf.compat.v1.Session instead.

2020-06-16 16:58:36.009362: I tensorflow/stream_executor/cuda/cuda_gpu_executor.cc:1005] successful NUMA node read from SysFS had negative value (-1), but there must be at least one NUMA node, so returning NUMA node zero
2020-06-16 16:58:36.009902: I tensorflow/core/common_runtime/gpu/gpu_device.cc:1640] Found device 0 with properties: 
name: GeForce GTX 1080 major: 6 minor: 1 memoryClockRate(GHz): 1.7335
pciBusID: 0000:01:00.0
2020-06-16 16:58:36.009945: I tensorflow/stream_executor/platform/default/dso_loader.cc:42] Successfully opened dynamic library libcudart.so.10.1
2020-06-16 16:58:36.009968: I tensorflow/stream_executor/platform/default/dso_loader.cc:42] Successfully opened dynamic library libcublas.so.10
2020-06-16 16:58:36.009990: I tensorflow/stream_executor/platform/default/dso_loader.cc:42] Successfully opened dynamic library libcufft.so.10
2020-06-16 16:58:36.010011: I tensorflow/stream_executor/platform/default/dso_loader.cc:42] Successfully opened dynamic library libcurand.so.10
2020-06-16 16:58:36.010032: I tensorflow/stream_executor/platform/default/dso_loader.cc:42] Successfully opened dynamic library libcusolver.so.10
2020-06-16 16:58:36.010052: I tensorflow/stream_executor/platform/default/dso_loader.cc:42] Successfully opened dynamic library libcusparse.so.10
2020-06-16 16:58:36.010074: I tensorflow/stream_executor/platform/default/dso_loader.cc:42] Successfully opened dynamic library libcudnn.so.7
2020-06-16 16:58:36.010155: I tensorflow/stream_executor/cuda/cuda_gpu_executor.cc:1005] successful NUMA node read from SysFS had negative value (-1), but there must be at least one NUMA node, so returning NUMA node zero
2020-06-16 16:58:36.010730: I tensorflow/stream_executor/cuda/cuda_gpu_executor.cc:1005] successful NUMA node read from SysFS had negative value (-1), but there must be at least one NUMA node, so returning NUMA node zero
2020-06-16 16:58:36.011267: I tensorflow/core/common_runtime/gpu/gpu_device.cc:1763] Adding visible gpu devices: 0
2020-06-16 16:58:36.011298: I tensorflow/core/common_runtime/gpu/gpu_device.cc:1181] Device interconnect StreamExecutor with strength 1 edge matrix:
2020-06-16 16:58:36.011311: I tensorflow/core/common_runtime/gpu/gpu_device.cc:1187]      0 
2020-06-16 16:58:36.011322: I tensorflow/core/common_runtime/gpu/gpu_device.cc:1200] 0:   N 
2020-06-16 16:58:36.011415: I tensorflow/stream_executor/cuda/cuda_gpu_executor.cc:1005] successful NUMA node read from SysFS had negative value (-1), but there must be at least one NUMA node, so returning NUMA node zero
2020-06-16 16:58:36.011971: I tensorflow/stream_executor/cuda/cuda_gpu_executor.cc:1005] successful NUMA node read from SysFS had negative value (-1), but there must be at least one NUMA node, so returning NUMA node zero
2020-06-16 16:58:36.012487: I tensorflow/core/common_runtime/gpu/gpu_device.cc:1326] Created TensorFlow device (/job:localhost/replica:0/task:0/device:GPU:0 with 7565 MB memory) -> physical GPU (device: 0, name: GeForce GTX 1080, pci bus id: 0000:01:00.0, compute capability: 6.1)
WARNING:tensorflow:From /home/mehfo331/.conda/envs/thesis/lib/python3.6/site-packages/keras/backend/tensorflow_backend.py:74: The name tf.get_default_graph is deprecated. Please use tf.compat.v1.get_default_graph instead.

WARNING:tensorflow:From /home/mehfo331/.conda/envs/thesis/lib/python3.6/site-packages/keras/backend/tensorflow_backend.py:517: The name tf.placeholder is deprecated. Please use tf.compat.v1.placeholder instead.

WARNING:tensorflow:From /home/mehfo331/.conda/envs/thesis/lib/python3.6/site-packages/keras/backend/tensorflow_backend.py:4185: The name tf.truncated_normal is deprecated. Please use tf.random.truncated_normal instead.

WARNING:tensorflow:From /home/mehfo331/.conda/envs/thesis/lib/python3.6/site-packages/keras/backend/tensorflow_backend.py:1834: The name tf.nn.fused_batch_norm is deprecated. Please use tf.compat.v1.nn.fused_batch_norm instead.

WARNING:tensorflow:From /home/mehfo331/.conda/envs/thesis/lib/python3.6/site-packages/keras/backend/tensorflow_backend.py:3976: The name tf.nn.max_pool is deprecated. Please use tf.nn.max_pool2d instead.

WARNING:tensorflow:From /home/mehfo331/.conda/envs/thesis/lib/python3.6/site-packages/keras/optimizers.py:790: The name tf.train.Optimizer is deprecated. Please use tf.compat.v1.train.Optimizer instead.

2020-06-16 17:10:40.882949: I tensorflow/stream_executor/platform/default/dso_loader.cc:42] Successfully opened dynamic library libcudnn.so.7

Reading data...
Finished reading data.

Reading data...
Finished reading data.

Training 7 classes with 26040 images (26040 real and 0 GAN images):

Epoch 1/150
 - 1971s - loss: 0.4638 - weighted_dice_loss: 0.4638 - val_loss: 0.2876 - val_weighted_dice_loss: 0.2876

Epoch 00001: val_weighted_dice_loss improved from inf to 0.28759, saving model to ./Unet-weights/New/7_classes_26040_reals_0_GANs.h5
Epoch 2/150
 - 1605s - loss: 0.2591 - weighted_dice_loss: 0.2591 - val_loss: 0.2406 - val_weighted_dice_loss: 0.2406

Epoch 00002: val_weighted_dice_loss improved from 0.28759 to 0.24056, saving model to ./Unet-weights/New/7_classes_26040_reals_0_GANs.h5
Epoch 3/150
 - 1603s - loss: 0.2356 - weighted_dice_loss: 0.2356 - val_loss: 0.2451 - val_weighted_dice_loss: 0.2451

Epoch 00003: val_weighted_dice_loss did not improve from 0.24056
Epoch 4/150
 - 1606s - loss: 0.2224 - weighted_dice_loss: 0.2224 - val_loss: 0.2130 - val_weighted_dice_loss: 0.2130

Epoch 00004: val_weighted_dice_loss improved from 0.24056 to 0.21296, saving model to ./Unet-weights/New/7_classes_26040_reals_0_GANs.h5
Epoch 5/150
 - 1606s - loss: 0.2120 - weighted_dice_loss: 0.2120 - val_loss: 0.2293 - val_weighted_dice_loss: 0.2293

Epoch 00005: val_weighted_dice_loss did not improve from 0.21296
Epoch 6/150
 - 1605s - loss: 0.2036 - weighted_dice_loss: 0.2036 - val_loss: 0.2135 - val_weighted_dice_loss: 0.2135

Epoch 00006: val_weighted_dice_loss did not improve from 0.21296
Epoch 7/150
 - 1603s - loss: 0.1963 - weighted_dice_loss: 0.1963 - val_loss: 0.2168 - val_weighted_dice_loss: 0.2168

Epoch 00007: val_weighted_dice_loss did not improve from 0.21296
Epoch 8/150
 - 1606s - loss: 0.1896 - weighted_dice_loss: 0.1896 - val_loss: 0.1927 - val_weighted_dice_loss: 0.1927

Epoch 00008: val_weighted_dice_loss improved from 0.21296 to 0.19267, saving model to ./Unet-weights/New/7_classes_26040_reals_0_GANs.h5
Epoch 9/150
 - 1605s - loss: 0.1832 - weighted_dice_loss: 0.1832 - val_loss: 0.1926 - val_weighted_dice_loss: 0.1926

Epoch 00009: val_weighted_dice_loss improved from 0.19267 to 0.19262, saving model to ./Unet-weights/New/7_classes_26040_reals_0_GANs.h5
Epoch 10/150
 - 1607s - loss: 0.1781 - weighted_dice_loss: 0.1781 - val_loss: 0.1928 - val_weighted_dice_loss: 0.1928

Epoch 00010: val_weighted_dice_loss did not improve from 0.19262
Epoch 11/150
 - 1607s - loss: 0.1741 - weighted_dice_loss: 0.1741 - val_loss: 0.1944 - val_weighted_dice_loss: 0.1944

Epoch 00011: val_weighted_dice_loss did not improve from 0.19262
Epoch 12/150
 - 1604s - loss: 0.1704 - weighted_dice_loss: 0.1704 - val_loss: 0.2041 - val_weighted_dice_loss: 0.2041

Epoch 00012: val_weighted_dice_loss did not improve from 0.19262
Epoch 13/150
 - 1603s - loss: 0.1655 - weighted_dice_loss: 0.1655 - val_loss: 0.1746 - val_weighted_dice_loss: 0.1746

Epoch 00013: val_weighted_dice_loss improved from 0.19262 to 0.17458, saving model to ./Unet-weights/New/7_classes_26040_reals_0_GANs.h5
Epoch 14/150
 - 1604s - loss: 0.1627 - weighted_dice_loss: 0.1627 - val_loss: 0.1686 - val_weighted_dice_loss: 0.1686

Epoch 00014: val_weighted_dice_loss improved from 0.17458 to 0.16858, saving model to ./Unet-weights/New/7_classes_26040_reals_0_GANs.h5
Epoch 15/150
 - 1605s - loss: 0.1584 - weighted_dice_loss: 0.1584 - val_loss: 0.1670 - val_weighted_dice_loss: 0.1670

Epoch 00015: val_weighted_dice_loss improved from 0.16858 to 0.16702, saving model to ./Unet-weights/New/7_classes_26040_reals_0_GANs.h5
Epoch 16/150
 - 1606s - loss: 0.1555 - weighted_dice_loss: 0.1555 - val_loss: 0.4073 - val_weighted_dice_loss: 0.4073

Epoch 00016: val_weighted_dice_loss did not improve from 0.16702
Epoch 17/150
 - 1606s - loss: 0.1524 - weighted_dice_loss: 0.1524 - val_loss: 0.1736 - val_weighted_dice_loss: 0.1736

Epoch 00017: val_weighted_dice_loss did not improve from 0.16702
Epoch 18/150
 - 1604s - loss: 0.1493 - weighted_dice_loss: 0.1493 - val_loss: 0.1686 - val_weighted_dice_loss: 0.1686

Epoch 00018: val_weighted_dice_loss did not improve from 0.16702
Epoch 19/150
 - 1604s - loss: 0.1470 - weighted_dice_loss: 0.1470 - val_loss: 0.1649 - val_weighted_dice_loss: 0.1649

Epoch 00019: val_weighted_dice_loss improved from 0.16702 to 0.16490, saving model to ./Unet-weights/New/7_classes_26040_reals_0_GANs.h5
Epoch 20/150
 - 1604s - loss: 0.1444 - weighted_dice_loss: 0.1444 - val_loss: 0.1557 - val_weighted_dice_loss: 0.1557

Epoch 00020: val_weighted_dice_loss improved from 0.16490 to 0.15569, saving model to ./Unet-weights/New/7_classes_26040_reals_0_GANs.h5
Epoch 21/150
 - 1606s - loss: 0.1421 - weighted_dice_loss: 0.1421 - val_loss: 0.2047 - val_weighted_dice_loss: 0.2047

Epoch 00021: val_weighted_dice_loss did not improve from 0.15569
Epoch 22/150
 - 1604s - loss: 0.1400 - weighted_dice_loss: 0.1400 - val_loss: 0.1578 - val_weighted_dice_loss: 0.1578

Epoch 00022: val_weighted_dice_loss did not improve from 0.15569
Epoch 23/150
 - 1605s - loss: 0.1380 - weighted_dice_loss: 0.1380 - val_loss: 0.2128 - val_weighted_dice_loss: 0.2128

Epoch 00023: val_weighted_dice_loss did not improve from 0.15569
Epoch 24/150
 - 1604s - loss: 0.1360 - weighted_dice_loss: 0.1360 - val_loss: 0.1533 - val_weighted_dice_loss: 0.1533

Epoch 00024: val_weighted_dice_loss improved from 0.15569 to 0.15330, saving model to ./Unet-weights/New/7_classes_26040_reals_0_GANs.h5
Epoch 25/150
 - 1606s - loss: 0.1341 - weighted_dice_loss: 0.1341 - val_loss: 0.2748 - val_weighted_dice_loss: 0.2748

Epoch 00025: val_weighted_dice_loss did not improve from 0.15330
Epoch 26/150
 - 1603s - loss: 0.1322 - weighted_dice_loss: 0.1322 - val_loss: 0.1503 - val_weighted_dice_loss: 0.1503

Epoch 00026: val_weighted_dice_loss improved from 0.15330 to 0.15031, saving model to ./Unet-weights/New/7_classes_26040_reals_0_GANs.h5
Epoch 27/150
 - 1602s - loss: 0.1308 - weighted_dice_loss: 0.1308 - val_loss: 0.1483 - val_weighted_dice_loss: 0.1483

Epoch 00027: val_weighted_dice_loss improved from 0.15031 to 0.14828, saving model to ./Unet-weights/New/7_classes_26040_reals_0_GANs.h5
Epoch 28/150
 - 1604s - loss: 0.1292 - weighted_dice_loss: 0.1292 - val_loss: 0.1539 - val_weighted_dice_loss: 0.1539

Epoch 00028: val_weighted_dice_loss did not improve from 0.14828
Epoch 29/150
 - 1604s - loss: 0.1278 - weighted_dice_loss: 0.1278 - val_loss: 0.1466 - val_weighted_dice_loss: 0.1466

Epoch 00029: val_weighted_dice_loss improved from 0.14828 to 0.14662, saving model to ./Unet-weights/New/7_classes_26040_reals_0_GANs.h5
Epoch 30/150
 - 1604s - loss: 0.1260 - weighted_dice_loss: 0.1260 - val_loss: 0.1438 - val_weighted_dice_loss: 0.1438

Epoch 00030: val_weighted_dice_loss improved from 0.14662 to 0.14383, saving model to ./Unet-weights/New/7_classes_26040_reals_0_GANs.h5
Epoch 31/150
 - 1604s - loss: 0.1253 - weighted_dice_loss: 0.1253 - val_loss: 0.1391 - val_weighted_dice_loss: 0.1391

Epoch 00031: val_weighted_dice_loss improved from 0.14383 to 0.13912, saving model to ./Unet-weights/New/7_classes_26040_reals_0_GANs.h5
Epoch 32/150
 - 1603s - loss: 0.1237 - weighted_dice_loss: 0.1237 - val_loss: 0.4506 - val_weighted_dice_loss: 0.4506

Epoch 00032: val_weighted_dice_loss did not improve from 0.13912
Epoch 33/150
 - 1604s - loss: 0.1225 - weighted_dice_loss: 0.1225 - val_loss: 0.1448 - val_weighted_dice_loss: 0.1448

Epoch 00033: val_weighted_dice_loss did not improve from 0.13912
Epoch 34/150
 - 1602s - loss: 0.1211 - weighted_dice_loss: 0.1211 - val_loss: 0.1544 - val_weighted_dice_loss: 0.1544

Epoch 00034: val_weighted_dice_loss did not improve from 0.13912
Epoch 35/150
 - 1601s - loss: 0.1201 - weighted_dice_loss: 0.1201 - val_loss: 0.1351 - val_weighted_dice_loss: 0.1351

Epoch 00035: val_weighted_dice_loss improved from 0.13912 to 0.13508, saving model to ./Unet-weights/New/7_classes_26040_reals_0_GANs.h5
Epoch 36/150
 - 1599s - loss: 0.1191 - weighted_dice_loss: 0.1191 - val_loss: 0.1352 - val_weighted_dice_loss: 0.1352

Epoch 00036: val_weighted_dice_loss did not improve from 0.13508
Epoch 37/150
 - 1600s - loss: 0.1179 - weighted_dice_loss: 0.1179 - val_loss: 0.2379 - val_weighted_dice_loss: 0.2379

Epoch 00037: val_weighted_dice_loss did not improve from 0.13508
Epoch 38/150
 - 1599s - loss: 0.1169 - weighted_dice_loss: 0.1169 - val_loss: 0.1399 - val_weighted_dice_loss: 0.1399

Epoch 00038: val_weighted_dice_loss did not improve from 0.13508
Epoch 39/150
 - 1602s - loss: 0.1158 - weighted_dice_loss: 0.1158 - val_loss: 0.1499 - val_weighted_dice_loss: 0.1499

Epoch 00039: val_weighted_dice_loss did not improve from 0.13508
Epoch 40/150
 - 1602s - loss: 0.1150 - weighted_dice_loss: 0.1150 - val_loss: 0.1344 - val_weighted_dice_loss: 0.1344

Epoch 00040: val_weighted_dice_loss improved from 0.13508 to 0.13443, saving model to ./Unet-weights/New/7_classes_26040_reals_0_GANs.h5
Epoch 41/150
 - 1603s - loss: 0.1138 - weighted_dice_loss: 0.1138 - val_loss: 0.1448 - val_weighted_dice_loss: 0.1448

Epoch 00041: val_weighted_dice_loss did not improve from 0.13443
Epoch 42/150
 - 1602s - loss: 0.1133 - weighted_dice_loss: 0.1133 - val_loss: 0.1321 - val_weighted_dice_loss: 0.1321

Epoch 00042: val_weighted_dice_loss improved from 0.13443 to 0.13207, saving model to ./Unet-weights/New/7_classes_26040_reals_0_GANs.h5
Epoch 43/150
 - 1601s - loss: 0.1125 - weighted_dice_loss: 0.1125 - val_loss: 0.1329 - val_weighted_dice_loss: 0.1329

Epoch 00043: val_weighted_dice_loss did not improve from 0.13207
Epoch 44/150
 - 1602s - loss: 0.1116 - weighted_dice_loss: 0.1116 - val_loss: 0.1466 - val_weighted_dice_loss: 0.1466

Epoch 00044: val_weighted_dice_loss did not improve from 0.13207
Epoch 45/150
 - 1605s - loss: 0.1107 - weighted_dice_loss: 0.1107 - val_loss: 0.1850 - val_weighted_dice_loss: 0.1850

Epoch 00045: val_weighted_dice_loss did not improve from 0.13207
Epoch 46/150
 - 1602s - loss: 0.1098 - weighted_dice_loss: 0.1098 - val_loss: 0.4698 - val_weighted_dice_loss: 0.4698

Epoch 00046: val_weighted_dice_loss did not improve from 0.13207
Epoch 47/150
 - 1602s - loss: 0.1093 - weighted_dice_loss: 0.1093 - val_loss: 0.1360 - val_weighted_dice_loss: 0.1360

Epoch 00047: val_weighted_dice_loss did not improve from 0.13207
Epoch 48/150
 - 1603s - loss: 0.1083 - weighted_dice_loss: 0.1083 - val_loss: 0.1255 - val_weighted_dice_loss: 0.1255

Epoch 00048: val_weighted_dice_loss improved from 0.13207 to 0.12551, saving model to ./Unet-weights/New/7_classes_26040_reals_0_GANs.h5
Epoch 49/150
 - 1602s - loss: 0.1078 - weighted_dice_loss: 0.1078 - val_loss: 0.1286 - val_weighted_dice_loss: 0.1286

Epoch 00049: val_weighted_dice_loss did not improve from 0.12551
Epoch 50/150
 - 1603s - loss: 0.1069 - weighted_dice_loss: 0.1069 - val_loss: 0.1283 - val_weighted_dice_loss: 0.1283

Epoch 00050: val_weighted_dice_loss did not improve from 0.12551
Epoch 51/150
 - 1609s - loss: 0.1063 - weighted_dice_loss: 0.1063 - val_loss: 0.1253 - val_weighted_dice_loss: 0.1253

Epoch 00051: val_weighted_dice_loss improved from 0.12551 to 0.12530, saving model to ./Unet-weights/New/7_classes_26040_reals_0_GANs.h5
Epoch 52/150
 - 1611s - loss: 0.1059 - weighted_dice_loss: 0.1059 - val_loss: 0.1347 - val_weighted_dice_loss: 0.1347

Epoch 00052: val_weighted_dice_loss did not improve from 0.12530
Epoch 53/150
 - 1612s - loss: 0.1050 - weighted_dice_loss: 0.1050 - val_loss: 0.1254 - val_weighted_dice_loss: 0.1254

Epoch 00053: val_weighted_dice_loss did not improve from 0.12530
Epoch 54/150
 - 1610s - loss: 0.1044 - weighted_dice_loss: 0.1044 - val_loss: 0.1393 - val_weighted_dice_loss: 0.1393

Epoch 00054: val_weighted_dice_loss did not improve from 0.12530
Epoch 55/150
 - 1607s - loss: 0.1039 - weighted_dice_loss: 0.1039 - val_loss: 0.1247 - val_weighted_dice_loss: 0.1247

Epoch 00055: val_weighted_dice_loss improved from 0.12530 to 0.12475, saving model to ./Unet-weights/New/7_classes_26040_reals_0_GANs.h5
Epoch 56/150
 - 1605s - loss: 0.1032 - weighted_dice_loss: 0.1032 - val_loss: 0.1263 - val_weighted_dice_loss: 0.1263

Epoch 00056: val_weighted_dice_loss did not improve from 0.12475
Epoch 57/150
 - 1606s - loss: 0.1027 - weighted_dice_loss: 0.1027 - val_loss: 0.1365 - val_weighted_dice_loss: 0.1365

Epoch 00057: val_weighted_dice_loss did not improve from 0.12475
Epoch 58/150
 - 1608s - loss: 0.1020 - weighted_dice_loss: 0.1020 - val_loss: 0.2532 - val_weighted_dice_loss: 0.2532

Epoch 00058: val_weighted_dice_loss did not improve from 0.12475
Epoch 59/150
 - 1606s - loss: 0.1012 - weighted_dice_loss: 0.1012 - val_loss: 0.3446 - val_weighted_dice_loss: 0.3446

Epoch 00059: val_weighted_dice_loss did not improve from 0.12475
Epoch 60/150
 - 1608s - loss: 0.1008 - weighted_dice_loss: 0.1008 - val_loss: 0.1261 - val_weighted_dice_loss: 0.1261

Epoch 00060: val_weighted_dice_loss did not improve from 0.12475
Epoch 61/150
 - 1603s - loss: 0.1005 - weighted_dice_loss: 0.1005 - val_loss: 0.1311 - val_weighted_dice_loss: 0.1311

Epoch 00061: val_weighted_dice_loss did not improve from 0.12475
Epoch 62/150
 - 1607s - loss: 0.1000 - weighted_dice_loss: 0.1000 - val_loss: 0.1365 - val_weighted_dice_loss: 0.1365

Epoch 00062: val_weighted_dice_loss did not improve from 0.12475
Epoch 63/150
 - 1606s - loss: 0.0994 - weighted_dice_loss: 0.0994 - val_loss: 0.1311 - val_weighted_dice_loss: 0.1311

Epoch 00063: val_weighted_dice_loss did not improve from 0.12475
Epoch 64/150
 - 1606s - loss: 0.0991 - weighted_dice_loss: 0.0991 - val_loss: 0.1218 - val_weighted_dice_loss: 0.1218

Epoch 00064: val_weighted_dice_loss improved from 0.12475 to 0.12176, saving model to ./Unet-weights/New/7_classes_26040_reals_0_GANs.h5
Epoch 65/150
 - 1606s - loss: 0.0987 - weighted_dice_loss: 0.0987 - val_loss: 0.2263 - val_weighted_dice_loss: 0.2263

Epoch 00065: val_weighted_dice_loss did not improve from 0.12176
Epoch 66/150
 - 1605s - loss: 0.0983 - weighted_dice_loss: 0.0983 - val_loss: 0.2802 - val_weighted_dice_loss: 0.2802

Epoch 00066: val_weighted_dice_loss did not improve from 0.12176
Epoch 67/150
 - 1603s - loss: 0.0976 - weighted_dice_loss: 0.0976 - val_loss: 0.1190 - val_weighted_dice_loss: 0.1190

Epoch 00067: val_weighted_dice_loss improved from 0.12176 to 0.11901, saving model to ./Unet-weights/New/7_classes_26040_reals_0_GANs.h5
Epoch 68/150
 - 1605s - loss: 0.0972 - weighted_dice_loss: 0.0972 - val_loss: 0.2341 - val_weighted_dice_loss: 0.2341

Epoch 00068: val_weighted_dice_loss did not improve from 0.11901
Epoch 69/150
 - 1607s - loss: 0.0966 - weighted_dice_loss: 0.0966 - val_loss: 0.1210 - val_weighted_dice_loss: 0.1210

Epoch 00069: val_weighted_dice_loss did not improve from 0.11901
Epoch 70/150
 - 1606s - loss: 0.0962 - weighted_dice_loss: 0.0962 - val_loss: 0.1792 - val_weighted_dice_loss: 0.1792

Epoch 00070: val_weighted_dice_loss did not improve from 0.11901
Epoch 71/150
 - 1606s - loss: 0.0959 - weighted_dice_loss: 0.0959 - val_loss: 0.2145 - val_weighted_dice_loss: 0.2145

Epoch 00071: val_weighted_dice_loss did not improve from 0.11901
Epoch 72/150
 - 1604s - loss: 0.0954 - weighted_dice_loss: 0.0954 - val_loss: 0.1750 - val_weighted_dice_loss: 0.1750

Epoch 00072: val_weighted_dice_loss did not improve from 0.11901
Epoch 73/150
 - 1604s - loss: 0.0951 - weighted_dice_loss: 0.0951 - val_loss: 0.1404 - val_weighted_dice_loss: 0.1404

Epoch 00073: val_weighted_dice_loss did not improve from 0.11901
Epoch 74/150
 - 1605s - loss: 0.0947 - weighted_dice_loss: 0.0947 - val_loss: 0.7157 - val_weighted_dice_loss: 0.7157

Epoch 00074: val_weighted_dice_loss did not improve from 0.11901
Epoch 75/150
 - 1607s - loss: 0.0943 - weighted_dice_loss: 0.0943 - val_loss: 0.5863 - val_weighted_dice_loss: 0.5863

Epoch 00075: val_weighted_dice_loss did not improve from 0.11901
Epoch 76/150
 - 1601s - loss: 0.0938 - weighted_dice_loss: 0.0938 - val_loss: 0.1180 - val_weighted_dice_loss: 0.1180

Epoch 00076: val_weighted_dice_loss improved from 0.11901 to 0.11805, saving model to ./Unet-weights/New/7_classes_26040_reals_0_GANs.h5
Epoch 77/150
 - 1604s - loss: 0.0935 - weighted_dice_loss: 0.0935 - val_loss: 0.1254 - val_weighted_dice_loss: 0.1254

Epoch 00077: val_weighted_dice_loss did not improve from 0.11805
Epoch 78/150
 - 1604s - loss: 0.0932 - weighted_dice_loss: 0.0932 - val_loss: 0.8099 - val_weighted_dice_loss: 0.8099

Epoch 00078: val_weighted_dice_loss did not improve from 0.11805
Epoch 79/150
 - 1603s - loss: 0.0929 - weighted_dice_loss: 0.0929 - val_loss: 0.6847 - val_weighted_dice_loss: 0.6847

Epoch 00079: val_weighted_dice_loss did not improve from 0.11805
Epoch 80/150
 - 1605s - loss: 0.0925 - weighted_dice_loss: 0.0925 - val_loss: 0.1539 - val_weighted_dice_loss: 0.1539

Epoch 00080: val_weighted_dice_loss did not improve from 0.11805
Epoch 81/150
 - 1605s - loss: 0.0920 - weighted_dice_loss: 0.0920 - val_loss: 0.1325 - val_weighted_dice_loss: 0.1325

Epoch 00081: val_weighted_dice_loss did not improve from 0.11805
Epoch 82/150
 - 1607s - loss: 0.0918 - weighted_dice_loss: 0.0918 - val_loss: 0.1175 - val_weighted_dice_loss: 0.1175

Epoch 00082: val_weighted_dice_loss improved from 0.11805 to 0.11747, saving model to ./Unet-weights/New/7_classes_26040_reals_0_GANs.h5
Epoch 83/150
 - 1605s - loss: 0.0913 - weighted_dice_loss: 0.0913 - val_loss: 0.1312 - val_weighted_dice_loss: 0.1312

Epoch 00083: val_weighted_dice_loss did not improve from 0.11747
Epoch 84/150
 - 1606s - loss: 0.0910 - weighted_dice_loss: 0.0910 - val_loss: 0.1250 - val_weighted_dice_loss: 0.1250

Epoch 00084: val_weighted_dice_loss did not improve from 0.11747
Epoch 85/150
 - 1605s - loss: 0.0908 - weighted_dice_loss: 0.0908 - val_loss: 0.1241 - val_weighted_dice_loss: 0.1241

Epoch 00085: val_weighted_dice_loss did not improve from 0.11747
Epoch 86/150
 - 1604s - loss: 0.0902 - weighted_dice_loss: 0.0902 - val_loss: 0.4172 - val_weighted_dice_loss: 0.4172

Epoch 00086: val_weighted_dice_loss did not improve from 0.11747
Epoch 87/150
 - 1601s - loss: 0.0901 - weighted_dice_loss: 0.0901 - val_loss: 0.9070 - val_weighted_dice_loss: 0.9070

Epoch 00087: val_weighted_dice_loss did not improve from 0.11747
Epoch 88/150
 - 1600s - loss: 0.0897 - weighted_dice_loss: 0.0897 - val_loss: 0.1279 - val_weighted_dice_loss: 0.1279

Epoch 00088: val_weighted_dice_loss did not improve from 0.11747
Epoch 89/150
 - 1603s - loss: 0.0893 - weighted_dice_loss: 0.0893 - val_loss: 0.6739 - val_weighted_dice_loss: 0.6739

Epoch 00089: val_weighted_dice_loss did not improve from 0.11747
Epoch 90/150
 - 1603s - loss: 0.0891 - weighted_dice_loss: 0.0891 - val_loss: 0.1192 - val_weighted_dice_loss: 0.1192

Epoch 00090: val_weighted_dice_loss did not improve from 0.11747
Epoch 91/150
 - 1602s - loss: 0.0889 - weighted_dice_loss: 0.0889 - val_loss: 0.1467 - val_weighted_dice_loss: 0.1467

Epoch 00091: val_weighted_dice_loss did not improve from 0.11747
Epoch 92/150
 - 1603s - loss: 0.0886 - weighted_dice_loss: 0.0886 - val_loss: 0.5183 - val_weighted_dice_loss: 0.5183

Epoch 00092: val_weighted_dice_loss did not improve from 0.11747
Epoch 93/150
 - 1604s - loss: 0.0880 - weighted_dice_loss: 0.0880 - val_loss: 0.5338 - val_weighted_dice_loss: 0.5338

Epoch 00093: val_weighted_dice_loss did not improve from 0.11747
Epoch 94/150
 - 1604s - loss: 0.0878 - weighted_dice_loss: 0.0878 - val_loss: 0.1232 - val_weighted_dice_loss: 0.1232

Epoch 00094: val_weighted_dice_loss did not improve from 0.11747
Epoch 95/150
 - 1606s - loss: 0.0876 - weighted_dice_loss: 0.0876 - val_loss: 0.5338 - val_weighted_dice_loss: 0.5338

Epoch 00095: val_weighted_dice_loss did not improve from 0.11747
Epoch 96/150
 - 1606s - loss: 0.0875 - weighted_dice_loss: 0.0875 - val_loss: 0.9065 - val_weighted_dice_loss: 0.9065

Epoch 00096: val_weighted_dice_loss did not improve from 0.11747
Epoch 97/150
 - 1605s - loss: 0.0872 - weighted_dice_loss: 0.0872 - val_loss: 0.3308 - val_weighted_dice_loss: 0.3308

Epoch 00097: val_weighted_dice_loss did not improve from 0.11747
Epoch 98/150
 - 1605s - loss: 0.0868 - weighted_dice_loss: 0.0868 - val_loss: 0.7962 - val_weighted_dice_loss: 0.7962

Epoch 00098: val_weighted_dice_loss did not improve from 0.11747
Epoch 99/150
 - 1604s - loss: 0.0866 - weighted_dice_loss: 0.0866 - val_loss: 0.1381 - val_weighted_dice_loss: 0.1381

Epoch 00099: val_weighted_dice_loss did not improve from 0.11747
Epoch 100/150
 - 1607s - loss: 0.0863 - weighted_dice_loss: 0.0863 - val_loss: 0.1154 - val_weighted_dice_loss: 0.1154

Epoch 00100: val_weighted_dice_loss improved from 0.11747 to 0.11539, saving model to ./Unet-weights/New/7_classes_26040_reals_0_GANs.h5
Epoch 101/150
 - 1603s - loss: 0.0860 - weighted_dice_loss: 0.0860 - val_loss: 0.1179 - val_weighted_dice_loss: 0.1179

Epoch 00101: val_weighted_dice_loss did not improve from 0.11539
Epoch 102/150
 - 1602s - loss: 0.0857 - weighted_dice_loss: 0.0857 - val_loss: 0.1131 - val_weighted_dice_loss: 0.1131

Epoch 00102: val_weighted_dice_loss improved from 0.11539 to 0.11313, saving model to ./Unet-weights/New/7_classes_26040_reals_0_GANs.h5
Epoch 103/150
 - 1604s - loss: 0.0855 - weighted_dice_loss: 0.0855 - val_loss: 0.2713 - val_weighted_dice_loss: 0.2713

Epoch 00103: val_weighted_dice_loss did not improve from 0.11313
Epoch 104/150
 - 1606s - loss: 0.0853 - weighted_dice_loss: 0.0853 - val_loss: 0.1195 - val_weighted_dice_loss: 0.1195

Epoch 00104: val_weighted_dice_loss did not improve from 0.11313
Epoch 105/150
 - 1605s - loss: 0.0848 - weighted_dice_loss: 0.0848 - val_loss: 0.4533 - val_weighted_dice_loss: 0.4533

Epoch 00105: val_weighted_dice_loss did not improve from 0.11313
Epoch 106/150
 - 1602s - loss: 0.0845 - weighted_dice_loss: 0.0845 - val_loss: 0.1223 - val_weighted_dice_loss: 0.1223

Epoch 00106: val_weighted_dice_loss did not improve from 0.11313
Epoch 107/150
 - 1603s - loss: 0.0844 - weighted_dice_loss: 0.0844 - val_loss: 0.1205 - val_weighted_dice_loss: 0.1205

Epoch 00107: val_weighted_dice_loss did not improve from 0.11313
Epoch 108/150
 - 1603s - loss: 0.0842 - weighted_dice_loss: 0.0842 - val_loss: 0.1621 - val_weighted_dice_loss: 0.1621

Epoch 00108: val_weighted_dice_loss did not improve from 0.11313
Epoch 109/150
 - 1604s - loss: 0.0840 - weighted_dice_loss: 0.0840 - val_loss: 0.1137 - val_weighted_dice_loss: 0.1137

Epoch 00109: val_weighted_dice_loss did not improve from 0.11313
Epoch 110/150
 - 1607s - loss: 0.0838 - weighted_dice_loss: 0.0838 - val_loss: 0.5558 - val_weighted_dice_loss: 0.5558

Epoch 00110: val_weighted_dice_loss did not improve from 0.11313
Epoch 111/150
 - 1607s - loss: 0.0835 - weighted_dice_loss: 0.0835 - val_loss: 0.1246 - val_weighted_dice_loss: 0.1246

Epoch 00111: val_weighted_dice_loss did not improve from 0.11313
Epoch 112/150
 - 1605s - loss: 0.0832 - weighted_dice_loss: 0.0832 - val_loss: 0.6890 - val_weighted_dice_loss: 0.6890

Epoch 00112: val_weighted_dice_loss did not improve from 0.11313
Epoch 113/150
 - 1602s - loss: 0.0831 - weighted_dice_loss: 0.0831 - val_loss: 0.1140 - val_weighted_dice_loss: 0.1140

Epoch 00113: val_weighted_dice_loss did not improve from 0.11313
Epoch 114/150
 - 1603s - loss: 0.0828 - weighted_dice_loss: 0.0828 - val_loss: 0.1221 - val_weighted_dice_loss: 0.1221

Epoch 00114: val_weighted_dice_loss did not improve from 0.11313
Epoch 115/150
 - 1603s - loss: 0.0825 - weighted_dice_loss: 0.0825 - val_loss: 0.1166 - val_weighted_dice_loss: 0.1166

Epoch 00115: val_weighted_dice_loss did not improve from 0.11313
Epoch 116/150
 - 1604s - loss: 0.0823 - weighted_dice_loss: 0.0823 - val_loss: 0.1152 - val_weighted_dice_loss: 0.1152

Epoch 00116: val_weighted_dice_loss did not improve from 0.11313
Epoch 117/150
 - 1604s - loss: 0.0821 - weighted_dice_loss: 0.0821 - val_loss: 0.1206 - val_weighted_dice_loss: 0.1206

Epoch 00117: val_weighted_dice_loss did not improve from 0.11313
Epoch 118/150
 - 1603s - loss: 0.0819 - weighted_dice_loss: 0.0819 - val_loss: 0.3066 - val_weighted_dice_loss: 0.3066

Epoch 00118: val_weighted_dice_loss did not improve from 0.11313
Epoch 119/150
 - 1603s - loss: 0.0817 - weighted_dice_loss: 0.0817 - val_loss: 0.1207 - val_weighted_dice_loss: 0.1207

Epoch 00119: val_weighted_dice_loss did not improve from 0.11313
Epoch 120/150
 - 1601s - loss: 0.0815 - weighted_dice_loss: 0.0815 - val_loss: 0.2971 - val_weighted_dice_loss: 0.2971

Epoch 00120: val_weighted_dice_loss did not improve from 0.11313
Epoch 121/150
 - 1606s - loss: 0.0812 - weighted_dice_loss: 0.0812 - val_loss: 0.1292 - val_weighted_dice_loss: 0.1292

Epoch 00121: val_weighted_dice_loss did not improve from 0.11313
Epoch 122/150
 - 1604s - loss: 0.0811 - weighted_dice_loss: 0.0811 - val_loss: 0.7333 - val_weighted_dice_loss: 0.7333

Epoch 00122: val_weighted_dice_loss did not improve from 0.11313
Epoch 123/150
 - 1608s - loss: 0.0808 - weighted_dice_loss: 0.0808 - val_loss: 0.6700 - val_weighted_dice_loss: 0.6700

Epoch 00123: val_weighted_dice_loss did not improve from 0.11313
Epoch 124/150
 - 1606s - loss: 0.0806 - weighted_dice_loss: 0.0806 - val_loss: 0.1247 - val_weighted_dice_loss: 0.1247

Epoch 00124: val_weighted_dice_loss did not improve from 0.11313
Epoch 125/150
 - 1606s - loss: 0.0804 - weighted_dice_loss: 0.0804 - val_loss: 0.1210 - val_weighted_dice_loss: 0.1210

Epoch 00125: val_weighted_dice_loss did not improve from 0.11313
Epoch 126/150
 - 1604s - loss: 0.0804 - weighted_dice_loss: 0.0804 - val_loss: 0.1107 - val_weighted_dice_loss: 0.1107

Epoch 00126: val_weighted_dice_loss improved from 0.11313 to 0.11072, saving model to ./Unet-weights/New/7_classes_26040_reals_0_GANs.h5
Epoch 127/150
 - 1603s - loss: 0.0800 - weighted_dice_loss: 0.0800 - val_loss: 0.1163 - val_weighted_dice_loss: 0.1163

Epoch 00127: val_weighted_dice_loss did not improve from 0.11072
Epoch 128/150
 - 1607s - loss: 0.0797 - weighted_dice_loss: 0.0797 - val_loss: 0.3808 - val_weighted_dice_loss: 0.3808

Epoch 00128: val_weighted_dice_loss did not improve from 0.11072
Epoch 129/150
 - 1606s - loss: 0.0796 - weighted_dice_loss: 0.0796 - val_loss: 0.8511 - val_weighted_dice_loss: 0.8511

Epoch 00129: val_weighted_dice_loss did not improve from 0.11072
Epoch 130/150
 - 1604s - loss: 0.0795 - weighted_dice_loss: 0.0795 - val_loss: 0.9325 - val_weighted_dice_loss: 0.9325

Epoch 00130: val_weighted_dice_loss did not improve from 0.11072
Epoch 131/150
 - 1606s - loss: 0.0793 - weighted_dice_loss: 0.0793 - val_loss: 0.4963 - val_weighted_dice_loss: 0.4963

Epoch 00131: val_weighted_dice_loss did not improve from 0.11072
Epoch 132/150
 - 1604s - loss: 0.0792 - weighted_dice_loss: 0.0792 - val_loss: 0.2888 - val_weighted_dice_loss: 0.2888

Epoch 00132: val_weighted_dice_loss did not improve from 0.11072
Epoch 133/150
 - 1605s - loss: 0.0791 - weighted_dice_loss: 0.0791 - val_loss: 0.1175 - val_weighted_dice_loss: 0.1175

Epoch 00133: val_weighted_dice_loss did not improve from 0.11072
Epoch 134/150
 - 1605s - loss: 0.0787 - weighted_dice_loss: 0.0787 - val_loss: 0.7522 - val_weighted_dice_loss: 0.7522

Epoch 00134: val_weighted_dice_loss did not improve from 0.11072
Epoch 135/150
 - 1607s - loss: 0.0786 - weighted_dice_loss: 0.0786 - val_loss: 0.5244 - val_weighted_dice_loss: 0.5244

Epoch 00135: val_weighted_dice_loss did not improve from 0.11072
Epoch 136/150
 - 1605s - loss: 0.0784 - weighted_dice_loss: 0.0784 - val_loss: 0.1129 - val_weighted_dice_loss: 0.1129

Epoch 00136: val_weighted_dice_loss did not improve from 0.11072
Epoch 137/150
 - 1605s - loss: 0.0782 - weighted_dice_loss: 0.0782 - val_loss: 0.7431 - val_weighted_dice_loss: 0.7431

Epoch 00137: val_weighted_dice_loss did not improve from 0.11072
Epoch 138/150
 - 1605s - loss: 0.0780 - weighted_dice_loss: 0.0780 - val_loss: 0.3735 - val_weighted_dice_loss: 0.3735

Epoch 00138: val_weighted_dice_loss did not improve from 0.11072
Epoch 139/150
 - 1605s - loss: 0.0779 - weighted_dice_loss: 0.0779 - val_loss: 0.8884 - val_weighted_dice_loss: 0.8884

Epoch 00139: val_weighted_dice_loss did not improve from 0.11072
Epoch 140/150
 - 1606s - loss: 0.0778 - weighted_dice_loss: 0.0778 - val_loss: 0.1171 - val_weighted_dice_loss: 0.1171

Epoch 00140: val_weighted_dice_loss did not improve from 0.11072
Epoch 141/150
 - 1600s - loss: 0.0774 - weighted_dice_loss: 0.0774 - val_loss: 0.1248 - val_weighted_dice_loss: 0.1248

Epoch 00141: val_weighted_dice_loss did not improve from 0.11072
Epoch 142/150
 - 1600s - loss: 0.0774 - weighted_dice_loss: 0.0774 - val_loss: 0.8025 - val_weighted_dice_loss: 0.8025

Epoch 00142: val_weighted_dice_loss did not improve from 0.11072
Epoch 143/150
 - 1600s - loss: 0.0770 - weighted_dice_loss: 0.0770 - val_loss: 0.3936 - val_weighted_dice_loss: 0.3936

Epoch 00143: val_weighted_dice_loss did not improve from 0.11072
Epoch 144/150
 - 1605s - loss: 0.0769 - weighted_dice_loss: 0.0769 - val_loss: 0.1134 - val_weighted_dice_loss: 0.1134

Epoch 00144: val_weighted_dice_loss did not improve from 0.11072
Epoch 145/150
 - 1605s - loss: 0.0768 - weighted_dice_loss: 0.0768 - val_loss: 0.6421 - val_weighted_dice_loss: 0.6421

Epoch 00145: val_weighted_dice_loss did not improve from 0.11072
Epoch 146/150
 - 1606s - loss: 0.0766 - weighted_dice_loss: 0.0766 - val_loss: 0.5021 - val_weighted_dice_loss: 0.5021

Epoch 00146: val_weighted_dice_loss did not improve from 0.11072
Epoch 147/150
 - 1604s - loss: 0.0765 - weighted_dice_loss: 0.0765 - val_loss: 0.1235 - val_weighted_dice_loss: 0.1235

Epoch 00147: val_weighted_dice_loss did not improve from 0.11072
Epoch 148/150
 - 1605s - loss: 0.0762 - weighted_dice_loss: 0.0762 - val_loss: 0.6337 - val_weighted_dice_loss: 0.6337

Epoch 00148: val_weighted_dice_loss did not improve from 0.11072
Epoch 149/150
 - 1606s - loss: 0.0760 - weighted_dice_loss: 0.0760 - val_loss: 0.1337 - val_weighted_dice_loss: 0.1337

Epoch 00149: val_weighted_dice_loss did not improve from 0.11072
Epoch 150/150
 - 1601s - loss: 0.0761 - weighted_dice_loss: 0.0761 - val_loss: 0.1186 - val_weighted_dice_loss: 0.1186

Epoch 00150: val_weighted_dice_loss did not improve from 0.11072
Finished training.
