nohup: ignoring input
2020-07-06 16:53:00.978375: I tensorflow/core/platform/cpu_feature_guard.cc:142] Your CPU supports instructions that this TensorFlow binary was not compiled to use: SSE4.1 SSE4.2 AVX
2020-07-06 16:53:00.986616: I tensorflow/core/platform/profile_utils/cpu_utils.cc:94] CPU Frequency: 3602090000 Hz
2020-07-06 16:53:00.987440: I tensorflow/compiler/xla/service/service.cc:168] XLA service 0x56389cb622d0 executing computations on platform Host. Devices:
2020-07-06 16:53:00.987476: I tensorflow/compiler/xla/service/service.cc:175]   StreamExecutor device (0): <undefined>, <undefined>
2020-07-06 16:53:00.990341: I tensorflow/stream_executor/platform/default/dso_loader.cc:42] Successfully opened dynamic library libcuda.so.1
2020-07-06 16:53:01.009711: I tensorflow/stream_executor/cuda/cuda_gpu_executor.cc:1005] successful NUMA node read from SysFS had negative value (-1), but there must be at least one NUMA node, so returning NUMA node zero
2020-07-06 16:53:01.010484: I tensorflow/core/common_runtime/gpu/gpu_device.cc:1640] Found device 0 with properties: 
name: GeForce GTX 1080 major: 6 minor: 1 memoryClockRate(GHz): 1.7335
pciBusID: 0000:01:00.0
2020-07-06 16:53:01.012478: I tensorflow/stream_executor/platform/default/dso_loader.cc:42] Successfully opened dynamic library libcudart.so.10.1
2020-07-06 16:53:01.018021: I tensorflow/stream_executor/platform/default/dso_loader.cc:42] Successfully opened dynamic library libcublas.so.10
2020-07-06 16:53:01.021710: I tensorflow/stream_executor/platform/default/dso_loader.cc:42] Successfully opened dynamic library libcufft.so.10
2020-07-06 16:53:01.024026: I tensorflow/stream_executor/platform/default/dso_loader.cc:42] Successfully opened dynamic library libcurand.so.10
2020-07-06 16:53:01.027942: I tensorflow/stream_executor/platform/default/dso_loader.cc:42] Successfully opened dynamic library libcusolver.so.10
2020-07-06 16:53:01.030760: I tensorflow/stream_executor/platform/default/dso_loader.cc:42] Successfully opened dynamic library libcusparse.so.10
2020-07-06 16:53:01.036986: I tensorflow/stream_executor/platform/default/dso_loader.cc:42] Successfully opened dynamic library libcudnn.so.7
2020-07-06 16:53:01.037127: I tensorflow/stream_executor/cuda/cuda_gpu_executor.cc:1005] successful NUMA node read from SysFS had negative value (-1), but there must be at least one NUMA node, so returning NUMA node zero
2020-07-06 16:53:01.037872: I tensorflow/stream_executor/cuda/cuda_gpu_executor.cc:1005] successful NUMA node read from SysFS had negative value (-1), but there must be at least one NUMA node, so returning NUMA node zero
2020-07-06 16:53:01.038441: I tensorflow/core/common_runtime/gpu/gpu_device.cc:1763] Adding visible gpu devices: 0
2020-07-06 16:53:01.038482: I tensorflow/stream_executor/platform/default/dso_loader.cc:42] Successfully opened dynamic library libcudart.so.10.1
2020-07-06 16:53:01.111419: I tensorflow/core/common_runtime/gpu/gpu_device.cc:1181] Device interconnect StreamExecutor with strength 1 edge matrix:
2020-07-06 16:53:01.111464: I tensorflow/core/common_runtime/gpu/gpu_device.cc:1187]      0 
2020-07-06 16:53:01.111478: I tensorflow/core/common_runtime/gpu/gpu_device.cc:1200] 0:   N 
2020-07-06 16:53:01.111636: I tensorflow/stream_executor/cuda/cuda_gpu_executor.cc:1005] successful NUMA node read from SysFS had negative value (-1), but there must be at least one NUMA node, so returning NUMA node zero
2020-07-06 16:53:01.112112: I tensorflow/stream_executor/cuda/cuda_gpu_executor.cc:1005] successful NUMA node read from SysFS had negative value (-1), but there must be at least one NUMA node, so returning NUMA node zero
2020-07-06 16:53:01.112559: I tensorflow/stream_executor/cuda/cuda_gpu_executor.cc:1005] successful NUMA node read from SysFS had negative value (-1), but there must be at least one NUMA node, so returning NUMA node zero
2020-07-06 16:53:01.113014: I tensorflow/core/common_runtime/gpu/gpu_device.cc:1326] Created TensorFlow device (/job:localhost/replica:0/task:0/device:GPU:0 with 7560 MB memory) -> physical GPU (device: 0, name: GeForce GTX 1080, pci bus id: 0000:01:00.0, compute capability: 6.1)
2020-07-06 16:53:01.115131: I tensorflow/compiler/xla/service/service.cc:168] XLA service 0x56389d65fb70 executing computations on platform CUDA. Devices:
2020-07-06 16:53:01.115157: I tensorflow/compiler/xla/service/service.cc:175]   StreamExecutor device (0): GeForce GTX 1080, Compute Capability 6.1
/home/mehfo331/.conda/envs/thesis/lib/python3.6/site-packages/tensorflow/python/framework/dtypes.py:516: FutureWarning: Passing (type, 1) or '1type' as a synonym of type is deprecated; in a future version of numpy, it will be understood as (type, (1,)) / '(1,)type'.
  _np_qint8 = np.dtype([("qint8", np.int8, 1)])
/home/mehfo331/.conda/envs/thesis/lib/python3.6/site-packages/tensorflow/python/framework/dtypes.py:517: FutureWarning: Passing (type, 1) or '1type' as a synonym of type is deprecated; in a future version of numpy, it will be understood as (type, (1,)) / '(1,)type'.
  _np_quint8 = np.dtype([("quint8", np.uint8, 1)])
/home/mehfo331/.conda/envs/thesis/lib/python3.6/site-packages/tensorflow/python/framework/dtypes.py:518: FutureWarning: Passing (type, 1) or '1type' as a synonym of type is deprecated; in a future version of numpy, it will be understood as (type, (1,)) / '(1,)type'.
  _np_qint16 = np.dtype([("qint16", np.int16, 1)])
/home/mehfo331/.conda/envs/thesis/lib/python3.6/site-packages/tensorflow/python/framework/dtypes.py:519: FutureWarning: Passing (type, 1) or '1type' as a synonym of type is deprecated; in a future version of numpy, it will be understood as (type, (1,)) / '(1,)type'.
  _np_quint16 = np.dtype([("quint16", np.uint16, 1)])
/home/mehfo331/.conda/envs/thesis/lib/python3.6/site-packages/tensorflow/python/framework/dtypes.py:520: FutureWarning: Passing (type, 1) or '1type' as a synonym of type is deprecated; in a future version of numpy, it will be understood as (type, (1,)) / '(1,)type'.
  _np_qint32 = np.dtype([("qint32", np.int32, 1)])
/home/mehfo331/.conda/envs/thesis/lib/python3.6/site-packages/tensorflow/python/framework/dtypes.py:525: FutureWarning: Passing (type, 1) or '1type' as a synonym of type is deprecated; in a future version of numpy, it will be understood as (type, (1,)) / '(1,)type'.
  np_resource = np.dtype([("resource", np.ubyte, 1)])
/home/mehfo331/.conda/envs/thesis/lib/python3.6/site-packages/tensorboard/compat/tensorflow_stub/dtypes.py:541: FutureWarning: Passing (type, 1) or '1type' as a synonym of type is deprecated; in a future version of numpy, it will be understood as (type, (1,)) / '(1,)type'.
  _np_qint8 = np.dtype([("qint8", np.int8, 1)])
/home/mehfo331/.conda/envs/thesis/lib/python3.6/site-packages/tensorboard/compat/tensorflow_stub/dtypes.py:542: FutureWarning: Passing (type, 1) or '1type' as a synonym of type is deprecated; in a future version of numpy, it will be understood as (type, (1,)) / '(1,)type'.
  _np_quint8 = np.dtype([("quint8", np.uint8, 1)])
/home/mehfo331/.conda/envs/thesis/lib/python3.6/site-packages/tensorboard/compat/tensorflow_stub/dtypes.py:543: FutureWarning: Passing (type, 1) or '1type' as a synonym of type is deprecated; in a future version of numpy, it will be understood as (type, (1,)) / '(1,)type'.
  _np_qint16 = np.dtype([("qint16", np.int16, 1)])
/home/mehfo331/.conda/envs/thesis/lib/python3.6/site-packages/tensorboard/compat/tensorflow_stub/dtypes.py:544: FutureWarning: Passing (type, 1) or '1type' as a synonym of type is deprecated; in a future version of numpy, it will be understood as (type, (1,)) / '(1,)type'.
  _np_quint16 = np.dtype([("quint16", np.uint16, 1)])
/home/mehfo331/.conda/envs/thesis/lib/python3.6/site-packages/tensorboard/compat/tensorflow_stub/dtypes.py:545: FutureWarning: Passing (type, 1) or '1type' as a synonym of type is deprecated; in a future version of numpy, it will be understood as (type, (1,)) / '(1,)type'.
  _np_qint32 = np.dtype([("qint32", np.int32, 1)])
/home/mehfo331/.conda/envs/thesis/lib/python3.6/site-packages/tensorboard/compat/tensorflow_stub/dtypes.py:550: FutureWarning: Passing (type, 1) or '1type' as a synonym of type is deprecated; in a future version of numpy, it will be understood as (type, (1,)) / '(1,)type'.
  np_resource = np.dtype([("resource", np.ubyte, 1)])
Using TensorFlow backend.
WARNING:tensorflow:From segmentation.py:20: The name tf.keras.backend.set_session is deprecated. Please use tf.compat.v1.keras.backend.set_session instead.

WARNING:tensorflow:From segmentation.py:33: The name tf.ConfigProto is deprecated. Please use tf.compat.v1.ConfigProto instead.

WARNING:tensorflow:From segmentation.py:35: The name tf.Session is deprecated. Please use tf.compat.v1.Session instead.

2020-07-06 16:53:01.116248: I tensorflow/stream_executor/cuda/cuda_gpu_executor.cc:1005] successful NUMA node read from SysFS had negative value (-1), but there must be at least one NUMA node, so returning NUMA node zero
2020-07-06 16:53:01.116665: I tensorflow/core/common_runtime/gpu/gpu_device.cc:1640] Found device 0 with properties: 
name: GeForce GTX 1080 major: 6 minor: 1 memoryClockRate(GHz): 1.7335
pciBusID: 0000:01:00.0
2020-07-06 16:53:01.116699: I tensorflow/stream_executor/platform/default/dso_loader.cc:42] Successfully opened dynamic library libcudart.so.10.1
2020-07-06 16:53:01.116718: I tensorflow/stream_executor/platform/default/dso_loader.cc:42] Successfully opened dynamic library libcublas.so.10
2020-07-06 16:53:01.116736: I tensorflow/stream_executor/platform/default/dso_loader.cc:42] Successfully opened dynamic library libcufft.so.10
2020-07-06 16:53:01.116752: I tensorflow/stream_executor/platform/default/dso_loader.cc:42] Successfully opened dynamic library libcurand.so.10
2020-07-06 16:53:01.116768: I tensorflow/stream_executor/platform/default/dso_loader.cc:42] Successfully opened dynamic library libcusolver.so.10
2020-07-06 16:53:01.116785: I tensorflow/stream_executor/platform/default/dso_loader.cc:42] Successfully opened dynamic library libcusparse.so.10
2020-07-06 16:53:01.116802: I tensorflow/stream_executor/platform/default/dso_loader.cc:42] Successfully opened dynamic library libcudnn.so.7
2020-07-06 16:53:01.116859: I tensorflow/stream_executor/cuda/cuda_gpu_executor.cc:1005] successful NUMA node read from SysFS had negative value (-1), but there must be at least one NUMA node, so returning NUMA node zero
2020-07-06 16:53:01.117304: I tensorflow/stream_executor/cuda/cuda_gpu_executor.cc:1005] successful NUMA node read from SysFS had negative value (-1), but there must be at least one NUMA node, so returning NUMA node zero
2020-07-06 16:53:01.117699: I tensorflow/core/common_runtime/gpu/gpu_device.cc:1763] Adding visible gpu devices: 0
2020-07-06 16:53:01.117725: I tensorflow/core/common_runtime/gpu/gpu_device.cc:1181] Device interconnect StreamExecutor with strength 1 edge matrix:
2020-07-06 16:53:01.117736: I tensorflow/core/common_runtime/gpu/gpu_device.cc:1187]      0 
2020-07-06 16:53:01.117745: I tensorflow/core/common_runtime/gpu/gpu_device.cc:1200] 0:   N 
2020-07-06 16:53:01.117820: I tensorflow/stream_executor/cuda/cuda_gpu_executor.cc:1005] successful NUMA node read from SysFS had negative value (-1), but there must be at least one NUMA node, so returning NUMA node zero
2020-07-06 16:53:01.118265: I tensorflow/stream_executor/cuda/cuda_gpu_executor.cc:1005] successful NUMA node read from SysFS had negative value (-1), but there must be at least one NUMA node, so returning NUMA node zero
2020-07-06 16:53:01.118668: I tensorflow/core/common_runtime/gpu/gpu_device.cc:1326] Created TensorFlow device (/job:localhost/replica:0/task:0/device:GPU:0 with 7560 MB memory) -> physical GPU (device: 0, name: GeForce GTX 1080, pci bus id: 0000:01:00.0, compute capability: 6.1)
WARNING:tensorflow:From /home/mehfo331/.conda/envs/thesis/lib/python3.6/site-packages/keras/backend/tensorflow_backend.py:74: The name tf.get_default_graph is deprecated. Please use tf.compat.v1.get_default_graph instead.

WARNING:tensorflow:From /home/mehfo331/.conda/envs/thesis/lib/python3.6/site-packages/keras/backend/tensorflow_backend.py:517: The name tf.placeholder is deprecated. Please use tf.compat.v1.placeholder instead.

WARNING:tensorflow:From /home/mehfo331/.conda/envs/thesis/lib/python3.6/site-packages/keras/backend/tensorflow_backend.py:4185: The name tf.truncated_normal is deprecated. Please use tf.random.truncated_normal instead.

WARNING:tensorflow:From /home/mehfo331/.conda/envs/thesis/lib/python3.6/site-packages/keras/backend/tensorflow_backend.py:1834: The name tf.nn.fused_batch_norm is deprecated. Please use tf.compat.v1.nn.fused_batch_norm instead.

WARNING:tensorflow:From /home/mehfo331/.conda/envs/thesis/lib/python3.6/site-packages/keras/backend/tensorflow_backend.py:3976: The name tf.nn.max_pool is deprecated. Please use tf.nn.max_pool2d instead.

WARNING:tensorflow:From /home/mehfo331/.conda/envs/thesis/lib/python3.6/site-packages/keras/optimizers.py:790: The name tf.train.Optimizer is deprecated. Please use tf.compat.v1.train.Optimizer instead.

2020-07-06 16:55:42.681041: I tensorflow/stream_executor/platform/default/dso_loader.cc:42] Successfully opened dynamic library libcudnn.so.7

Reading data...
Finished reading data.

Reading data...
Finished reading data.

Reading data...
Finished reading data.

Reading data...
Finished reading data.

Training 7 classes with 26040 images (5208 real and 20832 GAN images):

Epoch 1/150
 - 1668s - loss: 0.4487 - weighted_dice_loss: 0.4487 - val_loss: 0.3773 - val_weighted_dice_loss: 0.3773

Epoch 00001: val_weighted_dice_loss improved from inf to 0.37729, saving model to ./Unet-weights/7_classes_5208_reals_20832_GANs.h5
Epoch 2/150
 - 2075s - loss: 0.2649 - weighted_dice_loss: 0.2649 - val_loss: 0.2688 - val_weighted_dice_loss: 0.2688

Epoch 00002: val_weighted_dice_loss improved from 0.37729 to 0.26885, saving model to ./Unet-weights/7_classes_5208_reals_20832_GANs.h5
Epoch 3/150
 - 1874s - loss: 0.2405 - weighted_dice_loss: 0.2405 - val_loss: 0.2661 - val_weighted_dice_loss: 0.2661

Epoch 00003: val_weighted_dice_loss improved from 0.26885 to 0.26615, saving model to ./Unet-weights/7_classes_5208_reals_20832_GANs.h5
Epoch 4/150
 - 1675s - loss: 0.2275 - weighted_dice_loss: 0.2275 - val_loss: 0.2520 - val_weighted_dice_loss: 0.2520

Epoch 00004: val_weighted_dice_loss improved from 0.26615 to 0.25200, saving model to ./Unet-weights/7_classes_5208_reals_20832_GANs.h5
Epoch 5/150
 - 1613s - loss: 0.2166 - weighted_dice_loss: 0.2166 - val_loss: 0.2799 - val_weighted_dice_loss: 0.2799

Epoch 00005: val_weighted_dice_loss did not improve from 0.25200
Epoch 6/150
 - 1613s - loss: 0.2074 - weighted_dice_loss: 0.2074 - val_loss: 0.2620 - val_weighted_dice_loss: 0.2620

Epoch 00006: val_weighted_dice_loss did not improve from 0.25200
Epoch 7/150
 - 1614s - loss: 0.2021 - weighted_dice_loss: 0.2021 - val_loss: 0.2376 - val_weighted_dice_loss: 0.2376

Epoch 00007: val_weighted_dice_loss improved from 0.25200 to 0.23762, saving model to ./Unet-weights/7_classes_5208_reals_20832_GANs.h5
Epoch 8/150
 - 1615s - loss: 0.1940 - weighted_dice_loss: 0.1940 - val_loss: 0.2280 - val_weighted_dice_loss: 0.2280

Epoch 00008: val_weighted_dice_loss improved from 0.23762 to 0.22799, saving model to ./Unet-weights/7_classes_5208_reals_20832_GANs.h5
Epoch 9/150
 - 1615s - loss: 0.1878 - weighted_dice_loss: 0.1878 - val_loss: 0.2392 - val_weighted_dice_loss: 0.2392

Epoch 00009: val_weighted_dice_loss did not improve from 0.22799
Epoch 10/150
 - 1615s - loss: 0.1832 - weighted_dice_loss: 0.1832 - val_loss: 0.2293 - val_weighted_dice_loss: 0.2293

Epoch 00010: val_weighted_dice_loss did not improve from 0.22799
Epoch 11/150
 - 1615s - loss: 0.1784 - weighted_dice_loss: 0.1784 - val_loss: 0.2394 - val_weighted_dice_loss: 0.2394

Epoch 00011: val_weighted_dice_loss did not improve from 0.22799
Epoch 12/150
 - 1612s - loss: 0.1742 - weighted_dice_loss: 0.1742 - val_loss: 0.2121 - val_weighted_dice_loss: 0.2121

Epoch 00012: val_weighted_dice_loss improved from 0.22799 to 0.21213, saving model to ./Unet-weights/7_classes_5208_reals_20832_GANs.h5
Epoch 13/150
 - 1611s - loss: 0.1705 - weighted_dice_loss: 0.1705 - val_loss: 0.2162 - val_weighted_dice_loss: 0.2162

Epoch 00013: val_weighted_dice_loss did not improve from 0.21213
Epoch 14/150
 - 1614s - loss: 0.1666 - weighted_dice_loss: 0.1666 - val_loss: 0.2174 - val_weighted_dice_loss: 0.2174

Epoch 00014: val_weighted_dice_loss did not improve from 0.21213
Epoch 15/150
 - 1613s - loss: 0.1635 - weighted_dice_loss: 0.1635 - val_loss: 0.2151 - val_weighted_dice_loss: 0.2151

Epoch 00015: val_weighted_dice_loss did not improve from 0.21213
Epoch 16/150
 - 1614s - loss: 0.1601 - weighted_dice_loss: 0.1601 - val_loss: 0.2054 - val_weighted_dice_loss: 0.2054

Epoch 00016: val_weighted_dice_loss improved from 0.21213 to 0.20539, saving model to ./Unet-weights/7_classes_5208_reals_20832_GANs.h5
Epoch 17/150
 - 1614s - loss: 0.1565 - weighted_dice_loss: 0.1565 - val_loss: 0.2129 - val_weighted_dice_loss: 0.2129

Epoch 00017: val_weighted_dice_loss did not improve from 0.20539
Epoch 18/150
 - 1612s - loss: 0.1545 - weighted_dice_loss: 0.1545 - val_loss: 0.1938 - val_weighted_dice_loss: 0.1938

Epoch 00018: val_weighted_dice_loss improved from 0.20539 to 0.19380, saving model to ./Unet-weights/7_classes_5208_reals_20832_GANs.h5
Epoch 19/150
 - 1615s - loss: 0.1505 - weighted_dice_loss: 0.1505 - val_loss: 0.1944 - val_weighted_dice_loss: 0.1944

Epoch 00019: val_weighted_dice_loss did not improve from 0.19380
Epoch 20/150
 - 1611s - loss: 0.1488 - weighted_dice_loss: 0.1488 - val_loss: 0.1956 - val_weighted_dice_loss: 0.1956

Epoch 00020: val_weighted_dice_loss did not improve from 0.19380
Epoch 21/150
 - 1611s - loss: 0.1457 - weighted_dice_loss: 0.1457 - val_loss: 0.2080 - val_weighted_dice_loss: 0.2080

Epoch 00021: val_weighted_dice_loss did not improve from 0.19380
Epoch 22/150
 - 1612s - loss: 0.1434 - weighted_dice_loss: 0.1434 - val_loss: 0.1923 - val_weighted_dice_loss: 0.1923

Epoch 00022: val_weighted_dice_loss improved from 0.19380 to 0.19231, saving model to ./Unet-weights/7_classes_5208_reals_20832_GANs.h5
Epoch 23/150
 - 1614s - loss: 0.1414 - weighted_dice_loss: 0.1414 - val_loss: 0.1866 - val_weighted_dice_loss: 0.1866

Epoch 00023: val_weighted_dice_loss improved from 0.19231 to 0.18659, saving model to ./Unet-weights/7_classes_5208_reals_20832_GANs.h5
Epoch 24/150
 - 1611s - loss: 0.1392 - weighted_dice_loss: 0.1392 - val_loss: 0.1885 - val_weighted_dice_loss: 0.1885

Epoch 00024: val_weighted_dice_loss did not improve from 0.18659
Epoch 25/150
 - 1612s - loss: 0.1368 - weighted_dice_loss: 0.1368 - val_loss: 0.1874 - val_weighted_dice_loss: 0.1874

Epoch 00025: val_weighted_dice_loss did not improve from 0.18659
Epoch 26/150
 - 1613s - loss: 0.1348 - weighted_dice_loss: 0.1348 - val_loss: 0.1859 - val_weighted_dice_loss: 0.1859

Epoch 00026: val_weighted_dice_loss improved from 0.18659 to 0.18586, saving model to ./Unet-weights/7_classes_5208_reals_20832_GANs.h5
Epoch 27/150
 - 1611s - loss: 0.1330 - weighted_dice_loss: 0.1330 - val_loss: 0.1807 - val_weighted_dice_loss: 0.1807

Epoch 00027: val_weighted_dice_loss improved from 0.18586 to 0.18069, saving model to ./Unet-weights/7_classes_5208_reals_20832_GANs.h5
Epoch 28/150
 - 1614s - loss: 0.1311 - weighted_dice_loss: 0.1311 - val_loss: 0.1846 - val_weighted_dice_loss: 0.1846

Epoch 00028: val_weighted_dice_loss did not improve from 0.18069
Epoch 29/150
 - 1613s - loss: 0.1295 - weighted_dice_loss: 0.1295 - val_loss: 0.1832 - val_weighted_dice_loss: 0.1832

Epoch 00029: val_weighted_dice_loss did not improve from 0.18069
Epoch 30/150
 - 1613s - loss: 0.1278 - weighted_dice_loss: 0.1278 - val_loss: 0.1799 - val_weighted_dice_loss: 0.1799

Epoch 00030: val_weighted_dice_loss improved from 0.18069 to 0.17990, saving model to ./Unet-weights/7_classes_5208_reals_20832_GANs.h5
Epoch 31/150
 - 1610s - loss: 0.1261 - weighted_dice_loss: 0.1261 - val_loss: 0.1755 - val_weighted_dice_loss: 0.1755

Epoch 00031: val_weighted_dice_loss improved from 0.17990 to 0.17548, saving model to ./Unet-weights/7_classes_5208_reals_20832_GANs.h5
Epoch 32/150
 - 1611s - loss: 0.1245 - weighted_dice_loss: 0.1245 - val_loss: 0.1786 - val_weighted_dice_loss: 0.1786

Epoch 00032: val_weighted_dice_loss did not improve from 0.17548
Epoch 33/150
 - 1610s - loss: 0.1230 - weighted_dice_loss: 0.1230 - val_loss: 0.1768 - val_weighted_dice_loss: 0.1768

Epoch 00033: val_weighted_dice_loss did not improve from 0.17548
Epoch 34/150
 - 1608s - loss: 0.1216 - weighted_dice_loss: 0.1216 - val_loss: 0.1812 - val_weighted_dice_loss: 0.1812

Epoch 00034: val_weighted_dice_loss did not improve from 0.17548
Epoch 35/150
 - 1613s - loss: 0.1202 - weighted_dice_loss: 0.1202 - val_loss: 0.1740 - val_weighted_dice_loss: 0.1740

Epoch 00035: val_weighted_dice_loss improved from 0.17548 to 0.17400, saving model to ./Unet-weights/7_classes_5208_reals_20832_GANs.h5
Epoch 36/150
 - 1611s - loss: 0.1189 - weighted_dice_loss: 0.1189 - val_loss: 0.1806 - val_weighted_dice_loss: 0.1806

Epoch 00036: val_weighted_dice_loss did not improve from 0.17400
Epoch 37/150
 - 1614s - loss: 0.1179 - weighted_dice_loss: 0.1179 - val_loss: 0.1741 - val_weighted_dice_loss: 0.1741

Epoch 00037: val_weighted_dice_loss did not improve from 0.17400
Epoch 38/150
 - 1611s - loss: 0.1166 - weighted_dice_loss: 0.1166 - val_loss: 0.1715 - val_weighted_dice_loss: 0.1715

Epoch 00038: val_weighted_dice_loss improved from 0.17400 to 0.17146, saving model to ./Unet-weights/7_classes_5208_reals_20832_GANs.h5
Epoch 39/150
 - 1614s - loss: 0.1153 - weighted_dice_loss: 0.1153 - val_loss: 0.1727 - val_weighted_dice_loss: 0.1727

Epoch 00039: val_weighted_dice_loss did not improve from 0.17146
Epoch 40/150
 - 1611s - loss: 0.1141 - weighted_dice_loss: 0.1141 - val_loss: 0.1698 - val_weighted_dice_loss: 0.1698

Epoch 00040: val_weighted_dice_loss improved from 0.17146 to 0.16984, saving model to ./Unet-weights/7_classes_5208_reals_20832_GANs.h5
Epoch 41/150
 - 1612s - loss: 0.1130 - weighted_dice_loss: 0.1130 - val_loss: 0.1698 - val_weighted_dice_loss: 0.1698

Epoch 00041: val_weighted_dice_loss improved from 0.16984 to 0.16976, saving model to ./Unet-weights/7_classes_5208_reals_20832_GANs.h5
Epoch 42/150
 - 1612s - loss: 0.1121 - weighted_dice_loss: 0.1121 - val_loss: 0.1786 - val_weighted_dice_loss: 0.1786

Epoch 00042: val_weighted_dice_loss did not improve from 0.16976
Epoch 43/150
 - 1613s - loss: 0.1109 - weighted_dice_loss: 0.1109 - val_loss: 0.1848 - val_weighted_dice_loss: 0.1848

Epoch 00043: val_weighted_dice_loss did not improve from 0.16976
Epoch 44/150
 - 1613s - loss: 0.1103 - weighted_dice_loss: 0.1103 - val_loss: 0.1764 - val_weighted_dice_loss: 0.1764

Epoch 00044: val_weighted_dice_loss did not improve from 0.16976
Epoch 45/150
 - 1609s - loss: 0.1090 - weighted_dice_loss: 0.1090 - val_loss: 0.1701 - val_weighted_dice_loss: 0.1701

Epoch 00045: val_weighted_dice_loss did not improve from 0.16976
Epoch 46/150
 - 1611s - loss: 0.1082 - weighted_dice_loss: 0.1082 - val_loss: 0.1738 - val_weighted_dice_loss: 0.1738

Epoch 00046: val_weighted_dice_loss did not improve from 0.16976
Epoch 47/150
 - 1613s - loss: 0.1074 - weighted_dice_loss: 0.1074 - val_loss: 0.1694 - val_weighted_dice_loss: 0.1694

Epoch 00047: val_weighted_dice_loss improved from 0.16976 to 0.16944, saving model to ./Unet-weights/7_classes_5208_reals_20832_GANs.h5
Epoch 48/150
 - 1612s - loss: 0.1064 - weighted_dice_loss: 0.1064 - val_loss: 0.1692 - val_weighted_dice_loss: 0.1692

Epoch 00048: val_weighted_dice_loss improved from 0.16944 to 0.16917, saving model to ./Unet-weights/7_classes_5208_reals_20832_GANs.h5
Epoch 49/150
 - 1614s - loss: 0.1056 - weighted_dice_loss: 0.1056 - val_loss: 0.1702 - val_weighted_dice_loss: 0.1702

Epoch 00049: val_weighted_dice_loss did not improve from 0.16917
Epoch 50/150
 - 1612s - loss: 0.1048 - weighted_dice_loss: 0.1048 - val_loss: 0.1692 - val_weighted_dice_loss: 0.1692

Epoch 00050: val_weighted_dice_loss did not improve from 0.16917
Epoch 51/150
 - 1611s - loss: 0.1040 - weighted_dice_loss: 0.1040 - val_loss: 0.1692 - val_weighted_dice_loss: 0.1692

Epoch 00051: val_weighted_dice_loss did not improve from 0.16917
Epoch 52/150
 - 1612s - loss: 0.1030 - weighted_dice_loss: 0.1030 - val_loss: 0.1679 - val_weighted_dice_loss: 0.1679

Epoch 00052: val_weighted_dice_loss improved from 0.16917 to 0.16790, saving model to ./Unet-weights/7_classes_5208_reals_20832_GANs.h5
Epoch 53/150
 - 1613s - loss: 0.1025 - weighted_dice_loss: 0.1025 - val_loss: 0.1657 - val_weighted_dice_loss: 0.1657

Epoch 00053: val_weighted_dice_loss improved from 0.16790 to 0.16568, saving model to ./Unet-weights/7_classes_5208_reals_20832_GANs.h5
Epoch 54/150
 - 1612s - loss: 0.1017 - weighted_dice_loss: 0.1017 - val_loss: 0.1690 - val_weighted_dice_loss: 0.1690

Epoch 00054: val_weighted_dice_loss did not improve from 0.16568
Epoch 55/150
 - 1615s - loss: 0.1009 - weighted_dice_loss: 0.1009 - val_loss: 0.1706 - val_weighted_dice_loss: 0.1706

Epoch 00055: val_weighted_dice_loss did not improve from 0.16568
Epoch 56/150
 - 1612s - loss: 0.1003 - weighted_dice_loss: 0.1003 - val_loss: 0.1715 - val_weighted_dice_loss: 0.1715

Epoch 00056: val_weighted_dice_loss did not improve from 0.16568
Epoch 57/150
 - 1611s - loss: 0.0995 - weighted_dice_loss: 0.0995 - val_loss: 0.1689 - val_weighted_dice_loss: 0.1689

Epoch 00057: val_weighted_dice_loss did not improve from 0.16568
Epoch 58/150
 - 1611s - loss: 0.0989 - weighted_dice_loss: 0.0989 - val_loss: 0.1700 - val_weighted_dice_loss: 0.1700

Epoch 00058: val_weighted_dice_loss did not improve from 0.16568
Epoch 59/150
 - 1612s - loss: 0.0982 - weighted_dice_loss: 0.0982 - val_loss: 0.1659 - val_weighted_dice_loss: 0.1659

Epoch 00059: val_weighted_dice_loss did not improve from 0.16568
Epoch 60/150
 - 1613s - loss: 0.0975 - weighted_dice_loss: 0.0975 - val_loss: 0.1662 - val_weighted_dice_loss: 0.1662

Epoch 00060: val_weighted_dice_loss did not improve from 0.16568
Epoch 61/150
 - 1612s - loss: 0.0970 - weighted_dice_loss: 0.0970 - val_loss: 0.1670 - val_weighted_dice_loss: 0.1670

Epoch 00061: val_weighted_dice_loss did not improve from 0.16568
Epoch 62/150
 - 1612s - loss: 0.0964 - weighted_dice_loss: 0.0964 - val_loss: 0.1693 - val_weighted_dice_loss: 0.1693

Epoch 00062: val_weighted_dice_loss did not improve from 0.16568
Epoch 63/150
 - 1611s - loss: 0.0957 - weighted_dice_loss: 0.0957 - val_loss: 0.1637 - val_weighted_dice_loss: 0.1637

Epoch 00063: val_weighted_dice_loss improved from 0.16568 to 0.16370, saving model to ./Unet-weights/7_classes_5208_reals_20832_GANs.h5
Epoch 64/150
 - 1611s - loss: 0.0951 - weighted_dice_loss: 0.0951 - val_loss: 0.1660 - val_weighted_dice_loss: 0.1660

Epoch 00064: val_weighted_dice_loss did not improve from 0.16370
Epoch 65/150
 - 1614s - loss: 0.0946 - weighted_dice_loss: 0.0946 - val_loss: 0.1659 - val_weighted_dice_loss: 0.1659

Epoch 00065: val_weighted_dice_loss did not improve from 0.16370
Epoch 66/150
 - 1613s - loss: 0.0941 - weighted_dice_loss: 0.0941 - val_loss: 0.1735 - val_weighted_dice_loss: 0.1735

Epoch 00066: val_weighted_dice_loss did not improve from 0.16370
Epoch 67/150
 - 1610s - loss: 0.0935 - weighted_dice_loss: 0.0935 - val_loss: 0.2742 - val_weighted_dice_loss: 0.2742

Epoch 00067: val_weighted_dice_loss did not improve from 0.16370
Epoch 68/150
 - 1613s - loss: 0.0929 - weighted_dice_loss: 0.0929 - val_loss: 0.1672 - val_weighted_dice_loss: 0.1672

Epoch 00068: val_weighted_dice_loss did not improve from 0.16370
Epoch 69/150
 - 1612s - loss: 0.0923 - weighted_dice_loss: 0.0923 - val_loss: 0.1665 - val_weighted_dice_loss: 0.1665

Epoch 00069: val_weighted_dice_loss did not improve from 0.16370
Epoch 70/150
 - 1610s - loss: 0.0919 - weighted_dice_loss: 0.0919 - val_loss: 0.1660 - val_weighted_dice_loss: 0.1660

Epoch 00070: val_weighted_dice_loss did not improve from 0.16370
Epoch 71/150
 - 1615s - loss: 0.0913 - weighted_dice_loss: 0.0913 - val_loss: 0.1636 - val_weighted_dice_loss: 0.1636

Epoch 00071: val_weighted_dice_loss improved from 0.16370 to 0.16360, saving model to ./Unet-weights/7_classes_5208_reals_20832_GANs.h5
Epoch 72/150
 - 1611s - loss: 0.0909 - weighted_dice_loss: 0.0909 - val_loss: 0.1644 - val_weighted_dice_loss: 0.1644

Epoch 00072: val_weighted_dice_loss did not improve from 0.16360
Epoch 73/150
 - 1615s - loss: 0.0902 - weighted_dice_loss: 0.0902 - val_loss: 0.1672 - val_weighted_dice_loss: 0.1672

Epoch 00073: val_weighted_dice_loss did not improve from 0.16360
Epoch 74/150
 - 1610s - loss: 0.0898 - weighted_dice_loss: 0.0898 - val_loss: 0.1640 - val_weighted_dice_loss: 0.1640

Epoch 00074: val_weighted_dice_loss did not improve from 0.16360
Epoch 75/150
 - 1613s - loss: 0.0895 - weighted_dice_loss: 0.0895 - val_loss: 0.1746 - val_weighted_dice_loss: 0.1746

Epoch 00075: val_weighted_dice_loss did not improve from 0.16360
Epoch 76/150
 - 1611s - loss: 0.0890 - weighted_dice_loss: 0.0890 - val_loss: 0.1650 - val_weighted_dice_loss: 0.1650

Epoch 00076: val_weighted_dice_loss did not improve from 0.16360
Epoch 77/150
 - 1614s - loss: 0.0885 - weighted_dice_loss: 0.0885 - val_loss: 0.1635 - val_weighted_dice_loss: 0.1635

Epoch 00077: val_weighted_dice_loss improved from 0.16360 to 0.16347, saving model to ./Unet-weights/7_classes_5208_reals_20832_GANs.h5
Epoch 78/150
 - 1612s - loss: 0.0881 - weighted_dice_loss: 0.0881 - val_loss: 0.1674 - val_weighted_dice_loss: 0.1674

Epoch 00078: val_weighted_dice_loss did not improve from 0.16347
Epoch 79/150
 - 1612s - loss: 0.0876 - weighted_dice_loss: 0.0876 - val_loss: 0.1640 - val_weighted_dice_loss: 0.1640

Epoch 00079: val_weighted_dice_loss did not improve from 0.16347
Epoch 80/150
 - 1612s - loss: 0.0872 - weighted_dice_loss: 0.0872 - val_loss: 0.1800 - val_weighted_dice_loss: 0.1800

Epoch 00080: val_weighted_dice_loss did not improve from 0.16347
Epoch 81/150
 - 1612s - loss: 0.0867 - weighted_dice_loss: 0.0867 - val_loss: 0.1724 - val_weighted_dice_loss: 0.1724

Epoch 00081: val_weighted_dice_loss did not improve from 0.16347
Epoch 82/150
 - 1611s - loss: 0.0864 - weighted_dice_loss: 0.0864 - val_loss: 0.1670 - val_weighted_dice_loss: 0.1670

Epoch 00082: val_weighted_dice_loss did not improve from 0.16347
Epoch 83/150
 - 1611s - loss: 0.0860 - weighted_dice_loss: 0.0860 - val_loss: 0.1663 - val_weighted_dice_loss: 0.1663

Epoch 00083: val_weighted_dice_loss did not improve from 0.16347
Epoch 84/150
 - 1614s - loss: 0.0856 - weighted_dice_loss: 0.0856 - val_loss: 0.1662 - val_weighted_dice_loss: 0.1662

Epoch 00084: val_weighted_dice_loss did not improve from 0.16347
Epoch 85/150
 - 1612s - loss: 0.0853 - weighted_dice_loss: 0.0853 - val_loss: 0.1623 - val_weighted_dice_loss: 0.1623

Epoch 00085: val_weighted_dice_loss improved from 0.16347 to 0.16233, saving model to ./Unet-weights/7_classes_5208_reals_20832_GANs.h5
Epoch 86/150
 - 1611s - loss: 0.0848 - weighted_dice_loss: 0.0848 - val_loss: 0.1681 - val_weighted_dice_loss: 0.1681

Epoch 00086: val_weighted_dice_loss did not improve from 0.16233
Epoch 87/150
 - 1609s - loss: 0.0844 - weighted_dice_loss: 0.0844 - val_loss: 0.1688 - val_weighted_dice_loss: 0.1688

Epoch 00087: val_weighted_dice_loss did not improve from 0.16233
Epoch 88/150
 - 1609s - loss: 0.0840 - weighted_dice_loss: 0.0840 - val_loss: 0.1743 - val_weighted_dice_loss: 0.1743

Epoch 00088: val_weighted_dice_loss did not improve from 0.16233
Epoch 89/150
 - 1611s - loss: 0.0836 - weighted_dice_loss: 0.0836 - val_loss: 0.1642 - val_weighted_dice_loss: 0.1642

Epoch 00089: val_weighted_dice_loss did not improve from 0.16233
Epoch 90/150
 - 1609s - loss: 0.0834 - weighted_dice_loss: 0.0834 - val_loss: 0.1620 - val_weighted_dice_loss: 0.1620

Epoch 00090: val_weighted_dice_loss improved from 0.16233 to 0.16205, saving model to ./Unet-weights/7_classes_5208_reals_20832_GANs.h5
Epoch 91/150
 - 1610s - loss: 0.0830 - weighted_dice_loss: 0.0830 - val_loss: 0.1651 - val_weighted_dice_loss: 0.1651

Epoch 00091: val_weighted_dice_loss did not improve from 0.16205
Epoch 92/150
 - 1611s - loss: 0.0825 - weighted_dice_loss: 0.0825 - val_loss: 0.1630 - val_weighted_dice_loss: 0.1630

Epoch 00092: val_weighted_dice_loss did not improve from 0.16205
Epoch 93/150
 - 1611s - loss: 0.0822 - weighted_dice_loss: 0.0822 - val_loss: 0.1709 - val_weighted_dice_loss: 0.1709

Epoch 00093: val_weighted_dice_loss did not improve from 0.16205
Epoch 94/150
 - 1613s - loss: 0.0819 - weighted_dice_loss: 0.0819 - val_loss: 0.1635 - val_weighted_dice_loss: 0.1635

Epoch 00094: val_weighted_dice_loss did not improve from 0.16205
Epoch 95/150
 - 1610s - loss: 0.0815 - weighted_dice_loss: 0.0815 - val_loss: 0.1645 - val_weighted_dice_loss: 0.1645

Epoch 00095: val_weighted_dice_loss did not improve from 0.16205
Epoch 96/150
 - 1613s - loss: 0.0813 - weighted_dice_loss: 0.0813 - val_loss: 0.1674 - val_weighted_dice_loss: 0.1674

Epoch 00096: val_weighted_dice_loss did not improve from 0.16205
Epoch 97/150
 - 1613s - loss: 0.0809 - weighted_dice_loss: 0.0809 - val_loss: 0.1640 - val_weighted_dice_loss: 0.1640

Epoch 00097: val_weighted_dice_loss did not improve from 0.16205
Epoch 98/150
 - 1609s - loss: 0.0807 - weighted_dice_loss: 0.0807 - val_loss: 0.1620 - val_weighted_dice_loss: 0.1620

Epoch 00098: val_weighted_dice_loss improved from 0.16205 to 0.16203, saving model to ./Unet-weights/7_classes_5208_reals_20832_GANs.h5
Epoch 99/150
 - 1610s - loss: 0.0804 - weighted_dice_loss: 0.0804 - val_loss: 0.1632 - val_weighted_dice_loss: 0.1632

Epoch 00099: val_weighted_dice_loss did not improve from 0.16203
Epoch 100/150
 - 1610s - loss: 0.0800 - weighted_dice_loss: 0.0800 - val_loss: 0.1638 - val_weighted_dice_loss: 0.1638

Epoch 00100: val_weighted_dice_loss did not improve from 0.16203
Epoch 101/150
 - 1611s - loss: 0.0797 - weighted_dice_loss: 0.0797 - val_loss: 0.1639 - val_weighted_dice_loss: 0.1639

Epoch 00101: val_weighted_dice_loss did not improve from 0.16203
Epoch 102/150
 - 1609s - loss: 0.0794 - weighted_dice_loss: 0.0794 - val_loss: 0.1628 - val_weighted_dice_loss: 0.1628

Epoch 00102: val_weighted_dice_loss did not improve from 0.16203
Epoch 103/150
 - 1611s - loss: 0.0789 - weighted_dice_loss: 0.0789 - val_loss: 0.1640 - val_weighted_dice_loss: 0.1640

Epoch 00103: val_weighted_dice_loss did not improve from 0.16203
Epoch 104/150
 - 1615s - loss: 0.0789 - weighted_dice_loss: 0.0789 - val_loss: 0.1616 - val_weighted_dice_loss: 0.1616

Epoch 00104: val_weighted_dice_loss improved from 0.16203 to 0.16158, saving model to ./Unet-weights/7_classes_5208_reals_20832_GANs.h5
Epoch 105/150
 - 1617s - loss: 0.0785 - weighted_dice_loss: 0.0785 - val_loss: 0.1651 - val_weighted_dice_loss: 0.1651

Epoch 00105: val_weighted_dice_loss did not improve from 0.16158
Epoch 106/150
 - 1618s - loss: 0.0782 - weighted_dice_loss: 0.0782 - val_loss: 0.4982 - val_weighted_dice_loss: 0.4982

Epoch 00106: val_weighted_dice_loss did not improve from 0.16158
Epoch 107/150
 - 1616s - loss: 0.0778 - weighted_dice_loss: 0.0778 - val_loss: 0.1666 - val_weighted_dice_loss: 0.1666

Epoch 00107: val_weighted_dice_loss did not improve from 0.16158
Epoch 108/150
 - 1614s - loss: 0.0775 - weighted_dice_loss: 0.0775 - val_loss: 0.1638 - val_weighted_dice_loss: 0.1638

Epoch 00108: val_weighted_dice_loss did not improve from 0.16158
Epoch 109/150
 - 1615s - loss: 0.0773 - weighted_dice_loss: 0.0773 - val_loss: 0.1611 - val_weighted_dice_loss: 0.1611

Epoch 00109: val_weighted_dice_loss improved from 0.16158 to 0.16114, saving model to ./Unet-weights/7_classes_5208_reals_20832_GANs.h5
Epoch 110/150
 - 1613s - loss: 0.0770 - weighted_dice_loss: 0.0770 - val_loss: 0.1636 - val_weighted_dice_loss: 0.1636

Epoch 00110: val_weighted_dice_loss did not improve from 0.16114
Epoch 111/150
 - 1613s - loss: 0.0769 - weighted_dice_loss: 0.0769 - val_loss: 0.1906 - val_weighted_dice_loss: 0.1906

Epoch 00111: val_weighted_dice_loss did not improve from 0.16114
Epoch 112/150
 - 1611s - loss: 0.0766 - weighted_dice_loss: 0.0766 - val_loss: 0.1728 - val_weighted_dice_loss: 0.1728

Epoch 00112: val_weighted_dice_loss did not improve from 0.16114
Epoch 113/150
 - 1614s - loss: 0.0762 - weighted_dice_loss: 0.0762 - val_loss: 0.1637 - val_weighted_dice_loss: 0.1637

Epoch 00113: val_weighted_dice_loss did not improve from 0.16114
Epoch 114/150
 - 1611s - loss: 0.0760 - weighted_dice_loss: 0.0760 - val_loss: 0.1650 - val_weighted_dice_loss: 0.1650

Epoch 00114: val_weighted_dice_loss did not improve from 0.16114
Epoch 115/150
 - 1613s - loss: 0.0757 - weighted_dice_loss: 0.0757 - val_loss: 0.1646 - val_weighted_dice_loss: 0.1646

Epoch 00115: val_weighted_dice_loss did not improve from 0.16114
Epoch 116/150
 - 1609s - loss: 0.0754 - weighted_dice_loss: 0.0754 - val_loss: 0.1642 - val_weighted_dice_loss: 0.1642

Epoch 00116: val_weighted_dice_loss did not improve from 0.16114
Epoch 117/150
 - 1611s - loss: 0.0752 - weighted_dice_loss: 0.0752 - val_loss: 0.1644 - val_weighted_dice_loss: 0.1644

Epoch 00117: val_weighted_dice_loss did not improve from 0.16114
Epoch 118/150
 - 1610s - loss: 0.0750 - weighted_dice_loss: 0.0750 - val_loss: 0.1677 - val_weighted_dice_loss: 0.1677

Epoch 00118: val_weighted_dice_loss did not improve from 0.16114
Epoch 119/150
 - 1611s - loss: 0.0746 - weighted_dice_loss: 0.0746 - val_loss: 0.1641 - val_weighted_dice_loss: 0.1641

Epoch 00119: val_weighted_dice_loss did not improve from 0.16114
Epoch 120/150
 - 1608s - loss: 0.0744 - weighted_dice_loss: 0.0744 - val_loss: 0.1652 - val_weighted_dice_loss: 0.1652

Epoch 00120: val_weighted_dice_loss did not improve from 0.16114
Epoch 121/150
 - 1611s - loss: 0.0743 - weighted_dice_loss: 0.0743 - val_loss: 0.1633 - val_weighted_dice_loss: 0.1633

Epoch 00121: val_weighted_dice_loss did not improve from 0.16114
Epoch 122/150
 - 1612s - loss: 0.0740 - weighted_dice_loss: 0.0740 - val_loss: 0.1622 - val_weighted_dice_loss: 0.1622

Epoch 00122: val_weighted_dice_loss did not improve from 0.16114
Epoch 123/150
 - 1614s - loss: 0.0736 - weighted_dice_loss: 0.0736 - val_loss: 0.1652 - val_weighted_dice_loss: 0.1652

Epoch 00123: val_weighted_dice_loss did not improve from 0.16114
Epoch 124/150
 - 1613s - loss: 0.0734 - weighted_dice_loss: 0.0734 - val_loss: 0.1657 - val_weighted_dice_loss: 0.1657

Epoch 00124: val_weighted_dice_loss did not improve from 0.16114
Epoch 125/150
 - 1613s - loss: 0.0732 - weighted_dice_loss: 0.0732 - val_loss: 0.4995 - val_weighted_dice_loss: 0.4995

Epoch 00125: val_weighted_dice_loss did not improve from 0.16114
Epoch 126/150
 - 1610s - loss: 0.0731 - weighted_dice_loss: 0.0731 - val_loss: 0.1614 - val_weighted_dice_loss: 0.1614

Epoch 00126: val_weighted_dice_loss did not improve from 0.16114
Epoch 127/150
 - 1611s - loss: 0.0728 - weighted_dice_loss: 0.0728 - val_loss: 0.1623 - val_weighted_dice_loss: 0.1623

Epoch 00127: val_weighted_dice_loss did not improve from 0.16114
Epoch 128/150
 - 1609s - loss: 0.0726 - weighted_dice_loss: 0.0726 - val_loss: 0.3204 - val_weighted_dice_loss: 0.3204

Epoch 00128: val_weighted_dice_loss did not improve from 0.16114
Epoch 129/150
 - 1611s - loss: 0.0723 - weighted_dice_loss: 0.0723 - val_loss: 0.1644 - val_weighted_dice_loss: 0.1644

Epoch 00129: val_weighted_dice_loss did not improve from 0.16114
Epoch 130/150
 - 1611s - loss: 0.0721 - weighted_dice_loss: 0.0721 - val_loss: 0.1772 - val_weighted_dice_loss: 0.1772

Epoch 00130: val_weighted_dice_loss did not improve from 0.16114
Epoch 131/150
 - 1611s - loss: 0.0720 - weighted_dice_loss: 0.0720 - val_loss: 0.1655 - val_weighted_dice_loss: 0.1655

Epoch 00131: val_weighted_dice_loss did not improve from 0.16114
Epoch 132/150
 - 1611s - loss: 0.0718 - weighted_dice_loss: 0.0718 - val_loss: 0.1666 - val_weighted_dice_loss: 0.1666

Epoch 00132: val_weighted_dice_loss did not improve from 0.16114
Epoch 133/150
 - 1611s - loss: 0.0715 - weighted_dice_loss: 0.0715 - val_loss: 0.1649 - val_weighted_dice_loss: 0.1649

Epoch 00133: val_weighted_dice_loss did not improve from 0.16114
Epoch 134/150
 - 1609s - loss: 0.0712 - weighted_dice_loss: 0.0712 - val_loss: 0.1629 - val_weighted_dice_loss: 0.1629

Epoch 00134: val_weighted_dice_loss did not improve from 0.16114
Epoch 135/150
 - 1610s - loss: 0.0710 - weighted_dice_loss: 0.0710 - val_loss: 0.1686 - val_weighted_dice_loss: 0.1686

Epoch 00135: val_weighted_dice_loss did not improve from 0.16114
Epoch 136/150
 - 1611s - loss: 0.0708 - weighted_dice_loss: 0.0708 - val_loss: 0.1637 - val_weighted_dice_loss: 0.1637

Epoch 00136: val_weighted_dice_loss did not improve from 0.16114
Epoch 137/150
 - 1612s - loss: 0.0707 - weighted_dice_loss: 0.0707 - val_loss: 0.1617 - val_weighted_dice_loss: 0.1617

Epoch 00137: val_weighted_dice_loss did not improve from 0.16114
Epoch 138/150
 - 1610s - loss: 0.0705 - weighted_dice_loss: 0.0705 - val_loss: 0.1649 - val_weighted_dice_loss: 0.1649

Epoch 00138: val_weighted_dice_loss did not improve from 0.16114
Epoch 139/150
 - 1612s - loss: 0.0703 - weighted_dice_loss: 0.0703 - val_loss: 0.1634 - val_weighted_dice_loss: 0.1634

Epoch 00139: val_weighted_dice_loss did not improve from 0.16114
Epoch 140/150
 - 1609s - loss: 0.0701 - weighted_dice_loss: 0.0701 - val_loss: 0.1637 - val_weighted_dice_loss: 0.1637

Epoch 00140: val_weighted_dice_loss did not improve from 0.16114
Epoch 141/150
 - 1609s - loss: 0.0699 - weighted_dice_loss: 0.0699 - val_loss: 0.1642 - val_weighted_dice_loss: 0.1642

Epoch 00141: val_weighted_dice_loss did not improve from 0.16114
Epoch 142/150
 - 1608s - loss: 0.0696 - weighted_dice_loss: 0.0696 - val_loss: 0.1650 - val_weighted_dice_loss: 0.1650

Epoch 00142: val_weighted_dice_loss did not improve from 0.16114
Epoch 143/150
 - 1609s - loss: 0.0693 - weighted_dice_loss: 0.0693 - val_loss: 0.1647 - val_weighted_dice_loss: 0.1647

Epoch 00143: val_weighted_dice_loss did not improve from 0.16114
Epoch 144/150
 - 1609s - loss: 0.0693 - weighted_dice_loss: 0.0693 - val_loss: 0.1613 - val_weighted_dice_loss: 0.1613

Epoch 00144: val_weighted_dice_loss did not improve from 0.16114
Epoch 145/150
 - 1609s - loss: 0.0691 - weighted_dice_loss: 0.0691 - val_loss: 0.1668 - val_weighted_dice_loss: 0.1668

Epoch 00145: val_weighted_dice_loss did not improve from 0.16114
Epoch 146/150
 - 1611s - loss: 0.0688 - weighted_dice_loss: 0.0688 - val_loss: 0.1642 - val_weighted_dice_loss: 0.1642

Epoch 00146: val_weighted_dice_loss did not improve from 0.16114
Epoch 147/150
 - 1609s - loss: 0.0688 - weighted_dice_loss: 0.0688 - val_loss: 0.1619 - val_weighted_dice_loss: 0.1619

Epoch 00147: val_weighted_dice_loss did not improve from 0.16114
Epoch 148/150
 - 1611s - loss: 0.0685 - weighted_dice_loss: 0.0685 - val_loss: 0.1630 - val_weighted_dice_loss: 0.1630

Epoch 00148: val_weighted_dice_loss did not improve from 0.16114
Epoch 149/150
 - 1610s - loss: 0.0684 - weighted_dice_loss: 0.0684 - val_loss: 0.1619 - val_weighted_dice_loss: 0.1619

Epoch 00149: val_weighted_dice_loss did not improve from 0.16114
Epoch 150/150
 - 1610s - loss: 0.0681 - weighted_dice_loss: 0.0681 - val_loss: 0.1636 - val_weighted_dice_loss: 0.1636

Epoch 00150: val_weighted_dice_loss did not improve from 0.16114
Finished training.
