nohup: ignoring input
2020-07-21 01:42:20.017467: I tensorflow/core/platform/cpu_feature_guard.cc:142] Your CPU supports instructions that this TensorFlow binary was not compiled to use: SSE4.1 SSE4.2 AVX
2020-07-21 01:42:20.023906: I tensorflow/core/platform/profile_utils/cpu_utils.cc:94] CPU Frequency: 3602185000 Hz
2020-07-21 01:42:20.024541: I tensorflow/compiler/xla/service/service.cc:168] XLA service 0x5597dabd8240 executing computations on platform Host. Devices:
2020-07-21 01:42:20.024565: I tensorflow/compiler/xla/service/service.cc:175]   StreamExecutor device (0): <undefined>, <undefined>
2020-07-21 01:42:20.029876: I tensorflow/stream_executor/platform/default/dso_loader.cc:42] Successfully opened dynamic library libcuda.so.1
2020-07-21 01:42:20.043268: I tensorflow/stream_executor/cuda/cuda_gpu_executor.cc:1005] successful NUMA node read from SysFS had negative value (-1), but there must be at least one NUMA node, so returning NUMA node zero
2020-07-21 01:42:20.043804: I tensorflow/core/common_runtime/gpu/gpu_device.cc:1640] Found device 0 with properties: 
name: GeForce GTX 1080 major: 6 minor: 1 memoryClockRate(GHz): 1.7335
pciBusID: 0000:01:00.0
2020-07-21 01:42:20.048606: I tensorflow/stream_executor/platform/default/dso_loader.cc:42] Successfully opened dynamic library libcudart.so.10.1
2020-07-21 01:42:20.073318: I tensorflow/stream_executor/platform/default/dso_loader.cc:42] Successfully opened dynamic library libcublas.so.10
2020-07-21 01:42:20.081374: I tensorflow/stream_executor/platform/default/dso_loader.cc:42] Successfully opened dynamic library libcufft.so.10
2020-07-21 01:42:20.104978: I tensorflow/stream_executor/platform/default/dso_loader.cc:42] Successfully opened dynamic library libcurand.so.10
2020-07-21 01:42:20.124249: I tensorflow/stream_executor/platform/default/dso_loader.cc:42] Successfully opened dynamic library libcusolver.so.10
2020-07-21 01:42:20.135635: I tensorflow/stream_executor/platform/default/dso_loader.cc:42] Successfully opened dynamic library libcusparse.so.10
2020-07-21 01:42:20.171745: I tensorflow/stream_executor/platform/default/dso_loader.cc:42] Successfully opened dynamic library libcudnn.so.7
2020-07-21 01:42:20.171944: I tensorflow/stream_executor/cuda/cuda_gpu_executor.cc:1005] successful NUMA node read from SysFS had negative value (-1), but there must be at least one NUMA node, so returning NUMA node zero
2020-07-21 01:42:20.172791: I tensorflow/stream_executor/cuda/cuda_gpu_executor.cc:1005] successful NUMA node read from SysFS had negative value (-1), but there must be at least one NUMA node, so returning NUMA node zero
2020-07-21 01:42:20.173528: I tensorflow/core/common_runtime/gpu/gpu_device.cc:1763] Adding visible gpu devices: 0
2020-07-21 01:42:20.173589: I tensorflow/stream_executor/platform/default/dso_loader.cc:42] Successfully opened dynamic library libcudart.so.10.1
2020-07-21 01:42:20.267569: I tensorflow/core/common_runtime/gpu/gpu_device.cc:1181] Device interconnect StreamExecutor with strength 1 edge matrix:
2020-07-21 01:42:20.267627: I tensorflow/core/common_runtime/gpu/gpu_device.cc:1187]      0 
2020-07-21 01:42:20.267642: I tensorflow/core/common_runtime/gpu/gpu_device.cc:1200] 0:   N 
2020-07-21 01:42:20.267831: I tensorflow/stream_executor/cuda/cuda_gpu_executor.cc:1005] successful NUMA node read from SysFS had negative value (-1), but there must be at least one NUMA node, so returning NUMA node zero
2020-07-21 01:42:20.269273: I tensorflow/stream_executor/cuda/cuda_gpu_executor.cc:1005] successful NUMA node read from SysFS had negative value (-1), but there must be at least one NUMA node, so returning NUMA node zero
2020-07-21 01:42:20.269749: I tensorflow/stream_executor/cuda/cuda_gpu_executor.cc:1005] successful NUMA node read from SysFS had negative value (-1), but there must be at least one NUMA node, so returning NUMA node zero
2020-07-21 01:42:20.270219: I tensorflow/core/common_runtime/gpu/gpu_device.cc:1326] Created TensorFlow device (/job:localhost/replica:0/task:0/device:GPU:0 with 7568 MB memory) -> physical GPU (device: 0, name: GeForce GTX 1080, pci bus id: 0000:01:00.0, compute capability: 6.1)
2020-07-21 01:42:20.272210: I tensorflow/compiler/xla/service/service.cc:168] XLA service 0x5597db6e3d60 executing computations on platform CUDA. Devices:
2020-07-21 01:42:20.272245: I tensorflow/compiler/xla/service/service.cc:175]   StreamExecutor device (0): GeForce GTX 1080, Compute Capability 6.1
/home/mehfo331/.conda/envs/thesis/lib/python3.6/site-packages/tensorflow/python/framework/dtypes.py:516: FutureWarning: Passing (type, 1) or '1type' as a synonym of type is deprecated; in a future version of numpy, it will be understood as (type, (1,)) / '(1,)type'.
  _np_qint8 = np.dtype([("qint8", np.int8, 1)])
/home/mehfo331/.conda/envs/thesis/lib/python3.6/site-packages/tensorflow/python/framework/dtypes.py:517: FutureWarning: Passing (type, 1) or '1type' as a synonym of type is deprecated; in a future version of numpy, it will be understood as (type, (1,)) / '(1,)type'.
  _np_quint8 = np.dtype([("quint8", np.uint8, 1)])
/home/mehfo331/.conda/envs/thesis/lib/python3.6/site-packages/tensorflow/python/framework/dtypes.py:518: FutureWarning: Passing (type, 1) or '1type' as a synonym of type is deprecated; in a future version of numpy, it will be understood as (type, (1,)) / '(1,)type'.
  _np_qint16 = np.dtype([("qint16", np.int16, 1)])
/home/mehfo331/.conda/envs/thesis/lib/python3.6/site-packages/tensorflow/python/framework/dtypes.py:519: FutureWarning: Passing (type, 1) or '1type' as a synonym of type is deprecated; in a future version of numpy, it will be understood as (type, (1,)) / '(1,)type'.
  _np_quint16 = np.dtype([("quint16", np.uint16, 1)])
/home/mehfo331/.conda/envs/thesis/lib/python3.6/site-packages/tensorflow/python/framework/dtypes.py:520: FutureWarning: Passing (type, 1) or '1type' as a synonym of type is deprecated; in a future version of numpy, it will be understood as (type, (1,)) / '(1,)type'.
  _np_qint32 = np.dtype([("qint32", np.int32, 1)])
/home/mehfo331/.conda/envs/thesis/lib/python3.6/site-packages/tensorflow/python/framework/dtypes.py:525: FutureWarning: Passing (type, 1) or '1type' as a synonym of type is deprecated; in a future version of numpy, it will be understood as (type, (1,)) / '(1,)type'.
  np_resource = np.dtype([("resource", np.ubyte, 1)])
/home/mehfo331/.conda/envs/thesis/lib/python3.6/site-packages/tensorboard/compat/tensorflow_stub/dtypes.py:541: FutureWarning: Passing (type, 1) or '1type' as a synonym of type is deprecated; in a future version of numpy, it will be understood as (type, (1,)) / '(1,)type'.
  _np_qint8 = np.dtype([("qint8", np.int8, 1)])
/home/mehfo331/.conda/envs/thesis/lib/python3.6/site-packages/tensorboard/compat/tensorflow_stub/dtypes.py:542: FutureWarning: Passing (type, 1) or '1type' as a synonym of type is deprecated; in a future version of numpy, it will be understood as (type, (1,)) / '(1,)type'.
  _np_quint8 = np.dtype([("quint8", np.uint8, 1)])
/home/mehfo331/.conda/envs/thesis/lib/python3.6/site-packages/tensorboard/compat/tensorflow_stub/dtypes.py:543: FutureWarning: Passing (type, 1) or '1type' as a synonym of type is deprecated; in a future version of numpy, it will be understood as (type, (1,)) / '(1,)type'.
  _np_qint16 = np.dtype([("qint16", np.int16, 1)])
/home/mehfo331/.conda/envs/thesis/lib/python3.6/site-packages/tensorboard/compat/tensorflow_stub/dtypes.py:544: FutureWarning: Passing (type, 1) or '1type' as a synonym of type is deprecated; in a future version of numpy, it will be understood as (type, (1,)) / '(1,)type'.
  _np_quint16 = np.dtype([("quint16", np.uint16, 1)])
/home/mehfo331/.conda/envs/thesis/lib/python3.6/site-packages/tensorboard/compat/tensorflow_stub/dtypes.py:545: FutureWarning: Passing (type, 1) or '1type' as a synonym of type is deprecated; in a future version of numpy, it will be understood as (type, (1,)) / '(1,)type'.
  _np_qint32 = np.dtype([("qint32", np.int32, 1)])
/home/mehfo331/.conda/envs/thesis/lib/python3.6/site-packages/tensorboard/compat/tensorflow_stub/dtypes.py:550: FutureWarning: Passing (type, 1) or '1type' as a synonym of type is deprecated; in a future version of numpy, it will be understood as (type, (1,)) / '(1,)type'.
  np_resource = np.dtype([("resource", np.ubyte, 1)])
Using TensorFlow backend.
WARNING:tensorflow:From segmentation.py:20: The name tf.keras.backend.set_session is deprecated. Please use tf.compat.v1.keras.backend.set_session instead.

WARNING:tensorflow:From segmentation.py:33: The name tf.ConfigProto is deprecated. Please use tf.compat.v1.ConfigProto instead.

WARNING:tensorflow:From segmentation.py:35: The name tf.Session is deprecated. Please use tf.compat.v1.Session instead.

2020-07-21 01:42:20.273423: I tensorflow/stream_executor/cuda/cuda_gpu_executor.cc:1005] successful NUMA node read from SysFS had negative value (-1), but there must be at least one NUMA node, so returning NUMA node zero
2020-07-21 01:42:20.273887: I tensorflow/core/common_runtime/gpu/gpu_device.cc:1640] Found device 0 with properties: 
name: GeForce GTX 1080 major: 6 minor: 1 memoryClockRate(GHz): 1.7335
pciBusID: 0000:01:00.0
2020-07-21 01:42:20.273925: I tensorflow/stream_executor/platform/default/dso_loader.cc:42] Successfully opened dynamic library libcudart.so.10.1
2020-07-21 01:42:20.273945: I tensorflow/stream_executor/platform/default/dso_loader.cc:42] Successfully opened dynamic library libcublas.so.10
2020-07-21 01:42:20.273962: I tensorflow/stream_executor/platform/default/dso_loader.cc:42] Successfully opened dynamic library libcufft.so.10
2020-07-21 01:42:20.273979: I tensorflow/stream_executor/platform/default/dso_loader.cc:42] Successfully opened dynamic library libcurand.so.10
2020-07-21 01:42:20.273995: I tensorflow/stream_executor/platform/default/dso_loader.cc:42] Successfully opened dynamic library libcusolver.so.10
2020-07-21 01:42:20.274012: I tensorflow/stream_executor/platform/default/dso_loader.cc:42] Successfully opened dynamic library libcusparse.so.10
2020-07-21 01:42:20.274029: I tensorflow/stream_executor/platform/default/dso_loader.cc:42] Successfully opened dynamic library libcudnn.so.7
2020-07-21 01:42:20.274087: I tensorflow/stream_executor/cuda/cuda_gpu_executor.cc:1005] successful NUMA node read from SysFS had negative value (-1), but there must be at least one NUMA node, so returning NUMA node zero
2020-07-21 01:42:20.274544: I tensorflow/stream_executor/cuda/cuda_gpu_executor.cc:1005] successful NUMA node read from SysFS had negative value (-1), but there must be at least one NUMA node, so returning NUMA node zero
2020-07-21 01:42:20.274987: I tensorflow/core/common_runtime/gpu/gpu_device.cc:1763] Adding visible gpu devices: 0
2020-07-21 01:42:20.275020: I tensorflow/core/common_runtime/gpu/gpu_device.cc:1181] Device interconnect StreamExecutor with strength 1 edge matrix:
2020-07-21 01:42:20.275031: I tensorflow/core/common_runtime/gpu/gpu_device.cc:1187]      0 
2020-07-21 01:42:20.275040: I tensorflow/core/common_runtime/gpu/gpu_device.cc:1200] 0:   N 
2020-07-21 01:42:20.275121: I tensorflow/stream_executor/cuda/cuda_gpu_executor.cc:1005] successful NUMA node read from SysFS had negative value (-1), but there must be at least one NUMA node, so returning NUMA node zero
2020-07-21 01:42:20.275581: I tensorflow/stream_executor/cuda/cuda_gpu_executor.cc:1005] successful NUMA node read from SysFS had negative value (-1), but there must be at least one NUMA node, so returning NUMA node zero
2020-07-21 01:42:20.276008: I tensorflow/core/common_runtime/gpu/gpu_device.cc:1326] Created TensorFlow device (/job:localhost/replica:0/task:0/device:GPU:0 with 7568 MB memory) -> physical GPU (device: 0, name: GeForce GTX 1080, pci bus id: 0000:01:00.0, compute capability: 6.1)
WARNING:tensorflow:From /home/mehfo331/.conda/envs/thesis/lib/python3.6/site-packages/keras/backend/tensorflow_backend.py:74: The name tf.get_default_graph is deprecated. Please use tf.compat.v1.get_default_graph instead.

WARNING:tensorflow:From /home/mehfo331/.conda/envs/thesis/lib/python3.6/site-packages/keras/backend/tensorflow_backend.py:517: The name tf.placeholder is deprecated. Please use tf.compat.v1.placeholder instead.

WARNING:tensorflow:From /home/mehfo331/.conda/envs/thesis/lib/python3.6/site-packages/keras/backend/tensorflow_backend.py:4185: The name tf.truncated_normal is deprecated. Please use tf.random.truncated_normal instead.

WARNING:tensorflow:From /home/mehfo331/.conda/envs/thesis/lib/python3.6/site-packages/keras/backend/tensorflow_backend.py:1834: The name tf.nn.fused_batch_norm is deprecated. Please use tf.compat.v1.nn.fused_batch_norm instead.

WARNING:tensorflow:From /home/mehfo331/.conda/envs/thesis/lib/python3.6/site-packages/keras/backend/tensorflow_backend.py:3976: The name tf.nn.max_pool is deprecated. Please use tf.nn.max_pool2d instead.

WARNING:tensorflow:From /home/mehfo331/.conda/envs/thesis/lib/python3.6/site-packages/keras/optimizers.py:790: The name tf.train.Optimizer is deprecated. Please use tf.compat.v1.train.Optimizer instead.

2020-07-21 02:00:08.418232: I tensorflow/stream_executor/platform/default/dso_loader.cc:42] Successfully opened dynamic library libcudnn.so.7

Reading data...
Finished reading data.

Reading data...
Finished reading data.

Training 7 classes with 35000 images (26040 real and 8960 GAN images):

Epoch 1/150
 - 2848s - loss: 0.4201 - weighted_dice_loss: 0.4201 - val_loss: 0.2580 - val_weighted_dice_loss: 0.2580

Epoch 00001: val_weighted_dice_loss improved from inf to 0.25795, saving model to ./Unet-weights/7_classes_26040_reals_8960_GANs.h5
Epoch 2/150
 - 2116s - loss: 0.2557 - weighted_dice_loss: 0.2557 - val_loss: 0.2683 - val_weighted_dice_loss: 0.2683

Epoch 00002: val_weighted_dice_loss did not improve from 0.25795
Epoch 3/150
 - 2114s - loss: 0.2347 - weighted_dice_loss: 0.2347 - val_loss: 0.2324 - val_weighted_dice_loss: 0.2324

Epoch 00003: val_weighted_dice_loss improved from 0.25795 to 0.23242, saving model to ./Unet-weights/7_classes_26040_reals_8960_GANs.h5
Epoch 4/150
 - 2117s - loss: 0.2210 - weighted_dice_loss: 0.2210 - val_loss: 0.2179 - val_weighted_dice_loss: 0.2179

Epoch 00004: val_weighted_dice_loss improved from 0.23242 to 0.21787, saving model to ./Unet-weights/7_classes_26040_reals_8960_GANs.h5
Epoch 5/150
 - 2114s - loss: 0.2120 - weighted_dice_loss: 0.2120 - val_loss: 0.2238 - val_weighted_dice_loss: 0.2238

Epoch 00005: val_weighted_dice_loss did not improve from 0.21787
Epoch 6/150
 - 2118s - loss: 0.2040 - weighted_dice_loss: 0.2040 - val_loss: 0.2024 - val_weighted_dice_loss: 0.2024

Epoch 00006: val_weighted_dice_loss improved from 0.21787 to 0.20240, saving model to ./Unet-weights/7_classes_26040_reals_8960_GANs.h5
Epoch 7/150
 - 2114s - loss: 0.1976 - weighted_dice_loss: 0.1976 - val_loss: 0.1980 - val_weighted_dice_loss: 0.1980

Epoch 00007: val_weighted_dice_loss improved from 0.20240 to 0.19798, saving model to ./Unet-weights/7_classes_26040_reals_8960_GANs.h5
Epoch 8/150
 - 2117s - loss: 0.1908 - weighted_dice_loss: 0.1908 - val_loss: 0.1972 - val_weighted_dice_loss: 0.1972

Epoch 00008: val_weighted_dice_loss improved from 0.19798 to 0.19725, saving model to ./Unet-weights/7_classes_26040_reals_8960_GANs.h5
Epoch 9/150
 - 2111s - loss: 0.1855 - weighted_dice_loss: 0.1855 - val_loss: 0.1866 - val_weighted_dice_loss: 0.1866

Epoch 00009: val_weighted_dice_loss improved from 0.19725 to 0.18659, saving model to ./Unet-weights/7_classes_26040_reals_8960_GANs.h5
Epoch 10/150
 - 2117s - loss: 0.1800 - weighted_dice_loss: 0.1800 - val_loss: 0.1890 - val_weighted_dice_loss: 0.1890

Epoch 00010: val_weighted_dice_loss did not improve from 0.18659
Epoch 11/150
 - 2117s - loss: 0.1758 - weighted_dice_loss: 0.1758 - val_loss: 0.1781 - val_weighted_dice_loss: 0.1781

Epoch 00011: val_weighted_dice_loss improved from 0.18659 to 0.17811, saving model to ./Unet-weights/7_classes_26040_reals_8960_GANs.h5
Epoch 12/150
 - 2119s - loss: 0.1709 - weighted_dice_loss: 0.1709 - val_loss: 0.1782 - val_weighted_dice_loss: 0.1782

Epoch 00012: val_weighted_dice_loss did not improve from 0.17811
Epoch 13/150
 - 2119s - loss: 0.1668 - weighted_dice_loss: 0.1668 - val_loss: 0.1804 - val_weighted_dice_loss: 0.1804

Epoch 00013: val_weighted_dice_loss did not improve from 0.17811
Epoch 14/150
 - 2120s - loss: 0.1627 - weighted_dice_loss: 0.1627 - val_loss: 0.1715 - val_weighted_dice_loss: 0.1715

Epoch 00014: val_weighted_dice_loss improved from 0.17811 to 0.17148, saving model to ./Unet-weights/7_classes_26040_reals_8960_GANs.h5
Epoch 15/150
 - 2118s - loss: 0.1589 - weighted_dice_loss: 0.1589 - val_loss: 0.1674 - val_weighted_dice_loss: 0.1674

Epoch 00015: val_weighted_dice_loss improved from 0.17148 to 0.16736, saving model to ./Unet-weights/7_classes_26040_reals_8960_GANs.h5
Epoch 16/150
 - 2118s - loss: 0.1552 - weighted_dice_loss: 0.1552 - val_loss: 0.1799 - val_weighted_dice_loss: 0.1799

Epoch 00016: val_weighted_dice_loss did not improve from 0.16736
Epoch 17/150
 - 2118s - loss: 0.1521 - weighted_dice_loss: 0.1521 - val_loss: 0.1637 - val_weighted_dice_loss: 0.1637

Epoch 00017: val_weighted_dice_loss improved from 0.16736 to 0.16373, saving model to ./Unet-weights/7_classes_26040_reals_8960_GANs.h5
Epoch 18/150
 - 2118s - loss: 0.1491 - weighted_dice_loss: 0.1491 - val_loss: 0.1702 - val_weighted_dice_loss: 0.1702

Epoch 00018: val_weighted_dice_loss did not improve from 0.16373
Epoch 19/150
 - 2119s - loss: 0.1461 - weighted_dice_loss: 0.1461 - val_loss: 0.1709 - val_weighted_dice_loss: 0.1709

Epoch 00019: val_weighted_dice_loss did not improve from 0.16373
Epoch 20/150
 - 2118s - loss: 0.1432 - weighted_dice_loss: 0.1432 - val_loss: 0.1536 - val_weighted_dice_loss: 0.1536

Epoch 00020: val_weighted_dice_loss improved from 0.16373 to 0.15365, saving model to ./Unet-weights/7_classes_26040_reals_8960_GANs.h5
Epoch 21/150
 - 2117s - loss: 0.1404 - weighted_dice_loss: 0.1404 - val_loss: 0.1561 - val_weighted_dice_loss: 0.1561

Epoch 00021: val_weighted_dice_loss did not improve from 0.15365
Epoch 22/150
 - 2118s - loss: 0.1379 - weighted_dice_loss: 0.1379 - val_loss: 0.1488 - val_weighted_dice_loss: 0.1488

Epoch 00022: val_weighted_dice_loss improved from 0.15365 to 0.14876, saving model to ./Unet-weights/7_classes_26040_reals_8960_GANs.h5
Epoch 23/150
 - 2118s - loss: 0.1359 - weighted_dice_loss: 0.1359 - val_loss: 0.1808 - val_weighted_dice_loss: 0.1808

Epoch 00023: val_weighted_dice_loss did not improve from 0.14876
Epoch 24/150
 - 2118s - loss: 0.1342 - weighted_dice_loss: 0.1342 - val_loss: 0.2589 - val_weighted_dice_loss: 0.2589

Epoch 00024: val_weighted_dice_loss did not improve from 0.14876
Epoch 25/150
 - 2117s - loss: 0.1317 - weighted_dice_loss: 0.1317 - val_loss: 0.1423 - val_weighted_dice_loss: 0.1423

Epoch 00025: val_weighted_dice_loss improved from 0.14876 to 0.14231, saving model to ./Unet-weights/7_classes_26040_reals_8960_GANs.h5
Epoch 26/150
 - 2115s - loss: 0.1301 - weighted_dice_loss: 0.1301 - val_loss: 0.2122 - val_weighted_dice_loss: 0.2122

Epoch 00026: val_weighted_dice_loss did not improve from 0.14231
Epoch 27/150
 - 2117s - loss: 0.1285 - weighted_dice_loss: 0.1285 - val_loss: 0.1633 - val_weighted_dice_loss: 0.1633

Epoch 00027: val_weighted_dice_loss did not improve from 0.14231
Epoch 28/150
 - 2116s - loss: 0.1269 - weighted_dice_loss: 0.1269 - val_loss: 0.1433 - val_weighted_dice_loss: 0.1433

Epoch 00028: val_weighted_dice_loss did not improve from 0.14231
Epoch 29/150
 - 2115s - loss: 0.1253 - weighted_dice_loss: 0.1253 - val_loss: 0.1389 - val_weighted_dice_loss: 0.1389

Epoch 00029: val_weighted_dice_loss improved from 0.14231 to 0.13888, saving model to ./Unet-weights/7_classes_26040_reals_8960_GANs.h5
Epoch 30/150
 - 2117s - loss: 0.1238 - weighted_dice_loss: 0.1238 - val_loss: 0.1421 - val_weighted_dice_loss: 0.1421

Epoch 00030: val_weighted_dice_loss did not improve from 0.13888
Epoch 31/150
 - 2116s - loss: 0.1224 - weighted_dice_loss: 0.1224 - val_loss: 0.1404 - val_weighted_dice_loss: 0.1404

Epoch 00031: val_weighted_dice_loss did not improve from 0.13888
Epoch 32/150
 - 2115s - loss: 0.1211 - weighted_dice_loss: 0.1211 - val_loss: 0.1335 - val_weighted_dice_loss: 0.1335

Epoch 00032: val_weighted_dice_loss improved from 0.13888 to 0.13353, saving model to ./Unet-weights/7_classes_26040_reals_8960_GANs.h5
Epoch 33/150
 - 2115s - loss: 0.1200 - weighted_dice_loss: 0.1200 - val_loss: 0.1527 - val_weighted_dice_loss: 0.1527

Epoch 00033: val_weighted_dice_loss did not improve from 0.13353
Epoch 34/150
 - 2116s - loss: 0.1187 - weighted_dice_loss: 0.1187 - val_loss: 0.1546 - val_weighted_dice_loss: 0.1546

Epoch 00034: val_weighted_dice_loss did not improve from 0.13353
Epoch 35/150
 - 2117s - loss: 0.1176 - weighted_dice_loss: 0.1176 - val_loss: 0.7375 - val_weighted_dice_loss: 0.7375

Epoch 00035: val_weighted_dice_loss did not improve from 0.13353
Epoch 36/150
 - 2114s - loss: 0.1168 - weighted_dice_loss: 0.1168 - val_loss: 0.1435 - val_weighted_dice_loss: 0.1435

Epoch 00036: val_weighted_dice_loss did not improve from 0.13353
Epoch 37/150
 - 2114s - loss: 0.1156 - weighted_dice_loss: 0.1156 - val_loss: 0.1324 - val_weighted_dice_loss: 0.1324

Epoch 00037: val_weighted_dice_loss improved from 0.13353 to 0.13238, saving model to ./Unet-weights/7_classes_26040_reals_8960_GANs.h5
Epoch 38/150
 - 2115s - loss: 0.1143 - weighted_dice_loss: 0.1143 - val_loss: 0.1320 - val_weighted_dice_loss: 0.1320

Epoch 00038: val_weighted_dice_loss improved from 0.13238 to 0.13197, saving model to ./Unet-weights/7_classes_26040_reals_8960_GANs.h5
Epoch 39/150
 - 2116s - loss: 0.1136 - weighted_dice_loss: 0.1136 - val_loss: 0.1312 - val_weighted_dice_loss: 0.1312

Epoch 00039: val_weighted_dice_loss improved from 0.13197 to 0.13115, saving model to ./Unet-weights/7_classes_26040_reals_8960_GANs.h5
Epoch 40/150
 - 2120s - loss: 0.1124 - weighted_dice_loss: 0.1124 - val_loss: 0.1284 - val_weighted_dice_loss: 0.1284

Epoch 00040: val_weighted_dice_loss improved from 0.13115 to 0.12840, saving model to ./Unet-weights/7_classes_26040_reals_8960_GANs.h5
Epoch 41/150
 - 2114s - loss: 0.1118 - weighted_dice_loss: 0.1118 - val_loss: 0.1378 - val_weighted_dice_loss: 0.1378

Epoch 00041: val_weighted_dice_loss did not improve from 0.12840
Epoch 42/150
 - 2117s - loss: 0.1110 - weighted_dice_loss: 0.1110 - val_loss: 0.1317 - val_weighted_dice_loss: 0.1317

Epoch 00042: val_weighted_dice_loss did not improve from 0.12840
Epoch 43/150
 - 2115s - loss: 0.1100 - weighted_dice_loss: 0.1100 - val_loss: 0.1307 - val_weighted_dice_loss: 0.1307

Epoch 00043: val_weighted_dice_loss did not improve from 0.12840
Epoch 44/150
 - 2117s - loss: 0.1093 - weighted_dice_loss: 0.1093 - val_loss: 0.2284 - val_weighted_dice_loss: 0.2284

Epoch 00044: val_weighted_dice_loss did not improve from 0.12840
Epoch 45/150
 - 2115s - loss: 0.1083 - weighted_dice_loss: 0.1083 - val_loss: 0.1315 - val_weighted_dice_loss: 0.1315

Epoch 00045: val_weighted_dice_loss did not improve from 0.12840
Epoch 46/150
 - 2116s - loss: 0.1077 - weighted_dice_loss: 0.1077 - val_loss: 0.1272 - val_weighted_dice_loss: 0.1272

Epoch 00046: val_weighted_dice_loss improved from 0.12840 to 0.12716, saving model to ./Unet-weights/7_classes_26040_reals_8960_GANs.h5
Epoch 47/150
 - 2116s - loss: 0.1069 - weighted_dice_loss: 0.1069 - val_loss: 0.1261 - val_weighted_dice_loss: 0.1261

Epoch 00047: val_weighted_dice_loss improved from 0.12716 to 0.12606, saving model to ./Unet-weights/7_classes_26040_reals_8960_GANs.h5
Epoch 48/150
 - 2119s - loss: 0.1062 - weighted_dice_loss: 0.1062 - val_loss: 0.1258 - val_weighted_dice_loss: 0.1258

Epoch 00048: val_weighted_dice_loss improved from 0.12606 to 0.12578, saving model to ./Unet-weights/7_classes_26040_reals_8960_GANs.h5
Epoch 49/150
 - 2116s - loss: 0.1054 - weighted_dice_loss: 0.1054 - val_loss: 0.1363 - val_weighted_dice_loss: 0.1363

Epoch 00049: val_weighted_dice_loss did not improve from 0.12578
Epoch 50/150
 - 2116s - loss: 0.1048 - weighted_dice_loss: 0.1048 - val_loss: 0.1272 - val_weighted_dice_loss: 0.1272

Epoch 00050: val_weighted_dice_loss did not improve from 0.12578
Epoch 51/150
 - 2116s - loss: 0.1042 - weighted_dice_loss: 0.1042 - val_loss: 0.6786 - val_weighted_dice_loss: 0.6786

Epoch 00051: val_weighted_dice_loss did not improve from 0.12578
Epoch 52/150
 - 2117s - loss: 0.1038 - weighted_dice_loss: 0.1038 - val_loss: 0.5519 - val_weighted_dice_loss: 0.5519

Epoch 00052: val_weighted_dice_loss did not improve from 0.12578
Epoch 53/150
 - 2119s - loss: 0.1030 - weighted_dice_loss: 0.1030 - val_loss: 0.1273 - val_weighted_dice_loss: 0.1273

Epoch 00053: val_weighted_dice_loss did not improve from 0.12578
Epoch 54/150
 - 2121s - loss: 0.1024 - weighted_dice_loss: 0.1024 - val_loss: 0.1226 - val_weighted_dice_loss: 0.1226

Epoch 00054: val_weighted_dice_loss improved from 0.12578 to 0.12262, saving model to ./Unet-weights/7_classes_26040_reals_8960_GANs.h5
Epoch 55/150
 - 2123s - loss: 0.1020 - weighted_dice_loss: 0.1020 - val_loss: 0.1242 - val_weighted_dice_loss: 0.1242

Epoch 00055: val_weighted_dice_loss did not improve from 0.12262
Epoch 56/150
 - 2126s - loss: 0.1014 - weighted_dice_loss: 0.1014 - val_loss: 0.6503 - val_weighted_dice_loss: 0.6503

Epoch 00056: val_weighted_dice_loss did not improve from 0.12262
Epoch 57/150
 - 2121s - loss: 0.1006 - weighted_dice_loss: 0.1006 - val_loss: 0.1239 - val_weighted_dice_loss: 0.1239

Epoch 00057: val_weighted_dice_loss did not improve from 0.12262
Epoch 58/150
 - 2121s - loss: 0.1003 - weighted_dice_loss: 0.1003 - val_loss: 0.1373 - val_weighted_dice_loss: 0.1373

Epoch 00058: val_weighted_dice_loss did not improve from 0.12262
Epoch 59/150
 - 2118s - loss: 0.0996 - weighted_dice_loss: 0.0996 - val_loss: 0.1224 - val_weighted_dice_loss: 0.1224

Epoch 00059: val_weighted_dice_loss improved from 0.12262 to 0.12244, saving model to ./Unet-weights/7_classes_26040_reals_8960_GANs.h5
Epoch 60/150
 - 2120s - loss: 0.0992 - weighted_dice_loss: 0.0992 - val_loss: 0.6822 - val_weighted_dice_loss: 0.6822

Epoch 00060: val_weighted_dice_loss did not improve from 0.12244
Epoch 61/150
 - 2121s - loss: 0.0986 - weighted_dice_loss: 0.0986 - val_loss: 0.5161 - val_weighted_dice_loss: 0.5161

Epoch 00061: val_weighted_dice_loss did not improve from 0.12244
Epoch 62/150
 - 2119s - loss: 0.0983 - weighted_dice_loss: 0.0983 - val_loss: 0.1239 - val_weighted_dice_loss: 0.1239

Epoch 00062: val_weighted_dice_loss did not improve from 0.12244
Epoch 63/150
 - 2112s - loss: 0.0977 - weighted_dice_loss: 0.0977 - val_loss: 0.7347 - val_weighted_dice_loss: 0.7347

Epoch 00063: val_weighted_dice_loss did not improve from 0.12244
Epoch 64/150
 - 2116s - loss: 0.0973 - weighted_dice_loss: 0.0973 - val_loss: 0.5141 - val_weighted_dice_loss: 0.5141

Epoch 00064: val_weighted_dice_loss did not improve from 0.12244
Epoch 65/150
 - 2114s - loss: 0.0966 - weighted_dice_loss: 0.0966 - val_loss: 0.7368 - val_weighted_dice_loss: 0.7368

Epoch 00065: val_weighted_dice_loss did not improve from 0.12244
Epoch 66/150
 - 2118s - loss: 0.0963 - weighted_dice_loss: 0.0963 - val_loss: 0.1179 - val_weighted_dice_loss: 0.1179

Epoch 00066: val_weighted_dice_loss improved from 0.12244 to 0.11792, saving model to ./Unet-weights/7_classes_26040_reals_8960_GANs.h5
Epoch 67/150
 - 2114s - loss: 0.0961 - weighted_dice_loss: 0.0961 - val_loss: 0.2950 - val_weighted_dice_loss: 0.2950

Epoch 00067: val_weighted_dice_loss did not improve from 0.11792
Epoch 68/150
 - 2117s - loss: 0.0953 - weighted_dice_loss: 0.0953 - val_loss: 0.3073 - val_weighted_dice_loss: 0.3073

Epoch 00068: val_weighted_dice_loss did not improve from 0.11792
Epoch 69/150
 - 2116s - loss: 0.0950 - weighted_dice_loss: 0.0950 - val_loss: 0.1221 - val_weighted_dice_loss: 0.1221

Epoch 00069: val_weighted_dice_loss did not improve from 0.11792
Epoch 70/150
 - 2116s - loss: 0.0946 - weighted_dice_loss: 0.0946 - val_loss: 0.2143 - val_weighted_dice_loss: 0.2143

Epoch 00070: val_weighted_dice_loss did not improve from 0.11792
Epoch 71/150
 - 2115s - loss: 0.0942 - weighted_dice_loss: 0.0942 - val_loss: 0.1196 - val_weighted_dice_loss: 0.1196

Epoch 00071: val_weighted_dice_loss did not improve from 0.11792
Epoch 72/150
 - 2113s - loss: 0.0938 - weighted_dice_loss: 0.0938 - val_loss: 0.1657 - val_weighted_dice_loss: 0.1657

Epoch 00072: val_weighted_dice_loss did not improve from 0.11792
Epoch 73/150
 - 2118s - loss: 0.0933 - weighted_dice_loss: 0.0933 - val_loss: 0.1169 - val_weighted_dice_loss: 0.1169

Epoch 00073: val_weighted_dice_loss improved from 0.11792 to 0.11694, saving model to ./Unet-weights/7_classes_26040_reals_8960_GANs.h5
Epoch 74/150
 - 2118s - loss: 0.0930 - weighted_dice_loss: 0.0930 - val_loss: 0.4706 - val_weighted_dice_loss: 0.4706

Epoch 00074: val_weighted_dice_loss did not improve from 0.11694
Epoch 75/150
 - 2118s - loss: 0.0926 - weighted_dice_loss: 0.0926 - val_loss: 0.1172 - val_weighted_dice_loss: 0.1172

Epoch 00075: val_weighted_dice_loss did not improve from 0.11694
Epoch 76/150
 - 2119s - loss: 0.0924 - weighted_dice_loss: 0.0924 - val_loss: 0.1214 - val_weighted_dice_loss: 0.1214

Epoch 00076: val_weighted_dice_loss did not improve from 0.11694
Epoch 77/150
 - 2118s - loss: 0.0919 - weighted_dice_loss: 0.0919 - val_loss: 0.1174 - val_weighted_dice_loss: 0.1174

Epoch 00077: val_weighted_dice_loss did not improve from 0.11694
Epoch 78/150
 - 2114s - loss: 0.0915 - weighted_dice_loss: 0.0915 - val_loss: 0.5872 - val_weighted_dice_loss: 0.5872

Epoch 00078: val_weighted_dice_loss did not improve from 0.11694
Epoch 79/150
 - 2120s - loss: 0.0912 - weighted_dice_loss: 0.0912 - val_loss: 0.4751 - val_weighted_dice_loss: 0.4751

Epoch 00079: val_weighted_dice_loss did not improve from 0.11694
Epoch 80/150
 - 2120s - loss: 0.0909 - weighted_dice_loss: 0.0909 - val_loss: 0.2327 - val_weighted_dice_loss: 0.2327

Epoch 00080: val_weighted_dice_loss did not improve from 0.11694
Epoch 81/150
 - 2118s - loss: 0.0905 - weighted_dice_loss: 0.0905 - val_loss: 0.7481 - val_weighted_dice_loss: 0.7481

Epoch 00081: val_weighted_dice_loss did not improve from 0.11694
Epoch 82/150
 - 2115s - loss: 0.0903 - weighted_dice_loss: 0.0903 - val_loss: 0.1204 - val_weighted_dice_loss: 0.1204

Epoch 00082: val_weighted_dice_loss did not improve from 0.11694
Epoch 83/150
 - 2115s - loss: 0.0899 - weighted_dice_loss: 0.0899 - val_loss: 0.1153 - val_weighted_dice_loss: 0.1153

Epoch 00083: val_weighted_dice_loss improved from 0.11694 to 0.11528, saving model to ./Unet-weights/7_classes_26040_reals_8960_GANs.h5
Epoch 84/150
 - 2116s - loss: 0.0895 - weighted_dice_loss: 0.0895 - val_loss: 0.5533 - val_weighted_dice_loss: 0.5533

Epoch 00084: val_weighted_dice_loss did not improve from 0.11528
Epoch 85/150
 - 2115s - loss: 0.0893 - weighted_dice_loss: 0.0893 - val_loss: 0.4829 - val_weighted_dice_loss: 0.4829

Epoch 00085: val_weighted_dice_loss did not improve from 0.11528
Epoch 86/150
 - 2116s - loss: 0.0889 - weighted_dice_loss: 0.0889 - val_loss: 0.1166 - val_weighted_dice_loss: 0.1166

Epoch 00086: val_weighted_dice_loss did not improve from 0.11528
Epoch 87/150
 - 2116s - loss: 0.0886 - weighted_dice_loss: 0.0886 - val_loss: 0.6210 - val_weighted_dice_loss: 0.6210

Epoch 00087: val_weighted_dice_loss did not improve from 0.11528
Epoch 88/150
 - 2115s - loss: 0.0883 - weighted_dice_loss: 0.0883 - val_loss: 0.3002 - val_weighted_dice_loss: 0.3002

Epoch 00088: val_weighted_dice_loss did not improve from 0.11528
Epoch 89/150
 - 2114s - loss: 0.0881 - weighted_dice_loss: 0.0881 - val_loss: 0.1224 - val_weighted_dice_loss: 0.1224

Epoch 00089: val_weighted_dice_loss did not improve from 0.11528
Epoch 90/150
 - 2115s - loss: 0.0877 - weighted_dice_loss: 0.0877 - val_loss: 0.6716 - val_weighted_dice_loss: 0.6716

Epoch 00090: val_weighted_dice_loss did not improve from 0.11528
Epoch 91/150
 - 2115s - loss: 0.0874 - weighted_dice_loss: 0.0874 - val_loss: 0.1157 - val_weighted_dice_loss: 0.1157

Epoch 00091: val_weighted_dice_loss did not improve from 0.11528
Epoch 92/150
 - 2117s - loss: 0.0871 - weighted_dice_loss: 0.0871 - val_loss: 0.1140 - val_weighted_dice_loss: 0.1140

Epoch 00092: val_weighted_dice_loss improved from 0.11528 to 0.11399, saving model to ./Unet-weights/7_classes_26040_reals_8960_GANs.h5
Epoch 93/150
 - 2118s - loss: 0.0868 - weighted_dice_loss: 0.0868 - val_loss: 0.6847 - val_weighted_dice_loss: 0.6847

Epoch 00093: val_weighted_dice_loss did not improve from 0.11399
Epoch 94/150
 - 2122s - loss: 0.0866 - weighted_dice_loss: 0.0866 - val_loss: 0.1150 - val_weighted_dice_loss: 0.1150

Epoch 00094: val_weighted_dice_loss did not improve from 0.11399
Epoch 95/150
 - 2123s - loss: 0.0864 - weighted_dice_loss: 0.0864 - val_loss: 0.1198 - val_weighted_dice_loss: 0.1198

Epoch 00095: val_weighted_dice_loss did not improve from 0.11399
Epoch 96/150
 - 2123s - loss: 0.0859 - weighted_dice_loss: 0.0859 - val_loss: 0.7158 - val_weighted_dice_loss: 0.7158

Epoch 00096: val_weighted_dice_loss did not improve from 0.11399
Epoch 97/150
 - 2125s - loss: 0.0858 - weighted_dice_loss: 0.0858 - val_loss: 0.1135 - val_weighted_dice_loss: 0.1135

Epoch 00097: val_weighted_dice_loss improved from 0.11399 to 0.11348, saving model to ./Unet-weights/7_classes_26040_reals_8960_GANs.h5
Epoch 98/150
 - 2123s - loss: 0.0855 - weighted_dice_loss: 0.0855 - val_loss: 0.1257 - val_weighted_dice_loss: 0.1257

Epoch 00098: val_weighted_dice_loss did not improve from 0.11348
Epoch 99/150
 - 2121s - loss: 0.0852 - weighted_dice_loss: 0.0852 - val_loss: 0.7866 - val_weighted_dice_loss: 0.7866

Epoch 00099: val_weighted_dice_loss did not improve from 0.11348
Epoch 100/150
 - 2123s - loss: 0.0850 - weighted_dice_loss: 0.0850 - val_loss: 0.1204 - val_weighted_dice_loss: 0.1204

Epoch 00100: val_weighted_dice_loss did not improve from 0.11348
Epoch 101/150
 - 2123s - loss: 0.0846 - weighted_dice_loss: 0.0846 - val_loss: 0.1321 - val_weighted_dice_loss: 0.1321

Epoch 00101: val_weighted_dice_loss did not improve from 0.11348
Epoch 102/150
 - 2118s - loss: 0.0846 - weighted_dice_loss: 0.0846 - val_loss: 0.1132 - val_weighted_dice_loss: 0.1132

Epoch 00102: val_weighted_dice_loss improved from 0.11348 to 0.11322, saving model to ./Unet-weights/7_classes_26040_reals_8960_GANs.h5
Epoch 103/150
 - 2120s - loss: 0.0842 - weighted_dice_loss: 0.0842 - val_loss: 0.7326 - val_weighted_dice_loss: 0.7326

Epoch 00103: val_weighted_dice_loss did not improve from 0.11322
Epoch 104/150
 - 2120s - loss: 0.0840 - weighted_dice_loss: 0.0840 - val_loss: 0.4930 - val_weighted_dice_loss: 0.4930

Epoch 00104: val_weighted_dice_loss did not improve from 0.11322
Epoch 105/150
 - 2117s - loss: 0.0836 - weighted_dice_loss: 0.0836 - val_loss: 0.1403 - val_weighted_dice_loss: 0.1403

Epoch 00105: val_weighted_dice_loss did not improve from 0.11322
Epoch 106/150
 - 2118s - loss: 0.0837 - weighted_dice_loss: 0.0837 - val_loss: 0.1226 - val_weighted_dice_loss: 0.1226

Epoch 00106: val_weighted_dice_loss did not improve from 0.11322
Epoch 107/150
 - 2118s - loss: 0.0834 - weighted_dice_loss: 0.0834 - val_loss: 0.8331 - val_weighted_dice_loss: 0.8331

Epoch 00107: val_weighted_dice_loss did not improve from 0.11322
Epoch 108/150
 - 2118s - loss: 0.0832 - weighted_dice_loss: 0.0832 - val_loss: 0.1566 - val_weighted_dice_loss: 0.1566

Epoch 00108: val_weighted_dice_loss did not improve from 0.11322
Epoch 109/150
 - 2119s - loss: 0.0829 - weighted_dice_loss: 0.0829 - val_loss: 0.5651 - val_weighted_dice_loss: 0.5651

Epoch 00109: val_weighted_dice_loss did not improve from 0.11322
Epoch 110/150
 - 2115s - loss: 0.0827 - weighted_dice_loss: 0.0827 - val_loss: 0.6938 - val_weighted_dice_loss: 0.6938

Epoch 00110: val_weighted_dice_loss did not improve from 0.11322
Epoch 111/150
 - 2120s - loss: 0.0823 - weighted_dice_loss: 0.0823 - val_loss: 0.1759 - val_weighted_dice_loss: 0.1759

Epoch 00111: val_weighted_dice_loss did not improve from 0.11322
Epoch 112/150
 - 2116s - loss: 0.0821 - weighted_dice_loss: 0.0821 - val_loss: 0.1140 - val_weighted_dice_loss: 0.1140

Epoch 00112: val_weighted_dice_loss did not improve from 0.11322
Epoch 113/150
 - 2117s - loss: 0.0819 - weighted_dice_loss: 0.0819 - val_loss: 0.1721 - val_weighted_dice_loss: 0.1721

Epoch 00113: val_weighted_dice_loss did not improve from 0.11322
Epoch 114/150
 - 2116s - loss: 0.0817 - weighted_dice_loss: 0.0817 - val_loss: 0.2343 - val_weighted_dice_loss: 0.2343

Epoch 00114: val_weighted_dice_loss did not improve from 0.11322
Epoch 115/150
 - 2119s - loss: 0.0816 - weighted_dice_loss: 0.0816 - val_loss: 0.1840 - val_weighted_dice_loss: 0.1840

Epoch 00115: val_weighted_dice_loss did not improve from 0.11322
Epoch 116/150
 - 2114s - loss: 0.0814 - weighted_dice_loss: 0.0814 - val_loss: 0.6941 - val_weighted_dice_loss: 0.6941

Epoch 00116: val_weighted_dice_loss did not improve from 0.11322
Epoch 117/150
 - 2118s - loss: 0.0811 - weighted_dice_loss: 0.0811 - val_loss: 0.3741 - val_weighted_dice_loss: 0.3741

Epoch 00117: val_weighted_dice_loss did not improve from 0.11322
Epoch 118/150
 - 2115s - loss: 0.0809 - weighted_dice_loss: 0.0809 - val_loss: 0.4217 - val_weighted_dice_loss: 0.4217

Epoch 00118: val_weighted_dice_loss did not improve from 0.11322
Epoch 119/150
 - 2119s - loss: 0.0808 - weighted_dice_loss: 0.0808 - val_loss: 0.2907 - val_weighted_dice_loss: 0.2907

Epoch 00119: val_weighted_dice_loss did not improve from 0.11322
Epoch 120/150
 - 2116s - loss: 0.0806 - weighted_dice_loss: 0.0806 - val_loss: 0.1546 - val_weighted_dice_loss: 0.1546

Epoch 00120: val_weighted_dice_loss did not improve from 0.11322
Epoch 121/150
 - 2118s - loss: 0.0804 - weighted_dice_loss: 0.0804 - val_loss: 0.1171 - val_weighted_dice_loss: 0.1171

Epoch 00121: val_weighted_dice_loss did not improve from 0.11322
Epoch 122/150
 - 2115s - loss: 0.0801 - weighted_dice_loss: 0.0801 - val_loss: 0.7515 - val_weighted_dice_loss: 0.7515

Epoch 00122: val_weighted_dice_loss did not improve from 0.11322
Epoch 123/150
 - 2118s - loss: 0.0798 - weighted_dice_loss: 0.0798 - val_loss: 0.1190 - val_weighted_dice_loss: 0.1190

Epoch 00123: val_weighted_dice_loss did not improve from 0.11322
Epoch 124/150
 - 2115s - loss: 0.0799 - weighted_dice_loss: 0.0799 - val_loss: 0.6149 - val_weighted_dice_loss: 0.6149

Epoch 00124: val_weighted_dice_loss did not improve from 0.11322
Epoch 125/150
 - 2119s - loss: 0.0796 - weighted_dice_loss: 0.0796 - val_loss: 0.7980 - val_weighted_dice_loss: 0.7980

Epoch 00125: val_weighted_dice_loss did not improve from 0.11322
Epoch 126/150
 - 2114s - loss: 0.0793 - weighted_dice_loss: 0.0793 - val_loss: 0.1148 - val_weighted_dice_loss: 0.1148

Epoch 00126: val_weighted_dice_loss did not improve from 0.11322
Epoch 127/150
 - 2115s - loss: 0.0793 - weighted_dice_loss: 0.0793 - val_loss: 0.1132 - val_weighted_dice_loss: 0.1132

Epoch 00127: val_weighted_dice_loss improved from 0.11322 to 0.11317, saving model to ./Unet-weights/7_classes_26040_reals_8960_GANs.h5
Epoch 128/150
 - 2111s - loss: 0.0790 - weighted_dice_loss: 0.0790 - val_loss: 0.1123 - val_weighted_dice_loss: 0.1123

Epoch 00128: val_weighted_dice_loss improved from 0.11317 to 0.11225, saving model to ./Unet-weights/7_classes_26040_reals_8960_GANs.h5
Epoch 129/150
 - 2114s - loss: 0.0789 - weighted_dice_loss: 0.0789 - val_loss: 0.1609 - val_weighted_dice_loss: 0.1609

Epoch 00129: val_weighted_dice_loss did not improve from 0.11225
Epoch 130/150
 - 2111s - loss: 0.0786 - weighted_dice_loss: 0.0786 - val_loss: 0.2618 - val_weighted_dice_loss: 0.2618

Epoch 00130: val_weighted_dice_loss did not improve from 0.11225
Epoch 131/150
 - 2113s - loss: 0.0785 - weighted_dice_loss: 0.0785 - val_loss: 0.2495 - val_weighted_dice_loss: 0.2495

Epoch 00131: val_weighted_dice_loss did not improve from 0.11225
Epoch 132/150
 - 2110s - loss: 0.0783 - weighted_dice_loss: 0.0783 - val_loss: 0.1097 - val_weighted_dice_loss: 0.1097

Epoch 00132: val_weighted_dice_loss improved from 0.11225 to 0.10971, saving model to ./Unet-weights/7_classes_26040_reals_8960_GANs.h5
Epoch 133/150
 - 2113s - loss: 0.0782 - weighted_dice_loss: 0.0782 - val_loss: 0.3318 - val_weighted_dice_loss: 0.3318

Epoch 00133: val_weighted_dice_loss did not improve from 0.10971
Epoch 134/150
 - 2113s - loss: 0.0779 - weighted_dice_loss: 0.0779 - val_loss: 0.7769 - val_weighted_dice_loss: 0.7769

Epoch 00134: val_weighted_dice_loss did not improve from 0.10971
Epoch 135/150
 - 2113s - loss: 0.0779 - weighted_dice_loss: 0.0779 - val_loss: 0.1657 - val_weighted_dice_loss: 0.1657

Epoch 00135: val_weighted_dice_loss did not improve from 0.10971
Epoch 136/150
 - 2112s - loss: 0.0777 - weighted_dice_loss: 0.0777 - val_loss: 0.1120 - val_weighted_dice_loss: 0.1120

Epoch 00136: val_weighted_dice_loss did not improve from 0.10971
Epoch 137/150
 - 2113s - loss: 0.0776 - weighted_dice_loss: 0.0776 - val_loss: 0.1182 - val_weighted_dice_loss: 0.1182

Epoch 00137: val_weighted_dice_loss did not improve from 0.10971
Epoch 138/150
 - 2114s - loss: 0.0773 - weighted_dice_loss: 0.0773 - val_loss: 0.7974 - val_weighted_dice_loss: 0.7974

Epoch 00138: val_weighted_dice_loss did not improve from 0.10971
Epoch 139/150
 - 2113s - loss: 0.0771 - weighted_dice_loss: 0.0771 - val_loss: 0.6213 - val_weighted_dice_loss: 0.6213

Epoch 00139: val_weighted_dice_loss did not improve from 0.10971
Epoch 140/150
 - 2112s - loss: 0.0770 - weighted_dice_loss: 0.0770 - val_loss: 0.4759 - val_weighted_dice_loss: 0.4759

Epoch 00140: val_weighted_dice_loss did not improve from 0.10971
Epoch 141/150
 - 2112s - loss: 0.0768 - weighted_dice_loss: 0.0768 - val_loss: 0.7190 - val_weighted_dice_loss: 0.7190

Epoch 00141: val_weighted_dice_loss did not improve from 0.10971
Epoch 142/150
 - 2114s - loss: 0.0767 - weighted_dice_loss: 0.0767 - val_loss: 0.2107 - val_weighted_dice_loss: 0.2107

Epoch 00142: val_weighted_dice_loss did not improve from 0.10971
Epoch 143/150
 - 2114s - loss: 0.0766 - weighted_dice_loss: 0.0766 - val_loss: 0.3713 - val_weighted_dice_loss: 0.3713

Epoch 00143: val_weighted_dice_loss did not improve from 0.10971
Epoch 144/150
 - 2112s - loss: 0.0764 - weighted_dice_loss: 0.0764 - val_loss: 0.1189 - val_weighted_dice_loss: 0.1189

Epoch 00144: val_weighted_dice_loss did not improve from 0.10971
Epoch 145/150
 - 2113s - loss: 0.0763 - weighted_dice_loss: 0.0763 - val_loss: 0.1163 - val_weighted_dice_loss: 0.1163

Epoch 00145: val_weighted_dice_loss did not improve from 0.10971
Epoch 146/150
 - 2112s - loss: 0.0761 - weighted_dice_loss: 0.0761 - val_loss: 0.8758 - val_weighted_dice_loss: 0.8758

Epoch 00146: val_weighted_dice_loss did not improve from 0.10971
Epoch 147/150
 - 2112s - loss: 0.0758 - weighted_dice_loss: 0.0758 - val_loss: 0.6454 - val_weighted_dice_loss: 0.6454

Epoch 00147: val_weighted_dice_loss did not improve from 0.10971
Epoch 148/150
 - 2112s - loss: 0.0757 - weighted_dice_loss: 0.0757 - val_loss: 0.3469 - val_weighted_dice_loss: 0.3469

Epoch 00148: val_weighted_dice_loss did not improve from 0.10971
Epoch 149/150
 - 2111s - loss: 0.0756 - weighted_dice_loss: 0.0756 - val_loss: 0.1141 - val_weighted_dice_loss: 0.1141

Epoch 00149: val_weighted_dice_loss did not improve from 0.10971
Epoch 150/150
 - 2110s - loss: 0.0755 - weighted_dice_loss: 0.0755 - val_loss: 0.1119 - val_weighted_dice_loss: 0.1119

Epoch 00150: val_weighted_dice_loss did not improve from 0.10971
Finished training.
