nohup: ignoring input
2020-07-06 18:27:16.945743: I tensorflow/core/platform/cpu_feature_guard.cc:142] Your CPU supports instructions that this TensorFlow binary was not compiled to use: SSE4.1 SSE4.2 AVX
2020-07-06 18:27:16.962358: I tensorflow/core/platform/profile_utils/cpu_utils.cc:94] CPU Frequency: 3602045000 Hz
2020-07-06 18:27:16.963798: I tensorflow/compiler/xla/service/service.cc:168] XLA service 0x55e68fceb3e0 executing computations on platform Host. Devices:
2020-07-06 18:27:16.963870: I tensorflow/compiler/xla/service/service.cc:175]   StreamExecutor device (0): <undefined>, <undefined>
2020-07-06 18:27:16.966234: I tensorflow/stream_executor/platform/default/dso_loader.cc:42] Successfully opened dynamic library libcuda.so.1
2020-07-06 18:27:16.998021: I tensorflow/stream_executor/cuda/cuda_gpu_executor.cc:1005] successful NUMA node read from SysFS had negative value (-1), but there must be at least one NUMA node, so returning NUMA node zero
2020-07-06 18:27:16.999491: I tensorflow/core/common_runtime/gpu/gpu_device.cc:1640] Found device 0 with properties: 
name: GeForce GTX 1080 major: 6 minor: 1 memoryClockRate(GHz): 1.7715
pciBusID: 0000:01:00.0
2020-07-06 18:27:17.001617: I tensorflow/stream_executor/platform/default/dso_loader.cc:42] Successfully opened dynamic library libcudart.so.10.1
2020-07-06 18:27:17.009901: I tensorflow/stream_executor/platform/default/dso_loader.cc:42] Successfully opened dynamic library libcublas.so.10
2020-07-06 18:27:17.016314: I tensorflow/stream_executor/platform/default/dso_loader.cc:42] Successfully opened dynamic library libcufft.so.10
2020-07-06 18:27:17.018581: I tensorflow/stream_executor/platform/default/dso_loader.cc:42] Successfully opened dynamic library libcurand.so.10
2020-07-06 18:27:17.025878: I tensorflow/stream_executor/platform/default/dso_loader.cc:42] Successfully opened dynamic library libcusolver.so.10
2020-07-06 18:27:17.030451: I tensorflow/stream_executor/platform/default/dso_loader.cc:42] Successfully opened dynamic library libcusparse.so.10
2020-07-06 18:27:17.043739: I tensorflow/stream_executor/platform/default/dso_loader.cc:42] Successfully opened dynamic library libcudnn.so.7
2020-07-06 18:27:17.044031: I tensorflow/stream_executor/cuda/cuda_gpu_executor.cc:1005] successful NUMA node read from SysFS had negative value (-1), but there must be at least one NUMA node, so returning NUMA node zero
2020-07-06 18:27:17.045663: I tensorflow/stream_executor/cuda/cuda_gpu_executor.cc:1005] successful NUMA node read from SysFS had negative value (-1), but there must be at least one NUMA node, so returning NUMA node zero
2020-07-06 18:27:17.047084: I tensorflow/core/common_runtime/gpu/gpu_device.cc:1763] Adding visible gpu devices: 0
2020-07-06 18:27:17.047187: I tensorflow/stream_executor/platform/default/dso_loader.cc:42] Successfully opened dynamic library libcudart.so.10.1
2020-07-06 18:27:17.214582: I tensorflow/core/common_runtime/gpu/gpu_device.cc:1181] Device interconnect StreamExecutor with strength 1 edge matrix:
2020-07-06 18:27:17.214658: I tensorflow/core/common_runtime/gpu/gpu_device.cc:1187]      0 
2020-07-06 18:27:17.214688: I tensorflow/core/common_runtime/gpu/gpu_device.cc:1200] 0:   N 
2020-07-06 18:27:17.216785: I tensorflow/stream_executor/cuda/cuda_gpu_executor.cc:1005] successful NUMA node read from SysFS had negative value (-1), but there must be at least one NUMA node, so returning NUMA node zero
2020-07-06 18:27:17.218285: I tensorflow/stream_executor/cuda/cuda_gpu_executor.cc:1005] successful NUMA node read from SysFS had negative value (-1), but there must be at least one NUMA node, so returning NUMA node zero
2020-07-06 18:27:17.219690: I tensorflow/stream_executor/cuda/cuda_gpu_executor.cc:1005] successful NUMA node read from SysFS had negative value (-1), but there must be at least one NUMA node, so returning NUMA node zero
2020-07-06 18:27:17.220971: I tensorflow/core/common_runtime/gpu/gpu_device.cc:1326] Created TensorFlow device (/job:localhost/replica:0/task:0/device:GPU:0 with 7552 MB memory) -> physical GPU (device: 0, name: GeForce GTX 1080, pci bus id: 0000:01:00.0, compute capability: 6.1)
2020-07-06 18:27:17.226275: I tensorflow/compiler/xla/service/service.cc:168] XLA service 0x55e6907e8cc0 executing computations on platform CUDA. Devices:
2020-07-06 18:27:17.226326: I tensorflow/compiler/xla/service/service.cc:175]   StreamExecutor device (0): GeForce GTX 1080, Compute Capability 6.1
/home/mehfo331/.conda/envs/thesis/lib/python3.6/site-packages/tensorflow/python/framework/dtypes.py:516: FutureWarning: Passing (type, 1) or '1type' as a synonym of type is deprecated; in a future version of numpy, it will be understood as (type, (1,)) / '(1,)type'.
  _np_qint8 = np.dtype([("qint8", np.int8, 1)])
/home/mehfo331/.conda/envs/thesis/lib/python3.6/site-packages/tensorflow/python/framework/dtypes.py:517: FutureWarning: Passing (type, 1) or '1type' as a synonym of type is deprecated; in a future version of numpy, it will be understood as (type, (1,)) / '(1,)type'.
  _np_quint8 = np.dtype([("quint8", np.uint8, 1)])
/home/mehfo331/.conda/envs/thesis/lib/python3.6/site-packages/tensorflow/python/framework/dtypes.py:518: FutureWarning: Passing (type, 1) or '1type' as a synonym of type is deprecated; in a future version of numpy, it will be understood as (type, (1,)) / '(1,)type'.
  _np_qint16 = np.dtype([("qint16", np.int16, 1)])
/home/mehfo331/.conda/envs/thesis/lib/python3.6/site-packages/tensorflow/python/framework/dtypes.py:519: FutureWarning: Passing (type, 1) or '1type' as a synonym of type is deprecated; in a future version of numpy, it will be understood as (type, (1,)) / '(1,)type'.
  _np_quint16 = np.dtype([("quint16", np.uint16, 1)])
/home/mehfo331/.conda/envs/thesis/lib/python3.6/site-packages/tensorflow/python/framework/dtypes.py:520: FutureWarning: Passing (type, 1) or '1type' as a synonym of type is deprecated; in a future version of numpy, it will be understood as (type, (1,)) / '(1,)type'.
  _np_qint32 = np.dtype([("qint32", np.int32, 1)])
/home/mehfo331/.conda/envs/thesis/lib/python3.6/site-packages/tensorflow/python/framework/dtypes.py:525: FutureWarning: Passing (type, 1) or '1type' as a synonym of type is deprecated; in a future version of numpy, it will be understood as (type, (1,)) / '(1,)type'.
  np_resource = np.dtype([("resource", np.ubyte, 1)])
/home/mehfo331/.conda/envs/thesis/lib/python3.6/site-packages/tensorboard/compat/tensorflow_stub/dtypes.py:541: FutureWarning: Passing (type, 1) or '1type' as a synonym of type is deprecated; in a future version of numpy, it will be understood as (type, (1,)) / '(1,)type'.
  _np_qint8 = np.dtype([("qint8", np.int8, 1)])
/home/mehfo331/.conda/envs/thesis/lib/python3.6/site-packages/tensorboard/compat/tensorflow_stub/dtypes.py:542: FutureWarning: Passing (type, 1) or '1type' as a synonym of type is deprecated; in a future version of numpy, it will be understood as (type, (1,)) / '(1,)type'.
  _np_quint8 = np.dtype([("quint8", np.uint8, 1)])
/home/mehfo331/.conda/envs/thesis/lib/python3.6/site-packages/tensorboard/compat/tensorflow_stub/dtypes.py:543: FutureWarning: Passing (type, 1) or '1type' as a synonym of type is deprecated; in a future version of numpy, it will be understood as (type, (1,)) / '(1,)type'.
  _np_qint16 = np.dtype([("qint16", np.int16, 1)])
/home/mehfo331/.conda/envs/thesis/lib/python3.6/site-packages/tensorboard/compat/tensorflow_stub/dtypes.py:544: FutureWarning: Passing (type, 1) or '1type' as a synonym of type is deprecated; in a future version of numpy, it will be understood as (type, (1,)) / '(1,)type'.
  _np_quint16 = np.dtype([("quint16", np.uint16, 1)])
/home/mehfo331/.conda/envs/thesis/lib/python3.6/site-packages/tensorboard/compat/tensorflow_stub/dtypes.py:545: FutureWarning: Passing (type, 1) or '1type' as a synonym of type is deprecated; in a future version of numpy, it will be understood as (type, (1,)) / '(1,)type'.
  _np_qint32 = np.dtype([("qint32", np.int32, 1)])
/home/mehfo331/.conda/envs/thesis/lib/python3.6/site-packages/tensorboard/compat/tensorflow_stub/dtypes.py:550: FutureWarning: Passing (type, 1) or '1type' as a synonym of type is deprecated; in a future version of numpy, it will be understood as (type, (1,)) / '(1,)type'.
  np_resource = np.dtype([("resource", np.ubyte, 1)])
Using TensorFlow backend.
WARNING:tensorflow:From segmentation.py:20: The name tf.keras.backend.set_session is deprecated. Please use tf.compat.v1.keras.backend.set_session instead.

WARNING:tensorflow:From segmentation.py:33: The name tf.ConfigProto is deprecated. Please use tf.compat.v1.ConfigProto instead.

WARNING:tensorflow:From segmentation.py:35: The name tf.Session is deprecated. Please use tf.compat.v1.Session instead.

2020-07-06 18:27:17.228998: I tensorflow/stream_executor/cuda/cuda_gpu_executor.cc:1005] successful NUMA node read from SysFS had negative value (-1), but there must be at least one NUMA node, so returning NUMA node zero
2020-07-06 18:27:17.231545: I tensorflow/core/common_runtime/gpu/gpu_device.cc:1640] Found device 0 with properties: 
name: GeForce GTX 1080 major: 6 minor: 1 memoryClockRate(GHz): 1.7715
pciBusID: 0000:01:00.0
2020-07-06 18:27:17.231639: I tensorflow/stream_executor/platform/default/dso_loader.cc:42] Successfully opened dynamic library libcudart.so.10.1
2020-07-06 18:27:17.231698: I tensorflow/stream_executor/platform/default/dso_loader.cc:42] Successfully opened dynamic library libcublas.so.10
2020-07-06 18:27:17.231751: I tensorflow/stream_executor/platform/default/dso_loader.cc:42] Successfully opened dynamic library libcufft.so.10
2020-07-06 18:27:17.231802: I tensorflow/stream_executor/platform/default/dso_loader.cc:42] Successfully opened dynamic library libcurand.so.10
2020-07-06 18:27:17.231853: I tensorflow/stream_executor/platform/default/dso_loader.cc:42] Successfully opened dynamic library libcusolver.so.10
2020-07-06 18:27:17.231904: I tensorflow/stream_executor/platform/default/dso_loader.cc:42] Successfully opened dynamic library libcusparse.so.10
2020-07-06 18:27:17.231954: I tensorflow/stream_executor/platform/default/dso_loader.cc:42] Successfully opened dynamic library libcudnn.so.7
2020-07-06 18:27:17.232132: I tensorflow/stream_executor/cuda/cuda_gpu_executor.cc:1005] successful NUMA node read from SysFS had negative value (-1), but there must be at least one NUMA node, so returning NUMA node zero
2020-07-06 18:27:17.233510: I tensorflow/stream_executor/cuda/cuda_gpu_executor.cc:1005] successful NUMA node read from SysFS had negative value (-1), but there must be at least one NUMA node, so returning NUMA node zero
2020-07-06 18:27:17.234834: I tensorflow/core/common_runtime/gpu/gpu_device.cc:1763] Adding visible gpu devices: 0
2020-07-06 18:27:17.234926: I tensorflow/core/common_runtime/gpu/gpu_device.cc:1181] Device interconnect StreamExecutor with strength 1 edge matrix:
2020-07-06 18:27:17.234985: I tensorflow/core/common_runtime/gpu/gpu_device.cc:1187]      0 
2020-07-06 18:27:17.235013: I tensorflow/core/common_runtime/gpu/gpu_device.cc:1200] 0:   N 
2020-07-06 18:27:17.235275: I tensorflow/stream_executor/cuda/cuda_gpu_executor.cc:1005] successful NUMA node read from SysFS had negative value (-1), but there must be at least one NUMA node, so returning NUMA node zero
2020-07-06 18:27:17.236629: I tensorflow/stream_executor/cuda/cuda_gpu_executor.cc:1005] successful NUMA node read from SysFS had negative value (-1), but there must be at least one NUMA node, so returning NUMA node zero
2020-07-06 18:27:17.237849: I tensorflow/core/common_runtime/gpu/gpu_device.cc:1326] Created TensorFlow device (/job:localhost/replica:0/task:0/device:GPU:0 with 7552 MB memory) -> physical GPU (device: 0, name: GeForce GTX 1080, pci bus id: 0000:01:00.0, compute capability: 6.1)
WARNING:tensorflow:From /home/mehfo331/.conda/envs/thesis/lib/python3.6/site-packages/keras/backend/tensorflow_backend.py:74: The name tf.get_default_graph is deprecated. Please use tf.compat.v1.get_default_graph instead.

WARNING:tensorflow:From /home/mehfo331/.conda/envs/thesis/lib/python3.6/site-packages/keras/backend/tensorflow_backend.py:517: The name tf.placeholder is deprecated. Please use tf.compat.v1.placeholder instead.

WARNING:tensorflow:From /home/mehfo331/.conda/envs/thesis/lib/python3.6/site-packages/keras/backend/tensorflow_backend.py:4185: The name tf.truncated_normal is deprecated. Please use tf.random.truncated_normal instead.

WARNING:tensorflow:From /home/mehfo331/.conda/envs/thesis/lib/python3.6/site-packages/keras/backend/tensorflow_backend.py:1834: The name tf.nn.fused_batch_norm is deprecated. Please use tf.compat.v1.nn.fused_batch_norm instead.

WARNING:tensorflow:From /home/mehfo331/.conda/envs/thesis/lib/python3.6/site-packages/keras/backend/tensorflow_backend.py:3976: The name tf.nn.max_pool is deprecated. Please use tf.nn.max_pool2d instead.

WARNING:tensorflow:From /home/mehfo331/.conda/envs/thesis/lib/python3.6/site-packages/keras/optimizers.py:790: The name tf.train.Optimizer is deprecated. Please use tf.compat.v1.train.Optimizer instead.

2020-07-06 18:29:59.805108: I tensorflow/stream_executor/platform/default/dso_loader.cc:42] Successfully opened dynamic library libcudnn.so.7

Reading data...
Finished reading data.

Reading data...
Finished reading data.

Reading data...
Finished reading data.

Reading data...
Finished reading data.

Training 7 classes with 10000 images (5208 real and 4792 GAN images):

Epoch 1/150
 - 668s - loss: 0.6746 - weighted_dice_loss: 0.6746 - val_loss: 0.6208 - val_weighted_dice_loss: 0.6208

Epoch 00001: val_weighted_dice_loss improved from inf to 0.62079, saving model to ./Unet-weights/7_classes_5208_reals_4792_GANs.h5
Epoch 2/150
 - 643s - loss: 0.3876 - weighted_dice_loss: 0.3876 - val_loss: 0.3260 - val_weighted_dice_loss: 0.3260

Epoch 00002: val_weighted_dice_loss improved from 0.62079 to 0.32599, saving model to ./Unet-weights/7_classes_5208_reals_4792_GANs.h5
Epoch 3/150
 - 641s - loss: 0.2894 - weighted_dice_loss: 0.2894 - val_loss: 0.2833 - val_weighted_dice_loss: 0.2833

Epoch 00003: val_weighted_dice_loss improved from 0.32599 to 0.28332, saving model to ./Unet-weights/7_classes_5208_reals_4792_GANs.h5
Epoch 4/150
 - 637s - loss: 0.2749 - weighted_dice_loss: 0.2749 - val_loss: 0.2801 - val_weighted_dice_loss: 0.2801

Epoch 00004: val_weighted_dice_loss improved from 0.28332 to 0.28014, saving model to ./Unet-weights/7_classes_5208_reals_4792_GANs.h5
Epoch 5/150
 - 640s - loss: 0.2632 - weighted_dice_loss: 0.2632 - val_loss: 0.2819 - val_weighted_dice_loss: 0.2819

Epoch 00005: val_weighted_dice_loss did not improve from 0.28014
Epoch 6/150
 - 639s - loss: 0.2548 - weighted_dice_loss: 0.2548 - val_loss: 0.2451 - val_weighted_dice_loss: 0.2451

Epoch 00006: val_weighted_dice_loss improved from 0.28014 to 0.24506, saving model to ./Unet-weights/7_classes_5208_reals_4792_GANs.h5
Epoch 7/150
 - 640s - loss: 0.2490 - weighted_dice_loss: 0.2490 - val_loss: 0.2431 - val_weighted_dice_loss: 0.2431

Epoch 00007: val_weighted_dice_loss improved from 0.24506 to 0.24310, saving model to ./Unet-weights/7_classes_5208_reals_4792_GANs.h5
Epoch 8/150
 - 640s - loss: 0.2418 - weighted_dice_loss: 0.2418 - val_loss: 0.2340 - val_weighted_dice_loss: 0.2340

Epoch 00008: val_weighted_dice_loss improved from 0.24310 to 0.23404, saving model to ./Unet-weights/7_classes_5208_reals_4792_GANs.h5
Epoch 9/150
 - 639s - loss: 0.2352 - weighted_dice_loss: 0.2352 - val_loss: 0.2426 - val_weighted_dice_loss: 0.2426

Epoch 00009: val_weighted_dice_loss did not improve from 0.23404
Epoch 10/150
 - 641s - loss: 0.2314 - weighted_dice_loss: 0.2314 - val_loss: 0.2567 - val_weighted_dice_loss: 0.2567

Epoch 00010: val_weighted_dice_loss did not improve from 0.23404
Epoch 11/150
 - 639s - loss: 0.2269 - weighted_dice_loss: 0.2269 - val_loss: 0.2205 - val_weighted_dice_loss: 0.2205

Epoch 00011: val_weighted_dice_loss improved from 0.23404 to 0.22052, saving model to ./Unet-weights/7_classes_5208_reals_4792_GANs.h5
Epoch 12/150
 - 638s - loss: 0.2235 - weighted_dice_loss: 0.2235 - val_loss: 0.2668 - val_weighted_dice_loss: 0.2668

Epoch 00012: val_weighted_dice_loss did not improve from 0.22052
Epoch 13/150
 - 641s - loss: 0.2214 - weighted_dice_loss: 0.2214 - val_loss: 0.2181 - val_weighted_dice_loss: 0.2181

Epoch 00013: val_weighted_dice_loss improved from 0.22052 to 0.21809, saving model to ./Unet-weights/7_classes_5208_reals_4792_GANs.h5
Epoch 14/150
 - 641s - loss: 0.2172 - weighted_dice_loss: 0.2172 - val_loss: 0.2240 - val_weighted_dice_loss: 0.2240

Epoch 00014: val_weighted_dice_loss did not improve from 0.21809
Epoch 15/150
 - 644s - loss: 0.2129 - weighted_dice_loss: 0.2129 - val_loss: 0.2184 - val_weighted_dice_loss: 0.2184

Epoch 00015: val_weighted_dice_loss did not improve from 0.21809
Epoch 16/150
 - 642s - loss: 0.2086 - weighted_dice_loss: 0.2086 - val_loss: 0.2175 - val_weighted_dice_loss: 0.2175

Epoch 00016: val_weighted_dice_loss improved from 0.21809 to 0.21745, saving model to ./Unet-weights/7_classes_5208_reals_4792_GANs.h5
Epoch 17/150
 - 640s - loss: 0.2054 - weighted_dice_loss: 0.2054 - val_loss: 0.2220 - val_weighted_dice_loss: 0.2220

Epoch 00017: val_weighted_dice_loss did not improve from 0.21745
Epoch 18/150
 - 641s - loss: 0.2061 - weighted_dice_loss: 0.2061 - val_loss: 0.2374 - val_weighted_dice_loss: 0.2374

Epoch 00018: val_weighted_dice_loss did not improve from 0.21745
Epoch 19/150
 - 639s - loss: 0.2017 - weighted_dice_loss: 0.2017 - val_loss: 0.2124 - val_weighted_dice_loss: 0.2124

Epoch 00019: val_weighted_dice_loss improved from 0.21745 to 0.21239, saving model to ./Unet-weights/7_classes_5208_reals_4792_GANs.h5
Epoch 20/150
 - 639s - loss: 0.1990 - weighted_dice_loss: 0.1990 - val_loss: 0.2142 - val_weighted_dice_loss: 0.2142

Epoch 00020: val_weighted_dice_loss did not improve from 0.21239
Epoch 21/150
 - 642s - loss: 0.1975 - weighted_dice_loss: 0.1975 - val_loss: 0.2068 - val_weighted_dice_loss: 0.2068

Epoch 00021: val_weighted_dice_loss improved from 0.21239 to 0.20675, saving model to ./Unet-weights/7_classes_5208_reals_4792_GANs.h5
Epoch 22/150
 - 638s - loss: 0.1955 - weighted_dice_loss: 0.1955 - val_loss: 0.2188 - val_weighted_dice_loss: 0.2188

Epoch 00022: val_weighted_dice_loss did not improve from 0.20675
Epoch 23/150
 - 639s - loss: 0.1926 - weighted_dice_loss: 0.1926 - val_loss: 0.2208 - val_weighted_dice_loss: 0.2208

Epoch 00023: val_weighted_dice_loss did not improve from 0.20675
Epoch 24/150
 - 643s - loss: 0.1903 - weighted_dice_loss: 0.1903 - val_loss: 0.2028 - val_weighted_dice_loss: 0.2028

Epoch 00024: val_weighted_dice_loss improved from 0.20675 to 0.20282, saving model to ./Unet-weights/7_classes_5208_reals_4792_GANs.h5
Epoch 25/150
 - 639s - loss: 0.1884 - weighted_dice_loss: 0.1884 - val_loss: 0.2185 - val_weighted_dice_loss: 0.2185

Epoch 00025: val_weighted_dice_loss did not improve from 0.20282
Epoch 26/150
 - 640s - loss: 0.1862 - weighted_dice_loss: 0.1862 - val_loss: 0.2035 - val_weighted_dice_loss: 0.2035

Epoch 00026: val_weighted_dice_loss did not improve from 0.20282
Epoch 27/150
 - 640s - loss: 0.1835 - weighted_dice_loss: 0.1835 - val_loss: 0.2074 - val_weighted_dice_loss: 0.2074

Epoch 00027: val_weighted_dice_loss did not improve from 0.20282
Epoch 28/150
 - 642s - loss: 0.1817 - weighted_dice_loss: 0.1817 - val_loss: 0.1938 - val_weighted_dice_loss: 0.1938

Epoch 00028: val_weighted_dice_loss improved from 0.20282 to 0.19375, saving model to ./Unet-weights/7_classes_5208_reals_4792_GANs.h5
Epoch 29/150
 - 641s - loss: 0.1814 - weighted_dice_loss: 0.1814 - val_loss: 0.1952 - val_weighted_dice_loss: 0.1952

Epoch 00029: val_weighted_dice_loss did not improve from 0.19375
Epoch 30/150
 - 641s - loss: 0.1793 - weighted_dice_loss: 0.1793 - val_loss: 0.2018 - val_weighted_dice_loss: 0.2018

Epoch 00030: val_weighted_dice_loss did not improve from 0.19375
Epoch 31/150
 - 642s - loss: 0.1759 - weighted_dice_loss: 0.1759 - val_loss: 0.1939 - val_weighted_dice_loss: 0.1939

Epoch 00031: val_weighted_dice_loss did not improve from 0.19375
Epoch 32/150
 - 642s - loss: 0.1739 - weighted_dice_loss: 0.1739 - val_loss: 0.2060 - val_weighted_dice_loss: 0.2060

Epoch 00032: val_weighted_dice_loss did not improve from 0.19375
Epoch 33/150
 - 642s - loss: 0.1725 - weighted_dice_loss: 0.1725 - val_loss: 0.1972 - val_weighted_dice_loss: 0.1972

Epoch 00033: val_weighted_dice_loss did not improve from 0.19375
Epoch 34/150
 - 640s - loss: 0.1710 - weighted_dice_loss: 0.1710 - val_loss: 0.1954 - val_weighted_dice_loss: 0.1954

Epoch 00034: val_weighted_dice_loss did not improve from 0.19375
Epoch 35/150
 - 643s - loss: 0.1686 - weighted_dice_loss: 0.1686 - val_loss: 0.1918 - val_weighted_dice_loss: 0.1918

Epoch 00035: val_weighted_dice_loss improved from 0.19375 to 0.19179, saving model to ./Unet-weights/7_classes_5208_reals_4792_GANs.h5
Epoch 36/150
 - 642s - loss: 0.1684 - weighted_dice_loss: 0.1684 - val_loss: 0.1932 - val_weighted_dice_loss: 0.1932

Epoch 00036: val_weighted_dice_loss did not improve from 0.19179
Epoch 37/150
 - 643s - loss: 0.1653 - weighted_dice_loss: 0.1653 - val_loss: 0.1863 - val_weighted_dice_loss: 0.1863

Epoch 00037: val_weighted_dice_loss improved from 0.19179 to 0.18628, saving model to ./Unet-weights/7_classes_5208_reals_4792_GANs.h5
Epoch 38/150
 - 640s - loss: 0.1636 - weighted_dice_loss: 0.1636 - val_loss: 0.1864 - val_weighted_dice_loss: 0.1864

Epoch 00038: val_weighted_dice_loss did not improve from 0.18628
Epoch 39/150
 - 639s - loss: 0.1628 - weighted_dice_loss: 0.1628 - val_loss: 0.1873 - val_weighted_dice_loss: 0.1873

Epoch 00039: val_weighted_dice_loss did not improve from 0.18628
Epoch 40/150
 - 637s - loss: 0.1608 - weighted_dice_loss: 0.1608 - val_loss: 0.2390 - val_weighted_dice_loss: 0.2390

Epoch 00040: val_weighted_dice_loss did not improve from 0.18628
Epoch 41/150
 - 639s - loss: 0.1597 - weighted_dice_loss: 0.1597 - val_loss: 0.1937 - val_weighted_dice_loss: 0.1937

Epoch 00041: val_weighted_dice_loss did not improve from 0.18628
Epoch 42/150
 - 639s - loss: 0.1571 - weighted_dice_loss: 0.1571 - val_loss: 0.1824 - val_weighted_dice_loss: 0.1824

Epoch 00042: val_weighted_dice_loss improved from 0.18628 to 0.18242, saving model to ./Unet-weights/7_classes_5208_reals_4792_GANs.h5
Epoch 43/150
 - 639s - loss: 0.1559 - weighted_dice_loss: 0.1559 - val_loss: 0.1819 - val_weighted_dice_loss: 0.1819

Epoch 00043: val_weighted_dice_loss improved from 0.18242 to 0.18186, saving model to ./Unet-weights/7_classes_5208_reals_4792_GANs.h5
Epoch 44/150
 - 640s - loss: 0.1548 - weighted_dice_loss: 0.1548 - val_loss: 0.1835 - val_weighted_dice_loss: 0.1835

Epoch 00044: val_weighted_dice_loss did not improve from 0.18186
Epoch 45/150
 - 637s - loss: 0.1526 - weighted_dice_loss: 0.1526 - val_loss: 0.1783 - val_weighted_dice_loss: 0.1783

Epoch 00045: val_weighted_dice_loss improved from 0.18186 to 0.17828, saving model to ./Unet-weights/7_classes_5208_reals_4792_GANs.h5
Epoch 46/150
 - 641s - loss: 0.1521 - weighted_dice_loss: 0.1521 - val_loss: 0.2440 - val_weighted_dice_loss: 0.2440

Epoch 00046: val_weighted_dice_loss did not improve from 0.17828
Epoch 47/150
 - 642s - loss: 0.1502 - weighted_dice_loss: 0.1502 - val_loss: 0.1797 - val_weighted_dice_loss: 0.1797

Epoch 00047: val_weighted_dice_loss did not improve from 0.17828
Epoch 48/150
 - 640s - loss: 0.1489 - weighted_dice_loss: 0.1489 - val_loss: 0.1821 - val_weighted_dice_loss: 0.1821

Epoch 00048: val_weighted_dice_loss did not improve from 0.17828
Epoch 49/150
 - 640s - loss: 0.1472 - weighted_dice_loss: 0.1472 - val_loss: 0.1818 - val_weighted_dice_loss: 0.1818

Epoch 00049: val_weighted_dice_loss did not improve from 0.17828
Epoch 50/150
 - 640s - loss: 0.1461 - weighted_dice_loss: 0.1461 - val_loss: 0.1785 - val_weighted_dice_loss: 0.1785

Epoch 00050: val_weighted_dice_loss did not improve from 0.17828
Epoch 51/150
 - 638s - loss: 0.1456 - weighted_dice_loss: 0.1456 - val_loss: 0.1793 - val_weighted_dice_loss: 0.1793

Epoch 00051: val_weighted_dice_loss did not improve from 0.17828
Epoch 52/150
 - 638s - loss: 0.1433 - weighted_dice_loss: 0.1433 - val_loss: 0.1766 - val_weighted_dice_loss: 0.1766

Epoch 00052: val_weighted_dice_loss improved from 0.17828 to 0.17656, saving model to ./Unet-weights/7_classes_5208_reals_4792_GANs.h5
Epoch 53/150
 - 640s - loss: 0.1422 - weighted_dice_loss: 0.1422 - val_loss: 0.1836 - val_weighted_dice_loss: 0.1836

Epoch 00053: val_weighted_dice_loss did not improve from 0.17656
Epoch 54/150
 - 639s - loss: 0.1411 - weighted_dice_loss: 0.1411 - val_loss: 0.1750 - val_weighted_dice_loss: 0.1750

Epoch 00054: val_weighted_dice_loss improved from 0.17656 to 0.17505, saving model to ./Unet-weights/7_classes_5208_reals_4792_GANs.h5
Epoch 55/150
 - 639s - loss: 0.1400 - weighted_dice_loss: 0.1400 - val_loss: 0.1882 - val_weighted_dice_loss: 0.1882

Epoch 00055: val_weighted_dice_loss did not improve from 0.17505
Epoch 56/150
 - 639s - loss: 0.1392 - weighted_dice_loss: 0.1392 - val_loss: 0.1773 - val_weighted_dice_loss: 0.1773

Epoch 00056: val_weighted_dice_loss did not improve from 0.17505
Epoch 57/150
 - 640s - loss: 0.1380 - weighted_dice_loss: 0.1380 - val_loss: 0.1821 - val_weighted_dice_loss: 0.1821

Epoch 00057: val_weighted_dice_loss did not improve from 0.17505
Epoch 58/150
 - 642s - loss: 0.1364 - weighted_dice_loss: 0.1364 - val_loss: 0.1761 - val_weighted_dice_loss: 0.1761

Epoch 00058: val_weighted_dice_loss did not improve from 0.17505
Epoch 59/150
 - 641s - loss: 0.1356 - weighted_dice_loss: 0.1356 - val_loss: 0.2173 - val_weighted_dice_loss: 0.2173

Epoch 00059: val_weighted_dice_loss did not improve from 0.17505
Epoch 60/150
 - 635s - loss: 0.1345 - weighted_dice_loss: 0.1345 - val_loss: 0.1746 - val_weighted_dice_loss: 0.1746

Epoch 00060: val_weighted_dice_loss improved from 0.17505 to 0.17461, saving model to ./Unet-weights/7_classes_5208_reals_4792_GANs.h5
Epoch 61/150
 - 638s - loss: 0.1335 - weighted_dice_loss: 0.1335 - val_loss: 0.1729 - val_weighted_dice_loss: 0.1729

Epoch 00061: val_weighted_dice_loss improved from 0.17461 to 0.17291, saving model to ./Unet-weights/7_classes_5208_reals_4792_GANs.h5
Epoch 62/150
 - 640s - loss: 0.1323 - weighted_dice_loss: 0.1323 - val_loss: 0.1719 - val_weighted_dice_loss: 0.1719

Epoch 00062: val_weighted_dice_loss improved from 0.17291 to 0.17191, saving model to ./Unet-weights/7_classes_5208_reals_4792_GANs.h5
Epoch 63/150
 - 640s - loss: 0.1314 - weighted_dice_loss: 0.1314 - val_loss: 0.1812 - val_weighted_dice_loss: 0.1812

Epoch 00063: val_weighted_dice_loss did not improve from 0.17191
Epoch 64/150
 - 642s - loss: 0.1301 - weighted_dice_loss: 0.1301 - val_loss: 0.1711 - val_weighted_dice_loss: 0.1711

Epoch 00064: val_weighted_dice_loss improved from 0.17191 to 0.17113, saving model to ./Unet-weights/7_classes_5208_reals_4792_GANs.h5
Epoch 65/150
 - 638s - loss: 0.1290 - weighted_dice_loss: 0.1290 - val_loss: 0.1731 - val_weighted_dice_loss: 0.1731

Epoch 00065: val_weighted_dice_loss did not improve from 0.17113
Epoch 66/150
 - 641s - loss: 0.1287 - weighted_dice_loss: 0.1287 - val_loss: 0.1725 - val_weighted_dice_loss: 0.1725

Epoch 00066: val_weighted_dice_loss did not improve from 0.17113
Epoch 67/150
 - 638s - loss: 0.1279 - weighted_dice_loss: 0.1279 - val_loss: 0.1729 - val_weighted_dice_loss: 0.1729

Epoch 00067: val_weighted_dice_loss did not improve from 0.17113
Epoch 68/150
 - 640s - loss: 0.1263 - weighted_dice_loss: 0.1263 - val_loss: 0.1697 - val_weighted_dice_loss: 0.1697

Epoch 00068: val_weighted_dice_loss improved from 0.17113 to 0.16966, saving model to ./Unet-weights/7_classes_5208_reals_4792_GANs.h5
Epoch 69/150
 - 639s - loss: 0.1252 - weighted_dice_loss: 0.1252 - val_loss: 0.1748 - val_weighted_dice_loss: 0.1748

Epoch 00069: val_weighted_dice_loss did not improve from 0.16966
Epoch 70/150
 - 640s - loss: 0.1243 - weighted_dice_loss: 0.1243 - val_loss: 0.1923 - val_weighted_dice_loss: 0.1923

Epoch 00070: val_weighted_dice_loss did not improve from 0.16966
Epoch 71/150
 - 640s - loss: 0.1237 - weighted_dice_loss: 0.1237 - val_loss: 0.1743 - val_weighted_dice_loss: 0.1743

Epoch 00071: val_weighted_dice_loss did not improve from 0.16966
Epoch 72/150
 - 640s - loss: 0.1228 - weighted_dice_loss: 0.1228 - val_loss: 0.1719 - val_weighted_dice_loss: 0.1719

Epoch 00072: val_weighted_dice_loss did not improve from 0.16966
Epoch 73/150
 - 641s - loss: 0.1219 - weighted_dice_loss: 0.1219 - val_loss: 0.1725 - val_weighted_dice_loss: 0.1725

Epoch 00073: val_weighted_dice_loss did not improve from 0.16966
Epoch 74/150
 - 642s - loss: 0.1212 - weighted_dice_loss: 0.1212 - val_loss: 0.1745 - val_weighted_dice_loss: 0.1745

Epoch 00074: val_weighted_dice_loss did not improve from 0.16966
Epoch 75/150
 - 640s - loss: 0.1201 - weighted_dice_loss: 0.1201 - val_loss: 0.1721 - val_weighted_dice_loss: 0.1721

Epoch 00075: val_weighted_dice_loss did not improve from 0.16966
Epoch 76/150
 - 637s - loss: 0.1195 - weighted_dice_loss: 0.1195 - val_loss: 0.1694 - val_weighted_dice_loss: 0.1694

Epoch 00076: val_weighted_dice_loss improved from 0.16966 to 0.16939, saving model to ./Unet-weights/7_classes_5208_reals_4792_GANs.h5
Epoch 77/150
 - 640s - loss: 0.1188 - weighted_dice_loss: 0.1188 - val_loss: 0.1741 - val_weighted_dice_loss: 0.1741

Epoch 00077: val_weighted_dice_loss did not improve from 0.16939
Epoch 78/150
 - 643s - loss: 0.1180 - weighted_dice_loss: 0.1180 - val_loss: 0.1752 - val_weighted_dice_loss: 0.1752

Epoch 00078: val_weighted_dice_loss did not improve from 0.16939
Epoch 79/150
 - 638s - loss: 0.1172 - weighted_dice_loss: 0.1172 - val_loss: 0.2004 - val_weighted_dice_loss: 0.2004

Epoch 00079: val_weighted_dice_loss did not improve from 0.16939
Epoch 80/150
 - 637s - loss: 0.1164 - weighted_dice_loss: 0.1164 - val_loss: 0.1679 - val_weighted_dice_loss: 0.1679

Epoch 00080: val_weighted_dice_loss improved from 0.16939 to 0.16788, saving model to ./Unet-weights/7_classes_5208_reals_4792_GANs.h5
Epoch 81/150
 - 642s - loss: 0.1152 - weighted_dice_loss: 0.1152 - val_loss: 0.1688 - val_weighted_dice_loss: 0.1688

Epoch 00081: val_weighted_dice_loss did not improve from 0.16788
Epoch 82/150
 - 638s - loss: 0.1149 - weighted_dice_loss: 0.1149 - val_loss: 0.1769 - val_weighted_dice_loss: 0.1769

Epoch 00082: val_weighted_dice_loss did not improve from 0.16788
Epoch 83/150
 - 642s - loss: 0.1142 - weighted_dice_loss: 0.1142 - val_loss: 0.1692 - val_weighted_dice_loss: 0.1692

Epoch 00083: val_weighted_dice_loss did not improve from 0.16788
Epoch 84/150
 - 637s - loss: 0.1135 - weighted_dice_loss: 0.1135 - val_loss: 0.1724 - val_weighted_dice_loss: 0.1724

Epoch 00084: val_weighted_dice_loss did not improve from 0.16788
Epoch 85/150
 - 638s - loss: 0.1129 - weighted_dice_loss: 0.1129 - val_loss: 0.1857 - val_weighted_dice_loss: 0.1857

Epoch 00085: val_weighted_dice_loss did not improve from 0.16788
Epoch 86/150
 - 641s - loss: 0.1121 - weighted_dice_loss: 0.1121 - val_loss: 0.1698 - val_weighted_dice_loss: 0.1698

Epoch 00086: val_weighted_dice_loss did not improve from 0.16788
Epoch 87/150
 - 639s - loss: 0.1113 - weighted_dice_loss: 0.1113 - val_loss: 0.1728 - val_weighted_dice_loss: 0.1728

Epoch 00087: val_weighted_dice_loss did not improve from 0.16788
Epoch 88/150
 - 640s - loss: 0.1109 - weighted_dice_loss: 0.1109 - val_loss: 0.1749 - val_weighted_dice_loss: 0.1749

Epoch 00088: val_weighted_dice_loss did not improve from 0.16788
Epoch 89/150
 - 640s - loss: 0.1100 - weighted_dice_loss: 0.1100 - val_loss: 0.1724 - val_weighted_dice_loss: 0.1724

Epoch 00089: val_weighted_dice_loss did not improve from 0.16788
Epoch 90/150
 - 642s - loss: 0.1094 - weighted_dice_loss: 0.1094 - val_loss: 0.1671 - val_weighted_dice_loss: 0.1671

Epoch 00090: val_weighted_dice_loss improved from 0.16788 to 0.16707, saving model to ./Unet-weights/7_classes_5208_reals_4792_GANs.h5
Epoch 91/150
 - 639s - loss: 0.1094 - weighted_dice_loss: 0.1094 - val_loss: 0.7608 - val_weighted_dice_loss: 0.7608

Epoch 00091: val_weighted_dice_loss did not improve from 0.16707
Epoch 92/150
 - 639s - loss: 0.1086 - weighted_dice_loss: 0.1086 - val_loss: 0.1691 - val_weighted_dice_loss: 0.1691

Epoch 00092: val_weighted_dice_loss did not improve from 0.16707
Epoch 93/150
 - 638s - loss: 0.1078 - weighted_dice_loss: 0.1078 - val_loss: 0.1729 - val_weighted_dice_loss: 0.1729

Epoch 00093: val_weighted_dice_loss did not improve from 0.16707
Epoch 94/150
 - 638s - loss: 0.1073 - weighted_dice_loss: 0.1073 - val_loss: 0.1658 - val_weighted_dice_loss: 0.1658

Epoch 00094: val_weighted_dice_loss improved from 0.16707 to 0.16577, saving model to ./Unet-weights/7_classes_5208_reals_4792_GANs.h5
Epoch 95/150
 - 637s - loss: 0.1064 - weighted_dice_loss: 0.1064 - val_loss: 0.1664 - val_weighted_dice_loss: 0.1664

Epoch 00095: val_weighted_dice_loss did not improve from 0.16577
Epoch 96/150
 - 638s - loss: 0.1062 - weighted_dice_loss: 0.1062 - val_loss: 0.1673 - val_weighted_dice_loss: 0.1673

Epoch 00096: val_weighted_dice_loss did not improve from 0.16577
Epoch 97/150
 - 638s - loss: 0.1055 - weighted_dice_loss: 0.1055 - val_loss: 0.1703 - val_weighted_dice_loss: 0.1703

Epoch 00097: val_weighted_dice_loss did not improve from 0.16577
Epoch 98/150
 - 639s - loss: 0.1047 - weighted_dice_loss: 0.1047 - val_loss: 0.1666 - val_weighted_dice_loss: 0.1666

Epoch 00098: val_weighted_dice_loss did not improve from 0.16577
Epoch 99/150
 - 637s - loss: 0.1045 - weighted_dice_loss: 0.1045 - val_loss: 0.1662 - val_weighted_dice_loss: 0.1662

Epoch 00099: val_weighted_dice_loss did not improve from 0.16577
Epoch 100/150
 - 642s - loss: 0.1041 - weighted_dice_loss: 0.1041 - val_loss: 0.1658 - val_weighted_dice_loss: 0.1658

Epoch 00100: val_weighted_dice_loss did not improve from 0.16577
Epoch 101/150
 - 639s - loss: 0.1037 - weighted_dice_loss: 0.1037 - val_loss: 0.1740 - val_weighted_dice_loss: 0.1740

Epoch 00101: val_weighted_dice_loss did not improve from 0.16577
Epoch 102/150
 - 640s - loss: 0.1030 - weighted_dice_loss: 0.1030 - val_loss: 0.1701 - val_weighted_dice_loss: 0.1701

Epoch 00102: val_weighted_dice_loss did not improve from 0.16577
Epoch 103/150
 - 643s - loss: 0.1022 - weighted_dice_loss: 0.1022 - val_loss: 0.1680 - val_weighted_dice_loss: 0.1680

Epoch 00103: val_weighted_dice_loss did not improve from 0.16577
Epoch 104/150
 - 641s - loss: 0.1018 - weighted_dice_loss: 0.1018 - val_loss: 0.1681 - val_weighted_dice_loss: 0.1681

Epoch 00104: val_weighted_dice_loss did not improve from 0.16577
Epoch 105/150
 - 640s - loss: 0.1012 - weighted_dice_loss: 0.1012 - val_loss: 0.1730 - val_weighted_dice_loss: 0.1730

Epoch 00105: val_weighted_dice_loss did not improve from 0.16577
Epoch 106/150
 - 641s - loss: 0.1008 - weighted_dice_loss: 0.1008 - val_loss: 0.1751 - val_weighted_dice_loss: 0.1751

Epoch 00106: val_weighted_dice_loss did not improve from 0.16577
Epoch 107/150
 - 639s - loss: 0.1003 - weighted_dice_loss: 0.1003 - val_loss: 0.1711 - val_weighted_dice_loss: 0.1711

Epoch 00107: val_weighted_dice_loss did not improve from 0.16577
Epoch 108/150
 - 642s - loss: 0.0997 - weighted_dice_loss: 0.0997 - val_loss: 0.1663 - val_weighted_dice_loss: 0.1663

Epoch 00108: val_weighted_dice_loss did not improve from 0.16577
Epoch 109/150
 - 642s - loss: 0.0992 - weighted_dice_loss: 0.0992 - val_loss: 0.1695 - val_weighted_dice_loss: 0.1695

Epoch 00109: val_weighted_dice_loss did not improve from 0.16577
Epoch 110/150
 - 638s - loss: 0.0989 - weighted_dice_loss: 0.0989 - val_loss: 0.1689 - val_weighted_dice_loss: 0.1689

Epoch 00110: val_weighted_dice_loss did not improve from 0.16577
Epoch 111/150
 - 640s - loss: 0.0986 - weighted_dice_loss: 0.0986 - val_loss: 0.1647 - val_weighted_dice_loss: 0.1647

Epoch 00111: val_weighted_dice_loss improved from 0.16577 to 0.16465, saving model to ./Unet-weights/7_classes_5208_reals_4792_GANs.h5
Epoch 112/150
 - 639s - loss: 0.0978 - weighted_dice_loss: 0.0978 - val_loss: 0.1745 - val_weighted_dice_loss: 0.1745

Epoch 00112: val_weighted_dice_loss did not improve from 0.16465
Epoch 113/150
 - 642s - loss: 0.0975 - weighted_dice_loss: 0.0975 - val_loss: 0.1756 - val_weighted_dice_loss: 0.1756

Epoch 00113: val_weighted_dice_loss did not improve from 0.16465
Epoch 114/150
 - 643s - loss: 0.0971 - weighted_dice_loss: 0.0971 - val_loss: 0.1694 - val_weighted_dice_loss: 0.1694

Epoch 00114: val_weighted_dice_loss did not improve from 0.16465
Epoch 115/150
 - 645s - loss: 0.0968 - weighted_dice_loss: 0.0968 - val_loss: 0.1784 - val_weighted_dice_loss: 0.1784

Epoch 00115: val_weighted_dice_loss did not improve from 0.16465
Epoch 116/150
 - 640s - loss: 0.0964 - weighted_dice_loss: 0.0964 - val_loss: 0.1696 - val_weighted_dice_loss: 0.1696

Epoch 00116: val_weighted_dice_loss did not improve from 0.16465
Epoch 117/150
 - 637s - loss: 0.0957 - weighted_dice_loss: 0.0957 - val_loss: 0.1684 - val_weighted_dice_loss: 0.1684

Epoch 00117: val_weighted_dice_loss did not improve from 0.16465
Epoch 118/150
 - 639s - loss: 0.0956 - weighted_dice_loss: 0.0956 - val_loss: 0.1651 - val_weighted_dice_loss: 0.1651

Epoch 00118: val_weighted_dice_loss did not improve from 0.16465
Epoch 119/150
 - 642s - loss: 0.0950 - weighted_dice_loss: 0.0950 - val_loss: 0.1970 - val_weighted_dice_loss: 0.1970

Epoch 00119: val_weighted_dice_loss did not improve from 0.16465
Epoch 120/150
 - 643s - loss: 0.0947 - weighted_dice_loss: 0.0947 - val_loss: 0.1684 - val_weighted_dice_loss: 0.1684

Epoch 00120: val_weighted_dice_loss did not improve from 0.16465
Epoch 121/150
 - 640s - loss: 0.0943 - weighted_dice_loss: 0.0943 - val_loss: 0.1652 - val_weighted_dice_loss: 0.1652

Epoch 00121: val_weighted_dice_loss did not improve from 0.16465
Epoch 122/150
 - 641s - loss: 0.0938 - weighted_dice_loss: 0.0938 - val_loss: 0.3067 - val_weighted_dice_loss: 0.3067

Epoch 00122: val_weighted_dice_loss did not improve from 0.16465
Epoch 123/150
 - 637s - loss: 0.0934 - weighted_dice_loss: 0.0934 - val_loss: 0.1780 - val_weighted_dice_loss: 0.1780

Epoch 00123: val_weighted_dice_loss did not improve from 0.16465
Epoch 124/150
 - 641s - loss: 0.0931 - weighted_dice_loss: 0.0931 - val_loss: 0.1658 - val_weighted_dice_loss: 0.1658

Epoch 00124: val_weighted_dice_loss did not improve from 0.16465
Epoch 125/150
 - 636s - loss: 0.0927 - weighted_dice_loss: 0.0927 - val_loss: 0.1735 - val_weighted_dice_loss: 0.1735

Epoch 00125: val_weighted_dice_loss did not improve from 0.16465
Epoch 126/150
 - 643s - loss: 0.0921 - weighted_dice_loss: 0.0921 - val_loss: 0.1658 - val_weighted_dice_loss: 0.1658

Epoch 00126: val_weighted_dice_loss did not improve from 0.16465
Epoch 127/150
 - 643s - loss: 0.0918 - weighted_dice_loss: 0.0918 - val_loss: 0.1685 - val_weighted_dice_loss: 0.1685

Epoch 00127: val_weighted_dice_loss did not improve from 0.16465
Epoch 128/150
 - 643s - loss: 0.0914 - weighted_dice_loss: 0.0914 - val_loss: 0.1675 - val_weighted_dice_loss: 0.1675

Epoch 00128: val_weighted_dice_loss did not improve from 0.16465
Epoch 129/150
 - 643s - loss: 0.0910 - weighted_dice_loss: 0.0910 - val_loss: 0.1680 - val_weighted_dice_loss: 0.1680

Epoch 00129: val_weighted_dice_loss did not improve from 0.16465
Epoch 130/150
 - 640s - loss: 0.0907 - weighted_dice_loss: 0.0907 - val_loss: 0.1712 - val_weighted_dice_loss: 0.1712

Epoch 00130: val_weighted_dice_loss did not improve from 0.16465
Epoch 131/150
 - 641s - loss: 0.0905 - weighted_dice_loss: 0.0905 - val_loss: 0.1747 - val_weighted_dice_loss: 0.1747

Epoch 00131: val_weighted_dice_loss did not improve from 0.16465
Epoch 132/150
 - 639s - loss: 0.0902 - weighted_dice_loss: 0.0902 - val_loss: 0.2882 - val_weighted_dice_loss: 0.2882

Epoch 00132: val_weighted_dice_loss did not improve from 0.16465
Epoch 133/150
 - 642s - loss: 0.0898 - weighted_dice_loss: 0.0898 - val_loss: 0.3721 - val_weighted_dice_loss: 0.3721

Epoch 00133: val_weighted_dice_loss did not improve from 0.16465
Epoch 134/150
 - 642s - loss: 0.0895 - weighted_dice_loss: 0.0895 - val_loss: 0.1669 - val_weighted_dice_loss: 0.1669

Epoch 00134: val_weighted_dice_loss did not improve from 0.16465
Epoch 135/150
 - 642s - loss: 0.0891 - weighted_dice_loss: 0.0891 - val_loss: 0.1671 - val_weighted_dice_loss: 0.1671

Epoch 00135: val_weighted_dice_loss did not improve from 0.16465
Epoch 136/150
 - 641s - loss: 0.0886 - weighted_dice_loss: 0.0886 - val_loss: 0.1662 - val_weighted_dice_loss: 0.1662

Epoch 00136: val_weighted_dice_loss did not improve from 0.16465
Epoch 137/150
 - 643s - loss: 0.0882 - weighted_dice_loss: 0.0882 - val_loss: 0.1636 - val_weighted_dice_loss: 0.1636

Epoch 00137: val_weighted_dice_loss improved from 0.16465 to 0.16360, saving model to ./Unet-weights/7_classes_5208_reals_4792_GANs.h5
Epoch 138/150
 - 642s - loss: 0.0879 - weighted_dice_loss: 0.0879 - val_loss: 0.1652 - val_weighted_dice_loss: 0.1652

Epoch 00138: val_weighted_dice_loss did not improve from 0.16360
Epoch 139/150
 - 639s - loss: 0.0877 - weighted_dice_loss: 0.0877 - val_loss: 0.1635 - val_weighted_dice_loss: 0.1635

Epoch 00139: val_weighted_dice_loss improved from 0.16360 to 0.16349, saving model to ./Unet-weights/7_classes_5208_reals_4792_GANs.h5
Epoch 140/150
 - 644s - loss: 0.0873 - weighted_dice_loss: 0.0873 - val_loss: 0.1687 - val_weighted_dice_loss: 0.1687

Epoch 00140: val_weighted_dice_loss did not improve from 0.16349
Epoch 141/150
 - 643s - loss: 0.0872 - weighted_dice_loss: 0.0872 - val_loss: 0.1761 - val_weighted_dice_loss: 0.1761

Epoch 00141: val_weighted_dice_loss did not improve from 0.16349
Epoch 142/150
 - 641s - loss: 0.0866 - weighted_dice_loss: 0.0866 - val_loss: 0.1644 - val_weighted_dice_loss: 0.1644

Epoch 00142: val_weighted_dice_loss did not improve from 0.16349
Epoch 143/150
 - 641s - loss: 0.0864 - weighted_dice_loss: 0.0864 - val_loss: 0.1660 - val_weighted_dice_loss: 0.1660

Epoch 00143: val_weighted_dice_loss did not improve from 0.16349
Epoch 144/150
 - 641s - loss: 0.0862 - weighted_dice_loss: 0.0862 - val_loss: 0.1662 - val_weighted_dice_loss: 0.1662

Epoch 00144: val_weighted_dice_loss did not improve from 0.16349
Epoch 145/150
 - 644s - loss: 0.0860 - weighted_dice_loss: 0.0860 - val_loss: 0.1692 - val_weighted_dice_loss: 0.1692

Epoch 00145: val_weighted_dice_loss did not improve from 0.16349
Epoch 146/150
 - 641s - loss: 0.0853 - weighted_dice_loss: 0.0853 - val_loss: 0.1748 - val_weighted_dice_loss: 0.1748

Epoch 00146: val_weighted_dice_loss did not improve from 0.16349
Epoch 147/150
 - 639s - loss: 0.0851 - weighted_dice_loss: 0.0851 - val_loss: 0.1700 - val_weighted_dice_loss: 0.1700

Epoch 00147: val_weighted_dice_loss did not improve from 0.16349
Epoch 148/150
 - 640s - loss: 0.0848 - weighted_dice_loss: 0.0848 - val_loss: 0.1711 - val_weighted_dice_loss: 0.1711

Epoch 00148: val_weighted_dice_loss did not improve from 0.16349
Epoch 149/150
 - 639s - loss: 0.0845 - weighted_dice_loss: 0.0845 - val_loss: 0.1735 - val_weighted_dice_loss: 0.1735

Epoch 00149: val_weighted_dice_loss did not improve from 0.16349
Epoch 150/150
 - 638s - loss: 0.0843 - weighted_dice_loss: 0.0843 - val_loss: 0.1778 - val_weighted_dice_loss: 0.1778

Epoch 00150: val_weighted_dice_loss did not improve from 0.16349
Finished training.
