nohup: ignoring input
2020-05-31 22:06:41.972299: I tensorflow/core/platform/cpu_feature_guard.cc:142] Your CPU supports instructions that this TensorFlow binary was not compiled to use: SSE4.1 SSE4.2 AVX AVX2 FMA
2020-05-31 22:06:41.976587: I tensorflow/core/platform/profile_utils/cpu_utils.cc:94] CPU Frequency: 3696000000 Hz
2020-05-31 22:06:41.977149: I tensorflow/compiler/xla/service/service.cc:168] XLA service 0x5644d2bff710 executing computations on platform Host. Devices:
2020-05-31 22:06:41.977168: I tensorflow/compiler/xla/service/service.cc:175]   StreamExecutor device (0): <undefined>, <undefined>
2020-05-31 22:06:41.977833: I tensorflow/stream_executor/platform/default/dso_loader.cc:42] Successfully opened dynamic library libcuda.so.1
2020-05-31 22:06:42.133447: I tensorflow/stream_executor/cuda/cuda_gpu_executor.cc:1005] successful NUMA node read from SysFS had negative value (-1), but there must be at least one NUMA node, so returning NUMA node zero
2020-05-31 22:06:42.133814: I tensorflow/core/common_runtime/gpu/gpu_device.cc:1640] Found device 0 with properties: 
name: GeForce RTX 2080 Ti major: 7 minor: 5 memoryClockRate(GHz): 1.65
pciBusID: 0000:02:00.0
2020-05-31 22:06:42.133857: I tensorflow/stream_executor/cuda/cuda_gpu_executor.cc:1005] successful NUMA node read from SysFS had negative value (-1), but there must be at least one NUMA node, so returning NUMA node zero
2020-05-31 22:06:42.134129: I tensorflow/core/common_runtime/gpu/gpu_device.cc:1640] Found device 1 with properties: 
name: GeForce GTX 1070 Ti major: 6 minor: 1 memoryClockRate(GHz): 1.683
pciBusID: 0000:01:00.0
2020-05-31 22:06:42.135621: I tensorflow/stream_executor/platform/default/dso_loader.cc:42] Successfully opened dynamic library libcudart.so.10.1
2020-05-31 22:06:42.139547: I tensorflow/stream_executor/platform/default/dso_loader.cc:42] Successfully opened dynamic library libcublas.so.10
2020-05-31 22:06:42.142214: I tensorflow/stream_executor/platform/default/dso_loader.cc:42] Successfully opened dynamic library libcufft.so.10
2020-05-31 22:06:42.143853: I tensorflow/stream_executor/platform/default/dso_loader.cc:42] Successfully opened dynamic library libcurand.so.10
2020-05-31 22:06:42.146394: I tensorflow/stream_executor/platform/default/dso_loader.cc:42] Successfully opened dynamic library libcusolver.so.10
2020-05-31 22:06:42.148298: I tensorflow/stream_executor/platform/default/dso_loader.cc:42] Successfully opened dynamic library libcusparse.so.10
2020-05-31 22:06:42.151728: I tensorflow/stream_executor/platform/default/dso_loader.cc:42] Successfully opened dynamic library libcudnn.so.7
2020-05-31 22:06:42.151801: I tensorflow/stream_executor/cuda/cuda_gpu_executor.cc:1005] successful NUMA node read from SysFS had negative value (-1), but there must be at least one NUMA node, so returning NUMA node zero
2020-05-31 22:06:42.152174: I tensorflow/stream_executor/cuda/cuda_gpu_executor.cc:1005] successful NUMA node read from SysFS had negative value (-1), but there must be at least one NUMA node, so returning NUMA node zero
2020-05-31 22:06:42.152471: I tensorflow/stream_executor/cuda/cuda_gpu_executor.cc:1005] successful NUMA node read from SysFS had negative value (-1), but there must be at least one NUMA node, so returning NUMA node zero
2020-05-31 22:06:42.152808: I tensorflow/stream_executor/cuda/cuda_gpu_executor.cc:1005] successful NUMA node read from SysFS had negative value (-1), but there must be at least one NUMA node, so returning NUMA node zero
2020-05-31 22:06:42.153081: I tensorflow/core/common_runtime/gpu/gpu_device.cc:1763] Adding visible gpu devices: 0, 1
2020-05-31 22:06:42.153100: I tensorflow/stream_executor/platform/default/dso_loader.cc:42] Successfully opened dynamic library libcudart.so.10.1
2020-05-31 22:06:42.153948: I tensorflow/core/common_runtime/gpu/gpu_device.cc:1181] Device interconnect StreamExecutor with strength 1 edge matrix:
2020-05-31 22:06:42.153958: I tensorflow/core/common_runtime/gpu/gpu_device.cc:1187]      0 1 
2020-05-31 22:06:42.153964: I tensorflow/core/common_runtime/gpu/gpu_device.cc:1200] 0:   N N 
2020-05-31 22:06:42.153974: I tensorflow/core/common_runtime/gpu/gpu_device.cc:1200] 1:   N N 
2020-05-31 22:06:42.154046: I tensorflow/stream_executor/cuda/cuda_gpu_executor.cc:1005] successful NUMA node read from SysFS had negative value (-1), but there must be at least one NUMA node, so returning NUMA node zero
2020-05-31 22:06:42.154386: I tensorflow/stream_executor/cuda/cuda_gpu_executor.cc:1005] successful NUMA node read from SysFS had negative value (-1), but there must be at least one NUMA node, so returning NUMA node zero
2020-05-31 22:06:42.154682: I tensorflow/stream_executor/cuda/cuda_gpu_executor.cc:1005] successful NUMA node read from SysFS had negative value (-1), but there must be at least one NUMA node, so returning NUMA node zero
2020-05-31 22:06:42.155018: I tensorflow/stream_executor/cuda/cuda_gpu_executor.cc:1005] successful NUMA node read from SysFS had negative value (-1), but there must be at least one NUMA node, so returning NUMA node zero
2020-05-31 22:06:42.155345: I tensorflow/core/common_runtime/gpu/gpu_device.cc:1326] Created TensorFlow device (/job:localhost/replica:0/task:0/device:GPU:0 with 10311 MB memory) -> physical GPU (device: 0, name: GeForce RTX 2080 Ti, pci bus id: 0000:02:00.0, compute capability: 7.5)
2020-05-31 22:06:42.155551: I tensorflow/stream_executor/cuda/cuda_gpu_executor.cc:1005] successful NUMA node read from SysFS had negative value (-1), but there must be at least one NUMA node, so returning NUMA node zero
2020-05-31 22:06:42.155854: I tensorflow/stream_executor/cuda/cuda_gpu_executor.cc:1005] successful NUMA node read from SysFS had negative value (-1), but there must be at least one NUMA node, so returning NUMA node zero
2020-05-31 22:06:42.156130: I tensorflow/core/common_runtime/gpu/gpu_device.cc:1326] Created TensorFlow device (/job:localhost/replica:0/task:0/device:GPU:1 with 7507 MB memory) -> physical GPU (device: 1, name: GeForce GTX 1070 Ti, pci bus id: 0000:01:00.0, compute capability: 6.1)
2020-05-31 22:06:42.157410: I tensorflow/compiler/xla/service/service.cc:168] XLA service 0x5644d3f421a0 executing computations on platform CUDA. Devices:
2020-05-31 22:06:42.157421: I tensorflow/compiler/xla/service/service.cc:175]   StreamExecutor device (0): GeForce RTX 2080 Ti, Compute Capability 7.5
2020-05-31 22:06:42.157426: I tensorflow/compiler/xla/service/service.cc:175]   StreamExecutor device (1): GeForce GTX 1070 Ti, Compute Capability 6.1
/home/mehfo331/.conda/envs/thesis/lib/python3.6/site-packages/tensorflow/python/framework/dtypes.py:516: FutureWarning: Passing (type, 1) or '1type' as a synonym of type is deprecated; in a future version of numpy, it will be understood as (type, (1,)) / '(1,)type'.
  _np_qint8 = np.dtype([("qint8", np.int8, 1)])
/home/mehfo331/.conda/envs/thesis/lib/python3.6/site-packages/tensorflow/python/framework/dtypes.py:517: FutureWarning: Passing (type, 1) or '1type' as a synonym of type is deprecated; in a future version of numpy, it will be understood as (type, (1,)) / '(1,)type'.
  _np_quint8 = np.dtype([("quint8", np.uint8, 1)])
/home/mehfo331/.conda/envs/thesis/lib/python3.6/site-packages/tensorflow/python/framework/dtypes.py:518: FutureWarning: Passing (type, 1) or '1type' as a synonym of type is deprecated; in a future version of numpy, it will be understood as (type, (1,)) / '(1,)type'.
  _np_qint16 = np.dtype([("qint16", np.int16, 1)])
/home/mehfo331/.conda/envs/thesis/lib/python3.6/site-packages/tensorflow/python/framework/dtypes.py:519: FutureWarning: Passing (type, 1) or '1type' as a synonym of type is deprecated; in a future version of numpy, it will be understood as (type, (1,)) / '(1,)type'.
  _np_quint16 = np.dtype([("quint16", np.uint16, 1)])
/home/mehfo331/.conda/envs/thesis/lib/python3.6/site-packages/tensorflow/python/framework/dtypes.py:520: FutureWarning: Passing (type, 1) or '1type' as a synonym of type is deprecated; in a future version of numpy, it will be understood as (type, (1,)) / '(1,)type'.
  _np_qint32 = np.dtype([("qint32", np.int32, 1)])
/home/mehfo331/.conda/envs/thesis/lib/python3.6/site-packages/tensorflow/python/framework/dtypes.py:525: FutureWarning: Passing (type, 1) or '1type' as a synonym of type is deprecated; in a future version of numpy, it will be understood as (type, (1,)) / '(1,)type'.
  np_resource = np.dtype([("resource", np.ubyte, 1)])
/home/mehfo331/.conda/envs/thesis/lib/python3.6/site-packages/tensorboard/compat/tensorflow_stub/dtypes.py:541: FutureWarning: Passing (type, 1) or '1type' as a synonym of type is deprecated; in a future version of numpy, it will be understood as (type, (1,)) / '(1,)type'.
  _np_qint8 = np.dtype([("qint8", np.int8, 1)])
/home/mehfo331/.conda/envs/thesis/lib/python3.6/site-packages/tensorboard/compat/tensorflow_stub/dtypes.py:542: FutureWarning: Passing (type, 1) or '1type' as a synonym of type is deprecated; in a future version of numpy, it will be understood as (type, (1,)) / '(1,)type'.
  _np_quint8 = np.dtype([("quint8", np.uint8, 1)])
/home/mehfo331/.conda/envs/thesis/lib/python3.6/site-packages/tensorboard/compat/tensorflow_stub/dtypes.py:543: FutureWarning: Passing (type, 1) or '1type' as a synonym of type is deprecated; in a future version of numpy, it will be understood as (type, (1,)) / '(1,)type'.
  _np_qint16 = np.dtype([("qint16", np.int16, 1)])
/home/mehfo331/.conda/envs/thesis/lib/python3.6/site-packages/tensorboard/compat/tensorflow_stub/dtypes.py:544: FutureWarning: Passing (type, 1) or '1type' as a synonym of type is deprecated; in a future version of numpy, it will be understood as (type, (1,)) / '(1,)type'.
  _np_quint16 = np.dtype([("quint16", np.uint16, 1)])
/home/mehfo331/.conda/envs/thesis/lib/python3.6/site-packages/tensorboard/compat/tensorflow_stub/dtypes.py:545: FutureWarning: Passing (type, 1) or '1type' as a synonym of type is deprecated; in a future version of numpy, it will be understood as (type, (1,)) / '(1,)type'.
  _np_qint32 = np.dtype([("qint32", np.int32, 1)])
/home/mehfo331/.conda/envs/thesis/lib/python3.6/site-packages/tensorboard/compat/tensorflow_stub/dtypes.py:550: FutureWarning: Passing (type, 1) or '1type' as a synonym of type is deprecated; in a future version of numpy, it will be understood as (type, (1,)) / '(1,)type'.
  np_resource = np.dtype([("resource", np.ubyte, 1)])
Using TensorFlow backend.
WARNING:tensorflow:From segmentation.py:20: The name tf.keras.backend.set_session is deprecated. Please use tf.compat.v1.keras.backend.set_session instead.

WARNING:tensorflow:From segmentation.py:33: The name tf.ConfigProto is deprecated. Please use tf.compat.v1.ConfigProto instead.

WARNING:tensorflow:From segmentation.py:35: The name tf.Session is deprecated. Please use tf.compat.v1.Session instead.

2020-05-31 22:06:42.158249: I tensorflow/stream_executor/cuda/cuda_gpu_executor.cc:1005] successful NUMA node read from SysFS had negative value (-1), but there must be at least one NUMA node, so returning NUMA node zero
2020-05-31 22:06:42.158571: I tensorflow/core/common_runtime/gpu/gpu_device.cc:1640] Found device 0 with properties: 
name: GeForce RTX 2080 Ti major: 7 minor: 5 memoryClockRate(GHz): 1.65
pciBusID: 0000:02:00.0
2020-05-31 22:06:42.158604: I tensorflow/stream_executor/cuda/cuda_gpu_executor.cc:1005] successful NUMA node read from SysFS had negative value (-1), but there must be at least one NUMA node, so returning NUMA node zero
2020-05-31 22:06:42.158877: I tensorflow/core/common_runtime/gpu/gpu_device.cc:1640] Found device 1 with properties: 
name: GeForce GTX 1070 Ti major: 6 minor: 1 memoryClockRate(GHz): 1.683
pciBusID: 0000:01:00.0
2020-05-31 22:06:42.158893: I tensorflow/stream_executor/platform/default/dso_loader.cc:42] Successfully opened dynamic library libcudart.so.10.1
2020-05-31 22:06:42.158902: I tensorflow/stream_executor/platform/default/dso_loader.cc:42] Successfully opened dynamic library libcublas.so.10
2020-05-31 22:06:42.158910: I tensorflow/stream_executor/platform/default/dso_loader.cc:42] Successfully opened dynamic library libcufft.so.10
2020-05-31 22:06:42.158917: I tensorflow/stream_executor/platform/default/dso_loader.cc:42] Successfully opened dynamic library libcurand.so.10
2020-05-31 22:06:42.158927: I tensorflow/stream_executor/platform/default/dso_loader.cc:42] Successfully opened dynamic library libcusolver.so.10
2020-05-31 22:06:42.158935: I tensorflow/stream_executor/platform/default/dso_loader.cc:42] Successfully opened dynamic library libcusparse.so.10
2020-05-31 22:06:42.158943: I tensorflow/stream_executor/platform/default/dso_loader.cc:42] Successfully opened dynamic library libcudnn.so.7
2020-05-31 22:06:42.158971: I tensorflow/stream_executor/cuda/cuda_gpu_executor.cc:1005] successful NUMA node read from SysFS had negative value (-1), but there must be at least one NUMA node, so returning NUMA node zero
2020-05-31 22:06:42.159302: I tensorflow/stream_executor/cuda/cuda_gpu_executor.cc:1005] successful NUMA node read from SysFS had negative value (-1), but there must be at least one NUMA node, so returning NUMA node zero
2020-05-31 22:06:42.159591: I tensorflow/stream_executor/cuda/cuda_gpu_executor.cc:1005] successful NUMA node read from SysFS had negative value (-1), but there must be at least one NUMA node, so returning NUMA node zero
2020-05-31 22:06:42.159926: I tensorflow/stream_executor/cuda/cuda_gpu_executor.cc:1005] successful NUMA node read from SysFS had negative value (-1), but there must be at least one NUMA node, so returning NUMA node zero
2020-05-31 22:06:42.160195: I tensorflow/core/common_runtime/gpu/gpu_device.cc:1763] Adding visible gpu devices: 0, 1
2020-05-31 22:06:42.160210: I tensorflow/core/common_runtime/gpu/gpu_device.cc:1181] Device interconnect StreamExecutor with strength 1 edge matrix:
2020-05-31 22:06:42.160216: I tensorflow/core/common_runtime/gpu/gpu_device.cc:1187]      0 1 
2020-05-31 22:06:42.160220: I tensorflow/core/common_runtime/gpu/gpu_device.cc:1200] 0:   N N 
2020-05-31 22:06:42.160223: I tensorflow/core/common_runtime/gpu/gpu_device.cc:1200] 1:   N N 
2020-05-31 22:06:42.160275: I tensorflow/stream_executor/cuda/cuda_gpu_executor.cc:1005] successful NUMA node read from SysFS had negative value (-1), but there must be at least one NUMA node, so returning NUMA node zero
2020-05-31 22:06:42.160611: I tensorflow/stream_executor/cuda/cuda_gpu_executor.cc:1005] successful NUMA node read from SysFS had negative value (-1), but there must be at least one NUMA node, so returning NUMA node zero
2020-05-31 22:06:42.160904: I tensorflow/stream_executor/cuda/cuda_gpu_executor.cc:1005] successful NUMA node read from SysFS had negative value (-1), but there must be at least one NUMA node, so returning NUMA node zero
2020-05-31 22:06:42.161219: I tensorflow/core/common_runtime/gpu/gpu_device.cc:1326] Created TensorFlow device (/job:localhost/replica:0/task:0/device:GPU:0 with 10311 MB memory) -> physical GPU (device: 0, name: GeForce RTX 2080 Ti, pci bus id: 0000:02:00.0, compute capability: 7.5)
2020-05-31 22:06:42.161252: I tensorflow/stream_executor/cuda/cuda_gpu_executor.cc:1005] successful NUMA node read from SysFS had negative value (-1), but there must be at least one NUMA node, so returning NUMA node zero
2020-05-31 22:06:42.161524: I tensorflow/core/common_runtime/gpu/gpu_device.cc:1326] Created TensorFlow device (/job:localhost/replica:0/task:0/device:GPU:1 with 7507 MB memory) -> physical GPU (device: 1, name: GeForce GTX 1070 Ti, pci bus id: 0000:01:00.0, compute capability: 6.1)
WARNING:tensorflow:From /home/mehfo331/.conda/envs/thesis/lib/python3.6/site-packages/keras/backend/tensorflow_backend.py:74: The name tf.get_default_graph is deprecated. Please use tf.compat.v1.get_default_graph instead.

WARNING:tensorflow:From /home/mehfo331/.conda/envs/thesis/lib/python3.6/site-packages/keras/backend/tensorflow_backend.py:517: The name tf.placeholder is deprecated. Please use tf.compat.v1.placeholder instead.

WARNING:tensorflow:From /home/mehfo331/.conda/envs/thesis/lib/python3.6/site-packages/keras/backend/tensorflow_backend.py:4185: The name tf.truncated_normal is deprecated. Please use tf.random.truncated_normal instead.

WARNING:tensorflow:From /home/mehfo331/.conda/envs/thesis/lib/python3.6/site-packages/keras/backend/tensorflow_backend.py:1834: The name tf.nn.fused_batch_norm is deprecated. Please use tf.compat.v1.nn.fused_batch_norm instead.

WARNING:tensorflow:From /home/mehfo331/.conda/envs/thesis/lib/python3.6/site-packages/keras/backend/tensorflow_backend.py:3976: The name tf.nn.max_pool is deprecated. Please use tf.nn.max_pool2d instead.

WARNING:tensorflow:From /home/mehfo331/.conda/envs/thesis/lib/python3.6/site-packages/keras/optimizers.py:790: The name tf.train.Optimizer is deprecated. Please use tf.compat.v1.train.Optimizer instead.

2020-05-31 22:08:57.337603: I tensorflow/stream_executor/platform/default/dso_loader.cc:42] Successfully opened dynamic library libcudnn.so.7

Reading data...
Finished reading data.

Reading data...
Finished reading data.

Training 7 classes with 35953 images (26040 real and 9913 GAN images):

Epoch 1/150
 - 1163s - loss: 0.4090 - dice_acc: 0.5910 - val_loss: 0.3113 - val_dice_acc: 0.6887
Epoch 2/150
 - 1122s - loss: 0.2455 - dice_acc: 0.7545 - val_loss: 0.2639 - val_dice_acc: 0.7361
Epoch 3/150
 - 1122s - loss: 0.2254 - dice_acc: 0.7746 - val_loss: 0.2459 - val_dice_acc: 0.7541
Epoch 4/150
 - 1122s - loss: 0.2148 - dice_acc: 0.7852 - val_loss: 0.2309 - val_dice_acc: 0.7691
Epoch 5/150
 - 1122s - loss: 0.2050 - dice_acc: 0.7950 - val_loss: 0.2187 - val_dice_acc: 0.7813
Epoch 6/150
 - 1122s - loss: 0.1967 - dice_acc: 0.8033 - val_loss: 0.2004 - val_dice_acc: 0.7996
Epoch 7/150
 - 1123s - loss: 0.1899 - dice_acc: 0.8101 - val_loss: 0.2063 - val_dice_acc: 0.7937
Epoch 8/150
 - 1124s - loss: 0.1832 - dice_acc: 0.8168 - val_loss: 0.1938 - val_dice_acc: 0.8062
Epoch 9/150
 - 1122s - loss: 0.1773 - dice_acc: 0.8227 - val_loss: 0.2052 - val_dice_acc: 0.7948
Epoch 10/150
 - 1122s - loss: 0.1711 - dice_acc: 0.8289 - val_loss: 0.1880 - val_dice_acc: 0.8120
Epoch 11/150
 - 1122s - loss: 0.1662 - dice_acc: 0.8338 - val_loss: 0.1883 - val_dice_acc: 0.8117
Epoch 12/150
 - 1123s - loss: 0.1617 - dice_acc: 0.8383 - val_loss: 0.1704 - val_dice_acc: 0.8296
Epoch 13/150
 - 1123s - loss: 0.1565 - dice_acc: 0.8435 - val_loss: 0.1771 - val_dice_acc: 0.8229
Epoch 14/150
 - 1123s - loss: 0.1533 - dice_acc: 0.8467 - val_loss: 0.1688 - val_dice_acc: 0.8312
Epoch 15/150
 - 1123s - loss: 0.1492 - dice_acc: 0.8508 - val_loss: 0.1783 - val_dice_acc: 0.8217
Epoch 16/150
 - 1123s - loss: 0.1458 - dice_acc: 0.8542 - val_loss: 0.1632 - val_dice_acc: 0.8368
Epoch 17/150
 - 1123s - loss: 0.1423 - dice_acc: 0.8577 - val_loss: 0.1615 - val_dice_acc: 0.8385
Epoch 18/150
 - 1122s - loss: 0.1400 - dice_acc: 0.8600 - val_loss: 0.1617 - val_dice_acc: 0.8383
Epoch 19/150
 - 1122s - loss: 0.1379 - dice_acc: 0.8621 - val_loss: 0.7425 - val_dice_acc: 0.2575
Epoch 20/150
 - 1123s - loss: 0.1350 - dice_acc: 0.8650 - val_loss: 0.1508 - val_dice_acc: 0.8492
Epoch 21/150
 - 1122s - loss: 0.1327 - dice_acc: 0.8673 - val_loss: 0.1515 - val_dice_acc: 0.8485
Epoch 22/150
 - 1122s - loss: 0.1308 - dice_acc: 0.8692 - val_loss: 0.1716 - val_dice_acc: 0.8284
Epoch 23/150
 - 1122s - loss: 0.1289 - dice_acc: 0.8711 - val_loss: 0.1581 - val_dice_acc: 0.8419
Epoch 24/150
 - 1122s - loss: 0.1268 - dice_acc: 0.8732 - val_loss: 0.1687 - val_dice_acc: 0.8313
Epoch 25/150
 - 1122s - loss: 0.1252 - dice_acc: 0.8748 - val_loss: 0.1512 - val_dice_acc: 0.8488
Epoch 26/150
 - 1123s - loss: 0.1236 - dice_acc: 0.8764 - val_loss: 0.1387 - val_dice_acc: 0.8613
Epoch 27/150
 - 1123s - loss: 0.1220 - dice_acc: 0.8780 - val_loss: 0.1402 - val_dice_acc: 0.8598
Epoch 28/150
 - 1123s - loss: 0.1207 - dice_acc: 0.8793 - val_loss: 0.1407 - val_dice_acc: 0.8593
Epoch 29/150
 - 1123s - loss: 0.1192 - dice_acc: 0.8808 - val_loss: 0.1414 - val_dice_acc: 0.8586
Epoch 30/150
 - 1123s - loss: 0.1178 - dice_acc: 0.8822 - val_loss: 0.1389 - val_dice_acc: 0.8611
Epoch 31/150
 - 1122s - loss: 0.1169 - dice_acc: 0.8831 - val_loss: 0.1571 - val_dice_acc: 0.8429
Epoch 32/150
 - 1122s - loss: 0.1155 - dice_acc: 0.8845 - val_loss: 0.1426 - val_dice_acc: 0.8574
Epoch 33/150
 - 1123s - loss: 0.1144 - dice_acc: 0.8856 - val_loss: 0.1392 - val_dice_acc: 0.8608
Epoch 34/150
 - 1123s - loss: 0.1134 - dice_acc: 0.8866 - val_loss: 0.1489 - val_dice_acc: 0.8511
Epoch 35/150
 - 1123s - loss: 0.1122 - dice_acc: 0.8878 - val_loss: 0.1349 - val_dice_acc: 0.8651
Epoch 36/150
 - 1122s - loss: 0.1113 - dice_acc: 0.8887 - val_loss: 0.1348 - val_dice_acc: 0.8652
Epoch 37/150
 - 1122s - loss: 0.1103 - dice_acc: 0.8897 - val_loss: 0.2644 - val_dice_acc: 0.7356
Epoch 38/150
 - 1123s - loss: 0.1093 - dice_acc: 0.8907 - val_loss: 0.1415 - val_dice_acc: 0.8585
Epoch 39/150
 - 1122s - loss: 0.1085 - dice_acc: 0.8915 - val_loss: 0.1272 - val_dice_acc: 0.8728
Epoch 40/150
 - 1122s - loss: 0.1076 - dice_acc: 0.8924 - val_loss: 0.1365 - val_dice_acc: 0.8635
