2020-05-27 22:19:18.110237: I tensorflow/core/platform/cpu_feature_guard.cc:142] Your CPU supports instructions that this TensorFlow binary was not compiled to use: SSE4.1 SSE4.2 AVX AVX2 FMA
2020-05-27 22:19:18.114311: I tensorflow/core/platform/profile_utils/cpu_utils.cc:94] CPU Frequency: 3696000000 Hz
2020-05-27 22:19:18.114796: I tensorflow/compiler/xla/service/service.cc:168] XLA service 0x5582c08be790 executing computations on platform Host. Devices:
2020-05-27 22:19:18.114831: I tensorflow/compiler/xla/service/service.cc:175]   StreamExecutor device (0): <undefined>, <undefined>
2020-05-27 22:19:18.115551: I tensorflow/stream_executor/platform/default/dso_loader.cc:42] Successfully opened dynamic library libcuda.so.1
2020-05-27 22:19:18.271362: I tensorflow/stream_executor/cuda/cuda_gpu_executor.cc:1005] successful NUMA node read from SysFS had negative value (-1), but there must be at least one NUMA node, so returning NUMA node zero
2020-05-27 22:19:18.271743: I tensorflow/core/common_runtime/gpu/gpu_device.cc:1640] Found device 0 with properties: 
name: GeForce RTX 2080 Ti major: 7 minor: 5 memoryClockRate(GHz): 1.65
pciBusID: 0000:02:00.0
2020-05-27 22:19:18.271793: I tensorflow/stream_executor/cuda/cuda_gpu_executor.cc:1005] successful NUMA node read from SysFS had negative value (-1), but there must be at least one NUMA node, so returning NUMA node zero
2020-05-27 22:19:18.272087: I tensorflow/core/common_runtime/gpu/gpu_device.cc:1640] Found device 1 with properties: 
name: GeForce GTX 1070 Ti major: 6 minor: 1 memoryClockRate(GHz): 1.683
pciBusID: 0000:01:00.0
2020-05-27 22:19:18.273858: I tensorflow/stream_executor/platform/default/dso_loader.cc:42] Successfully opened dynamic library libcudart.so.10.1
2020-05-27 22:19:18.277800: I tensorflow/stream_executor/platform/default/dso_loader.cc:42] Successfully opened dynamic library libcublas.so.10
2020-05-27 22:19:18.280333: I tensorflow/stream_executor/platform/default/dso_loader.cc:42] Successfully opened dynamic library libcufft.so.10
2020-05-27 22:19:18.281986: I tensorflow/stream_executor/platform/default/dso_loader.cc:42] Successfully opened dynamic library libcurand.so.10
2020-05-27 22:19:18.284407: I tensorflow/stream_executor/platform/default/dso_loader.cc:42] Successfully opened dynamic library libcusolver.so.10
2020-05-27 22:19:18.286164: I tensorflow/stream_executor/platform/default/dso_loader.cc:42] Successfully opened dynamic library libcusparse.so.10
2020-05-27 22:19:18.289790: I tensorflow/stream_executor/platform/default/dso_loader.cc:42] Successfully opened dynamic library libcudnn.so.7
2020-05-27 22:19:18.289881: I tensorflow/stream_executor/cuda/cuda_gpu_executor.cc:1005] successful NUMA node read from SysFS had negative value (-1), but there must be at least one NUMA node, so returning NUMA node zero
2020-05-27 22:19:18.290271: I tensorflow/stream_executor/cuda/cuda_gpu_executor.cc:1005] successful NUMA node read from SysFS had negative value (-1), but there must be at least one NUMA node, so returning NUMA node zero
2020-05-27 22:19:18.290580: I tensorflow/stream_executor/cuda/cuda_gpu_executor.cc:1005] successful NUMA node read from SysFS had negative value (-1), but there must be at least one NUMA node, so returning NUMA node zero
2020-05-27 22:19:18.290930: I tensorflow/stream_executor/cuda/cuda_gpu_executor.cc:1005] successful NUMA node read from SysFS had negative value (-1), but there must be at least one NUMA node, so returning NUMA node zero
2020-05-27 22:19:18.291213: I tensorflow/core/common_runtime/gpu/gpu_device.cc:1763] Adding visible gpu devices: 0, 1
2020-05-27 22:19:18.291235: I tensorflow/stream_executor/platform/default/dso_loader.cc:42] Successfully opened dynamic library libcudart.so.10.1
2020-05-27 22:19:18.292107: I tensorflow/core/common_runtime/gpu/gpu_device.cc:1181] Device interconnect StreamExecutor with strength 1 edge matrix:
2020-05-27 22:19:18.292117: I tensorflow/core/common_runtime/gpu/gpu_device.cc:1187]      0 1 
2020-05-27 22:19:18.292124: I tensorflow/core/common_runtime/gpu/gpu_device.cc:1200] 0:   N N 
2020-05-27 22:19:18.292133: I tensorflow/core/common_runtime/gpu/gpu_device.cc:1200] 1:   N N 
2020-05-27 22:19:18.292209: I tensorflow/stream_executor/cuda/cuda_gpu_executor.cc:1005] successful NUMA node read from SysFS had negative value (-1), but there must be at least one NUMA node, so returning NUMA node zero
2020-05-27 22:19:18.292579: I tensorflow/stream_executor/cuda/cuda_gpu_executor.cc:1005] successful NUMA node read from SysFS had negative value (-1), but there must be at least one NUMA node, so returning NUMA node zero
2020-05-27 22:19:18.292897: I tensorflow/stream_executor/cuda/cuda_gpu_executor.cc:1005] successful NUMA node read from SysFS had negative value (-1), but there must be at least one NUMA node, so returning NUMA node zero
2020-05-27 22:19:18.293249: I tensorflow/stream_executor/cuda/cuda_gpu_executor.cc:1005] successful NUMA node read from SysFS had negative value (-1), but there must be at least one NUMA node, so returning NUMA node zero
2020-05-27 22:19:18.293589: I tensorflow/core/common_runtime/gpu/gpu_device.cc:1326] Created TensorFlow device (/job:localhost/replica:0/task:0/device:GPU:0 with 10311 MB memory) -> physical GPU (device: 0, name: GeForce RTX 2080 Ti, pci bus id: 0000:02:00.0, compute capability: 7.5)
2020-05-27 22:19:18.293952: I tensorflow/stream_executor/cuda/cuda_gpu_executor.cc:1005] successful NUMA node read from SysFS had negative value (-1), but there must be at least one NUMA node, so returning NUMA node zero
2020-05-27 22:19:18.294265: I tensorflow/stream_executor/cuda/cuda_gpu_executor.cc:1005] successful NUMA node read from SysFS had negative value (-1), but there must be at least one NUMA node, so returning NUMA node zero
2020-05-27 22:19:18.294582: I tensorflow/core/common_runtime/gpu/gpu_device.cc:1326] Created TensorFlow device (/job:localhost/replica:0/task:0/device:GPU:1 with 7507 MB memory) -> physical GPU (device: 1, name: GeForce GTX 1070 Ti, pci bus id: 0000:01:00.0, compute capability: 6.1)
2020-05-27 22:19:18.296046: I tensorflow/compiler/xla/service/service.cc:168] XLA service 0x5582c1c01240 executing computations on platform CUDA. Devices:
2020-05-27 22:19:18.296062: I tensorflow/compiler/xla/service/service.cc:175]   StreamExecutor device (0): GeForce RTX 2080 Ti, Compute Capability 7.5
2020-05-27 22:19:18.296066: I tensorflow/compiler/xla/service/service.cc:175]   StreamExecutor device (1): GeForce GTX 1070 Ti, Compute Capability 6.1
/home/mehfo331/.conda/envs/thesis/lib/python3.6/site-packages/tensorflow/python/framework/dtypes.py:516: FutureWarning: Passing (type, 1) or '1type' as a synonym of type is deprecated; in a future version of numpy, it will be understood as (type, (1,)) / '(1,)type'.
  _np_qint8 = np.dtype([("qint8", np.int8, 1)])
/home/mehfo331/.conda/envs/thesis/lib/python3.6/site-packages/tensorflow/python/framework/dtypes.py:517: FutureWarning: Passing (type, 1) or '1type' as a synonym of type is deprecated; in a future version of numpy, it will be understood as (type, (1,)) / '(1,)type'.
  _np_quint8 = np.dtype([("quint8", np.uint8, 1)])
/home/mehfo331/.conda/envs/thesis/lib/python3.6/site-packages/tensorflow/python/framework/dtypes.py:518: FutureWarning: Passing (type, 1) or '1type' as a synonym of type is deprecated; in a future version of numpy, it will be understood as (type, (1,)) / '(1,)type'.
  _np_qint16 = np.dtype([("qint16", np.int16, 1)])
/home/mehfo331/.conda/envs/thesis/lib/python3.6/site-packages/tensorflow/python/framework/dtypes.py:519: FutureWarning: Passing (type, 1) or '1type' as a synonym of type is deprecated; in a future version of numpy, it will be understood as (type, (1,)) / '(1,)type'.
  _np_quint16 = np.dtype([("quint16", np.uint16, 1)])
/home/mehfo331/.conda/envs/thesis/lib/python3.6/site-packages/tensorflow/python/framework/dtypes.py:520: FutureWarning: Passing (type, 1) or '1type' as a synonym of type is deprecated; in a future version of numpy, it will be understood as (type, (1,)) / '(1,)type'.
  _np_qint32 = np.dtype([("qint32", np.int32, 1)])
/home/mehfo331/.conda/envs/thesis/lib/python3.6/site-packages/tensorflow/python/framework/dtypes.py:525: FutureWarning: Passing (type, 1) or '1type' as a synonym of type is deprecated; in a future version of numpy, it will be understood as (type, (1,)) / '(1,)type'.
  np_resource = np.dtype([("resource", np.ubyte, 1)])
/home/mehfo331/.conda/envs/thesis/lib/python3.6/site-packages/tensorboard/compat/tensorflow_stub/dtypes.py:541: FutureWarning: Passing (type, 1) or '1type' as a synonym of type is deprecated; in a future version of numpy, it will be understood as (type, (1,)) / '(1,)type'.
  _np_qint8 = np.dtype([("qint8", np.int8, 1)])
/home/mehfo331/.conda/envs/thesis/lib/python3.6/site-packages/tensorboard/compat/tensorflow_stub/dtypes.py:542: FutureWarning: Passing (type, 1) or '1type' as a synonym of type is deprecated; in a future version of numpy, it will be understood as (type, (1,)) / '(1,)type'.
  _np_quint8 = np.dtype([("quint8", np.uint8, 1)])
/home/mehfo331/.conda/envs/thesis/lib/python3.6/site-packages/tensorboard/compat/tensorflow_stub/dtypes.py:543: FutureWarning: Passing (type, 1) or '1type' as a synonym of type is deprecated; in a future version of numpy, it will be understood as (type, (1,)) / '(1,)type'.
  _np_qint16 = np.dtype([("qint16", np.int16, 1)])
/home/mehfo331/.conda/envs/thesis/lib/python3.6/site-packages/tensorboard/compat/tensorflow_stub/dtypes.py:544: FutureWarning: Passing (type, 1) or '1type' as a synonym of type is deprecated; in a future version of numpy, it will be understood as (type, (1,)) / '(1,)type'.
  _np_quint16 = np.dtype([("quint16", np.uint16, 1)])
/home/mehfo331/.conda/envs/thesis/lib/python3.6/site-packages/tensorboard/compat/tensorflow_stub/dtypes.py:545: FutureWarning: Passing (type, 1) or '1type' as a synonym of type is deprecated; in a future version of numpy, it will be understood as (type, (1,)) / '(1,)type'.
  _np_qint32 = np.dtype([("qint32", np.int32, 1)])
/home/mehfo331/.conda/envs/thesis/lib/python3.6/site-packages/tensorboard/compat/tensorflow_stub/dtypes.py:550: FutureWarning: Passing (type, 1) or '1type' as a synonym of type is deprecated; in a future version of numpy, it will be understood as (type, (1,)) / '(1,)type'.
  np_resource = np.dtype([("resource", np.ubyte, 1)])
Using TensorFlow backend.
WARNING:tensorflow:From segmentation.py:20: The name tf.keras.backend.set_session is deprecated. Please use tf.compat.v1.keras.backend.set_session instead.

WARNING:tensorflow:From segmentation.py:33: The name tf.ConfigProto is deprecated. Please use tf.compat.v1.ConfigProto instead.

WARNING:tensorflow:From segmentation.py:35: The name tf.Session is deprecated. Please use tf.compat.v1.Session instead.

2020-05-27 22:19:18.296905: I tensorflow/stream_executor/cuda/cuda_gpu_executor.cc:1005] successful NUMA node read from SysFS had negative value (-1), but there must be at least one NUMA node, so returning NUMA node zero
2020-05-27 22:19:18.297244: I tensorflow/core/common_runtime/gpu/gpu_device.cc:1640] Found device 0 with properties: 
name: GeForce RTX 2080 Ti major: 7 minor: 5 memoryClockRate(GHz): 1.65
pciBusID: 0000:02:00.0
2020-05-27 22:19:18.297279: I tensorflow/stream_executor/cuda/cuda_gpu_executor.cc:1005] successful NUMA node read from SysFS had negative value (-1), but there must be at least one NUMA node, so returning NUMA node zero
2020-05-27 22:19:18.297561: I tensorflow/core/common_runtime/gpu/gpu_device.cc:1640] Found device 1 with properties: 
name: GeForce GTX 1070 Ti major: 6 minor: 1 memoryClockRate(GHz): 1.683
pciBusID: 0000:01:00.0
2020-05-27 22:19:18.297581: I tensorflow/stream_executor/platform/default/dso_loader.cc:42] Successfully opened dynamic library libcudart.so.10.1
2020-05-27 22:19:18.297589: I tensorflow/stream_executor/platform/default/dso_loader.cc:42] Successfully opened dynamic library libcublas.so.10
2020-05-27 22:19:18.297597: I tensorflow/stream_executor/platform/default/dso_loader.cc:42] Successfully opened dynamic library libcufft.so.10
2020-05-27 22:19:18.297611: I tensorflow/stream_executor/platform/default/dso_loader.cc:42] Successfully opened dynamic library libcurand.so.10
2020-05-27 22:19:18.297620: I tensorflow/stream_executor/platform/default/dso_loader.cc:42] Successfully opened dynamic library libcusolver.so.10
2020-05-27 22:19:18.297630: I tensorflow/stream_executor/platform/default/dso_loader.cc:42] Successfully opened dynamic library libcusparse.so.10
2020-05-27 22:19:18.297638: I tensorflow/stream_executor/platform/default/dso_loader.cc:42] Successfully opened dynamic library libcudnn.so.7
2020-05-27 22:19:18.297669: I tensorflow/stream_executor/cuda/cuda_gpu_executor.cc:1005] successful NUMA node read from SysFS had negative value (-1), but there must be at least one NUMA node, so returning NUMA node zero
2020-05-27 22:19:18.298015: I tensorflow/stream_executor/cuda/cuda_gpu_executor.cc:1005] successful NUMA node read from SysFS had negative value (-1), but there must be at least one NUMA node, so returning NUMA node zero
2020-05-27 22:19:18.298317: I tensorflow/stream_executor/cuda/cuda_gpu_executor.cc:1005] successful NUMA node read from SysFS had negative value (-1), but there must be at least one NUMA node, so returning NUMA node zero
2020-05-27 22:19:18.298663: I tensorflow/stream_executor/cuda/cuda_gpu_executor.cc:1005] successful NUMA node read from SysFS had negative value (-1), but there must be at least one NUMA node, so returning NUMA node zero
2020-05-27 22:19:18.298943: I tensorflow/core/common_runtime/gpu/gpu_device.cc:1763] Adding visible gpu devices: 0, 1
2020-05-27 22:19:18.298962: I tensorflow/core/common_runtime/gpu/gpu_device.cc:1181] Device interconnect StreamExecutor with strength 1 edge matrix:
2020-05-27 22:19:18.298967: I tensorflow/core/common_runtime/gpu/gpu_device.cc:1187]      0 1 
2020-05-27 22:19:18.298972: I tensorflow/core/common_runtime/gpu/gpu_device.cc:1200] 0:   N N 
2020-05-27 22:19:18.298975: I tensorflow/core/common_runtime/gpu/gpu_device.cc:1200] 1:   N N 
2020-05-27 22:19:18.299033: I tensorflow/stream_executor/cuda/cuda_gpu_executor.cc:1005] successful NUMA node read from SysFS had negative value (-1), but there must be at least one NUMA node, so returning NUMA node zero
2020-05-27 22:19:18.299380: I tensorflow/stream_executor/cuda/cuda_gpu_executor.cc:1005] successful NUMA node read from SysFS had negative value (-1), but there must be at least one NUMA node, so returning NUMA node zero
2020-05-27 22:19:18.299687: I tensorflow/stream_executor/cuda/cuda_gpu_executor.cc:1005] successful NUMA node read from SysFS had negative value (-1), but there must be at least one NUMA node, so returning NUMA node zero
2020-05-27 22:19:18.300017: I tensorflow/core/common_runtime/gpu/gpu_device.cc:1326] Created TensorFlow device (/job:localhost/replica:0/task:0/device:GPU:0 with 10311 MB memory) -> physical GPU (device: 0, name: GeForce RTX 2080 Ti, pci bus id: 0000:02:00.0, compute capability: 7.5)
2020-05-27 22:19:18.300052: I tensorflow/stream_executor/cuda/cuda_gpu_executor.cc:1005] successful NUMA node read from SysFS had negative value (-1), but there must be at least one NUMA node, so returning NUMA node zero
2020-05-27 22:19:18.300334: I tensorflow/core/common_runtime/gpu/gpu_device.cc:1326] Created TensorFlow device (/job:localhost/replica:0/task:0/device:GPU:1 with 7507 MB memory) -> physical GPU (device: 1, name: GeForce GTX 1070 Ti, pci bus id: 0000:01:00.0, compute capability: 6.1)
WARNING:tensorflow:From /home/mehfo331/.conda/envs/thesis/lib/python3.6/site-packages/keras/backend/tensorflow_backend.py:74: The name tf.get_default_graph is deprecated. Please use tf.compat.v1.get_default_graph instead.

WARNING:tensorflow:From /home/mehfo331/.conda/envs/thesis/lib/python3.6/site-packages/keras/backend/tensorflow_backend.py:517: The name tf.placeholder is deprecated. Please use tf.compat.v1.placeholder instead.

WARNING:tensorflow:From /home/mehfo331/.conda/envs/thesis/lib/python3.6/site-packages/keras/backend/tensorflow_backend.py:4185: The name tf.truncated_normal is deprecated. Please use tf.random.truncated_normal instead.

WARNING:tensorflow:From /home/mehfo331/.conda/envs/thesis/lib/python3.6/site-packages/keras/backend/tensorflow_backend.py:1834: The name tf.nn.fused_batch_norm is deprecated. Please use tf.compat.v1.nn.fused_batch_norm instead.

WARNING:tensorflow:From /home/mehfo331/.conda/envs/thesis/lib/python3.6/site-packages/keras/backend/tensorflow_backend.py:3976: The name tf.nn.max_pool is deprecated. Please use tf.nn.max_pool2d instead.

WARNING:tensorflow:From /home/mehfo331/.conda/envs/thesis/lib/python3.6/site-packages/keras/backend/tensorflow_backend.py:3445: calling dropout (from tensorflow.python.ops.nn_ops) with keep_prob is deprecated and will be removed in a future version.
Instructions for updating:
Please use `rate` instead of `keep_prob`. Rate should be set to `rate = 1 - keep_prob`.
WARNING:tensorflow:From /home/mehfo331/.conda/envs/thesis/lib/python3.6/site-packages/keras/optimizers.py:790: The name tf.train.Optimizer is deprecated. Please use tf.compat.v1.train.Optimizer instead.

2020-05-27 22:20:57.211816: I tensorflow/stream_executor/platform/default/dso_loader.cc:42] Successfully opened dynamic library libcudnn.so.7

Reading data...
Finished reading data.

Reading data...
Finished reading data.

Training 7 classes with 26040 images (26040 real and 0 GAN images):

Epoch 1/150
 - 854s - loss: 0.5395 - weighted_dice_loss: 0.5395 - val_loss: 0.4131 - val_weighted_dice_loss: 0.4131

Epoch 00001: val_weighted_dice_loss improved from inf to 0.41312, saving model to ./Unet-weights/7_classes_26040_reals_0_GANs.h5
Epoch 2/150
 - 819s - loss: 0.4042 - weighted_dice_loss: 0.4042 - val_loss: 0.5741 - val_weighted_dice_loss: 0.5741

Epoch 00002: val_weighted_dice_loss did not improve from 0.41312
Epoch 3/150
 - 819s - loss: 0.3692 - weighted_dice_loss: 0.3692 - val_loss: 0.3904 - val_weighted_dice_loss: 0.3904

Epoch 00003: val_weighted_dice_loss improved from 0.41312 to 0.39037, saving model to ./Unet-weights/7_classes_26040_reals_0_GANs.h5
Epoch 4/150
 - 820s - loss: 0.3531 - weighted_dice_loss: 0.3531 - val_loss: 0.3835 - val_weighted_dice_loss: 0.3835

Epoch 00004: val_weighted_dice_loss improved from 0.39037 to 0.38346, saving model to ./Unet-weights/7_classes_26040_reals_0_GANs.h5
Epoch 5/150
 - 820s - loss: 0.3439 - weighted_dice_loss: 0.3439 - val_loss: 0.3910 - val_weighted_dice_loss: 0.3910

Epoch 00005: val_weighted_dice_loss did not improve from 0.38346
Epoch 6/150
 - 820s - loss: 0.3371 - weighted_dice_loss: 0.3371 - val_loss: 0.6022 - val_weighted_dice_loss: 0.6022

Epoch 00006: val_weighted_dice_loss did not improve from 0.38346
Epoch 7/150
 - 819s - loss: 0.3312 - weighted_dice_loss: 0.3312 - val_loss: 0.3784 - val_weighted_dice_loss: 0.3784

Epoch 00007: val_weighted_dice_loss improved from 0.38346 to 0.37840, saving model to ./Unet-weights/7_classes_26040_reals_0_GANs.h5
Epoch 8/150
 - 820s - loss: 0.3278 - weighted_dice_loss: 0.3278 - val_loss: 0.3370 - val_weighted_dice_loss: 0.3370

Epoch 00008: val_weighted_dice_loss improved from 0.37840 to 0.33703, saving model to ./Unet-weights/7_classes_26040_reals_0_GANs.h5
Epoch 9/150
 - 820s - loss: 0.3231 - weighted_dice_loss: 0.3231 - val_loss: 0.3384 - val_weighted_dice_loss: 0.3384

Epoch 00009: val_weighted_dice_loss did not improve from 0.33703
Epoch 10/150
 - 820s - loss: 0.3204 - weighted_dice_loss: 0.3204 - val_loss: 0.3332 - val_weighted_dice_loss: 0.3332

Epoch 00010: val_weighted_dice_loss improved from 0.33703 to 0.33323, saving model to ./Unet-weights/7_classes_26040_reals_0_GANs.h5
Epoch 11/150
 - 819s - loss: 0.3162 - weighted_dice_loss: 0.3162 - val_loss: 0.3207 - val_weighted_dice_loss: 0.3207

Epoch 00011: val_weighted_dice_loss improved from 0.33323 to 0.32074, saving model to ./Unet-weights/7_classes_26040_reals_0_GANs.h5
Epoch 12/150
 - 819s - loss: 0.3132 - weighted_dice_loss: 0.3132 - val_loss: 0.3273 - val_weighted_dice_loss: 0.3273

Epoch 00012: val_weighted_dice_loss did not improve from 0.32074
Epoch 13/150
 - 819s - loss: 0.3103 - weighted_dice_loss: 0.3103 - val_loss: 0.3691 - val_weighted_dice_loss: 0.3691

Epoch 00013: val_weighted_dice_loss did not improve from 0.32074
Epoch 14/150
 - 819s - loss: 0.3075 - weighted_dice_loss: 0.3075 - val_loss: 0.3148 - val_weighted_dice_loss: 0.3148

Epoch 00014: val_weighted_dice_loss improved from 0.32074 to 0.31476, saving model to ./Unet-weights/7_classes_26040_reals_0_GANs.h5
Epoch 15/150
 - 819s - loss: 0.3058 - weighted_dice_loss: 0.3058 - val_loss: 0.7637 - val_weighted_dice_loss: 0.7637

Epoch 00015: val_weighted_dice_loss did not improve from 0.31476
Epoch 16/150
 - 819s - loss: 0.3036 - weighted_dice_loss: 0.3036 - val_loss: 0.3072 - val_weighted_dice_loss: 0.3072

Epoch 00016: val_weighted_dice_loss improved from 0.31476 to 0.30718, saving model to ./Unet-weights/7_classes_26040_reals_0_GANs.h5
Epoch 17/150
 - 820s - loss: 0.3019 - weighted_dice_loss: 0.3019 - val_loss: 0.3098 - val_weighted_dice_loss: 0.3098

Epoch 00017: val_weighted_dice_loss did not improve from 0.30718
Epoch 18/150
 - 820s - loss: 0.2997 - weighted_dice_loss: 0.2997 - val_loss: 0.3449 - val_weighted_dice_loss: 0.3449

Epoch 00018: val_weighted_dice_loss did not improve from 0.30718
Epoch 19/150
 - 819s - loss: 0.2980 - weighted_dice_loss: 0.2980 - val_loss: 0.3125 - val_weighted_dice_loss: 0.3125

Epoch 00019: val_weighted_dice_loss did not improve from 0.30718
Epoch 20/150
 - 819s - loss: 0.2961 - weighted_dice_loss: 0.2961 - val_loss: 0.3149 - val_weighted_dice_loss: 0.3149

Epoch 00020: val_weighted_dice_loss did not improve from 0.30718
Epoch 21/150
 - 819s - loss: 0.2949 - weighted_dice_loss: 0.2949 - val_loss: 0.3037 - val_weighted_dice_loss: 0.3037

Epoch 00021: val_weighted_dice_loss improved from 0.30718 to 0.30373, saving model to ./Unet-weights/7_classes_26040_reals_0_GANs.h5
Epoch 22/150
 - 819s - loss: 0.2935 - weighted_dice_loss: 0.2935 - val_loss: 0.3016 - val_weighted_dice_loss: 0.3016

Epoch 00022: val_weighted_dice_loss improved from 0.30373 to 0.30158, saving model to ./Unet-weights/7_classes_26040_reals_0_GANs.h5
Epoch 23/150
 - 820s - loss: 0.2918 - weighted_dice_loss: 0.2918 - val_loss: 0.3043 - val_weighted_dice_loss: 0.3043

Epoch 00023: val_weighted_dice_loss did not improve from 0.30158
Epoch 24/150
 - 819s - loss: 0.2904 - weighted_dice_loss: 0.2904 - val_loss: 0.2969 - val_weighted_dice_loss: 0.2969

Epoch 00024: val_weighted_dice_loss improved from 0.30158 to 0.29689, saving model to ./Unet-weights/7_classes_26040_reals_0_GANs.h5
Epoch 25/150
 - 820s - loss: 0.2895 - weighted_dice_loss: 0.2895 - val_loss: 0.2990 - val_weighted_dice_loss: 0.2990

Epoch 00025: val_weighted_dice_loss did not improve from 0.29689
Epoch 26/150
 - 820s - loss: 0.2882 - weighted_dice_loss: 0.2882 - val_loss: 0.2958 - val_weighted_dice_loss: 0.2958

Epoch 00026: val_weighted_dice_loss improved from 0.29689 to 0.29581, saving model to ./Unet-weights/7_classes_26040_reals_0_GANs.h5
Epoch 27/150
 - 819s - loss: 0.2871 - weighted_dice_loss: 0.2871 - val_loss: 0.2940 - val_weighted_dice_loss: 0.2940

Epoch 00027: val_weighted_dice_loss improved from 0.29581 to 0.29401, saving model to ./Unet-weights/7_classes_26040_reals_0_GANs.h5
Epoch 28/150
 - 819s - loss: 0.2860 - weighted_dice_loss: 0.2860 - val_loss: 0.2933 - val_weighted_dice_loss: 0.2933

Epoch 00028: val_weighted_dice_loss improved from 0.29401 to 0.29333, saving model to ./Unet-weights/7_classes_26040_reals_0_GANs.h5
Epoch 29/150
 - 820s - loss: 0.2848 - weighted_dice_loss: 0.2848 - val_loss: 0.3180 - val_weighted_dice_loss: 0.3180

Epoch 00029: val_weighted_dice_loss did not improve from 0.29333
Epoch 30/150
 - 819s - loss: 0.2838 - weighted_dice_loss: 0.2838 - val_loss: 0.3011 - val_weighted_dice_loss: 0.3011

Epoch 00030: val_weighted_dice_loss did not improve from 0.29333
Epoch 31/150
 - 820s - loss: 0.2826 - weighted_dice_loss: 0.2826 - val_loss: 0.2913 - val_weighted_dice_loss: 0.2913

Epoch 00031: val_weighted_dice_loss improved from 0.29333 to 0.29129, saving model to ./Unet-weights/7_classes_26040_reals_0_GANs.h5
Epoch 32/150
 - 819s - loss: 0.2819 - weighted_dice_loss: 0.2819 - val_loss: 0.2992 - val_weighted_dice_loss: 0.2992

Epoch 00032: val_weighted_dice_loss did not improve from 0.29129
Epoch 33/150
 - 819s - loss: 0.2812 - weighted_dice_loss: 0.2812 - val_loss: 0.2967 - val_weighted_dice_loss: 0.2967

Epoch 00033: val_weighted_dice_loss did not improve from 0.29129
Epoch 34/150
 - 819s - loss: 0.2802 - weighted_dice_loss: 0.2802 - val_loss: 0.2923 - val_weighted_dice_loss: 0.2923

Epoch 00034: val_weighted_dice_loss did not improve from 0.29129
Epoch 35/150
 - 819s - loss: 0.2797 - weighted_dice_loss: 0.2797 - val_loss: 0.2937 - val_weighted_dice_loss: 0.2937

Epoch 00035: val_weighted_dice_loss did not improve from 0.29129
Epoch 36/150
 - 819s - loss: 0.2788 - weighted_dice_loss: 0.2788 - val_loss: 0.2924 - val_weighted_dice_loss: 0.2924

Epoch 00036: val_weighted_dice_loss did not improve from 0.29129
Epoch 37/150
 - 820s - loss: 0.2776 - weighted_dice_loss: 0.2776 - val_loss: 0.2916 - val_weighted_dice_loss: 0.2916

Epoch 00037: val_weighted_dice_loss did not improve from 0.29129
Epoch 38/150
 - 820s - loss: 0.2768 - weighted_dice_loss: 0.2768 - val_loss: 0.2988 - val_weighted_dice_loss: 0.2988

Epoch 00038: val_weighted_dice_loss did not improve from 0.29129
Epoch 39/150
 - 819s - loss: 0.2760 - weighted_dice_loss: 0.2760 - val_loss: 0.3677 - val_weighted_dice_loss: 0.3677

Epoch 00039: val_weighted_dice_loss did not improve from 0.29129
Epoch 40/150
 - 819s - loss: 0.2757 - weighted_dice_loss: 0.2757 - val_loss: 0.2949 - val_weighted_dice_loss: 0.2949

Epoch 00040: val_weighted_dice_loss did not improve from 0.29129
Epoch 41/150
 - 819s - loss: 0.2749 - weighted_dice_loss: 0.2749 - val_loss: 0.2943 - val_weighted_dice_loss: 0.2943

Epoch 00041: val_weighted_dice_loss did not improve from 0.29129
Epoch 42/150
 - 819s - loss: 0.2748 - weighted_dice_loss: 0.2748 - val_loss: 0.4912 - val_weighted_dice_loss: 0.4912

Epoch 00042: val_weighted_dice_loss did not improve from 0.29129
Epoch 43/150
 - 819s - loss: 0.2734 - weighted_dice_loss: 0.2734 - val_loss: 0.2856 - val_weighted_dice_loss: 0.2856

Epoch 00043: val_weighted_dice_loss improved from 0.29129 to 0.28559, saving model to ./Unet-weights/7_classes_26040_reals_0_GANs.h5
Epoch 44/150
 - 819s - loss: 0.2723 - weighted_dice_loss: 0.2723 - val_loss: 0.3407 - val_weighted_dice_loss: 0.3407

Epoch 00044: val_weighted_dice_loss did not improve from 0.28559
Epoch 45/150
 - 819s - loss: 0.2725 - weighted_dice_loss: 0.2725 - val_loss: 0.2967 - val_weighted_dice_loss: 0.2967

Epoch 00045: val_weighted_dice_loss did not improve from 0.28559
Epoch 46/150
 - 819s - loss: 0.2722 - weighted_dice_loss: 0.2722 - val_loss: 0.2871 - val_weighted_dice_loss: 0.2871

Epoch 00046: val_weighted_dice_loss did not improve from 0.28559
Epoch 47/150
 - 819s - loss: 0.2712 - weighted_dice_loss: 0.2712 - val_loss: 0.4238 - val_weighted_dice_loss: 0.4238

Epoch 00047: val_weighted_dice_loss did not improve from 0.28559
Epoch 48/150
 - 819s - loss: 0.2708 - weighted_dice_loss: 0.2708 - val_loss: 0.3294 - val_weighted_dice_loss: 0.3294

Epoch 00048: val_weighted_dice_loss did not improve from 0.28559
Epoch 49/150
 - 819s - loss: 0.2699 - weighted_dice_loss: 0.2699 - val_loss: 0.2807 - val_weighted_dice_loss: 0.2807

Epoch 00049: val_weighted_dice_loss improved from 0.28559 to 0.28074, saving model to ./Unet-weights/7_classes_26040_reals_0_GANs.h5
Epoch 50/150
 - 819s - loss: 0.2691 - weighted_dice_loss: 0.2691 - val_loss: 0.2816 - val_weighted_dice_loss: 0.2816

Epoch 00050: val_weighted_dice_loss did not improve from 0.28074
Epoch 51/150
 - 819s - loss: 0.2691 - weighted_dice_loss: 0.2691 - val_loss: 0.2841 - val_weighted_dice_loss: 0.2841

Epoch 00051: val_weighted_dice_loss did not improve from 0.28074
Epoch 52/150
 - 819s - loss: 0.2682 - weighted_dice_loss: 0.2682 - val_loss: 0.2811 - val_weighted_dice_loss: 0.2811

Epoch 00052: val_weighted_dice_loss did not improve from 0.28074
Epoch 53/150
 - 819s - loss: 0.2675 - weighted_dice_loss: 0.2675 - val_loss: 0.5656 - val_weighted_dice_loss: 0.5656

Epoch 00053: val_weighted_dice_loss did not improve from 0.28074
Epoch 54/150
 - 819s - loss: 0.2671 - weighted_dice_loss: 0.2671 - val_loss: 0.2938 - val_weighted_dice_loss: 0.2938

Epoch 00054: val_weighted_dice_loss did not improve from 0.28074
Epoch 55/150
 - 819s - loss: 0.2667 - weighted_dice_loss: 0.2667 - val_loss: 0.2927 - val_weighted_dice_loss: 0.2927

Epoch 00055: val_weighted_dice_loss did not improve from 0.28074
Epoch 56/150
 - 819s - loss: 0.2660 - weighted_dice_loss: 0.2660 - val_loss: 0.2827 - val_weighted_dice_loss: 0.2827

Epoch 00056: val_weighted_dice_loss did not improve from 0.28074
Epoch 57/150
 - 819s - loss: 0.2655 - weighted_dice_loss: 0.2655 - val_loss: 0.4985 - val_weighted_dice_loss: 0.4985

Epoch 00057: val_weighted_dice_loss did not improve from 0.28074
Epoch 58/150
 - 819s - loss: 0.2650 - weighted_dice_loss: 0.2650 - val_loss: 0.2796 - val_weighted_dice_loss: 0.2796

Epoch 00058: val_weighted_dice_loss improved from 0.28074 to 0.27959, saving model to ./Unet-weights/7_classes_26040_reals_0_GANs.h5
Epoch 59/150
 - 819s - loss: 0.2648 - weighted_dice_loss: 0.2648 - val_loss: 0.2809 - val_weighted_dice_loss: 0.2809

Epoch 00059: val_weighted_dice_loss did not improve from 0.27959
Epoch 60/150
 - 819s - loss: 0.2641 - weighted_dice_loss: 0.2641 - val_loss: 0.2928 - val_weighted_dice_loss: 0.2928

Epoch 00060: val_weighted_dice_loss did not improve from 0.27959
Epoch 61/150
 - 819s - loss: 0.2641 - weighted_dice_loss: 0.2641 - val_loss: 0.2983 - val_weighted_dice_loss: 0.2983

Epoch 00061: val_weighted_dice_loss did not improve from 0.27959
Epoch 62/150
 - 820s - loss: 0.2635 - weighted_dice_loss: 0.2635 - val_loss: 0.3283 - val_weighted_dice_loss: 0.3283

Epoch 00062: val_weighted_dice_loss did not improve from 0.27959
Epoch 63/150
 - 819s - loss: 0.2633 - weighted_dice_loss: 0.2633 - val_loss: 0.4188 - val_weighted_dice_loss: 0.4188

Epoch 00063: val_weighted_dice_loss did not improve from 0.27959
Epoch 64/150
 - 819s - loss: 0.2627 - weighted_dice_loss: 0.2627 - val_loss: 0.2800 - val_weighted_dice_loss: 0.2800

Epoch 00064: val_weighted_dice_loss did not improve from 0.27959
Epoch 65/150
 - 820s - loss: 0.2616 - weighted_dice_loss: 0.2616 - val_loss: 0.2788 - val_weighted_dice_loss: 0.2788

Epoch 00065: val_weighted_dice_loss improved from 0.27959 to 0.27876, saving model to ./Unet-weights/7_classes_26040_reals_0_GANs.h5
Epoch 66/150
 - 820s - loss: 0.2617 - weighted_dice_loss: 0.2617 - val_loss: 0.3090 - val_weighted_dice_loss: 0.3090

Epoch 00066: val_weighted_dice_loss did not improve from 0.27876
Epoch 67/150
 - 820s - loss: 0.2616 - weighted_dice_loss: 0.2616 - val_loss: 0.3344 - val_weighted_dice_loss: 0.3344

Epoch 00067: val_weighted_dice_loss did not improve from 0.27876
Epoch 68/150
 - 820s - loss: 0.2605 - weighted_dice_loss: 0.2605 - val_loss: 0.3728 - val_weighted_dice_loss: 0.3728

Epoch 00068: val_weighted_dice_loss did not improve from 0.27876
Epoch 69/150
 - 820s - loss: 0.2610 - weighted_dice_loss: 0.2610 - val_loss: 0.2780 - val_weighted_dice_loss: 0.2780

Epoch 00069: val_weighted_dice_loss improved from 0.27876 to 0.27798, saving model to ./Unet-weights/7_classes_26040_reals_0_GANs.h5
Epoch 70/150
 - 819s - loss: 0.2604 - weighted_dice_loss: 0.2604 - val_loss: 0.3115 - val_weighted_dice_loss: 0.3115

Epoch 00070: val_weighted_dice_loss did not improve from 0.27798
Epoch 71/150
 - 819s - loss: 0.2598 - weighted_dice_loss: 0.2598 - val_loss: 0.6887 - val_weighted_dice_loss: 0.6887

Epoch 00071: val_weighted_dice_loss did not improve from 0.27798
Epoch 72/150
 - 820s - loss: 0.2595 - weighted_dice_loss: 0.2595 - val_loss: 0.9094 - val_weighted_dice_loss: 0.9094

Epoch 00072: val_weighted_dice_loss did not improve from 0.27798
Epoch 73/150
 - 820s - loss: 0.2596 - weighted_dice_loss: 0.2596 - val_loss: 0.2815 - val_weighted_dice_loss: 0.2815

Epoch 00073: val_weighted_dice_loss did not improve from 0.27798
Epoch 74/150
 - 820s - loss: 0.2586 - weighted_dice_loss: 0.2586 - val_loss: 0.2775 - val_weighted_dice_loss: 0.2775

Epoch 00074: val_weighted_dice_loss improved from 0.27798 to 0.27746, saving model to ./Unet-weights/7_classes_26040_reals_0_GANs.h5
Epoch 75/150
 - 819s - loss: 0.2586 - weighted_dice_loss: 0.2586 - val_loss: 0.4521 - val_weighted_dice_loss: 0.4521

Epoch 00075: val_weighted_dice_loss did not improve from 0.27746
Epoch 76/150
 - 820s - loss: 0.2580 - weighted_dice_loss: 0.2580 - val_loss: 0.2767 - val_weighted_dice_loss: 0.2767

Epoch 00076: val_weighted_dice_loss improved from 0.27746 to 0.27665, saving model to ./Unet-weights/7_classes_26040_reals_0_GANs.h5
Epoch 77/150
 - 820s - loss: 0.2579 - weighted_dice_loss: 0.2579 - val_loss: 0.3796 - val_weighted_dice_loss: 0.3796

Epoch 00077: val_weighted_dice_loss did not improve from 0.27665
Epoch 78/150
 - 820s - loss: 0.2577 - weighted_dice_loss: 0.2577 - val_loss: 0.3068 - val_weighted_dice_loss: 0.3068

Epoch 00078: val_weighted_dice_loss did not improve from 0.27665
Epoch 79/150
 - 820s - loss: 0.2573 - weighted_dice_loss: 0.2573 - val_loss: 0.8041 - val_weighted_dice_loss: 0.8041

Epoch 00079: val_weighted_dice_loss did not improve from 0.27665
Epoch 80/150
 - 820s - loss: 0.2567 - weighted_dice_loss: 0.2567 - val_loss: 0.3285 - val_weighted_dice_loss: 0.3285

Epoch 00080: val_weighted_dice_loss did not improve from 0.27665
Epoch 81/150
 - 820s - loss: 0.2562 - weighted_dice_loss: 0.2562 - val_loss: 0.2812 - val_weighted_dice_loss: 0.2812

Epoch 00081: val_weighted_dice_loss did not improve from 0.27665
Epoch 82/150
 - 820s - loss: 0.2563 - weighted_dice_loss: 0.2563 - val_loss: 0.4679 - val_weighted_dice_loss: 0.4679

Epoch 00082: val_weighted_dice_loss did not improve from 0.27665
Epoch 83/150
 - 820s - loss: 0.2557 - weighted_dice_loss: 0.2557 - val_loss: 0.9050 - val_weighted_dice_loss: 0.9050

Epoch 00083: val_weighted_dice_loss did not improve from 0.27665
Epoch 84/150
 - 820s - loss: 0.2560 - weighted_dice_loss: 0.2560 - val_loss: 0.3166 - val_weighted_dice_loss: 0.3166

Epoch 00084: val_weighted_dice_loss did not improve from 0.27665
Epoch 85/150
 - 820s - loss: 0.2553 - weighted_dice_loss: 0.2553 - val_loss: 0.9363 - val_weighted_dice_loss: 0.9363

Epoch 00085: val_weighted_dice_loss did not improve from 0.27665
Epoch 86/150
 - 819s - loss: 0.2550 - weighted_dice_loss: 0.2550 - val_loss: 0.5408 - val_weighted_dice_loss: 0.5408

Epoch 00086: val_weighted_dice_loss did not improve from 0.27665
Epoch 87/150
 - 820s - loss: 0.2544 - weighted_dice_loss: 0.2544 - val_loss: 0.8386 - val_weighted_dice_loss: 0.8386

Epoch 00087: val_weighted_dice_loss did not improve from 0.27665
Epoch 88/150
 - 820s - loss: 0.2545 - weighted_dice_loss: 0.2545 - val_loss: 0.4024 - val_weighted_dice_loss: 0.4024

Epoch 00088: val_weighted_dice_loss did not improve from 0.27665
Epoch 89/150
 - 820s - loss: 0.2541 - weighted_dice_loss: 0.2541 - val_loss: 0.2787 - val_weighted_dice_loss: 0.2787

Epoch 00089: val_weighted_dice_loss did not improve from 0.27665
Epoch 90/150
 - 819s - loss: 0.2538 - weighted_dice_loss: 0.2538 - val_loss: 0.3347 - val_weighted_dice_loss: 0.3347

Epoch 00090: val_weighted_dice_loss did not improve from 0.27665
Epoch 91/150
 - 820s - loss: 0.2534 - weighted_dice_loss: 0.2534 - val_loss: 0.2756 - val_weighted_dice_loss: 0.2756

Epoch 00091: val_weighted_dice_loss improved from 0.27665 to 0.27563, saving model to ./Unet-weights/7_classes_26040_reals_0_GANs.h5
Epoch 92/150
 - 820s - loss: 0.2533 - weighted_dice_loss: 0.2533 - val_loss: 0.3026 - val_weighted_dice_loss: 0.3026

Epoch 00092: val_weighted_dice_loss did not improve from 0.27563
Epoch 93/150
 - 820s - loss: 0.2534 - weighted_dice_loss: 0.2534 - val_loss: 0.2836 - val_weighted_dice_loss: 0.2836

Epoch 00093: val_weighted_dice_loss did not improve from 0.27563
Epoch 94/150
 - 820s - loss: 0.2529 - weighted_dice_loss: 0.2529 - val_loss: 0.4701 - val_weighted_dice_loss: 0.4701

Epoch 00094: val_weighted_dice_loss did not improve from 0.27563
Epoch 95/150
 - 820s - loss: 0.2527 - weighted_dice_loss: 0.2527 - val_loss: 0.6687 - val_weighted_dice_loss: 0.6687

Epoch 00095: val_weighted_dice_loss did not improve from 0.27563
Epoch 96/150
 - 820s - loss: 0.2526 - weighted_dice_loss: 0.2526 - val_loss: 0.8256 - val_weighted_dice_loss: 0.8256

Epoch 00096: val_weighted_dice_loss did not improve from 0.27563
Epoch 97/150
 - 820s - loss: 0.2523 - weighted_dice_loss: 0.2523 - val_loss: 0.5510 - val_weighted_dice_loss: 0.5510

Epoch 00097: val_weighted_dice_loss did not improve from 0.27563
Epoch 98/150
 - 820s - loss: 0.2517 - weighted_dice_loss: 0.2517 - val_loss: 0.7990 - val_weighted_dice_loss: 0.7990

Epoch 00098: val_weighted_dice_loss did not improve from 0.27563
Epoch 99/150
 - 820s - loss: 0.2516 - weighted_dice_loss: 0.2516 - val_loss: 0.4504 - val_weighted_dice_loss: 0.4504

Epoch 00099: val_weighted_dice_loss did not improve from 0.27563
Epoch 100/150
 - 820s - loss: 0.2515 - weighted_dice_loss: 0.2515 - val_loss: 0.4753 - val_weighted_dice_loss: 0.4753

Epoch 00100: val_weighted_dice_loss did not improve from 0.27563
Epoch 101/150
 - 820s - loss: 0.2511 - weighted_dice_loss: 0.2511 - val_loss: 0.7296 - val_weighted_dice_loss: 0.7296

Epoch 00101: val_weighted_dice_loss did not improve from 0.27563
Epoch 102/150
 - 819s - loss: 0.2510 - weighted_dice_loss: 0.2510 - val_loss: 0.8742 - val_weighted_dice_loss: 0.8742

Epoch 00102: val_weighted_dice_loss did not improve from 0.27563
Epoch 103/150
 - 819s - loss: 0.2508 - weighted_dice_loss: 0.2508 - val_loss: 0.2887 - val_weighted_dice_loss: 0.2887

Epoch 00103: val_weighted_dice_loss did not improve from 0.27563
Epoch 104/150
 - 820s - loss: 0.2505 - weighted_dice_loss: 0.2505 - val_loss: 0.6255 - val_weighted_dice_loss: 0.6255

Epoch 00104: val_weighted_dice_loss did not improve from 0.27563
Epoch 105/150
 - 820s - loss: 0.2500 - weighted_dice_loss: 0.2500 - val_loss: 0.4884 - val_weighted_dice_loss: 0.4884

Epoch 00105: val_weighted_dice_loss did not improve from 0.27563
Epoch 106/150
 - 819s - loss: 0.2499 - weighted_dice_loss: 0.2499 - val_loss: 0.2724 - val_weighted_dice_loss: 0.2724

Epoch 00106: val_weighted_dice_loss improved from 0.27563 to 0.27240, saving model to ./Unet-weights/7_classes_26040_reals_0_GANs.h5
Epoch 107/150
 - 819s - loss: 0.2499 - weighted_dice_loss: 0.2499 - val_loss: 0.4765 - val_weighted_dice_loss: 0.4765

Epoch 00107: val_weighted_dice_loss did not improve from 0.27240
Epoch 108/150
 - 819s - loss: 0.2496 - weighted_dice_loss: 0.2496 - val_loss: 0.2704 - val_weighted_dice_loss: 0.2704

Epoch 00108: val_weighted_dice_loss improved from 0.27240 to 0.27037, saving model to ./Unet-weights/7_classes_26040_reals_0_GANs.h5
Epoch 109/150
 - 819s - loss: 0.2494 - weighted_dice_loss: 0.2494 - val_loss: 0.2912 - val_weighted_dice_loss: 0.2912

Epoch 00109: val_weighted_dice_loss did not improve from 0.27037
Epoch 110/150
 - 819s - loss: 0.2489 - weighted_dice_loss: 0.2489 - val_loss: 0.2795 - val_weighted_dice_loss: 0.2795

Epoch 00110: val_weighted_dice_loss did not improve from 0.27037
Epoch 111/150
 - 819s - loss: 0.2488 - weighted_dice_loss: 0.2488 - val_loss: 0.6915 - val_weighted_dice_loss: 0.6915

Epoch 00111: val_weighted_dice_loss did not improve from 0.27037
Epoch 112/150
 - 819s - loss: 0.2488 - weighted_dice_loss: 0.2488 - val_loss: 0.6199 - val_weighted_dice_loss: 0.6199

Epoch 00112: val_weighted_dice_loss did not improve from 0.27037
Epoch 113/150
 - 819s - loss: 0.2483 - weighted_dice_loss: 0.2483 - val_loss: 0.6716 - val_weighted_dice_loss: 0.6716

Epoch 00113: val_weighted_dice_loss did not improve from 0.27037
Epoch 114/150
 - 820s - loss: 0.2478 - weighted_dice_loss: 0.2478 - val_loss: 0.2749 - val_weighted_dice_loss: 0.2749

Epoch 00114: val_weighted_dice_loss did not improve from 0.27037
Epoch 115/150
 - 819s - loss: 0.2478 - weighted_dice_loss: 0.2478 - val_loss: 0.2685 - val_weighted_dice_loss: 0.2685

Epoch 00115: val_weighted_dice_loss improved from 0.27037 to 0.26848, saving model to ./Unet-weights/7_classes_26040_reals_0_GANs.h5
Epoch 116/150
 - 819s - loss: 0.2478 - weighted_dice_loss: 0.2478 - val_loss: 0.9317 - val_weighted_dice_loss: 0.9317

Epoch 00116: val_weighted_dice_loss did not improve from 0.26848
Epoch 117/150
 - 819s - loss: 0.2479 - weighted_dice_loss: 0.2479 - val_loss: 0.9334 - val_weighted_dice_loss: 0.9334

Epoch 00117: val_weighted_dice_loss did not improve from 0.26848
Epoch 118/150
 - 819s - loss: 0.2477 - weighted_dice_loss: 0.2477 - val_loss: 0.3459 - val_weighted_dice_loss: 0.3459

Epoch 00118: val_weighted_dice_loss did not improve from 0.26848
Epoch 119/150
 - 820s - loss: 0.2470 - weighted_dice_loss: 0.2470 - val_loss: 0.2850 - val_weighted_dice_loss: 0.2850

Epoch 00119: val_weighted_dice_loss did not improve from 0.26848
Epoch 120/150
 - 820s - loss: 0.2465 - weighted_dice_loss: 0.2465 - val_loss: 0.9114 - val_weighted_dice_loss: 0.9114

Epoch 00120: val_weighted_dice_loss did not improve from 0.26848
Epoch 121/150
 - 820s - loss: 0.2471 - weighted_dice_loss: 0.2471 - val_loss: 0.8397 - val_weighted_dice_loss: 0.8397

Epoch 00121: val_weighted_dice_loss did not improve from 0.26848
Epoch 122/150
 - 820s - loss: 0.2465 - weighted_dice_loss: 0.2465 - val_loss: 0.2865 - val_weighted_dice_loss: 0.2865

Epoch 00122: val_weighted_dice_loss did not improve from 0.26848
Epoch 123/150
 - 820s - loss: 0.2464 - weighted_dice_loss: 0.2464 - val_loss: 0.6318 - val_weighted_dice_loss: 0.6318

Epoch 00123: val_weighted_dice_loss did not improve from 0.26848
Epoch 124/150
 - 819s - loss: 0.2462 - weighted_dice_loss: 0.2462 - val_loss: 0.9410 - val_weighted_dice_loss: 0.9410

Epoch 00124: val_weighted_dice_loss did not improve from 0.26848
Epoch 125/150
 - 819s - loss: 0.2458 - weighted_dice_loss: 0.2458 - val_loss: 0.3554 - val_weighted_dice_loss: 0.3554

Epoch 00125: val_weighted_dice_loss did not improve from 0.26848
Epoch 126/150
 - 820s - loss: 0.2463 - weighted_dice_loss: 0.2463 - val_loss: 0.9305 - val_weighted_dice_loss: 0.9305

Epoch 00126: val_weighted_dice_loss did not improve from 0.26848
Epoch 127/150
 - 820s - loss: 0.2461 - weighted_dice_loss: 0.2461 - val_loss: 0.3803 - val_weighted_dice_loss: 0.3803

Epoch 00127: val_weighted_dice_loss did not improve from 0.26848
Epoch 128/150
 - 820s - loss: 0.2458 - weighted_dice_loss: 0.2458 - val_loss: 0.7406 - val_weighted_dice_loss: 0.7406

Epoch 00128: val_weighted_dice_loss did not improve from 0.26848
Epoch 129/150
 - 820s - loss: 0.2456 - weighted_dice_loss: 0.2456 - val_loss: 0.8933 - val_weighted_dice_loss: 0.8933

Epoch 00129: val_weighted_dice_loss did not improve from 0.26848
Epoch 130/150
 - 820s - loss: 0.2447 - weighted_dice_loss: 0.2447 - val_loss: 0.9319 - val_weighted_dice_loss: 0.9319

Epoch 00130: val_weighted_dice_loss did not improve from 0.26848
Epoch 131/150
 - 819s - loss: 0.2450 - weighted_dice_loss: 0.2450 - val_loss: 0.5699 - val_weighted_dice_loss: 0.5699

Epoch 00131: val_weighted_dice_loss did not improve from 0.26848
Epoch 132/150
 - 819s - loss: 0.2448 - weighted_dice_loss: 0.2448 - val_loss: 0.7568 - val_weighted_dice_loss: 0.7568

Epoch 00132: val_weighted_dice_loss did not improve from 0.26848
Epoch 133/150
 - 819s - loss: 0.2449 - weighted_dice_loss: 0.2449 - val_loss: 0.3311 - val_weighted_dice_loss: 0.3311

Epoch 00133: val_weighted_dice_loss did not improve from 0.26848
Epoch 134/150
 - 820s - loss: 0.2447 - weighted_dice_loss: 0.2447 - val_loss: 0.8267 - val_weighted_dice_loss: 0.8267

Epoch 00134: val_weighted_dice_loss did not improve from 0.26848
Epoch 135/150
 - 819s - loss: 0.2442 - weighted_dice_loss: 0.2442 - val_loss: 0.2689 - val_weighted_dice_loss: 0.2689

Epoch 00135: val_weighted_dice_loss did not improve from 0.26848
Epoch 136/150
 - 819s - loss: 0.2444 - weighted_dice_loss: 0.2444 - val_loss: 0.7767 - val_weighted_dice_loss: 0.7767

Epoch 00136: val_weighted_dice_loss did not improve from 0.26848
Epoch 137/150
 - 819s - loss: 0.2438 - weighted_dice_loss: 0.2438 - val_loss: 0.3017 - val_weighted_dice_loss: 0.3017

Epoch 00137: val_weighted_dice_loss did not improve from 0.26848
Epoch 138/150
 - 820s - loss: 0.2438 - weighted_dice_loss: 0.2438 - val_loss: 0.5886 - val_weighted_dice_loss: 0.5886

Epoch 00138: val_weighted_dice_loss did not improve from 0.26848
Epoch 139/150
 - 819s - loss: 0.2438 - weighted_dice_loss: 0.2438 - val_loss: 0.6257 - val_weighted_dice_loss: 0.6257

Epoch 00139: val_weighted_dice_loss did not improve from 0.26848
Epoch 140/150
 - 820s - loss: 0.2432 - weighted_dice_loss: 0.2432 - val_loss: 0.3122 - val_weighted_dice_loss: 0.3122

Epoch 00140: val_weighted_dice_loss did not improve from 0.26848
Epoch 141/150
 - 820s - loss: 0.2432 - weighted_dice_loss: 0.2432 - val_loss: 0.4871 - val_weighted_dice_loss: 0.4871

Epoch 00141: val_weighted_dice_loss did not improve from 0.26848
Epoch 142/150
 - 819s - loss: 0.2427 - weighted_dice_loss: 0.2427 - val_loss: 0.2866 - val_weighted_dice_loss: 0.2866

Epoch 00142: val_weighted_dice_loss did not improve from 0.26848
Epoch 143/150
 - 820s - loss: 0.2428 - weighted_dice_loss: 0.2428 - val_loss: 0.8294 - val_weighted_dice_loss: 0.8294

Epoch 00143: val_weighted_dice_loss did not improve from 0.26848
Epoch 144/150
 - 820s - loss: 0.2433 - weighted_dice_loss: 0.2433 - val_loss: 0.8021 - val_weighted_dice_loss: 0.8021

Epoch 00144: val_weighted_dice_loss did not improve from 0.26848
Epoch 145/150
 - 820s - loss: 0.2426 - weighted_dice_loss: 0.2426 - val_loss: 0.3781 - val_weighted_dice_loss: 0.3781

Epoch 00145: val_weighted_dice_loss did not improve from 0.26848
Epoch 146/150
 - 819s - loss: 0.2425 - weighted_dice_loss: 0.2425 - val_loss: 0.4680 - val_weighted_dice_loss: 0.4680

Epoch 00146: val_weighted_dice_loss did not improve from 0.26848
Epoch 147/150
 - 819s - loss: 0.2422 - weighted_dice_loss: 0.2422 - val_loss: 0.3311 - val_weighted_dice_loss: 0.3311

Epoch 00147: val_weighted_dice_loss did not improve from 0.26848
Epoch 148/150
 - 819s - loss: 0.2422 - weighted_dice_loss: 0.2422 - val_loss: 0.2795 - val_weighted_dice_loss: 0.2795

Epoch 00148: val_weighted_dice_loss did not improve from 0.26848
Epoch 149/150
 - 819s - loss: 0.2420 - weighted_dice_loss: 0.2420 - val_loss: 0.3631 - val_weighted_dice_loss: 0.3631

Epoch 00149: val_weighted_dice_loss did not improve from 0.26848
Epoch 150/150
 - 819s - loss: 0.2421 - weighted_dice_loss: 0.2421 - val_loss: 0.5647 - val_weighted_dice_loss: 0.5647

Epoch 00150: val_weighted_dice_loss did not improve from 0.26848
Finished training.
