nohup: ignoring input
2020-05-30 21:09:05.557804: I tensorflow/core/platform/cpu_feature_guard.cc:142] Your CPU supports instructions that this TensorFlow binary was not compiled to use: SSE4.1 SSE4.2 AVX AVX2 FMA
2020-05-30 21:09:05.570181: I tensorflow/core/platform/profile_utils/cpu_utils.cc:94] CPU Frequency: 3696000000 Hz
2020-05-30 21:09:05.570756: I tensorflow/compiler/xla/service/service.cc:168] XLA service 0x561b4df942d0 executing computations on platform Host. Devices:
2020-05-30 21:09:05.570814: I tensorflow/compiler/xla/service/service.cc:175]   StreamExecutor device (0): <undefined>, <undefined>
2020-05-30 21:09:05.572619: I tensorflow/stream_executor/platform/default/dso_loader.cc:42] Successfully opened dynamic library libcuda.so.1
2020-05-30 21:09:05.744537: I tensorflow/stream_executor/cuda/cuda_gpu_executor.cc:1005] successful NUMA node read from SysFS had negative value (-1), but there must be at least one NUMA node, so returning NUMA node zero
2020-05-30 21:09:05.744901: I tensorflow/core/common_runtime/gpu/gpu_device.cc:1640] Found device 0 with properties: 
name: GeForce RTX 2080 Ti major: 7 minor: 5 memoryClockRate(GHz): 1.65
pciBusID: 0000:02:00.0
2020-05-30 21:09:05.744945: I tensorflow/stream_executor/cuda/cuda_gpu_executor.cc:1005] successful NUMA node read from SysFS had negative value (-1), but there must be at least one NUMA node, so returning NUMA node zero
2020-05-30 21:09:05.745217: I tensorflow/core/common_runtime/gpu/gpu_device.cc:1640] Found device 1 with properties: 
name: GeForce GTX 1070 Ti major: 6 minor: 1 memoryClockRate(GHz): 1.683
pciBusID: 0000:01:00.0
2020-05-30 21:09:05.746849: I tensorflow/stream_executor/platform/default/dso_loader.cc:42] Successfully opened dynamic library libcudart.so.10.1
2020-05-30 21:09:05.750822: I tensorflow/stream_executor/platform/default/dso_loader.cc:42] Successfully opened dynamic library libcublas.so.10
2020-05-30 21:09:05.753356: I tensorflow/stream_executor/platform/default/dso_loader.cc:42] Successfully opened dynamic library libcufft.so.10
2020-05-30 21:09:05.755024: I tensorflow/stream_executor/platform/default/dso_loader.cc:42] Successfully opened dynamic library libcurand.so.10
2020-05-30 21:09:05.757639: I tensorflow/stream_executor/platform/default/dso_loader.cc:42] Successfully opened dynamic library libcusolver.so.10
2020-05-30 21:09:05.759467: I tensorflow/stream_executor/platform/default/dso_loader.cc:42] Successfully opened dynamic library libcusparse.so.10
2020-05-30 21:09:05.762904: I tensorflow/stream_executor/platform/default/dso_loader.cc:42] Successfully opened dynamic library libcudnn.so.7
2020-05-30 21:09:05.762981: I tensorflow/stream_executor/cuda/cuda_gpu_executor.cc:1005] successful NUMA node read from SysFS had negative value (-1), but there must be at least one NUMA node, so returning NUMA node zero
2020-05-30 21:09:05.763354: I tensorflow/stream_executor/cuda/cuda_gpu_executor.cc:1005] successful NUMA node read from SysFS had negative value (-1), but there must be at least one NUMA node, so returning NUMA node zero
2020-05-30 21:09:05.763655: I tensorflow/stream_executor/cuda/cuda_gpu_executor.cc:1005] successful NUMA node read from SysFS had negative value (-1), but there must be at least one NUMA node, so returning NUMA node zero
2020-05-30 21:09:05.763998: I tensorflow/stream_executor/cuda/cuda_gpu_executor.cc:1005] successful NUMA node read from SysFS had negative value (-1), but there must be at least one NUMA node, so returning NUMA node zero
2020-05-30 21:09:05.764272: I tensorflow/core/common_runtime/gpu/gpu_device.cc:1763] Adding visible gpu devices: 0, 1
2020-05-30 21:09:05.764292: I tensorflow/stream_executor/platform/default/dso_loader.cc:42] Successfully opened dynamic library libcudart.so.10.1
2020-05-30 21:09:05.765130: I tensorflow/core/common_runtime/gpu/gpu_device.cc:1181] Device interconnect StreamExecutor with strength 1 edge matrix:
2020-05-30 21:09:05.765140: I tensorflow/core/common_runtime/gpu/gpu_device.cc:1187]      0 1 
2020-05-30 21:09:05.765146: I tensorflow/core/common_runtime/gpu/gpu_device.cc:1200] 0:   N N 
2020-05-30 21:09:05.765154: I tensorflow/core/common_runtime/gpu/gpu_device.cc:1200] 1:   N N 
2020-05-30 21:09:05.765229: I tensorflow/stream_executor/cuda/cuda_gpu_executor.cc:1005] successful NUMA node read from SysFS had negative value (-1), but there must be at least one NUMA node, so returning NUMA node zero
2020-05-30 21:09:05.765568: I tensorflow/stream_executor/cuda/cuda_gpu_executor.cc:1005] successful NUMA node read from SysFS had negative value (-1), but there must be at least one NUMA node, so returning NUMA node zero
2020-05-30 21:09:05.765866: I tensorflow/stream_executor/cuda/cuda_gpu_executor.cc:1005] successful NUMA node read from SysFS had negative value (-1), but there must be at least one NUMA node, so returning NUMA node zero
2020-05-30 21:09:05.766205: I tensorflow/stream_executor/cuda/cuda_gpu_executor.cc:1005] successful NUMA node read from SysFS had negative value (-1), but there must be at least one NUMA node, so returning NUMA node zero
2020-05-30 21:09:05.766533: I tensorflow/core/common_runtime/gpu/gpu_device.cc:1326] Created TensorFlow device (/job:localhost/replica:0/task:0/device:GPU:0 with 10311 MB memory) -> physical GPU (device: 0, name: GeForce RTX 2080 Ti, pci bus id: 0000:02:00.0, compute capability: 7.5)
2020-05-30 21:09:05.766951: I tensorflow/stream_executor/cuda/cuda_gpu_executor.cc:1005] successful NUMA node read from SysFS had negative value (-1), but there must be at least one NUMA node, so returning NUMA node zero
2020-05-30 21:09:05.767251: I tensorflow/stream_executor/cuda/cuda_gpu_executor.cc:1005] successful NUMA node read from SysFS had negative value (-1), but there must be at least one NUMA node, so returning NUMA node zero
2020-05-30 21:09:05.767527: I tensorflow/core/common_runtime/gpu/gpu_device.cc:1326] Created TensorFlow device (/job:localhost/replica:0/task:0/device:GPU:1 with 7506 MB memory) -> physical GPU (device: 1, name: GeForce GTX 1070 Ti, pci bus id: 0000:01:00.0, compute capability: 6.1)
2020-05-30 21:09:05.768876: I tensorflow/compiler/xla/service/service.cc:168] XLA service 0x561b4f2d6d70 executing computations on platform CUDA. Devices:
2020-05-30 21:09:05.768891: I tensorflow/compiler/xla/service/service.cc:175]   StreamExecutor device (0): GeForce RTX 2080 Ti, Compute Capability 7.5
2020-05-30 21:09:05.768897: I tensorflow/compiler/xla/service/service.cc:175]   StreamExecutor device (1): GeForce GTX 1070 Ti, Compute Capability 6.1
/home/mehfo331/.conda/envs/thesis/lib/python3.6/site-packages/tensorflow/python/framework/dtypes.py:516: FutureWarning: Passing (type, 1) or '1type' as a synonym of type is deprecated; in a future version of numpy, it will be understood as (type, (1,)) / '(1,)type'.
  _np_qint8 = np.dtype([("qint8", np.int8, 1)])
/home/mehfo331/.conda/envs/thesis/lib/python3.6/site-packages/tensorflow/python/framework/dtypes.py:517: FutureWarning: Passing (type, 1) or '1type' as a synonym of type is deprecated; in a future version of numpy, it will be understood as (type, (1,)) / '(1,)type'.
  _np_quint8 = np.dtype([("quint8", np.uint8, 1)])
/home/mehfo331/.conda/envs/thesis/lib/python3.6/site-packages/tensorflow/python/framework/dtypes.py:518: FutureWarning: Passing (type, 1) or '1type' as a synonym of type is deprecated; in a future version of numpy, it will be understood as (type, (1,)) / '(1,)type'.
  _np_qint16 = np.dtype([("qint16", np.int16, 1)])
/home/mehfo331/.conda/envs/thesis/lib/python3.6/site-packages/tensorflow/python/framework/dtypes.py:519: FutureWarning: Passing (type, 1) or '1type' as a synonym of type is deprecated; in a future version of numpy, it will be understood as (type, (1,)) / '(1,)type'.
  _np_quint16 = np.dtype([("quint16", np.uint16, 1)])
/home/mehfo331/.conda/envs/thesis/lib/python3.6/site-packages/tensorflow/python/framework/dtypes.py:520: FutureWarning: Passing (type, 1) or '1type' as a synonym of type is deprecated; in a future version of numpy, it will be understood as (type, (1,)) / '(1,)type'.
  _np_qint32 = np.dtype([("qint32", np.int32, 1)])
/home/mehfo331/.conda/envs/thesis/lib/python3.6/site-packages/tensorflow/python/framework/dtypes.py:525: FutureWarning: Passing (type, 1) or '1type' as a synonym of type is deprecated; in a future version of numpy, it will be understood as (type, (1,)) / '(1,)type'.
  np_resource = np.dtype([("resource", np.ubyte, 1)])
/home/mehfo331/.conda/envs/thesis/lib/python3.6/site-packages/tensorboard/compat/tensorflow_stub/dtypes.py:541: FutureWarning: Passing (type, 1) or '1type' as a synonym of type is deprecated; in a future version of numpy, it will be understood as (type, (1,)) / '(1,)type'.
  _np_qint8 = np.dtype([("qint8", np.int8, 1)])
/home/mehfo331/.conda/envs/thesis/lib/python3.6/site-packages/tensorboard/compat/tensorflow_stub/dtypes.py:542: FutureWarning: Passing (type, 1) or '1type' as a synonym of type is deprecated; in a future version of numpy, it will be understood as (type, (1,)) / '(1,)type'.
  _np_quint8 = np.dtype([("quint8", np.uint8, 1)])
/home/mehfo331/.conda/envs/thesis/lib/python3.6/site-packages/tensorboard/compat/tensorflow_stub/dtypes.py:543: FutureWarning: Passing (type, 1) or '1type' as a synonym of type is deprecated; in a future version of numpy, it will be understood as (type, (1,)) / '(1,)type'.
  _np_qint16 = np.dtype([("qint16", np.int16, 1)])
/home/mehfo331/.conda/envs/thesis/lib/python3.6/site-packages/tensorboard/compat/tensorflow_stub/dtypes.py:544: FutureWarning: Passing (type, 1) or '1type' as a synonym of type is deprecated; in a future version of numpy, it will be understood as (type, (1,)) / '(1,)type'.
  _np_quint16 = np.dtype([("quint16", np.uint16, 1)])
/home/mehfo331/.conda/envs/thesis/lib/python3.6/site-packages/tensorboard/compat/tensorflow_stub/dtypes.py:545: FutureWarning: Passing (type, 1) or '1type' as a synonym of type is deprecated; in a future version of numpy, it will be understood as (type, (1,)) / '(1,)type'.
  _np_qint32 = np.dtype([("qint32", np.int32, 1)])
/home/mehfo331/.conda/envs/thesis/lib/python3.6/site-packages/tensorboard/compat/tensorflow_stub/dtypes.py:550: FutureWarning: Passing (type, 1) or '1type' as a synonym of type is deprecated; in a future version of numpy, it will be understood as (type, (1,)) / '(1,)type'.
  np_resource = np.dtype([("resource", np.ubyte, 1)])
Using TensorFlow backend.
WARNING:tensorflow:From segmentation-old.py:18: The name tf.keras.backend.set_session is deprecated. Please use tf.compat.v1.keras.backend.set_session instead.

WARNING:tensorflow:From segmentation-old.py:31: The name tf.ConfigProto is deprecated. Please use tf.compat.v1.ConfigProto instead.

WARNING:tensorflow:From segmentation-old.py:33: The name tf.Session is deprecated. Please use tf.compat.v1.Session instead.

2020-05-30 21:09:05.769733: I tensorflow/stream_executor/cuda/cuda_gpu_executor.cc:1005] successful NUMA node read from SysFS had negative value (-1), but there must be at least one NUMA node, so returning NUMA node zero
2020-05-30 21:09:05.770061: I tensorflow/core/common_runtime/gpu/gpu_device.cc:1640] Found device 0 with properties: 
name: GeForce RTX 2080 Ti major: 7 minor: 5 memoryClockRate(GHz): 1.65
pciBusID: 0000:02:00.0
2020-05-30 21:09:05.770097: I tensorflow/stream_executor/cuda/cuda_gpu_executor.cc:1005] successful NUMA node read from SysFS had negative value (-1), but there must be at least one NUMA node, so returning NUMA node zero
2020-05-30 21:09:05.770368: I tensorflow/core/common_runtime/gpu/gpu_device.cc:1640] Found device 1 with properties: 
name: GeForce GTX 1070 Ti major: 6 minor: 1 memoryClockRate(GHz): 1.683
pciBusID: 0000:01:00.0
2020-05-30 21:09:05.770386: I tensorflow/stream_executor/platform/default/dso_loader.cc:42] Successfully opened dynamic library libcudart.so.10.1
2020-05-30 21:09:05.770395: I tensorflow/stream_executor/platform/default/dso_loader.cc:42] Successfully opened dynamic library libcublas.so.10
2020-05-30 21:09:05.770402: I tensorflow/stream_executor/platform/default/dso_loader.cc:42] Successfully opened dynamic library libcufft.so.10
2020-05-30 21:09:05.770409: I tensorflow/stream_executor/platform/default/dso_loader.cc:42] Successfully opened dynamic library libcurand.so.10
2020-05-30 21:09:05.770419: I tensorflow/stream_executor/platform/default/dso_loader.cc:42] Successfully opened dynamic library libcusolver.so.10
2020-05-30 21:09:05.770427: I tensorflow/stream_executor/platform/default/dso_loader.cc:42] Successfully opened dynamic library libcusparse.so.10
2020-05-30 21:09:05.770434: I tensorflow/stream_executor/platform/default/dso_loader.cc:42] Successfully opened dynamic library libcudnn.so.7
2020-05-30 21:09:05.770463: I tensorflow/stream_executor/cuda/cuda_gpu_executor.cc:1005] successful NUMA node read from SysFS had negative value (-1), but there must be at least one NUMA node, so returning NUMA node zero
2020-05-30 21:09:05.770802: I tensorflow/stream_executor/cuda/cuda_gpu_executor.cc:1005] successful NUMA node read from SysFS had negative value (-1), but there must be at least one NUMA node, so returning NUMA node zero
2020-05-30 21:09:05.771093: I tensorflow/stream_executor/cuda/cuda_gpu_executor.cc:1005] successful NUMA node read from SysFS had negative value (-1), but there must be at least one NUMA node, so returning NUMA node zero
2020-05-30 21:09:05.771424: I tensorflow/stream_executor/cuda/cuda_gpu_executor.cc:1005] successful NUMA node read from SysFS had negative value (-1), but there must be at least one NUMA node, so returning NUMA node zero
2020-05-30 21:09:05.771697: I tensorflow/core/common_runtime/gpu/gpu_device.cc:1763] Adding visible gpu devices: 0, 1
2020-05-30 21:09:05.771716: I tensorflow/core/common_runtime/gpu/gpu_device.cc:1181] Device interconnect StreamExecutor with strength 1 edge matrix:
2020-05-30 21:09:05.771721: I tensorflow/core/common_runtime/gpu/gpu_device.cc:1187]      0 1 
2020-05-30 21:09:05.771725: I tensorflow/core/common_runtime/gpu/gpu_device.cc:1200] 0:   N N 
2020-05-30 21:09:05.771728: I tensorflow/core/common_runtime/gpu/gpu_device.cc:1200] 1:   N N 
2020-05-30 21:09:05.771783: I tensorflow/stream_executor/cuda/cuda_gpu_executor.cc:1005] successful NUMA node read from SysFS had negative value (-1), but there must be at least one NUMA node, so returning NUMA node zero
2020-05-30 21:09:05.772119: I tensorflow/stream_executor/cuda/cuda_gpu_executor.cc:1005] successful NUMA node read from SysFS had negative value (-1), but there must be at least one NUMA node, so returning NUMA node zero
2020-05-30 21:09:05.772411: I tensorflow/stream_executor/cuda/cuda_gpu_executor.cc:1005] successful NUMA node read from SysFS had negative value (-1), but there must be at least one NUMA node, so returning NUMA node zero
2020-05-30 21:09:05.772729: I tensorflow/core/common_runtime/gpu/gpu_device.cc:1326] Created TensorFlow device (/job:localhost/replica:0/task:0/device:GPU:0 with 10311 MB memory) -> physical GPU (device: 0, name: GeForce RTX 2080 Ti, pci bus id: 0000:02:00.0, compute capability: 7.5)
2020-05-30 21:09:05.772764: I tensorflow/stream_executor/cuda/cuda_gpu_executor.cc:1005] successful NUMA node read from SysFS had negative value (-1), but there must be at least one NUMA node, so returning NUMA node zero
2020-05-30 21:09:05.773037: I tensorflow/core/common_runtime/gpu/gpu_device.cc:1326] Created TensorFlow device (/job:localhost/replica:0/task:0/device:GPU:1 with 7506 MB memory) -> physical GPU (device: 1, name: GeForce GTX 1070 Ti, pci bus id: 0000:01:00.0, compute capability: 6.1)
WARNING:tensorflow:From /home/mehfo331/.conda/envs/thesis/lib/python3.6/site-packages/keras/backend/tensorflow_backend.py:74: The name tf.get_default_graph is deprecated. Please use tf.compat.v1.get_default_graph instead.

WARNING:tensorflow:From /home/mehfo331/.conda/envs/thesis/lib/python3.6/site-packages/keras/backend/tensorflow_backend.py:517: The name tf.placeholder is deprecated. Please use tf.compat.v1.placeholder instead.

WARNING:tensorflow:From /home/mehfo331/.conda/envs/thesis/lib/python3.6/site-packages/keras/backend/tensorflow_backend.py:4185: The name tf.truncated_normal is deprecated. Please use tf.random.truncated_normal instead.

WARNING:tensorflow:From /home/mehfo331/.conda/envs/thesis/lib/python3.6/site-packages/keras/backend/tensorflow_backend.py:1834: The name tf.nn.fused_batch_norm is deprecated. Please use tf.compat.v1.nn.fused_batch_norm instead.

WARNING:tensorflow:From /home/mehfo331/.conda/envs/thesis/lib/python3.6/site-packages/keras/backend/tensorflow_backend.py:3976: The name tf.nn.max_pool is deprecated. Please use tf.nn.max_pool2d instead.

WARNING:tensorflow:From /home/mehfo331/.conda/envs/thesis/lib/python3.6/site-packages/keras/optimizers.py:790: The name tf.train.Optimizer is deprecated. Please use tf.compat.v1.train.Optimizer instead.

2020-05-30 21:09:40.723969: I tensorflow/stream_executor/platform/default/dso_loader.cc:42] Successfully opened dynamic library libcudnn.so.7
Epoch 1/150
 - 851s - loss: 0.4682 - dice_acc: 0.5318 - val_loss: 0.2837 - val_dice_acc: 0.7163
Epoch 2/150
 - 818s - loss: 0.2576 - dice_acc: 0.7424 - val_loss: 0.2681 - val_dice_acc: 0.7319
Epoch 3/150
 - 818s - loss: 0.2369 - dice_acc: 0.7631 - val_loss: 0.5535 - val_dice_acc: 0.4465
Epoch 4/150
 - 818s - loss: 0.2207 - dice_acc: 0.7793 - val_loss: 0.3088 - val_dice_acc: 0.6912
Epoch 5/150
 - 819s - loss: 0.2143 - dice_acc: 0.7857 - val_loss: 0.2149 - val_dice_acc: 0.7851
Epoch 6/150
 - 818s - loss: 0.2037 - dice_acc: 0.7963 - val_loss: 0.2036 - val_dice_acc: 0.7964
Epoch 7/150
 - 819s - loss: 0.1975 - dice_acc: 0.8025 - val_loss: 0.2223 - val_dice_acc: 0.7777
Epoch 8/150
 - 818s - loss: 0.1896 - dice_acc: 0.8104 - val_loss: 0.1982 - val_dice_acc: 0.8018
Epoch 9/150
 - 818s - loss: 0.1837 - dice_acc: 0.8163 - val_loss: 0.1911 - val_dice_acc: 0.8089
Epoch 10/150
 - 818s - loss: 0.1786 - dice_acc: 0.8214 - val_loss: 0.1816 - val_dice_acc: 0.8184
Epoch 11/150
 - 818s - loss: 0.1734 - dice_acc: 0.8266 - val_loss: 0.1744 - val_dice_acc: 0.8256
Epoch 12/150
 - 818s - loss: 0.1692 - dice_acc: 0.8308 - val_loss: 0.1734 - val_dice_acc: 0.8266
Epoch 13/150
 - 818s - loss: 0.1650 - dice_acc: 0.8350 - val_loss: 0.1801 - val_dice_acc: 0.8199
Epoch 14/150
 - 818s - loss: 0.1610 - dice_acc: 0.8390 - val_loss: 0.1754 - val_dice_acc: 0.8246
Epoch 15/150
 - 818s - loss: 0.1574 - dice_acc: 0.8426 - val_loss: 0.1646 - val_dice_acc: 0.8354
Epoch 16/150
 - 818s - loss: 0.1541 - dice_acc: 0.8459 - val_loss: 0.1613 - val_dice_acc: 0.8387
Epoch 17/150
 - 818s - loss: 0.1511 - dice_acc: 0.8489 - val_loss: 0.1634 - val_dice_acc: 0.8366
Epoch 18/150
 - 818s - loss: 0.1482 - dice_acc: 0.8518 - val_loss: 0.1612 - val_dice_acc: 0.8388
Epoch 19/150
 - 818s - loss: 0.1454 - dice_acc: 0.8546 - val_loss: 0.1535 - val_dice_acc: 0.8465
Epoch 20/150
 - 818s - loss: 0.1431 - dice_acc: 0.8569 - val_loss: 0.1556 - val_dice_acc: 0.8444
Epoch 21/150
 - 818s - loss: 0.1406 - dice_acc: 0.8594 - val_loss: 0.3623 - val_dice_acc: 0.6377
Epoch 22/150
 - 818s - loss: 0.1384 - dice_acc: 0.8616 - val_loss: 0.1485 - val_dice_acc: 0.8515
Epoch 23/150
 - 818s - loss: 0.1366 - dice_acc: 0.8634 - val_loss: 0.1486 - val_dice_acc: 0.8514
Epoch 24/150
 - 818s - loss: 0.1347 - dice_acc: 0.8653 - val_loss: 0.1621 - val_dice_acc: 0.8379
Epoch 25/150
 - 818s - loss: 0.1326 - dice_acc: 0.8674 - val_loss: 0.1557 - val_dice_acc: 0.8443
Epoch 26/150
 - 819s - loss: 0.1306 - dice_acc: 0.8694 - val_loss: 0.1455 - val_dice_acc: 0.8545
Epoch 27/150
 - 819s - loss: 0.1290 - dice_acc: 0.8710 - val_loss: 0.1435 - val_dice_acc: 0.8565
Epoch 28/150
 - 818s - loss: 0.1275 - dice_acc: 0.8725 - val_loss: 0.1438 - val_dice_acc: 0.8562
Epoch 29/150
 - 818s - loss: 0.1260 - dice_acc: 0.8740 - val_loss: 0.1424 - val_dice_acc: 0.8576
Epoch 30/150
 - 818s - loss: 0.1245 - dice_acc: 0.8755 - val_loss: 0.1372 - val_dice_acc: 0.8628
Epoch 31/150
 - 819s - loss: 0.1233 - dice_acc: 0.8767 - val_loss: 0.1422 - val_dice_acc: 0.8578
Epoch 32/150
 - 818s - loss: 0.1221 - dice_acc: 0.8779 - val_loss: 0.1365 - val_dice_acc: 0.8635
Epoch 33/150
 - 818s - loss: 0.1208 - dice_acc: 0.8792 - val_loss: 0.1373 - val_dice_acc: 0.8627
Epoch 34/150
 - 818s - loss: 0.1197 - dice_acc: 0.8803 - val_loss: 0.1488 - val_dice_acc: 0.8512
Epoch 35/150
 - 818s - loss: 0.1187 - dice_acc: 0.8813 - val_loss: 0.1498 - val_dice_acc: 0.8502
Epoch 36/150
 - 818s - loss: 0.1174 - dice_acc: 0.8826 - val_loss: 0.1337 - val_dice_acc: 0.8663
Epoch 37/150
 - 819s - loss: 0.1167 - dice_acc: 0.8833 - val_loss: 0.1381 - val_dice_acc: 0.8619
Epoch 38/150
 - 819s - loss: 0.1156 - dice_acc: 0.8844 - val_loss: 0.1475 - val_dice_acc: 0.8525
Epoch 39/150
 - 818s - loss: 0.1145 - dice_acc: 0.8855 - val_loss: 0.1307 - val_dice_acc: 0.8693
Epoch 40/150
 - 818s - loss: 0.1135 - dice_acc: 0.8865 - val_loss: 0.1292 - val_dice_acc: 0.8708
Epoch 41/150
 - 818s - loss: 0.1132 - dice_acc: 0.8868 - val_loss: 0.1294 - val_dice_acc: 0.8706
Epoch 42/150
 - 819s - loss: 0.1119 - dice_acc: 0.8881 - val_loss: 0.1388 - val_dice_acc: 0.8612
Epoch 43/150
 - 819s - loss: 0.1111 - dice_acc: 0.8889 - val_loss: 0.1298 - val_dice_acc: 0.8702
Epoch 44/150
 - 819s - loss: 0.1101 - dice_acc: 0.8899 - val_loss: 0.1323 - val_dice_acc: 0.8677
Epoch 45/150
 - 818s - loss: 0.1097 - dice_acc: 0.8903 - val_loss: 0.1307 - val_dice_acc: 0.8693
Epoch 46/150
 - 818s - loss: 0.1087 - dice_acc: 0.8913 - val_loss: 0.1296 - val_dice_acc: 0.8704
Epoch 47/150
 - 819s - loss: 0.1079 - dice_acc: 0.8921 - val_loss: 0.1448 - val_dice_acc: 0.8552
Epoch 48/150
 - 818s - loss: 0.1073 - dice_acc: 0.8927 - val_loss: 0.1479 - val_dice_acc: 0.8521
Epoch 49/150
 - 819s - loss: 0.1066 - dice_acc: 0.8934 - val_loss: 0.1400 - val_dice_acc: 0.8600
Epoch 50/150
 - 818s - loss: 0.1060 - dice_acc: 0.8940 - val_loss: 0.1237 - val_dice_acc: 0.8763
Epoch 51/150
 - 819s - loss: 0.1053 - dice_acc: 0.8947 - val_loss: 0.1336 - val_dice_acc: 0.8664
Epoch 52/150
 - 818s - loss: 0.1046 - dice_acc: 0.8954 - val_loss: 0.2641 - val_dice_acc: 0.7359
Epoch 53/150
 - 819s - loss: 0.1040 - dice_acc: 0.8960 - val_loss: 0.1245 - val_dice_acc: 0.8755
Epoch 54/150
 - 818s - loss: 0.1032 - dice_acc: 0.8968 - val_loss: 0.1243 - val_dice_acc: 0.8757
Epoch 55/150
 - 818s - loss: 0.1027 - dice_acc: 0.8973 - val_loss: 0.1228 - val_dice_acc: 0.8772
Epoch 56/150
 - 818s - loss: 0.1019 - dice_acc: 0.8981 - val_loss: 0.1335 - val_dice_acc: 0.8665
Epoch 57/150
 - 819s - loss: 0.1016 - dice_acc: 0.8984 - val_loss: 0.1219 - val_dice_acc: 0.8781
Epoch 58/150
 - 819s - loss: 0.1011 - dice_acc: 0.8989 - val_loss: 0.1253 - val_dice_acc: 0.8747
Epoch 59/150
 - 818s - loss: 0.1005 - dice_acc: 0.8995 - val_loss: 0.1193 - val_dice_acc: 0.8807
Epoch 60/150
 - 819s - loss: 0.1001 - dice_acc: 0.8999 - val_loss: 0.1315 - val_dice_acc: 0.8685
Epoch 61/150
 - 818s - loss: 0.0994 - dice_acc: 0.9006 - val_loss: 0.1387 - val_dice_acc: 0.8613
Epoch 62/150
 - 818s - loss: 0.0991 - dice_acc: 0.9009 - val_loss: 0.1208 - val_dice_acc: 0.8792
Epoch 63/150
 - 819s - loss: 0.0986 - dice_acc: 0.9014 - val_loss: 0.1264 - val_dice_acc: 0.8736
Epoch 64/150
 - 819s - loss: 0.0981 - dice_acc: 0.9019 - val_loss: 0.1284 - val_dice_acc: 0.8716
Epoch 65/150
 - 818s - loss: 0.0976 - dice_acc: 0.9024 - val_loss: 0.1334 - val_dice_acc: 0.8666
Epoch 66/150
 - 818s - loss: 0.0971 - dice_acc: 0.9029 - val_loss: 0.1226 - val_dice_acc: 0.8774
Epoch 67/150
 - 818s - loss: 0.0967 - dice_acc: 0.9033 - val_loss: 0.1270 - val_dice_acc: 0.8730
Epoch 68/150
 - 818s - loss: 0.0963 - dice_acc: 0.9037 - val_loss: 0.1202 - val_dice_acc: 0.8798
Epoch 69/150
 - 819s - loss: 0.0960 - dice_acc: 0.9040 - val_loss: 0.1245 - val_dice_acc: 0.8755
Epoch 70/150
 - 819s - loss: 0.0954 - dice_acc: 0.9046 - val_loss: 0.1191 - val_dice_acc: 0.8809
Epoch 71/150
 - 818s - loss: 0.0950 - dice_acc: 0.9050 - val_loss: 0.1280 - val_dice_acc: 0.8720
