nohup: ignoring input
Initializing TensorFlow...
Running util_scripts.evaluate_metrics()...
Logging output to results/002-pgan-masks_complete_full_no_empty-preset-v2-1gpu-fp32/metric-fid-10k.txt
Streaming data using dataset.TFRecordDataset...
WARNING:tensorflow:From /nobackup/data/mehfo331/Code/progressive_growing_of_gans/dataset.py:74: tf_record_iterator (from tensorflow.python.lib.io.tf_record) is deprecated and will be removed in a future version.
Instructions for updating:
Use eager execution and: 
`tf.data.TFRecordDataset(path)`
WARNING:tensorflow:From /nobackup/data/mehfo331/Conda/PGAN/lib/python3.6/site-packages/tensorflow/python/framework/op_def_library.py:263: colocate_with (from tensorflow.python.framework.ops) is deprecated and will be removed in a future version.
Instructions for updating:
Colocations handled automatically by placer.
Dataset shape = [1, 256, 256]
Dynamic range = [0, 6]
Label size    = 0
Initializing metrics.frechet_inception_distance.API...
WARNING:tensorflow:From /nobackup/data/mehfo331/Code/progressive_growing_of_gans/metrics/frechet_inception_distance.py:55: FastGFile.__init__ (from tensorflow.python.platform.gfile) is deprecated and will be removed in a future version.
Instructions for updating:
Use tf.gfile.GFile.
2020-07-14 11:35:29.916049: W tensorflow/core/framework/op_def_util.cc:355] Op BatchNormWithGlobalNormalization is deprecated. It will cease to work in GraphDef version 9. Use tf.nn.batch_normalization().

Snapshot  Time_eval   FID       
---       ---         ---       
Reals     1m 05s      0.0000    
12000     2m 50s      2.7865    
11960     2m 49s      2.6035    
11920     2m 50s      3.1318    
11880     2m 48s      2.9678    
11840     2m 49s      2.5832    
11800     2m 47s      2.6031    
11760     2m 48s      2.6319    
11720     2m 48s      2.7230    
11680     2m 47s      2.7550    
11640     2m 47s      2.7822    
11600     2m 50s      2.7643    
11560     2m 51s      2.6734    
11520     2m 50s      2.7222    
11480     2m 49s      2.8373    
11440     2m 48s      2.6224    
11400     2m 48s      2.9304    
11360     2m 49s      2.8050    
11320     2m 51s      2.6416    
11280     2m 50s      2.8552    
11240     2m 48s      2.5308    
11200     2m 47s      2.6068    
11160     2m 48s      2.8610    
11120     2m 49s      2.8571    
11080     2m 50s      2.6992    
11040     2m 50s      2.8043    
11000     2m 48s      2.6832    
10960     2m 47s      2.5677    
10920     2m 47s      2.5670    
10880     2m 49s      2.8188    
10840     2m 51s      2.8636    
10800     2m 50s      2.6337    
10760     2m 49s      2.6679    
10720     2m 48s      2.6898    
10680     2m 47s      2.7757    
10640     2m 49s      2.4509    
10600     2m 50s      2.8939    
10560     2m 49s      2.6955    
10520     2m 49s      2.7751    
10480     2m 47s      2.8909    
10440     2m 47s      2.5777    
10400     2m 50s      2.4899    
10360     2m 51s      2.5849    
10320     2m 50s      2.7588    
10280     2m 49s      2.6044    
10240     2m 48s      2.5526    
10200     2m 47s      2.6794    
10160     2m 49s      2.5195    
10120     2m 50s      2.9344    
10080     2m 50s      2.7694    
10040     2m 48s      2.4504    
10000     2m 47s      2.7779    
9960      2m 47s      2.6046    
9920      2m 49s      2.7027    
9880      2m 53s      2.6033    
9840      2m 50s      2.7792    
9800      2m 48s      2.6468    
9760      2m 47s      2.6412    
9720      2m 47s      2.5071    
9680      2m 50s      2.4769    
9640      2m 50s      2.6738    
9600      2m 49s      2.5439    
9560      2m 48s      2.4250    
9520      2m 47s      2.7444    
9480      2m 47s      2.4957    
9440      2m 50s      2.7813    
9400      2m 51s      2.5497    
9360      2m 50s      2.5344    
9320      2m 48s      2.3704    
9280      2m 48s      2.3669    
9240      2m 48s      2.5339    
9200      2m 50s      2.4625    
9160      2m 50s      2.6035    
9120      2m 49s      2.5584    
9080      2m 49s      2.6657    
9040      2m 48s      2.6755    
9000      2m 48s      2.5753    
8960      2m 49s      2.3400    
8920      2m 50s      2.5672    
8880      2m 50s      2.6993    
8840      2m 48s      2.7844    
8800      2m 48s      2.6579    
8760      2m 47s      2.7362    
8720      2m 49s      2.5759    
8680      2m 51s      2.2780    
8640      2m 50s      2.4831    
8600      2m 50s      2.6055    
8560      2m 48s      2.6093    
8520      2m 47s      2.5859    
8480      2m 50s      2.5540    
8440      2m 50s      2.3380    
8400      2m 51s      2.5498    
8360      2m 48s      2.5280    
8320      2m 47s      2.3291    
8280      2m 47s      2.4091    
8240      2m 49s      2.3840    
8200      2m 50s      2.5508    
8160      2m 49s      2.2953    
8120      2m 49s      2.6491    
8080      2m 47s      2.3385    
8040      2m 47s      2.6711    
8000      2m 49s      2.4258    
7960      2m 51s      2.3410    
7920      2m 49s      2.7368    
7880      2m 48s      2.4405    
7840      2m 47s      2.3899    
7800      2m 48s      2.4700    
7760      2m 49s      2.4431    
7720      2m 51s      2.2453    
7680      2m 49s      2.4894    
7640      2m 48s      2.3075    
7600      2m 47s      2.4630    
7560      2m 47s      2.3368    
7520      2m 49s      2.6039    
7480      2m 50s      2.3095    
7440      2m 50s      2.4139    
7400      2m 48s      2.4079    
7360      2m 47s      2.4083    
7320      2m 49s      2.5282    
7280      2m 50s      2.5105    
7240      2m 50s      2.4966    
7200      2m 49s      2.3332    
7160      2m 49s      2.5282    
7120      2m 48s      2.4669    
7080      2m 48s      2.4572    
7040      2m 50s      2.9231    
7000      2m 51s      3.4755    
6960      2m 50s      3.6178    
6920      2m 48s      4.1972    
6880      2m 48s      5.7288    
6840      2m 48s      5.9585    
6800      2m 50s      6.1969    
6760      2m 52s      6.6719    
6720      2m 50s      7.4899    
6680      2m 48s      8.8943    
6640      2m 47s      9.0111    
6600      2m 48s      9.5101    
6548      2m 13s      9.1539    
6488      2m 14s      9.0924    
6428      2m 12s      9.0609    
6368      2m 09s      9.0168    
6308      2m 09s      8.5449    
6248      2m 08s      8.5432    
6188      2m 08s      8.7068    
6128      2m 07s      8.8798    
6068      2m 12s      8.3366    
6008      2m 14s      8.2639    
5948      2m 13s      8.9135    
5888      2m 10s      10.0897   
5827      2m 09s      11.6341   
5767      2m 08s      14.5930   
5707      2m 08s      16.6903   
5647      2m 09s      19.9878   
5587      2m 12s      23.4581   
5527      2m 15s      26.9983   
5467      2m 12s      29.3277   
5407      2m 10s      34.3696   
5347      1m 44s      34.4048   
5267      1m 44s      34.6716   
5187      1m 43s      35.0154   
5107      1m 43s      35.0937   
5027      1m 45s      35.1294   
4947      1m 48s      35.6221   
4867      1m 48s      36.3633   
4787      1m 49s      50.9399   
4707      1m 45s      59.2841   
4627      1m 44s      50.4912   
4547      1m 44s      50.3618   
4467      1m 43s      55.9004   
4387      1m 43s      64.3036   
4307      1m 44s      76.6281   
4227      1m 46s      92.3041   
4147      1m 29s      92.5416   
4047      1m 29s      92.6325   
3947      1m 29s      92.8893   
3847      1m 27s      93.0273   
3747      1m 26s      93.6900   
3647      1m 26s      92.9360   
3547      1m 26s      90.2078   
3447      1m 25s      92.0350   
3346      1m 24s      105.3900  
3246      1m 24s      124.5051  
3146      1m 25s      143.3261  
3046      1m 26s      nan       
2946      1m 18s      160.0119  
2826      1m 17s      nan       
2705      1m 18s      160.2590  
2585      1m 18s      nan       
2465      1m 16s      nan       
2344      1m 15s      nan       
2224      1m 15s      nan       
2104      1m 15s      169.7223  
1984      1m 16s      181.8064  
1863      1m 16s      180.9145  
1743      1m 13s      nan       
1603      1m 12s      nan       
1462      1m 11s      nan       
1322      1m 13s      nan       
1182      1m 14s      195.5687  
1041      1m 15s      198.0417  
901       1m 15s      178.4988  
761       1m 14s      185.6588  
621       1m 14s      nan       
480       1m 12s      nan       
320       1m 11s      nan       
160       1m 12s      169.2816  

Exiting...
