Initializing TensorFlow...
Running train.train_progressive_gan()...
Streaming data using dataset.TFRecordDataset...
WARNING:tensorflow:From /nobackup/data/mehfo331/Code/progressive_growing_of_gans/dataset.py:74: tf_record_iterator (from tensorflow.python.lib.io.tf_record) is deprecated and will be removed in a future version.
Instructions for updating:
Use eager execution and: 
`tf.data.TFRecordDataset(path)`
WARNING:tensorflow:From /nobackup/data/mehfo331/Conda/PGAN/lib/python3.6/site-packages/tensorflow/python/framework/op_def_library.py:263: colocate_with (from tensorflow.python.framework.ops) is deprecated and will be removed in a future version.
Instructions for updating:
Colocations handled automatically by placer.
Dataset shape = [1, 256, 256]
Dynamic range = [0, 6]
Label size    = 0
Constructing networks...

G                           Params      OutputShape             WeightShape             
---                         ---         ---                     ---                     
latents_in                  -           (?, 512)                -                       
labels_in                   -           (?, 0)                  -                       
lod                         -           ()                      -                       
4x4/PixelNorm               -           (?, 512)                -                       
4x4/Dense                   4194816     (?, 512, 4, 4)          (512, 8192)             
4x4/Conv                    2359808     (?, 512, 4, 4)          (3, 3, 512, 512)        
ToRGB_lod6                  513         (?, 1, 4, 4)            (1, 1, 512, 1)          
8x8/Conv0_up                2359808     (?, 512, 8, 8)          (3, 3, 512, 512)        
8x8/Conv1                   2359808     (?, 512, 8, 8)          (3, 3, 512, 512)        
ToRGB_lod5                  513         (?, 1, 8, 8)            (1, 1, 512, 1)          
Upscale2D                   -           (?, 1, 8, 8)            -                       
Grow_lod5                   -           (?, 1, 8, 8)            -                       
16x16/Conv0_up              2359808     (?, 512, 16, 16)        (3, 3, 512, 512)        
16x16/Conv1                 2359808     (?, 512, 16, 16)        (3, 3, 512, 512)        
ToRGB_lod4                  513         (?, 1, 16, 16)          (1, 1, 512, 1)          
Upscale2D_1                 -           (?, 1, 16, 16)          -                       
Grow_lod4                   -           (?, 1, 16, 16)          -                       
32x32/Conv0_up              2359808     (?, 512, 32, 32)        (3, 3, 512, 512)        
32x32/Conv1                 2359808     (?, 512, 32, 32)        (3, 3, 512, 512)        
ToRGB_lod3                  513         (?, 1, 32, 32)          (1, 1, 512, 1)          
Upscale2D_2                 -           (?, 1, 32, 32)          -                       
Grow_lod3                   -           (?, 1, 32, 32)          -                       
64x64/Conv0_up              1179904     (?, 256, 64, 64)        (3, 3, 256, 512)        
64x64/Conv1                 590080      (?, 256, 64, 64)        (3, 3, 256, 256)        
ToRGB_lod2                  257         (?, 1, 64, 64)          (1, 1, 256, 1)          
Upscale2D_3                 -           (?, 1, 64, 64)          -                       
Grow_lod2                   -           (?, 1, 64, 64)          -                       
128x128/Conv0_up            295040      (?, 128, 128, 128)      (3, 3, 128, 256)        
128x128/Conv1               147584      (?, 128, 128, 128)      (3, 3, 128, 128)        
ToRGB_lod1                  129         (?, 1, 128, 128)        (1, 1, 128, 1)          
Upscale2D_4                 -           (?, 1, 128, 128)        -                       
Grow_lod1                   -           (?, 1, 128, 128)        -                       
256x256/Conv0_up            73792       (?, 64, 256, 256)       (3, 3, 64, 128)         
256x256/Conv1               36928       (?, 64, 256, 256)       (3, 3, 64, 64)          
ToRGB_lod0                  65          (?, 1, 256, 256)        (1, 1, 64, 1)           
Upscale2D_5                 -           (?, 1, 256, 256)        -                       
Grow_lod0                   -           (?, 1, 256, 256)        -                       
images_out                  -           (?, 1, 256, 256)        -                       
---                         ---         ---                     ---                     
Total                       23039303                                                    


D                           Params      OutputShape             WeightShape             
---                         ---         ---                     ---                     
images_in                   -           (?, 1, 256, 256)        -                       
lod                         -           ()                      -                       
FromRGB_lod0                128         (?, 64, 256, 256)       (1, 1, 1, 64)           
256x256/Conv0               36928       (?, 64, 256, 256)       (3, 3, 64, 64)          
256x256/Conv1_down          73856       (?, 128, 128, 128)      (3, 3, 64, 128)         
Downscale2D                 -           (?, 1, 128, 128)        -                       
FromRGB_lod1                256         (?, 128, 128, 128)      (1, 1, 1, 128)          
Grow_lod0                   -           (?, 128, 128, 128)      -                       
128x128/Conv0               147584      (?, 128, 128, 128)      (3, 3, 128, 128)        
128x128/Conv1_down          295168      (?, 256, 64, 64)        (3, 3, 128, 256)        
Downscale2D_1               -           (?, 1, 64, 64)          -                       
FromRGB_lod2                512         (?, 256, 64, 64)        (1, 1, 1, 256)          
Grow_lod1                   -           (?, 256, 64, 64)        -                       
64x64/Conv0                 590080      (?, 256, 64, 64)        (3, 3, 256, 256)        
64x64/Conv1_down            1180160     (?, 512, 32, 32)        (3, 3, 256, 512)        
Downscale2D_2               -           (?, 1, 32, 32)          -                       
FromRGB_lod3                1024        (?, 512, 32, 32)        (1, 1, 1, 512)          
Grow_lod2                   -           (?, 512, 32, 32)        -                       
32x32/Conv0                 2359808     (?, 512, 32, 32)        (3, 3, 512, 512)        
32x32/Conv1_down            2359808     (?, 512, 16, 16)        (3, 3, 512, 512)        
Downscale2D_3               -           (?, 1, 16, 16)          -                       
FromRGB_lod4                1024        (?, 512, 16, 16)        (1, 1, 1, 512)          
Grow_lod3                   -           (?, 512, 16, 16)        -                       
16x16/Conv0                 2359808     (?, 512, 16, 16)        (3, 3, 512, 512)        
16x16/Conv1_down            2359808     (?, 512, 8, 8)          (3, 3, 512, 512)        
Downscale2D_4               -           (?, 1, 8, 8)            -                       
FromRGB_lod5                1024        (?, 512, 8, 8)          (1, 1, 1, 512)          
Grow_lod4                   -           (?, 512, 8, 8)          -                       
8x8/Conv0                   2359808     (?, 512, 8, 8)          (3, 3, 512, 512)        
8x8/Conv1_down              2359808     (?, 512, 4, 4)          (3, 3, 512, 512)        
Downscale2D_5               -           (?, 1, 4, 4)            -                       
FromRGB_lod6                1024        (?, 512, 4, 4)          (1, 1, 1, 512)          
Grow_lod5                   -           (?, 512, 4, 4)          -                       
4x4/MinibatchStddev         -           (?, 1, 4, 4)            -                       
4x4/Conv                    2364416     (?, 512, 4, 4)          (3, 3, 513, 512)        
4x4/Dense0                  4194816     (?, 512)                (8192, 512)             
4x4/Dense1                  513         (?, 1)                  (512, 1)                
scores_out                  -           (?, 1)                  -                       
labels_out                  -           (?, 0)                  -                       
---                         ---         ---                     ---                     
Total                       23047361                                                    

Building TensorFlow graph...
WARNING:tensorflow:From /nobackup/data/mehfo331/Conda/PGAN/lib/python3.6/site-packages/tensorflow/python/ops/math_ops.py:3066: to_int32 (from tensorflow.python.ops.math_ops) is deprecated and will be removed in a future version.
Instructions for updating:
Use tf.cast instead.
Setting up snapshot image grid...
Setting up result dir...
Saving results to results/000-pgan-masks_complete_fifth_no_empty-preset-v2-1gpu-fp32
Training...
tick 1     kimg 160.3    lod 6.00  minibatch 128  time 48s          sec/tick 47.5    sec/kimg 0.30    maintenance 23.4
tick 2     kimg 320.5    lod 6.00  minibatch 128  time 1m 37s       sec/tick 44.6    sec/kimg 0.28    maintenance 5.2
tick 3     kimg 480.8    lod 6.00  minibatch 128  time 2m 22s       sec/tick 44.6    sec/kimg 0.28    maintenance 0.3
tick 4     kimg 621.1    lod 5.97  minibatch 128  time 3m 18s       sec/tick 55.9    sec/kimg 0.40    maintenance 0.3
