nohup: ignoring input
Initializing TensorFlow...
Running util_scripts.evaluate_metrics()...
Logging output to results/002-pgan-masks_complete_full_no_empty-preset-v2-1gpu-fp32/metric-swd-16k.txt
Streaming data using dataset.TFRecordDataset...
WARNING:tensorflow:From /nobackup/data/mehfo331/Code/progressive_growing_of_gans/dataset.py:74: tf_record_iterator (from tensorflow.python.lib.io.tf_record) is deprecated and will be removed in a future version.
Instructions for updating:
Use eager execution and: 
`tf.data.TFRecordDataset(path)`
WARNING:tensorflow:From /nobackup/data/mehfo331/Conda/PGAN/lib/python3.6/site-packages/tensorflow/python/framework/op_def_library.py:263: colocate_with (from tensorflow.python.framework.ops) is deprecated and will be removed in a future version.
Instructions for updating:
Colocations handled automatically by placer.
Dataset shape = [1, 256, 256]
Dynamic range = [0, 6]
Label size    = 0
Initializing metrics.sliced_wasserstein.API...

Snapshot  Time_eval   SWDx1e3_256  SWDx1e3_128  SWDx1e3_64   SWDx1e3_32   SWDx1e3_16   SWDx1e3_avg  
---       ---         ---          ---          ---          ---          ---          ---          
Reals     15m 16s     0.0000       0.0000       0.0000       0.0000       0.0000       0.0000       
Reals2    15m 08s     1.5145       1.4371       1.6464       1.4349       0.9970       1.4060       
12000     16m 52s     14.1560      5.7453       4.2687       4.6263       5.0733       6.7739       
11960     16m 50s     13.5531      6.1063       4.2513       4.3794       4.8126       6.6205       
11920     16m 49s     14.4200      6.0382       4.0642       4.9790       5.0248       6.9052       
11880     16m 50s     14.1007      5.4572       4.0479       4.4319       5.1365       6.6348       
11840     16m 50s     16.1219      7.2645       4.8739       4.7394       5.8488       7.7697       
11800     16m 50s     15.1033      6.1153       4.0516       4.3141       4.4997       6.8168       
11760     16m 52s     12.3034      5.0099       4.4985       5.3380       5.7779       6.5855       
11720     16m 50s     10.9072      3.7861       3.7399       5.0470       7.1158       6.1192       
11680     16m 52s     13.6807      5.1353       3.9910       4.0725       4.9955       6.3750       
11640     16m 50s     14.4169      6.7354       3.9506       4.7615       4.3952       6.8519       
11600     16m 49s     12.6062      4.2612       4.0740       5.3656       5.4492       6.3512       
11560     16m 51s     13.7525      6.5861       4.6674       4.6446       4.2791       6.7859       
11520     16m 49s     13.9735      6.3141       4.0207       4.1719       3.8654       6.4691       
11480     16m 51s     12.8908      5.1466       4.1493       5.0919       5.1741       6.4905       
11440     16m 54s     14.2805      5.5616       3.3358       4.1725       4.1614       6.3024       
11400     16m 49s     14.4640      6.0553       3.8486       4.6651       4.3715       6.6809       
11360     16m 51s     14.6614      5.9729       4.1873       4.0118       4.2441       6.6155       
11320     16m 47s     10.9128      3.2356       4.7396       7.1791       8.9763       7.0087       
11280     16m 49s     14.3349      5.4832       4.3035       4.8137       4.7440       6.7359       
11240     16m 50s     10.7587      3.7218       3.9702       5.4100       6.0598       5.9841       
11200     16m 52s     11.8464      3.5533       3.8922       5.0805       6.8202       6.2385       
11160     17m 10s     14.8922      6.9662       4.8848       4.4538       5.1930       7.2780       
11120     17m 10s     13.0710      4.2081       3.4884       5.5421       7.2832       6.7186       
11080     17m 09s     14.0877      5.6224       3.5510       4.2919       4.9566       6.5019       
11040     17m 04s     11.7065      4.0866       3.3500       4.8088       5.8445       5.9593       
11000     17m 33s     12.4326      5.5112       4.3092       5.7782       5.8859       6.7834       
10960     18m 10s     11.0230      5.5158       3.5779       4.5036       4.3841       5.8009       
10920     17m 27s     13.8403      7.1129       4.4549       4.2044       5.0620       6.9349       
10880     15m 47s     15.1673      6.9836       3.7806       4.2456       4.4523       6.9259       
10840     15m 44s     13.8946      5.6041       3.4904       5.1397       7.5971       7.1452       
10800     15m 47s     11.6178      4.5421       3.5395       4.7882       5.1853       5.9346       
10760     15m 42s     13.3084      4.9776       3.5567       3.5218       4.0744       5.8878       
10720     15m 43s     13.4280      5.5926       3.7271       4.5597       3.9501       6.2515       
10680     15m 48s     15.2114      7.4057       4.5809       4.2563       4.8115       7.2532       
10640     15m 42s     12.6248      4.2565       3.2479       4.7432       5.7277       6.1200       
10600     15m 46s     15.4157      7.3024       4.3517       4.2470       5.8249       7.4283       
10560     15m 43s     11.9042      4.6064       3.0462       4.2386       4.0119       5.5615       
10520     15m 46s     11.1275      3.3083       3.2177       5.0888       5.7882       5.7061       
10480     15m 46s     12.2989      4.5568       3.4271       4.5284       5.4469       6.0516       
10440     15m 46s     13.5901      7.2733       4.7906       4.4069       5.1375       7.0397       
10400     15m 44s     11.7557      5.1925       3.7010       5.0815       5.1144       6.1690       
10360     15m 46s     10.9171      3.8151       3.1324       5.0996       6.4521       5.8833       
10320     15m 43s     12.9194      5.1399       3.5339       4.8033       5.3739       6.3541       
10280     15m 45s     12.2844      5.7459       3.5964       3.6348       4.7777       6.0079       
10240     15m 48s     11.5169      4.9042       3.1197       4.2889       4.5392       5.6738       
10200     15m 46s     12.3119      4.5610       2.9610       3.6206       3.9873       5.4884       
10160     15m 44s     12.2814      5.7606       3.4279       3.7118       3.8850       5.8133       
10120     15m 45s     13.9471      5.9650       3.8450       4.0964       4.8518       6.5411       
10080     15m 46s     11.7494      4.7952       3.3333       3.8099       5.2407       5.7857       
10040     15m 47s     11.7990      5.7554       3.6032       3.3634       4.2000       5.7442       
10000     15m 44s     13.4055      6.3613       4.0596       4.5759       4.9861       6.6777       
9960      15m 44s     10.8140      4.1821       2.7947       4.1446       5.1930       5.4257       
9920      15m 45s     12.9165      5.4375       3.5535       3.9851       4.6722       6.1130       
9880      15m 48s     8.0793       2.9587       4.0449       5.9085       6.9304       5.5844       
9840      15m 49s     10.2757      4.2246       2.8465       4.3221       5.0046       5.3347       
9800      15m 45s     9.8334       3.4915       3.3237       4.8974       5.6491       5.4390       
9760      15m 46s     12.3701      4.7961       2.9578       4.0541       4.4294       5.7215       
9720      15m 42s     10.9252      4.7085       3.1536       3.6201       3.6743       5.2163       
9680      15m 47s     12.0511      5.0733       3.1072       3.5048       3.1940       5.3861       
9640      15m 45s     12.0007      4.8130       2.9181       4.1688       4.9253       5.7652       
9600      15m 46s     11.0840      4.5647       2.9201       4.1666       4.6779       5.4827       
9560      15m 45s     11.5251      4.5763       3.4912       3.9155       3.9446       5.4906       
9520      15m 45s     12.7954      5.8272       3.3626       3.9058       3.8068       5.9396       
9480      15m 46s     14.5324      7.1153       4.0220       3.9522       4.9959       6.9236       
9440      15m 48s     11.7219      3.8448       2.6473       4.4946       6.5257       5.8469       
9400      15m 45s     12.1206      4.3073       3.0728       3.8971       3.9410       5.4678       
9360      15m 43s     11.0778      4.2748       3.1557       4.5384       5.5988       5.7291       
9320      15m 45s     11.3006      4.0695       2.8238       4.4289       5.0615       5.5369       
9280      15m 50s     10.7705      3.4454       2.9816       4.2914       6.1728       5.5323       
9240      15m 45s     11.2719      4.3831       2.8936       3.7935       4.1624       5.3009       
9200      15m 45s     12.9818      5.0778       3.1403       3.6196       3.9219       5.7483       
9160      15m 44s     11.6246      4.6404       3.2814       3.9869       4.3859       5.5838       
9120      15m 42s     11.2190      4.9700       2.8648       3.2524       3.8656       5.2344       
9080      15m 44s     12.6838      5.0615       3.3510       4.4405       4.5901       6.0254       
9040      15m 42s     13.4553      5.0161       3.5281       3.5614       3.6952       5.8512       
9000      15m 44s     12.0242      4.0733       3.2954       3.7970       5.0998       5.6580       
8960      15m 46s     12.3381      5.4121       2.8285       3.0971       3.2989       5.3950       
8920      15m 46s     11.8219      4.4947       2.8403       3.0552       4.3242       5.3073       
8880      15m 46s     13.1248      5.9142       2.7941       3.4033       4.4369       5.9346       
8840      15m 45s     10.1188      3.2242       3.4689       4.8180       5.6649       5.4590       
8800      15m 46s     10.9628      4.2701       3.2045       4.1807       5.8669       5.6970       
8760      15m 45s     9.3585       2.3895       5.3136       6.6803       8.6454       6.4775       
8720      15m 42s     9.2957       2.5382       4.1360       5.5417       7.5160       5.8055       
8680      15m 44s     10.3564      4.5245       2.5641       3.2736       4.0067       4.9451       
8640      15m 44s     11.0127      3.8516       2.7357       3.8329       4.5733       5.2012       
8600      15m 46s     12.3112      4.9616       3.0505       3.5630       4.1861       5.6145       
8560      15m 45s     12.6348      5.2699       3.2696       3.6908       4.5626       5.8855       
8520      15m 46s     11.7331      4.6723       3.0844       3.9885       5.2104       5.7377       
8480      15m 46s     11.6074      5.1070       2.8575       3.1187       3.7594       5.2900       
8440      15m 44s     11.9862      4.5442       2.7918       3.4268       4.5697       5.4637       
8400      15m 44s     12.0533      4.8545       2.8723       3.6243       4.9068       5.6622       
8360      15m 44s     13.5835      5.3551       3.3953       3.1537       4.1132       5.9202       
8320      15m 50s     11.4666      4.7411       2.7952       2.9562       3.6089       5.1136       
8280      15m 42s     11.5451      5.1836       3.4384       3.3600       3.5259       5.4106       
8240      15m 46s     10.5039      4.3414       2.6625       3.0331       4.0532       4.9188       
8200      15m 44s     11.2916      4.8160       3.0534       3.4500       4.2465       5.3715       
8160      15m 46s     8.7100       3.0501       3.1433       4.4463       5.0356       4.8771       
8120      15m 45s     10.0025      3.7439       2.6529       3.0799       4.4922       4.7943       
8080      15m 45s     10.6264      4.9155       2.8100       3.1794       4.4957       5.2054       
8040      15m 43s     10.3713      4.2465       2.9567       3.1104       4.2178       4.9805       
8000      15m 44s     10.9383      4.6676       2.5201       2.9414       4.4026       5.0940       
7960      15m 44s     9.8108       4.4057       2.6820       2.9945       3.2171       4.6220       
7920      15m 46s     7.1153       3.2114       5.9943       7.3881       8.1260       6.3670       
7880      15m 47s     8.2692       2.3959       3.6327       4.2728       5.8924       4.8926       
7840      15m 43s     8.6986       2.8568       2.8529       3.5056       4.5455       4.4918       
7800      15m 43s     7.6685       2.8189       3.0767       4.4358       7.1527       5.0305       
7760      15m 48s     8.4184       3.5484       2.2938       3.3434       4.5198       4.4247       
7720      15m 45s     4.3868       3.1929       5.5452       6.9663       9.9294       6.0041       
7680      15m 44s     7.8243       2.9966       2.5806       3.2687       4.7991       4.2939       
7640      15m 44s     7.9128       3.6286       2.4029       2.4867       3.1471       3.9156       
7600      15m 44s     6.1419       3.1075       3.1120       3.9533       4.4677       4.1565       
7560      15m 44s     7.9500       2.7289       1.9309       2.8397       3.9421       3.8783       
7520      15m 47s     7.4867       4.5292       2.7597       2.7110       3.7738       4.2521       
7480      15m 44s     7.8337       4.3532       2.5047       2.7041       2.9325       4.0657       
7440      15m 43s     6.9434       4.2661       2.2303       2.7287       3.7848       3.9907       
7400      15m 43s     7.0422       4.1367       2.0824       2.7769       3.3326       3.8742       
7360      15m 42s     8.4440       5.7674       3.6731       3.6691       4.1040       5.1315       
7320      15m 40s     4.7479       3.3233       2.0209       2.3142       4.7262       3.4265       
7280      15m 44s     4.7383       3.3629       1.9978       2.5943       3.4022       3.2191       
7240      15m 43s     4.6189       2.7675       2.1879       2.7108       3.7801       3.2130       
7200      15m 42s     4.3279       4.4513       3.2379       4.0190       4.2873       4.0647       
7160      15m 44s     6.7152       5.6610       4.2859       4.2055       5.2356       5.2206       
7120      15m 43s     10.6989      6.6727       5.7045       6.0893       6.7368       7.1804       
7080      15m 45s     9.7991       5.3637       3.7487       2.9271       2.9043       4.9486       
7040      15m 43s     11.7115      4.3065       2.5189       2.8223       4.8871       5.2493       
7000      15m 45s     14.9201      6.8566       3.5553       3.0667       3.7756       6.4349       
6960      15m 41s     15.2746      5.5808       2.9640       2.6488       3.0963       5.9129       
6920      15m 43s     14.3072      4.0434       2.9932       3.0396       5.4386       5.9644       
6880      15m 42s     16.0185      4.1951       2.7268       3.1006       4.1260       6.0334       
6840      15m 45s     16.2454      5.3415       2.3480       2.3575       3.7038       5.9992       
6800      15m 41s     17.3876      6.0118       2.5549       3.0653       3.1482       6.4336       
6760      15m 46s     16.7343      5.1791       3.1360       3.1697       3.4462       6.3331       
6720      15m 41s     16.1529      4.9518       3.5318       4.2088       6.3803       7.0451       
6680      15m 45s     16.2371      6.0607       2.9126       2.7052       3.2232       6.2277       
6640      15m 42s     19.5705      8.0847       4.2879       3.8785       3.5388       7.8721       
6600      15m 44s     20.0349      10.4556      4.8152       3.2945       3.7106       8.4622       
6548      15m 35s     19.6062      11.7837      6.0141       5.0263       4.7797       9.4420       
6488      15m 31s     19.6713      10.6087      5.0905       3.5236       2.8941       8.3576       
6428      15m 35s     19.7161      11.3771      5.4062       4.7456       4.6935       9.1877       
6368      15m 31s     17.7123      8.2185       3.3434       2.5898       4.0097       7.1747       
6308      15m 35s     17.7907      8.8551       3.5241       2.3808       3.4473       7.1996       
6248      15m 38s     19.2467      9.6768       4.5236       3.4142       3.2044       8.0131       
6188      15m 35s     17.1226      7.5420       3.0504       3.1824       4.2060       7.0207       
6128      15m 34s     18.6823      9.0811       4.4466       3.5568       2.8667       7.7267       
6068      15m 38s     16.3807      8.2696       3.4183       3.3741       2.7156       6.8317       
6008      15m 37s     17.8781      8.8901       4.6356       3.8716       2.8804       7.6312       
5948      15m 37s     18.9700      10.4844      5.1840       5.7550       4.3135       8.9414       
5888      15m 32s     19.3858      10.0333      3.5105       2.6345       2.8038       7.6736       
5827      15m 35s     20.6276      12.2597      5.9895       3.9163       2.6873       9.0961       
5767      15m 38s     19.6374      10.4755      4.2500       2.9312       3.4145       8.1417       
5707      15m 39s     20.9424      12.8017      6.9531       3.9335       3.0279       9.5317       
5647      15m 35s     20.9904      12.9855      7.4495       4.5065       2.5992       9.7062       
5587      15m 30s     20.9364      10.7060      6.3000       4.9042       6.6400       9.8973       
5527      15m 33s     22.9372      12.4321      7.2944       4.7745       4.2536       10.3384      
5467      15m 33s     23.8021      15.1046      10.7305      5.3569       3.3771       11.6742      
5407      15m 32s     25.3951      13.9533      9.3462       4.5465       3.4864       11.3455      
5347      14m 54s     24.5681      12.8868      10.1388      4.8944       4.6217       11.4220      
5267      14m 53s     25.4791      12.2217      10.0355      5.0245       4.7110       11.4943      
5187      14m 55s     26.3835      13.8475      11.3097      6.1318       4.6992       12.4743      
5107      14m 57s     24.1026      11.7494      8.8709       4.8410       4.9208       10.8970      
5027      14m 53s     25.2388      10.5066      10.1016      4.9120       4.0591       10.9636      
4947      14m 54s     25.3039      12.7822      11.2516      5.7934       4.4350       11.9132      
4867      14m 52s     23.5668      11.8448      10.3152      5.3987       3.5530       10.9357      
4787      14m 52s     23.8437      10.6001      22.1437      53.4180      65.0784      35.0168      
4707      14m 58s     22.0844      14.5260      17.9861      52.0021      64.8930      34.2983      
4627      14m 54s     36.7032      32.8303      25.9397      21.7052      15.2527      26.4862      
4547      14m 53s     31.4452      26.8531      24.1545      18.8770      8.9450       22.0550      
4467      14m 54s     34.1360      26.5571      24.3967      19.0158      8.9822       22.6176      
4387      14m 53s     34.2317      29.6703      27.5322      24.3774      12.1417      25.5907      
4307      14m 52s     34.0462      34.9632      31.1849      25.3863      14.5089      28.0179      
4227      14m 50s     33.5753      32.5719      24.1455      20.9182      9.1548       24.0731      
4147      14m 24s     34.7737      27.9108      14.8113      12.1414      5.5874       19.0449      
4047      14m 32s     35.1308      26.8122      14.4300      12.4267      7.1898       19.1979      
3947      14m 27s     35.8623      28.0198      14.2644      12.2878      6.6178       19.4104      
3847      14m 26s     35.2133      28.8064      15.6752      13.4836      5.2803       19.6917      
3747      14m 26s     35.5669      27.5534      14.2229      12.4945      5.8829       19.1441      
3647      14m 24s     35.3796      25.9607      12.8338      10.9278      7.0345       18.4273      
3547      14m 25s     34.8274      28.6398      16.9094      10.7439      8.3793       19.8999      
3447      14m 26s     37.5308      31.5358      20.8475      15.6713      9.1839       22.9539      
3346      14m 26s     38.2196      34.9649      28.2760      23.1734      13.6632      27.6594      
3246      14m 28s     46.7051      37.6352      33.4679      27.0898      14.0182      31.7832      
3146      14m 22s     53.4956      39.0605      35.4299      27.1189      14.0437      33.8297      
3046      14m 23s     64.2151      38.0215      39.8305      22.9665      15.1133      36.0294      
2946      14m 11s     66.7130      38.2387      39.8890      20.9666      12.9045      35.7424      
2826      14m 12s     68.3391      38.9967      39.3664      22.3755      11.3633      36.0882      
2705      14m 08s     65.8197      38.4008      37.8870      21.1748      11.4819      34.9528      
2585      14m 12s     69.2787      37.2111      41.3854      22.2277      12.4004      36.5007      
2465      14m 14s     64.9708      38.3719      41.6851      22.7451      17.4127      37.0371      
2344      14m 22s     55.6545      53.2140      57.4849      34.9950      31.3027      46.5302      
2224      14m 16s     53.6737      62.6750      76.2923      57.6276      39.9969      58.0531      
2104      14m 20s     49.2783      99.2124      117.7230     81.5264      56.7145      80.8909      
1984      14m 47s     119.3285     241.4679     279.6389     172.8724     93.6208      181.3857     
1863      14m 45s     96.5246      220.4438     257.9484     172.2138     87.3974      166.9056     
1743      13m 54s     108.5221     53.8567      56.9571      56.7820      30.4927      61.3221      
1603      13m 52s     108.7231     52.9974      57.9775      57.7174      31.0460      61.6923      
1462      13m 52s     108.4877     51.8396      58.0577      57.8930      32.8752      61.8307      
1322      13m 54s     104.0481     51.5209      62.9999      64.7712      36.8593      64.0399      
1182      14m 40s     73.9053      183.4672     265.4402     198.9034     89.2460      162.1924     
1041      14m 41s     74.6592      183.5095     272.9082     211.1215     85.0917      165.4580     
901       14m 19s     54.6392      125.6247     205.0334     179.5355     95.2776      132.0221     
761       14m 11s     56.9817      109.2126     192.2107     166.7391     110.9537     127.2196     
621       13m 33s     138.4043     81.6462      66.7332      106.3606     79.6928      94.5674      
480       13m 23s     141.0093     91.2058      64.3589      98.6774      77.7362      94.5975      
320       13m 25s     140.8676     89.3061      64.9727      101.3763     81.3163      95.5678      
160       13m 42s     117.9779     61.3686      89.3331      130.6987     84.4600      96.7676      

Exiting...
