2020-05-21 09:30:51.059612: I tensorflow/core/platform/cpu_feature_guard.cc:142] Your CPU supports instructions that this TensorFlow binary was not compiled to use: SSE4.1 SSE4.2 AVX AVX2 FMA
2020-05-21 09:30:51.075637: I tensorflow/core/platform/profile_utils/cpu_utils.cc:94] CPU Frequency: 3696000000 Hz
2020-05-21 09:30:51.076508: I tensorflow/compiler/xla/service/service.cc:168] XLA service 0x5607542d6110 executing computations on platform Host. Devices:
2020-05-21 09:30:51.076597: I tensorflow/compiler/xla/service/service.cc:175]   StreamExecutor device (0): <undefined>, <undefined>
2020-05-21 09:30:51.078883: I tensorflow/stream_executor/platform/default/dso_loader.cc:42] Successfully opened dynamic library libcuda.so.1
2020-05-21 09:30:51.245833: I tensorflow/stream_executor/cuda/cuda_gpu_executor.cc:1005] successful NUMA node read from SysFS had negative value (-1), but there must be at least one NUMA node, so returning NUMA node zero
2020-05-21 09:30:51.246195: I tensorflow/core/common_runtime/gpu/gpu_device.cc:1640] Found device 0 with properties: 
name: GeForce RTX 2080 Ti major: 7 minor: 5 memoryClockRate(GHz): 1.65
pciBusID: 0000:02:00.0
2020-05-21 09:30:51.246242: I tensorflow/stream_executor/cuda/cuda_gpu_executor.cc:1005] successful NUMA node read from SysFS had negative value (-1), but there must be at least one NUMA node, so returning NUMA node zero
2020-05-21 09:30:51.246515: I tensorflow/core/common_runtime/gpu/gpu_device.cc:1640] Found device 1 with properties: 
name: GeForce GTX 1070 Ti major: 6 minor: 1 memoryClockRate(GHz): 1.683
pciBusID: 0000:01:00.0
2020-05-21 09:30:51.247551: I tensorflow/stream_executor/platform/default/dso_loader.cc:42] Successfully opened dynamic library libcudart.so.10.1
2020-05-21 09:30:51.250356: I tensorflow/stream_executor/platform/default/dso_loader.cc:42] Successfully opened dynamic library libcublas.so.10
2020-05-21 09:30:51.252493: I tensorflow/stream_executor/platform/default/dso_loader.cc:42] Successfully opened dynamic library libcufft.so.10
2020-05-21 09:30:51.253573: I tensorflow/stream_executor/platform/default/dso_loader.cc:42] Successfully opened dynamic library libcurand.so.10
2020-05-21 09:30:51.255438: I tensorflow/stream_executor/platform/default/dso_loader.cc:42] Successfully opened dynamic library libcusolver.so.10
2020-05-21 09:30:51.256751: I tensorflow/stream_executor/platform/default/dso_loader.cc:42] Successfully opened dynamic library libcusparse.so.10
2020-05-21 09:30:51.259740: I tensorflow/stream_executor/platform/default/dso_loader.cc:42] Successfully opened dynamic library libcudnn.so.7
2020-05-21 09:30:51.259814: I tensorflow/stream_executor/cuda/cuda_gpu_executor.cc:1005] successful NUMA node read from SysFS had negative value (-1), but there must be at least one NUMA node, so returning NUMA node zero
2020-05-21 09:30:51.260195: I tensorflow/stream_executor/cuda/cuda_gpu_executor.cc:1005] successful NUMA node read from SysFS had negative value (-1), but there must be at least one NUMA node, so returning NUMA node zero
2020-05-21 09:30:51.260497: I tensorflow/stream_executor/cuda/cuda_gpu_executor.cc:1005] successful NUMA node read from SysFS had negative value (-1), but there must be at least one NUMA node, so returning NUMA node zero
2020-05-21 09:30:51.260836: I tensorflow/stream_executor/cuda/cuda_gpu_executor.cc:1005] successful NUMA node read from SysFS had negative value (-1), but there must be at least one NUMA node, so returning NUMA node zero
2020-05-21 09:30:51.261111: I tensorflow/core/common_runtime/gpu/gpu_device.cc:1763] Adding visible gpu devices: 0, 1
2020-05-21 09:30:51.261130: I tensorflow/stream_executor/platform/default/dso_loader.cc:42] Successfully opened dynamic library libcudart.so.10.1
2020-05-21 09:30:51.261977: I tensorflow/core/common_runtime/gpu/gpu_device.cc:1181] Device interconnect StreamExecutor with strength 1 edge matrix:
2020-05-21 09:30:51.261987: I tensorflow/core/common_runtime/gpu/gpu_device.cc:1187]      0 1 
2020-05-21 09:30:51.261994: I tensorflow/core/common_runtime/gpu/gpu_device.cc:1200] 0:   N N 
2020-05-21 09:30:51.262002: I tensorflow/core/common_runtime/gpu/gpu_device.cc:1200] 1:   N N 
2020-05-21 09:30:51.262078: I tensorflow/stream_executor/cuda/cuda_gpu_executor.cc:1005] successful NUMA node read from SysFS had negative value (-1), but there must be at least one NUMA node, so returning NUMA node zero
2020-05-21 09:30:51.262419: I tensorflow/stream_executor/cuda/cuda_gpu_executor.cc:1005] successful NUMA node read from SysFS had negative value (-1), but there must be at least one NUMA node, so returning NUMA node zero
2020-05-21 09:30:51.262720: I tensorflow/stream_executor/cuda/cuda_gpu_executor.cc:1005] successful NUMA node read from SysFS had negative value (-1), but there must be at least one NUMA node, so returning NUMA node zero
2020-05-21 09:30:51.263062: I tensorflow/stream_executor/cuda/cuda_gpu_executor.cc:1005] successful NUMA node read from SysFS had negative value (-1), but there must be at least one NUMA node, so returning NUMA node zero
2020-05-21 09:30:51.263392: I tensorflow/core/common_runtime/gpu/gpu_device.cc:1326] Created TensorFlow device (/job:localhost/replica:0/task:0/device:GPU:0 with 10311 MB memory) -> physical GPU (device: 0, name: GeForce RTX 2080 Ti, pci bus id: 0000:02:00.0, compute capability: 7.5)
2020-05-21 09:30:51.263920: I tensorflow/stream_executor/cuda/cuda_gpu_executor.cc:1005] successful NUMA node read from SysFS had negative value (-1), but there must be at least one NUMA node, so returning NUMA node zero
2020-05-21 09:30:51.264223: I tensorflow/stream_executor/cuda/cuda_gpu_executor.cc:1005] successful NUMA node read from SysFS had negative value (-1), but there must be at least one NUMA node, so returning NUMA node zero
2020-05-21 09:30:51.264501: I tensorflow/core/common_runtime/gpu/gpu_device.cc:1326] Created TensorFlow device (/job:localhost/replica:0/task:0/device:GPU:1 with 7507 MB memory) -> physical GPU (device: 1, name: GeForce GTX 1070 Ti, pci bus id: 0000:01:00.0, compute capability: 6.1)
2020-05-21 09:30:51.265709: I tensorflow/compiler/xla/service/service.cc:168] XLA service 0x560755618ba0 executing computations on platform CUDA. Devices:
2020-05-21 09:30:51.265721: I tensorflow/compiler/xla/service/service.cc:175]   StreamExecutor device (0): GeForce RTX 2080 Ti, Compute Capability 7.5
2020-05-21 09:30:51.265726: I tensorflow/compiler/xla/service/service.cc:175]   StreamExecutor device (1): GeForce GTX 1070 Ti, Compute Capability 6.1
/home/mehfo331/.conda/envs/thesis/lib/python3.6/site-packages/tensorflow/python/framework/dtypes.py:516: FutureWarning: Passing (type, 1) or '1type' as a synonym of type is deprecated; in a future version of numpy, it will be understood as (type, (1,)) / '(1,)type'.
  _np_qint8 = np.dtype([("qint8", np.int8, 1)])
/home/mehfo331/.conda/envs/thesis/lib/python3.6/site-packages/tensorflow/python/framework/dtypes.py:517: FutureWarning: Passing (type, 1) or '1type' as a synonym of type is deprecated; in a future version of numpy, it will be understood as (type, (1,)) / '(1,)type'.
  _np_quint8 = np.dtype([("quint8", np.uint8, 1)])
/home/mehfo331/.conda/envs/thesis/lib/python3.6/site-packages/tensorflow/python/framework/dtypes.py:518: FutureWarning: Passing (type, 1) or '1type' as a synonym of type is deprecated; in a future version of numpy, it will be understood as (type, (1,)) / '(1,)type'.
  _np_qint16 = np.dtype([("qint16", np.int16, 1)])
/home/mehfo331/.conda/envs/thesis/lib/python3.6/site-packages/tensorflow/python/framework/dtypes.py:519: FutureWarning: Passing (type, 1) or '1type' as a synonym of type is deprecated; in a future version of numpy, it will be understood as (type, (1,)) / '(1,)type'.
  _np_quint16 = np.dtype([("quint16", np.uint16, 1)])
/home/mehfo331/.conda/envs/thesis/lib/python3.6/site-packages/tensorflow/python/framework/dtypes.py:520: FutureWarning: Passing (type, 1) or '1type' as a synonym of type is deprecated; in a future version of numpy, it will be understood as (type, (1,)) / '(1,)type'.
  _np_qint32 = np.dtype([("qint32", np.int32, 1)])
/home/mehfo331/.conda/envs/thesis/lib/python3.6/site-packages/tensorflow/python/framework/dtypes.py:525: FutureWarning: Passing (type, 1) or '1type' as a synonym of type is deprecated; in a future version of numpy, it will be understood as (type, (1,)) / '(1,)type'.
  np_resource = np.dtype([("resource", np.ubyte, 1)])
/home/mehfo331/.conda/envs/thesis/lib/python3.6/site-packages/tensorboard/compat/tensorflow_stub/dtypes.py:541: FutureWarning: Passing (type, 1) or '1type' as a synonym of type is deprecated; in a future version of numpy, it will be understood as (type, (1,)) / '(1,)type'.
  _np_qint8 = np.dtype([("qint8", np.int8, 1)])
/home/mehfo331/.conda/envs/thesis/lib/python3.6/site-packages/tensorboard/compat/tensorflow_stub/dtypes.py:542: FutureWarning: Passing (type, 1) or '1type' as a synonym of type is deprecated; in a future version of numpy, it will be understood as (type, (1,)) / '(1,)type'.
  _np_quint8 = np.dtype([("quint8", np.uint8, 1)])
/home/mehfo331/.conda/envs/thesis/lib/python3.6/site-packages/tensorboard/compat/tensorflow_stub/dtypes.py:543: FutureWarning: Passing (type, 1) or '1type' as a synonym of type is deprecated; in a future version of numpy, it will be understood as (type, (1,)) / '(1,)type'.
  _np_qint16 = np.dtype([("qint16", np.int16, 1)])
/home/mehfo331/.conda/envs/thesis/lib/python3.6/site-packages/tensorboard/compat/tensorflow_stub/dtypes.py:544: FutureWarning: Passing (type, 1) or '1type' as a synonym of type is deprecated; in a future version of numpy, it will be understood as (type, (1,)) / '(1,)type'.
  _np_quint16 = np.dtype([("quint16", np.uint16, 1)])
/home/mehfo331/.conda/envs/thesis/lib/python3.6/site-packages/tensorboard/compat/tensorflow_stub/dtypes.py:545: FutureWarning: Passing (type, 1) or '1type' as a synonym of type is deprecated; in a future version of numpy, it will be understood as (type, (1,)) / '(1,)type'.
  _np_qint32 = np.dtype([("qint32", np.int32, 1)])
/home/mehfo331/.conda/envs/thesis/lib/python3.6/site-packages/tensorboard/compat/tensorflow_stub/dtypes.py:550: FutureWarning: Passing (type, 1) or '1type' as a synonym of type is deprecated; in a future version of numpy, it will be understood as (type, (1,)) / '(1,)type'.
  np_resource = np.dtype([("resource", np.ubyte, 1)])
Using TensorFlow backend.
WARNING:tensorflow:From segmentation.py:20: The name tf.keras.backend.set_session is deprecated. Please use tf.compat.v1.keras.backend.set_session instead.

WARNING:tensorflow:From segmentation.py:33: The name tf.ConfigProto is deprecated. Please use tf.compat.v1.ConfigProto instead.

WARNING:tensorflow:From segmentation.py:35: The name tf.Session is deprecated. Please use tf.compat.v1.Session instead.

2020-05-21 09:30:51.266517: I tensorflow/stream_executor/cuda/cuda_gpu_executor.cc:1005] successful NUMA node read from SysFS had negative value (-1), but there must be at least one NUMA node, so returning NUMA node zero
2020-05-21 09:30:51.266846: I tensorflow/core/common_runtime/gpu/gpu_device.cc:1640] Found device 0 with properties: 
name: GeForce RTX 2080 Ti major: 7 minor: 5 memoryClockRate(GHz): 1.65
pciBusID: 0000:02:00.0
2020-05-21 09:30:51.266881: I tensorflow/stream_executor/cuda/cuda_gpu_executor.cc:1005] successful NUMA node read from SysFS had negative value (-1), but there must be at least one NUMA node, so returning NUMA node zero
2020-05-21 09:30:51.267152: I tensorflow/core/common_runtime/gpu/gpu_device.cc:1640] Found device 1 with properties: 
name: GeForce GTX 1070 Ti major: 6 minor: 1 memoryClockRate(GHz): 1.683
pciBusID: 0000:01:00.0
2020-05-21 09:30:51.267169: I tensorflow/stream_executor/platform/default/dso_loader.cc:42] Successfully opened dynamic library libcudart.so.10.1
2020-05-21 09:30:51.267178: I tensorflow/stream_executor/platform/default/dso_loader.cc:42] Successfully opened dynamic library libcublas.so.10
2020-05-21 09:30:51.267186: I tensorflow/stream_executor/platform/default/dso_loader.cc:42] Successfully opened dynamic library libcufft.so.10
2020-05-21 09:30:51.267194: I tensorflow/stream_executor/platform/default/dso_loader.cc:42] Successfully opened dynamic library libcurand.so.10
2020-05-21 09:30:51.267201: I tensorflow/stream_executor/platform/default/dso_loader.cc:42] Successfully opened dynamic library libcusolver.so.10
2020-05-21 09:30:51.267211: I tensorflow/stream_executor/platform/default/dso_loader.cc:42] Successfully opened dynamic library libcusparse.so.10
2020-05-21 09:30:51.267220: I tensorflow/stream_executor/platform/default/dso_loader.cc:42] Successfully opened dynamic library libcudnn.so.7
2020-05-21 09:30:51.267250: I tensorflow/stream_executor/cuda/cuda_gpu_executor.cc:1005] successful NUMA node read from SysFS had negative value (-1), but there must be at least one NUMA node, so returning NUMA node zero
2020-05-21 09:30:51.267623: I tensorflow/stream_executor/cuda/cuda_gpu_executor.cc:1005] successful NUMA node read from SysFS had negative value (-1), but there must be at least one NUMA node, so returning NUMA node zero
2020-05-21 09:30:51.267917: I tensorflow/stream_executor/cuda/cuda_gpu_executor.cc:1005] successful NUMA node read from SysFS had negative value (-1), but there must be at least one NUMA node, so returning NUMA node zero
2020-05-21 09:30:51.268251: I tensorflow/stream_executor/cuda/cuda_gpu_executor.cc:1005] successful NUMA node read from SysFS had negative value (-1), but there must be at least one NUMA node, so returning NUMA node zero
2020-05-21 09:30:51.268520: I tensorflow/core/common_runtime/gpu/gpu_device.cc:1763] Adding visible gpu devices: 0, 1
2020-05-21 09:30:51.268541: I tensorflow/core/common_runtime/gpu/gpu_device.cc:1181] Device interconnect StreamExecutor with strength 1 edge matrix:
2020-05-21 09:30:51.268547: I tensorflow/core/common_runtime/gpu/gpu_device.cc:1187]      0 1 
2020-05-21 09:30:51.268552: I tensorflow/core/common_runtime/gpu/gpu_device.cc:1200] 0:   N N 
2020-05-21 09:30:51.268555: I tensorflow/core/common_runtime/gpu/gpu_device.cc:1200] 1:   N N 
2020-05-21 09:30:51.268610: I tensorflow/stream_executor/cuda/cuda_gpu_executor.cc:1005] successful NUMA node read from SysFS had negative value (-1), but there must be at least one NUMA node, so returning NUMA node zero
2020-05-21 09:30:51.268947: I tensorflow/stream_executor/cuda/cuda_gpu_executor.cc:1005] successful NUMA node read from SysFS had negative value (-1), but there must be at least one NUMA node, so returning NUMA node zero
2020-05-21 09:30:51.269242: I tensorflow/stream_executor/cuda/cuda_gpu_executor.cc:1005] successful NUMA node read from SysFS had negative value (-1), but there must be at least one NUMA node, so returning NUMA node zero
2020-05-21 09:30:51.269563: I tensorflow/core/common_runtime/gpu/gpu_device.cc:1326] Created TensorFlow device (/job:localhost/replica:0/task:0/device:GPU:0 with 10311 MB memory) -> physical GPU (device: 0, name: GeForce RTX 2080 Ti, pci bus id: 0000:02:00.0, compute capability: 7.5)
2020-05-21 09:30:51.269599: I tensorflow/stream_executor/cuda/cuda_gpu_executor.cc:1005] successful NUMA node read from SysFS had negative value (-1), but there must be at least one NUMA node, so returning NUMA node zero
2020-05-21 09:30:51.269874: I tensorflow/core/common_runtime/gpu/gpu_device.cc:1326] Created TensorFlow device (/job:localhost/replica:0/task:0/device:GPU:1 with 7507 MB memory) -> physical GPU (device: 1, name: GeForce GTX 1070 Ti, pci bus id: 0000:01:00.0, compute capability: 6.1)
WARNING:tensorflow:From /home/mehfo331/.conda/envs/thesis/lib/python3.6/site-packages/keras/backend/tensorflow_backend.py:74: The name tf.get_default_graph is deprecated. Please use tf.compat.v1.get_default_graph instead.

WARNING:tensorflow:From /home/mehfo331/.conda/envs/thesis/lib/python3.6/site-packages/keras/backend/tensorflow_backend.py:517: The name tf.placeholder is deprecated. Please use tf.compat.v1.placeholder instead.

WARNING:tensorflow:From /home/mehfo331/.conda/envs/thesis/lib/python3.6/site-packages/keras/backend/tensorflow_backend.py:4185: The name tf.truncated_normal is deprecated. Please use tf.random.truncated_normal instead.

WARNING:tensorflow:From /home/mehfo331/.conda/envs/thesis/lib/python3.6/site-packages/keras/backend/tensorflow_backend.py:1834: The name tf.nn.fused_batch_norm is deprecated. Please use tf.compat.v1.nn.fused_batch_norm instead.

WARNING:tensorflow:From /home/mehfo331/.conda/envs/thesis/lib/python3.6/site-packages/keras/backend/tensorflow_backend.py:3976: The name tf.nn.max_pool is deprecated. Please use tf.nn.max_pool2d instead.

WARNING:tensorflow:From /home/mehfo331/.conda/envs/thesis/lib/python3.6/site-packages/keras/backend/tensorflow_backend.py:3445: calling dropout (from tensorflow.python.ops.nn_ops) with keep_prob is deprecated and will be removed in a future version.
Instructions for updating:
Please use `rate` instead of `keep_prob`. Rate should be set to `rate = 1 - keep_prob`.
WARNING:tensorflow:From /home/mehfo331/.conda/envs/thesis/lib/python3.6/site-packages/keras/optimizers.py:790: The name tf.train.Optimizer is deprecated. Please use tf.compat.v1.train.Optimizer instead.

2020-05-21 09:31:32.030830: I tensorflow/stream_executor/platform/default/dso_loader.cc:42] Successfully opened dynamic library libcudnn.so.7

Training 7 classes with 30996 real images and 4956 GAN images:

Epoch 1/150
 - 1011s - loss: 0.5187 - weighted_dice_loss: 0.5205 - val_loss: 0.4053 - val_weighted_dice_loss: 0.4079

Epoch 00001: val_weighted_dice_loss improved from inf to 0.40791, saving model to /nobackup/data/mehfo331/Code/Unet-weights/U-net_weights_GAN_(5k).h5
Epoch 2/150
 - 972s - loss: 0.4001 - weighted_dice_loss: 0.4024 - val_loss: 0.4085 - val_weighted_dice_loss: 0.4109

Epoch 00002: val_weighted_dice_loss did not improve from 0.40791
Epoch 3/150
 - 972s - loss: 0.3771 - weighted_dice_loss: 0.3792 - val_loss: 0.3654 - val_weighted_dice_loss: 0.3677

Epoch 00003: val_weighted_dice_loss improved from 0.40791 to 0.36773, saving model to /nobackup/data/mehfo331/Code/Unet-weights/U-net_weights_GAN_(5k).h5
Epoch 4/150
 - 973s - loss: 0.2946 - weighted_dice_loss: 0.2967 - val_loss: 0.2832 - val_weighted_dice_loss: 0.2855

Epoch 00004: val_weighted_dice_loss improved from 0.36773 to 0.28547, saving model to /nobackup/data/mehfo331/Code/Unet-weights/U-net_weights_GAN_(5k).h5
Epoch 5/150
 - 973s - loss: 0.2681 - weighted_dice_loss: 0.2702 - val_loss: 0.3144 - val_weighted_dice_loss: 0.3162

Epoch 00005: val_weighted_dice_loss did not improve from 0.28547
Epoch 6/150
 - 973s - loss: 0.2602 - weighted_dice_loss: 0.2622 - val_loss: 0.2649 - val_weighted_dice_loss: 0.2669

Epoch 00006: val_weighted_dice_loss improved from 0.28547 to 0.26688, saving model to /nobackup/data/mehfo331/Code/Unet-weights/U-net_weights_GAN_(5k).h5
Epoch 7/150
 - 973s - loss: 0.2539 - weighted_dice_loss: 0.2559 - val_loss: 0.2588 - val_weighted_dice_loss: 0.2609

Epoch 00007: val_weighted_dice_loss improved from 0.26688 to 0.26090, saving model to /nobackup/data/mehfo331/Code/Unet-weights/U-net_weights_GAN_(5k).h5
Epoch 8/150
 - 973s - loss: 0.2500 - weighted_dice_loss: 0.2519 - val_loss: 0.2567 - val_weighted_dice_loss: 0.2588

Epoch 00008: val_weighted_dice_loss improved from 0.26090 to 0.25878, saving model to /nobackup/data/mehfo331/Code/Unet-weights/U-net_weights_GAN_(5k).h5
Epoch 9/150
 - 973s - loss: 0.2443 - weighted_dice_loss: 0.2462 - val_loss: 0.2708 - val_weighted_dice_loss: 0.2728

Epoch 00009: val_weighted_dice_loss did not improve from 0.25878
Epoch 10/150
 - 973s - loss: 0.2412 - weighted_dice_loss: 0.2431 - val_loss: 0.2450 - val_weighted_dice_loss: 0.2469

Epoch 00010: val_weighted_dice_loss improved from 0.25878 to 0.24694, saving model to /nobackup/data/mehfo331/Code/Unet-weights/U-net_weights_GAN_(5k).h5
Epoch 11/150
 - 973s - loss: 0.2373 - weighted_dice_loss: 0.2392 - val_loss: 0.2438 - val_weighted_dice_loss: 0.2458

Epoch 00011: val_weighted_dice_loss improved from 0.24694 to 0.24580, saving model to /nobackup/data/mehfo331/Code/Unet-weights/U-net_weights_GAN_(5k).h5
Epoch 12/150
 - 973s - loss: 0.2348 - weighted_dice_loss: 0.2367 - val_loss: 0.2342 - val_weighted_dice_loss: 0.2361

Epoch 00012: val_weighted_dice_loss improved from 0.24580 to 0.23611, saving model to /nobackup/data/mehfo331/Code/Unet-weights/U-net_weights_GAN_(5k).h5
Epoch 13/150
 - 973s - loss: 0.2314 - weighted_dice_loss: 0.2333 - val_loss: 0.2733 - val_weighted_dice_loss: 0.2755

Epoch 00013: val_weighted_dice_loss did not improve from 0.23611
Epoch 14/150
 - 973s - loss: 0.2284 - weighted_dice_loss: 0.2303 - val_loss: 0.2306 - val_weighted_dice_loss: 0.2325

Epoch 00014: val_weighted_dice_loss improved from 0.23611 to 0.23249, saving model to /nobackup/data/mehfo331/Code/Unet-weights/U-net_weights_GAN_(5k).h5
Epoch 15/150
 - 973s - loss: 0.2254 - weighted_dice_loss: 0.2272 - val_loss: 0.2406 - val_weighted_dice_loss: 0.2425

Epoch 00015: val_weighted_dice_loss did not improve from 0.23249
Epoch 16/150
 - 973s - loss: 0.2237 - weighted_dice_loss: 0.2255 - val_loss: 0.2367 - val_weighted_dice_loss: 0.2387

Epoch 00016: val_weighted_dice_loss did not improve from 0.23249
Epoch 17/150
 - 973s - loss: 0.2207 - weighted_dice_loss: 0.2225 - val_loss: 0.2327 - val_weighted_dice_loss: 0.2346

Epoch 00017: val_weighted_dice_loss did not improve from 0.23249
Epoch 18/150
 - 973s - loss: 0.2187 - weighted_dice_loss: 0.2204 - val_loss: 0.2293 - val_weighted_dice_loss: 0.2311

Epoch 00018: val_weighted_dice_loss improved from 0.23249 to 0.23114, saving model to /nobackup/data/mehfo331/Code/Unet-weights/U-net_weights_GAN_(5k).h5
Epoch 19/150
 - 974s - loss: 0.2165 - weighted_dice_loss: 0.2182 - val_loss: 0.2322 - val_weighted_dice_loss: 0.2340

Epoch 00019: val_weighted_dice_loss did not improve from 0.23114
Epoch 20/150
 - 973s - loss: 0.2150 - weighted_dice_loss: 0.2167 - val_loss: 0.2351 - val_weighted_dice_loss: 0.2370

Epoch 00020: val_weighted_dice_loss did not improve from 0.23114
Epoch 21/150
 - 973s - loss: 0.2127 - weighted_dice_loss: 0.2143 - val_loss: 0.2300 - val_weighted_dice_loss: 0.2319

Epoch 00021: val_weighted_dice_loss did not improve from 0.23114
Epoch 22/150
 - 973s - loss: 0.2112 - weighted_dice_loss: 0.2129 - val_loss: 0.2182 - val_weighted_dice_loss: 0.2199

Epoch 00022: val_weighted_dice_loss improved from 0.23114 to 0.21994, saving model to /nobackup/data/mehfo331/Code/Unet-weights/U-net_weights_GAN_(5k).h5
Epoch 23/150
 - 973s - loss: 0.2089 - weighted_dice_loss: 0.2105 - val_loss: 0.2196 - val_weighted_dice_loss: 0.2214

Epoch 00023: val_weighted_dice_loss did not improve from 0.21994
Epoch 24/150
 - 974s - loss: 0.2075 - weighted_dice_loss: 0.2092 - val_loss: 0.2200 - val_weighted_dice_loss: 0.2218

Epoch 00024: val_weighted_dice_loss did not improve from 0.21994
Epoch 25/150
 - 973s - loss: 0.2059 - weighted_dice_loss: 0.2075 - val_loss: 0.2276 - val_weighted_dice_loss: 0.2295

Epoch 00025: val_weighted_dice_loss did not improve from 0.21994
Epoch 26/150
 - 973s - loss: 0.2044 - weighted_dice_loss: 0.2061 - val_loss: 0.2210 - val_weighted_dice_loss: 0.2227

Epoch 00026: val_weighted_dice_loss did not improve from 0.21994
Epoch 27/150
 - 973s - loss: 0.2033 - weighted_dice_loss: 0.2049 - val_loss: 0.2143 - val_weighted_dice_loss: 0.2161

Epoch 00027: val_weighted_dice_loss improved from 0.21994 to 0.21606, saving model to /nobackup/data/mehfo331/Code/Unet-weights/U-net_weights_GAN_(5k).h5
Epoch 28/150
 - 973s - loss: 0.2021 - weighted_dice_loss: 0.2037 - val_loss: 0.2180 - val_weighted_dice_loss: 0.2199

Epoch 00028: val_weighted_dice_loss did not improve from 0.21606
Epoch 29/150
 - 973s - loss: 0.2007 - weighted_dice_loss: 0.2023 - val_loss: 0.2178 - val_weighted_dice_loss: 0.2195

Epoch 00029: val_weighted_dice_loss did not improve from 0.21606
Epoch 30/150
 - 975s - loss: 0.1991 - weighted_dice_loss: 0.2007 - val_loss: 0.2077 - val_weighted_dice_loss: 0.2094

Epoch 00030: val_weighted_dice_loss improved from 0.21606 to 0.20941, saving model to /nobackup/data/mehfo331/Code/Unet-weights/U-net_weights_GAN_(5k).h5
Epoch 31/150
 - 973s - loss: 0.1981 - weighted_dice_loss: 0.1997 - val_loss: 0.2200 - val_weighted_dice_loss: 0.2218

Epoch 00031: val_weighted_dice_loss did not improve from 0.20941
Epoch 32/150
 - 973s - loss: 0.1970 - weighted_dice_loss: 0.1985 - val_loss: 0.2283 - val_weighted_dice_loss: 0.2302

Epoch 00032: val_weighted_dice_loss did not improve from 0.20941
Epoch 33/150
 - 974s - loss: 0.1961 - weighted_dice_loss: 0.1976 - val_loss: 0.2232 - val_weighted_dice_loss: 0.2250

Epoch 00033: val_weighted_dice_loss did not improve from 0.20941
Epoch 34/150
 - 973s - loss: 0.1948 - weighted_dice_loss: 0.1964 - val_loss: 0.2071 - val_weighted_dice_loss: 0.2088

Epoch 00034: val_weighted_dice_loss improved from 0.20941 to 0.20881, saving model to /nobackup/data/mehfo331/Code/Unet-weights/U-net_weights_GAN_(5k).h5
Epoch 35/150
 - 973s - loss: 0.1939 - weighted_dice_loss: 0.1954 - val_loss: 0.2231 - val_weighted_dice_loss: 0.2249

Epoch 00035: val_weighted_dice_loss did not improve from 0.20881
Epoch 36/150
 - 974s - loss: 0.1928 - weighted_dice_loss: 0.1944 - val_loss: 0.2057 - val_weighted_dice_loss: 0.2074

Epoch 00036: val_weighted_dice_loss improved from 0.20881 to 0.20738, saving model to /nobackup/data/mehfo331/Code/Unet-weights/U-net_weights_GAN_(5k).h5
Epoch 37/150
 - 973s - loss: 0.1921 - weighted_dice_loss: 0.1936 - val_loss: 0.2181 - val_weighted_dice_loss: 0.2199

Epoch 00037: val_weighted_dice_loss did not improve from 0.20738
Epoch 38/150
 - 972s - loss: 0.1910 - weighted_dice_loss: 0.1925 - val_loss: 0.2019 - val_weighted_dice_loss: 0.2035

Epoch 00038: val_weighted_dice_loss improved from 0.20738 to 0.20351, saving model to /nobackup/data/mehfo331/Code/Unet-weights/U-net_weights_GAN_(5k).h5
Epoch 39/150
 - 974s - loss: 0.1901 - weighted_dice_loss: 0.1916 - val_loss: 0.2015 - val_weighted_dice_loss: 0.2032

Epoch 00039: val_weighted_dice_loss improved from 0.20351 to 0.20318, saving model to /nobackup/data/mehfo331/Code/Unet-weights/U-net_weights_GAN_(5k).h5
Epoch 40/150
 - 973s - loss: 0.1894 - weighted_dice_loss: 0.1909 - val_loss: 0.1999 - val_weighted_dice_loss: 0.2016

Epoch 00040: val_weighted_dice_loss improved from 0.20318 to 0.20159, saving model to /nobackup/data/mehfo331/Code/Unet-weights/U-net_weights_GAN_(5k).h5
Epoch 41/150
 - 973s - loss: 0.1882 - weighted_dice_loss: 0.1897 - val_loss: 0.3684 - val_weighted_dice_loss: 0.3729

Epoch 00041: val_weighted_dice_loss did not improve from 0.20159
Epoch 42/150
 - 973s - loss: 0.1876 - weighted_dice_loss: 0.1891 - val_loss: 0.2012 - val_weighted_dice_loss: 0.2028

Epoch 00042: val_weighted_dice_loss did not improve from 0.20159
Epoch 43/150
 - 974s - loss: 0.1871 - weighted_dice_loss: 0.1886 - val_loss: 0.2007 - val_weighted_dice_loss: 0.2024

Epoch 00043: val_weighted_dice_loss did not improve from 0.20159
Epoch 44/150
 - 976s - loss: 0.1861 - weighted_dice_loss: 0.1876 - val_loss: 0.1977 - val_weighted_dice_loss: 0.1993

Epoch 00044: val_weighted_dice_loss improved from 0.20159 to 0.19935, saving model to /nobackup/data/mehfo331/Code/Unet-weights/U-net_weights_GAN_(5k).h5
Epoch 45/150
 - 975s - loss: 0.1857 - weighted_dice_loss: 0.1872 - val_loss: 0.2129 - val_weighted_dice_loss: 0.2147

Epoch 00045: val_weighted_dice_loss did not improve from 0.19935
Epoch 46/150
 - 977s - loss: 0.1845 - weighted_dice_loss: 0.1860 - val_loss: 0.1972 - val_weighted_dice_loss: 0.1988
