nohup: ignoring input
2020-06-19 14:35:04.020079: I tensorflow/core/platform/cpu_feature_guard.cc:142] Your CPU supports instructions that this TensorFlow binary was not compiled to use: SSE4.1 SSE4.2 AVX
2020-06-19 14:35:04.033622: I tensorflow/core/platform/profile_utils/cpu_utils.cc:94] CPU Frequency: 3602270000 Hz
2020-06-19 14:35:04.034747: I tensorflow/compiler/xla/service/service.cc:168] XLA service 0x56257490c380 executing computations on platform Host. Devices:
2020-06-19 14:35:04.034811: I tensorflow/compiler/xla/service/service.cc:175]   StreamExecutor device (0): <undefined>, <undefined>
2020-06-19 14:35:04.036554: I tensorflow/stream_executor/platform/default/dso_loader.cc:42] Successfully opened dynamic library libcuda.so.1
2020-06-19 14:35:04.058456: I tensorflow/stream_executor/cuda/cuda_gpu_executor.cc:1005] successful NUMA node read from SysFS had negative value (-1), but there must be at least one NUMA node, so returning NUMA node zero
2020-06-19 14:35:04.059536: I tensorflow/core/common_runtime/gpu/gpu_device.cc:1640] Found device 0 with properties: 
name: GeForce GTX 1080 major: 6 minor: 1 memoryClockRate(GHz): 1.7335
pciBusID: 0000:01:00.0
2020-06-19 14:35:04.061277: I tensorflow/stream_executor/platform/default/dso_loader.cc:42] Successfully opened dynamic library libcudart.so.10.1
2020-06-19 14:35:04.067355: I tensorflow/stream_executor/platform/default/dso_loader.cc:42] Successfully opened dynamic library libcublas.so.10
2020-06-19 14:35:04.071510: I tensorflow/stream_executor/platform/default/dso_loader.cc:42] Successfully opened dynamic library libcufft.so.10
2020-06-19 14:35:04.073572: I tensorflow/stream_executor/platform/default/dso_loader.cc:42] Successfully opened dynamic library libcurand.so.10
2020-06-19 14:35:04.078215: I tensorflow/stream_executor/platform/default/dso_loader.cc:42] Successfully opened dynamic library libcusolver.so.10
2020-06-19 14:35:04.081172: I tensorflow/stream_executor/platform/default/dso_loader.cc:42] Successfully opened dynamic library libcusparse.so.10
2020-06-19 14:35:04.089267: I tensorflow/stream_executor/platform/default/dso_loader.cc:42] Successfully opened dynamic library libcudnn.so.7
2020-06-19 14:35:04.089468: I tensorflow/stream_executor/cuda/cuda_gpu_executor.cc:1005] successful NUMA node read from SysFS had negative value (-1), but there must be at least one NUMA node, so returning NUMA node zero
2020-06-19 14:35:04.090540: I tensorflow/stream_executor/cuda/cuda_gpu_executor.cc:1005] successful NUMA node read from SysFS had negative value (-1), but there must be at least one NUMA node, so returning NUMA node zero
2020-06-19 14:35:04.091496: I tensorflow/core/common_runtime/gpu/gpu_device.cc:1763] Adding visible gpu devices: 0
2020-06-19 14:35:04.091559: I tensorflow/stream_executor/platform/default/dso_loader.cc:42] Successfully opened dynamic library libcudart.so.10.1
2020-06-19 14:35:04.185354: I tensorflow/core/common_runtime/gpu/gpu_device.cc:1181] Device interconnect StreamExecutor with strength 1 edge matrix:
2020-06-19 14:35:04.185405: I tensorflow/core/common_runtime/gpu/gpu_device.cc:1187]      0 
2020-06-19 14:35:04.185423: I tensorflow/core/common_runtime/gpu/gpu_device.cc:1200] 0:   N 
2020-06-19 14:35:04.185610: I tensorflow/stream_executor/cuda/cuda_gpu_executor.cc:1005] successful NUMA node read from SysFS had negative value (-1), but there must be at least one NUMA node, so returning NUMA node zero
2020-06-19 14:35:04.186228: I tensorflow/stream_executor/cuda/cuda_gpu_executor.cc:1005] successful NUMA node read from SysFS had negative value (-1), but there must be at least one NUMA node, so returning NUMA node zero
2020-06-19 14:35:04.186814: I tensorflow/stream_executor/cuda/cuda_gpu_executor.cc:1005] successful NUMA node read from SysFS had negative value (-1), but there must be at least one NUMA node, so returning NUMA node zero
2020-06-19 14:35:04.187379: I tensorflow/core/common_runtime/gpu/gpu_device.cc:1326] Created TensorFlow device (/job:localhost/replica:0/task:0/device:GPU:0 with 7565 MB memory) -> physical GPU (device: 0, name: GeForce GTX 1080, pci bus id: 0000:01:00.0, compute capability: 6.1)
2020-06-19 14:35:04.189674: I tensorflow/compiler/xla/service/service.cc:168] XLA service 0x562575409c00 executing computations on platform CUDA. Devices:
2020-06-19 14:35:04.189700: I tensorflow/compiler/xla/service/service.cc:175]   StreamExecutor device (0): GeForce GTX 1080, Compute Capability 6.1
/home/mehfo331/.conda/envs/thesis/lib/python3.6/site-packages/tensorflow/python/framework/dtypes.py:516: FutureWarning: Passing (type, 1) or '1type' as a synonym of type is deprecated; in a future version of numpy, it will be understood as (type, (1,)) / '(1,)type'.
  _np_qint8 = np.dtype([("qint8", np.int8, 1)])
/home/mehfo331/.conda/envs/thesis/lib/python3.6/site-packages/tensorflow/python/framework/dtypes.py:517: FutureWarning: Passing (type, 1) or '1type' as a synonym of type is deprecated; in a future version of numpy, it will be understood as (type, (1,)) / '(1,)type'.
  _np_quint8 = np.dtype([("quint8", np.uint8, 1)])
/home/mehfo331/.conda/envs/thesis/lib/python3.6/site-packages/tensorflow/python/framework/dtypes.py:518: FutureWarning: Passing (type, 1) or '1type' as a synonym of type is deprecated; in a future version of numpy, it will be understood as (type, (1,)) / '(1,)type'.
  _np_qint16 = np.dtype([("qint16", np.int16, 1)])
/home/mehfo331/.conda/envs/thesis/lib/python3.6/site-packages/tensorflow/python/framework/dtypes.py:519: FutureWarning: Passing (type, 1) or '1type' as a synonym of type is deprecated; in a future version of numpy, it will be understood as (type, (1,)) / '(1,)type'.
  _np_quint16 = np.dtype([("quint16", np.uint16, 1)])
/home/mehfo331/.conda/envs/thesis/lib/python3.6/site-packages/tensorflow/python/framework/dtypes.py:520: FutureWarning: Passing (type, 1) or '1type' as a synonym of type is deprecated; in a future version of numpy, it will be understood as (type, (1,)) / '(1,)type'.
  _np_qint32 = np.dtype([("qint32", np.int32, 1)])
/home/mehfo331/.conda/envs/thesis/lib/python3.6/site-packages/tensorflow/python/framework/dtypes.py:525: FutureWarning: Passing (type, 1) or '1type' as a synonym of type is deprecated; in a future version of numpy, it will be understood as (type, (1,)) / '(1,)type'.
  np_resource = np.dtype([("resource", np.ubyte, 1)])
/home/mehfo331/.conda/envs/thesis/lib/python3.6/site-packages/tensorboard/compat/tensorflow_stub/dtypes.py:541: FutureWarning: Passing (type, 1) or '1type' as a synonym of type is deprecated; in a future version of numpy, it will be understood as (type, (1,)) / '(1,)type'.
  _np_qint8 = np.dtype([("qint8", np.int8, 1)])
/home/mehfo331/.conda/envs/thesis/lib/python3.6/site-packages/tensorboard/compat/tensorflow_stub/dtypes.py:542: FutureWarning: Passing (type, 1) or '1type' as a synonym of type is deprecated; in a future version of numpy, it will be understood as (type, (1,)) / '(1,)type'.
  _np_quint8 = np.dtype([("quint8", np.uint8, 1)])
/home/mehfo331/.conda/envs/thesis/lib/python3.6/site-packages/tensorboard/compat/tensorflow_stub/dtypes.py:543: FutureWarning: Passing (type, 1) or '1type' as a synonym of type is deprecated; in a future version of numpy, it will be understood as (type, (1,)) / '(1,)type'.
  _np_qint16 = np.dtype([("qint16", np.int16, 1)])
/home/mehfo331/.conda/envs/thesis/lib/python3.6/site-packages/tensorboard/compat/tensorflow_stub/dtypes.py:544: FutureWarning: Passing (type, 1) or '1type' as a synonym of type is deprecated; in a future version of numpy, it will be understood as (type, (1,)) / '(1,)type'.
  _np_quint16 = np.dtype([("quint16", np.uint16, 1)])
/home/mehfo331/.conda/envs/thesis/lib/python3.6/site-packages/tensorboard/compat/tensorflow_stub/dtypes.py:545: FutureWarning: Passing (type, 1) or '1type' as a synonym of type is deprecated; in a future version of numpy, it will be understood as (type, (1,)) / '(1,)type'.
  _np_qint32 = np.dtype([("qint32", np.int32, 1)])
/home/mehfo331/.conda/envs/thesis/lib/python3.6/site-packages/tensorboard/compat/tensorflow_stub/dtypes.py:550: FutureWarning: Passing (type, 1) or '1type' as a synonym of type is deprecated; in a future version of numpy, it will be understood as (type, (1,)) / '(1,)type'.
  np_resource = np.dtype([("resource", np.ubyte, 1)])
Using TensorFlow backend.
WARNING:tensorflow:From segmentation.py:20: The name tf.keras.backend.set_session is deprecated. Please use tf.compat.v1.keras.backend.set_session instead.

WARNING:tensorflow:From segmentation.py:33: The name tf.ConfigProto is deprecated. Please use tf.compat.v1.ConfigProto instead.

WARNING:tensorflow:From segmentation.py:35: The name tf.Session is deprecated. Please use tf.compat.v1.Session instead.

2020-06-19 14:35:04.191135: I tensorflow/stream_executor/cuda/cuda_gpu_executor.cc:1005] successful NUMA node read from SysFS had negative value (-1), but there must be at least one NUMA node, so returning NUMA node zero
2020-06-19 14:35:04.191681: I tensorflow/core/common_runtime/gpu/gpu_device.cc:1640] Found device 0 with properties: 
name: GeForce GTX 1080 major: 6 minor: 1 memoryClockRate(GHz): 1.7335
pciBusID: 0000:01:00.0
2020-06-19 14:35:04.191724: I tensorflow/stream_executor/platform/default/dso_loader.cc:42] Successfully opened dynamic library libcudart.so.10.1
2020-06-19 14:35:04.191749: I tensorflow/stream_executor/platform/default/dso_loader.cc:42] Successfully opened dynamic library libcublas.so.10
2020-06-19 14:35:04.191771: I tensorflow/stream_executor/platform/default/dso_loader.cc:42] Successfully opened dynamic library libcufft.so.10
2020-06-19 14:35:04.191792: I tensorflow/stream_executor/platform/default/dso_loader.cc:42] Successfully opened dynamic library libcurand.so.10
2020-06-19 14:35:04.191813: I tensorflow/stream_executor/platform/default/dso_loader.cc:42] Successfully opened dynamic library libcusolver.so.10
2020-06-19 14:35:04.191834: I tensorflow/stream_executor/platform/default/dso_loader.cc:42] Successfully opened dynamic library libcusparse.so.10
2020-06-19 14:35:04.191855: I tensorflow/stream_executor/platform/default/dso_loader.cc:42] Successfully opened dynamic library libcudnn.so.7
2020-06-19 14:35:04.191928: I tensorflow/stream_executor/cuda/cuda_gpu_executor.cc:1005] successful NUMA node read from SysFS had negative value (-1), but there must be at least one NUMA node, so returning NUMA node zero
2020-06-19 14:35:04.192530: I tensorflow/stream_executor/cuda/cuda_gpu_executor.cc:1005] successful NUMA node read from SysFS had negative value (-1), but there must be at least one NUMA node, so returning NUMA node zero
2020-06-19 14:35:04.193068: I tensorflow/core/common_runtime/gpu/gpu_device.cc:1763] Adding visible gpu devices: 0
2020-06-19 14:35:04.193100: I tensorflow/core/common_runtime/gpu/gpu_device.cc:1181] Device interconnect StreamExecutor with strength 1 edge matrix:
2020-06-19 14:35:04.193120: I tensorflow/core/common_runtime/gpu/gpu_device.cc:1187]      0 
2020-06-19 14:35:04.193132: I tensorflow/core/common_runtime/gpu/gpu_device.cc:1200] 0:   N 
2020-06-19 14:35:04.193230: I tensorflow/stream_executor/cuda/cuda_gpu_executor.cc:1005] successful NUMA node read from SysFS had negative value (-1), but there must be at least one NUMA node, so returning NUMA node zero
2020-06-19 14:35:04.193806: I tensorflow/stream_executor/cuda/cuda_gpu_executor.cc:1005] successful NUMA node read from SysFS had negative value (-1), but there must be at least one NUMA node, so returning NUMA node zero
2020-06-19 14:35:04.194339: I tensorflow/core/common_runtime/gpu/gpu_device.cc:1326] Created TensorFlow device (/job:localhost/replica:0/task:0/device:GPU:0 with 7565 MB memory) -> physical GPU (device: 0, name: GeForce GTX 1080, pci bus id: 0000:01:00.0, compute capability: 6.1)
WARNING:tensorflow:From /home/mehfo331/.conda/envs/thesis/lib/python3.6/site-packages/keras/backend/tensorflow_backend.py:74: The name tf.get_default_graph is deprecated. Please use tf.compat.v1.get_default_graph instead.

WARNING:tensorflow:From /home/mehfo331/.conda/envs/thesis/lib/python3.6/site-packages/keras/backend/tensorflow_backend.py:517: The name tf.placeholder is deprecated. Please use tf.compat.v1.placeholder instead.

WARNING:tensorflow:From /home/mehfo331/.conda/envs/thesis/lib/python3.6/site-packages/keras/backend/tensorflow_backend.py:4185: The name tf.truncated_normal is deprecated. Please use tf.random.truncated_normal instead.

WARNING:tensorflow:From /home/mehfo331/.conda/envs/thesis/lib/python3.6/site-packages/keras/backend/tensorflow_backend.py:1834: The name tf.nn.fused_batch_norm is deprecated. Please use tf.compat.v1.nn.fused_batch_norm instead.

WARNING:tensorflow:From /home/mehfo331/.conda/envs/thesis/lib/python3.6/site-packages/keras/backend/tensorflow_backend.py:3976: The name tf.nn.max_pool is deprecated. Please use tf.nn.max_pool2d instead.

WARNING:tensorflow:From /home/mehfo331/.conda/envs/thesis/lib/python3.6/site-packages/keras/optimizers.py:790: The name tf.train.Optimizer is deprecated. Please use tf.compat.v1.train.Optimizer instead.

2020-06-19 14:41:56.064546: I tensorflow/stream_executor/platform/default/dso_loader.cc:42] Successfully opened dynamic library libcudnn.so.7

Reading data...
Finished reading data.

Reading data...
Finished reading data.

Training 4 classes with 26040 images (26040 real and 0 GAN images):

Epoch 1/150
 - 1766s - loss: 0.4173 - weighted_dice_loss: 0.4173 - val_loss: 0.3325 - val_weighted_dice_loss: 0.3325

Epoch 00001: val_weighted_dice_loss improved from inf to 0.33250, saving model to ./Unet-weights/New/4_classes_26040_reals_0_GANs.h5
Epoch 2/150
 - 1586s - loss: 0.2335 - weighted_dice_loss: 0.2335 - val_loss: 0.2088 - val_weighted_dice_loss: 0.2088

Epoch 00002: val_weighted_dice_loss improved from 0.33250 to 0.20882, saving model to ./Unet-weights/New/4_classes_26040_reals_0_GANs.h5
Epoch 3/150
 - 1587s - loss: 0.2078 - weighted_dice_loss: 0.2078 - val_loss: 0.2134 - val_weighted_dice_loss: 0.2134

Epoch 00003: val_weighted_dice_loss did not improve from 0.20882
Epoch 4/150
 - 1584s - loss: 0.1909 - weighted_dice_loss: 0.1909 - val_loss: 0.1890 - val_weighted_dice_loss: 0.1890

Epoch 00004: val_weighted_dice_loss improved from 0.20882 to 0.18903, saving model to ./Unet-weights/New/4_classes_26040_reals_0_GANs.h5
Epoch 5/150
 - 1587s - loss: 0.1826 - weighted_dice_loss: 0.1826 - val_loss: 0.1894 - val_weighted_dice_loss: 0.1894

Epoch 00005: val_weighted_dice_loss did not improve from 0.18903
Epoch 6/150
 - 1586s - loss: 0.1739 - weighted_dice_loss: 0.1739 - val_loss: 0.1997 - val_weighted_dice_loss: 0.1997

Epoch 00006: val_weighted_dice_loss did not improve from 0.18903
Epoch 7/150
 - 1589s - loss: 0.1648 - weighted_dice_loss: 0.1648 - val_loss: 0.4589 - val_weighted_dice_loss: 0.4589

Epoch 00007: val_weighted_dice_loss did not improve from 0.18903
Epoch 8/150
 - 1588s - loss: 0.1618 - weighted_dice_loss: 0.1618 - val_loss: 0.1579 - val_weighted_dice_loss: 0.1579

Epoch 00008: val_weighted_dice_loss improved from 0.18903 to 0.15794, saving model to ./Unet-weights/New/4_classes_26040_reals_0_GANs.h5
Epoch 9/150
 - 1586s - loss: 0.1534 - weighted_dice_loss: 0.1534 - val_loss: 0.1544 - val_weighted_dice_loss: 0.1544

Epoch 00009: val_weighted_dice_loss improved from 0.15794 to 0.15436, saving model to ./Unet-weights/New/4_classes_26040_reals_0_GANs.h5
Epoch 10/150
 - 1588s - loss: 0.1496 - weighted_dice_loss: 0.1496 - val_loss: 0.1497 - val_weighted_dice_loss: 0.1497

Epoch 00010: val_weighted_dice_loss improved from 0.15436 to 0.14968, saving model to ./Unet-weights/New/4_classes_26040_reals_0_GANs.h5
Epoch 11/150
 - 1587s - loss: 0.1457 - weighted_dice_loss: 0.1457 - val_loss: 0.1413 - val_weighted_dice_loss: 0.1413

Epoch 00011: val_weighted_dice_loss improved from 0.14968 to 0.14128, saving model to ./Unet-weights/New/4_classes_26040_reals_0_GANs.h5
Epoch 12/150
 - 1586s - loss: 0.1406 - weighted_dice_loss: 0.1406 - val_loss: 0.1401 - val_weighted_dice_loss: 0.1401

Epoch 00012: val_weighted_dice_loss improved from 0.14128 to 0.14011, saving model to ./Unet-weights/New/4_classes_26040_reals_0_GANs.h5
Epoch 13/150
 - 1585s - loss: 0.1363 - weighted_dice_loss: 0.1363 - val_loss: 0.1345 - val_weighted_dice_loss: 0.1345

Epoch 00013: val_weighted_dice_loss improved from 0.14011 to 0.13447, saving model to ./Unet-weights/New/4_classes_26040_reals_0_GANs.h5
Epoch 14/150
 - 1586s - loss: 0.1336 - weighted_dice_loss: 0.1336 - val_loss: 0.1429 - val_weighted_dice_loss: 0.1429

Epoch 00014: val_weighted_dice_loss did not improve from 0.13447
Epoch 15/150
 - 1585s - loss: 0.1298 - weighted_dice_loss: 0.1298 - val_loss: 0.1287 - val_weighted_dice_loss: 0.1287

Epoch 00015: val_weighted_dice_loss improved from 0.13447 to 0.12867, saving model to ./Unet-weights/New/4_classes_26040_reals_0_GANs.h5
Epoch 16/150
 - 1585s - loss: 0.1259 - weighted_dice_loss: 0.1259 - val_loss: 0.1313 - val_weighted_dice_loss: 0.1313

Epoch 00016: val_weighted_dice_loss did not improve from 0.12867
Epoch 17/150
 - 1585s - loss: 0.1224 - weighted_dice_loss: 0.1224 - val_loss: 0.1275 - val_weighted_dice_loss: 0.1275

Epoch 00017: val_weighted_dice_loss improved from 0.12867 to 0.12751, saving model to ./Unet-weights/New/4_classes_26040_reals_0_GANs.h5
Epoch 18/150
 - 1584s - loss: 0.1194 - weighted_dice_loss: 0.1194 - val_loss: 0.1267 - val_weighted_dice_loss: 0.1267

Epoch 00018: val_weighted_dice_loss improved from 0.12751 to 0.12671, saving model to ./Unet-weights/New/4_classes_26040_reals_0_GANs.h5
Epoch 19/150
 - 1585s - loss: 0.1174 - weighted_dice_loss: 0.1174 - val_loss: 0.1234 - val_weighted_dice_loss: 0.1234

Epoch 00019: val_weighted_dice_loss improved from 0.12671 to 0.12343, saving model to ./Unet-weights/New/4_classes_26040_reals_0_GANs.h5
Epoch 20/150
 - 1586s - loss: 0.1125 - weighted_dice_loss: 0.1125 - val_loss: 0.1181 - val_weighted_dice_loss: 0.1181

Epoch 00020: val_weighted_dice_loss improved from 0.12343 to 0.11810, saving model to ./Unet-weights/New/4_classes_26040_reals_0_GANs.h5
Epoch 21/150
 - 1586s - loss: 0.1120 - weighted_dice_loss: 0.1120 - val_loss: 0.1258 - val_weighted_dice_loss: 0.1258

Epoch 00021: val_weighted_dice_loss did not improve from 0.11810
Epoch 22/150
 - 1588s - loss: 0.1085 - weighted_dice_loss: 0.1085 - val_loss: 0.1148 - val_weighted_dice_loss: 0.1148

Epoch 00022: val_weighted_dice_loss improved from 0.11810 to 0.11481, saving model to ./Unet-weights/New/4_classes_26040_reals_0_GANs.h5
Epoch 23/150
 - 1588s - loss: 0.1073 - weighted_dice_loss: 0.1073 - val_loss: 0.1164 - val_weighted_dice_loss: 0.1164

Epoch 00023: val_weighted_dice_loss did not improve from 0.11481
Epoch 24/150
 - 1588s - loss: 0.1030 - weighted_dice_loss: 0.1030 - val_loss: 0.1140 - val_weighted_dice_loss: 0.1140

Epoch 00024: val_weighted_dice_loss improved from 0.11481 to 0.11404, saving model to ./Unet-weights/New/4_classes_26040_reals_0_GANs.h5
Epoch 25/150
 - 1585s - loss: 0.1021 - weighted_dice_loss: 0.1021 - val_loss: 0.1146 - val_weighted_dice_loss: 0.1146

Epoch 00025: val_weighted_dice_loss did not improve from 0.11404
Epoch 26/150
 - 1585s - loss: 0.1003 - weighted_dice_loss: 0.1003 - val_loss: 0.1187 - val_weighted_dice_loss: 0.1187

Epoch 00026: val_weighted_dice_loss did not improve from 0.11404
Epoch 27/150
 - 1586s - loss: 0.0983 - weighted_dice_loss: 0.0983 - val_loss: 0.1101 - val_weighted_dice_loss: 0.1101

Epoch 00027: val_weighted_dice_loss improved from 0.11404 to 0.11013, saving model to ./Unet-weights/New/4_classes_26040_reals_0_GANs.h5
Epoch 28/150
 - 1586s - loss: 0.0962 - weighted_dice_loss: 0.0962 - val_loss: 0.1074 - val_weighted_dice_loss: 0.1074

Epoch 00028: val_weighted_dice_loss improved from 0.11013 to 0.10741, saving model to ./Unet-weights/New/4_classes_26040_reals_0_GANs.h5
Epoch 29/150
 - 1586s - loss: 0.0944 - weighted_dice_loss: 0.0944 - val_loss: 0.1046 - val_weighted_dice_loss: 0.1046

Epoch 00029: val_weighted_dice_loss improved from 0.10741 to 0.10459, saving model to ./Unet-weights/New/4_classes_26040_reals_0_GANs.h5
Epoch 30/150
 - 1586s - loss: 0.0920 - weighted_dice_loss: 0.0920 - val_loss: 0.1010 - val_weighted_dice_loss: 0.1010

Epoch 00030: val_weighted_dice_loss improved from 0.10459 to 0.10103, saving model to ./Unet-weights/New/4_classes_26040_reals_0_GANs.h5
Epoch 31/150
 - 1586s - loss: 0.0911 - weighted_dice_loss: 0.0911 - val_loss: 0.1085 - val_weighted_dice_loss: 0.1085

Epoch 00031: val_weighted_dice_loss did not improve from 0.10103
Epoch 32/150
 - 1587s - loss: 0.0896 - weighted_dice_loss: 0.0896 - val_loss: 0.1035 - val_weighted_dice_loss: 0.1035

Epoch 00032: val_weighted_dice_loss did not improve from 0.10103
Epoch 33/150
 - 1586s - loss: 0.0879 - weighted_dice_loss: 0.0879 - val_loss: 0.1099 - val_weighted_dice_loss: 0.1099

Epoch 00033: val_weighted_dice_loss did not improve from 0.10103
Epoch 34/150
 - 1587s - loss: 0.0868 - weighted_dice_loss: 0.0868 - val_loss: 0.0971 - val_weighted_dice_loss: 0.0971

Epoch 00034: val_weighted_dice_loss improved from 0.10103 to 0.09711, saving model to ./Unet-weights/New/4_classes_26040_reals_0_GANs.h5
Epoch 35/150
 - 1585s - loss: 0.0854 - weighted_dice_loss: 0.0854 - val_loss: 0.0943 - val_weighted_dice_loss: 0.0943

Epoch 00035: val_weighted_dice_loss improved from 0.09711 to 0.09431, saving model to ./Unet-weights/New/4_classes_26040_reals_0_GANs.h5
Epoch 36/150
 - 1587s - loss: 0.0843 - weighted_dice_loss: 0.0843 - val_loss: 0.0982 - val_weighted_dice_loss: 0.0982

Epoch 00036: val_weighted_dice_loss did not improve from 0.09431
Epoch 37/150
 - 1588s - loss: 0.0826 - weighted_dice_loss: 0.0826 - val_loss: 0.1004 - val_weighted_dice_loss: 0.1004

Epoch 00037: val_weighted_dice_loss did not improve from 0.09431
Epoch 38/150
 - 1588s - loss: 0.0812 - weighted_dice_loss: 0.0812 - val_loss: 0.4721 - val_weighted_dice_loss: 0.4721

Epoch 00038: val_weighted_dice_loss did not improve from 0.09431
Epoch 39/150
 - 1586s - loss: 0.0806 - weighted_dice_loss: 0.0806 - val_loss: 0.1019 - val_weighted_dice_loss: 0.1019

Epoch 00039: val_weighted_dice_loss did not improve from 0.09431
Epoch 40/150
 - 1588s - loss: 0.0792 - weighted_dice_loss: 0.0792 - val_loss: 0.0956 - val_weighted_dice_loss: 0.0956

Epoch 00040: val_weighted_dice_loss did not improve from 0.09431
Epoch 41/150
 - 1585s - loss: 0.0784 - weighted_dice_loss: 0.0784 - val_loss: 0.0909 - val_weighted_dice_loss: 0.0909

Epoch 00041: val_weighted_dice_loss improved from 0.09431 to 0.09085, saving model to ./Unet-weights/New/4_classes_26040_reals_0_GANs.h5
Epoch 42/150
 - 1588s - loss: 0.0776 - weighted_dice_loss: 0.0776 - val_loss: 0.0904 - val_weighted_dice_loss: 0.0904

Epoch 00042: val_weighted_dice_loss improved from 0.09085 to 0.09044, saving model to ./Unet-weights/New/4_classes_26040_reals_0_GANs.h5
Epoch 43/150
 - 1588s - loss: 0.0763 - weighted_dice_loss: 0.0763 - val_loss: 0.0889 - val_weighted_dice_loss: 0.0889

Epoch 00043: val_weighted_dice_loss improved from 0.09044 to 0.08895, saving model to ./Unet-weights/New/4_classes_26040_reals_0_GANs.h5
Epoch 44/150
 - 1591s - loss: 0.0748 - weighted_dice_loss: 0.0748 - val_loss: 0.0934 - val_weighted_dice_loss: 0.0934

Epoch 00044: val_weighted_dice_loss did not improve from 0.08895
Epoch 45/150
 - 1589s - loss: 0.0748 - weighted_dice_loss: 0.0748 - val_loss: 0.0879 - val_weighted_dice_loss: 0.0879

Epoch 00045: val_weighted_dice_loss improved from 0.08895 to 0.08794, saving model to ./Unet-weights/New/4_classes_26040_reals_0_GANs.h5
Epoch 46/150
 - 1588s - loss: 0.0739 - weighted_dice_loss: 0.0739 - val_loss: 0.0960 - val_weighted_dice_loss: 0.0960

Epoch 00046: val_weighted_dice_loss did not improve from 0.08794
Epoch 47/150
 - 1588s - loss: 0.0739 - weighted_dice_loss: 0.0739 - val_loss: 0.0892 - val_weighted_dice_loss: 0.0892

Epoch 00047: val_weighted_dice_loss did not improve from 0.08794
Epoch 48/150
 - 1587s - loss: 0.0724 - weighted_dice_loss: 0.0724 - val_loss: 0.0925 - val_weighted_dice_loss: 0.0925

Epoch 00048: val_weighted_dice_loss did not improve from 0.08794
Epoch 49/150
 - 1587s - loss: 0.0712 - weighted_dice_loss: 0.0712 - val_loss: 0.0856 - val_weighted_dice_loss: 0.0856

Epoch 00049: val_weighted_dice_loss improved from 0.08794 to 0.08561, saving model to ./Unet-weights/New/4_classes_26040_reals_0_GANs.h5
Epoch 50/150
 - 1586s - loss: 0.0709 - weighted_dice_loss: 0.0709 - val_loss: 0.0865 - val_weighted_dice_loss: 0.0865

Epoch 00050: val_weighted_dice_loss did not improve from 0.08561
Epoch 51/150
 - 1586s - loss: 0.0705 - weighted_dice_loss: 0.0705 - val_loss: 0.0833 - val_weighted_dice_loss: 0.0833

Epoch 00051: val_weighted_dice_loss improved from 0.08561 to 0.08332, saving model to ./Unet-weights/New/4_classes_26040_reals_0_GANs.h5
Epoch 52/150
 - 1588s - loss: 0.0703 - weighted_dice_loss: 0.0703 - val_loss: 0.0841 - val_weighted_dice_loss: 0.0841

Epoch 00052: val_weighted_dice_loss did not improve from 0.08332
Epoch 53/150
 - 1588s - loss: 0.0693 - weighted_dice_loss: 0.0693 - val_loss: 0.0844 - val_weighted_dice_loss: 0.0844

Epoch 00053: val_weighted_dice_loss did not improve from 0.08332
Epoch 54/150
 - 1587s - loss: 0.0683 - weighted_dice_loss: 0.0683 - val_loss: 0.1383 - val_weighted_dice_loss: 0.1383

Epoch 00054: val_weighted_dice_loss did not improve from 0.08332
Epoch 55/150
 - 1587s - loss: 0.0681 - weighted_dice_loss: 0.0681 - val_loss: 0.0851 - val_weighted_dice_loss: 0.0851

Epoch 00055: val_weighted_dice_loss did not improve from 0.08332
Epoch 56/150
 - 1587s - loss: 0.0672 - weighted_dice_loss: 0.0672 - val_loss: 0.6387 - val_weighted_dice_loss: 0.6387

Epoch 00056: val_weighted_dice_loss did not improve from 0.08332
Epoch 57/150
 - 1588s - loss: 0.0667 - weighted_dice_loss: 0.0667 - val_loss: 0.1376 - val_weighted_dice_loss: 0.1376

Epoch 00057: val_weighted_dice_loss did not improve from 0.08332
Epoch 58/150
 - 1587s - loss: 0.0661 - weighted_dice_loss: 0.0661 - val_loss: 0.0830 - val_weighted_dice_loss: 0.0830

Epoch 00058: val_weighted_dice_loss improved from 0.08332 to 0.08301, saving model to ./Unet-weights/New/4_classes_26040_reals_0_GANs.h5
Epoch 59/150
 - 1586s - loss: 0.0652 - weighted_dice_loss: 0.0652 - val_loss: 0.0828 - val_weighted_dice_loss: 0.0828

Epoch 00059: val_weighted_dice_loss improved from 0.08301 to 0.08282, saving model to ./Unet-weights/New/4_classes_26040_reals_0_GANs.h5
Epoch 60/150
 - 1586s - loss: 0.0649 - weighted_dice_loss: 0.0649 - val_loss: 0.0843 - val_weighted_dice_loss: 0.0843

Epoch 00060: val_weighted_dice_loss did not improve from 0.08282
Epoch 61/150
 - 1587s - loss: 0.0645 - weighted_dice_loss: 0.0645 - val_loss: 0.0820 - val_weighted_dice_loss: 0.0820

Epoch 00061: val_weighted_dice_loss improved from 0.08282 to 0.08199, saving model to ./Unet-weights/New/4_classes_26040_reals_0_GANs.h5
Epoch 62/150
 - 1587s - loss: 0.0638 - weighted_dice_loss: 0.0638 - val_loss: 0.4727 - val_weighted_dice_loss: 0.4727

Epoch 00062: val_weighted_dice_loss did not improve from 0.08199
Epoch 63/150
 - 1587s - loss: 0.0636 - weighted_dice_loss: 0.0636 - val_loss: 0.0793 - val_weighted_dice_loss: 0.0793

Epoch 00063: val_weighted_dice_loss improved from 0.08199 to 0.07928, saving model to ./Unet-weights/New/4_classes_26040_reals_0_GANs.h5
Epoch 64/150
 - 1586s - loss: 0.0630 - weighted_dice_loss: 0.0630 - val_loss: 0.0797 - val_weighted_dice_loss: 0.0797

Epoch 00064: val_weighted_dice_loss did not improve from 0.07928
Epoch 65/150
 - 1586s - loss: 0.0627 - weighted_dice_loss: 0.0627 - val_loss: 0.1610 - val_weighted_dice_loss: 0.1610

Epoch 00065: val_weighted_dice_loss did not improve from 0.07928
Epoch 66/150
 - 1587s - loss: 0.0625 - weighted_dice_loss: 0.0625 - val_loss: 0.0910 - val_weighted_dice_loss: 0.0910

Epoch 00066: val_weighted_dice_loss did not improve from 0.07928
Epoch 67/150
 - 1587s - loss: 0.0617 - weighted_dice_loss: 0.0617 - val_loss: 0.0791 - val_weighted_dice_loss: 0.0791

Epoch 00067: val_weighted_dice_loss improved from 0.07928 to 0.07910, saving model to ./Unet-weights/New/4_classes_26040_reals_0_GANs.h5
Epoch 68/150
 - 1587s - loss: 0.0615 - weighted_dice_loss: 0.0615 - val_loss: 0.1376 - val_weighted_dice_loss: 0.1376

Epoch 00068: val_weighted_dice_loss did not improve from 0.07910
Epoch 69/150
 - 1585s - loss: 0.0608 - weighted_dice_loss: 0.0608 - val_loss: 0.0809 - val_weighted_dice_loss: 0.0809

Epoch 00069: val_weighted_dice_loss did not improve from 0.07910
Epoch 70/150
 - 1586s - loss: 0.0605 - weighted_dice_loss: 0.0605 - val_loss: 0.0790 - val_weighted_dice_loss: 0.0790

Epoch 00070: val_weighted_dice_loss improved from 0.07910 to 0.07900, saving model to ./Unet-weights/New/4_classes_26040_reals_0_GANs.h5
Epoch 71/150
 - 1585s - loss: 0.0601 - weighted_dice_loss: 0.0601 - val_loss: 0.0791 - val_weighted_dice_loss: 0.0791

Epoch 00071: val_weighted_dice_loss did not improve from 0.07900
Epoch 72/150
 - 1586s - loss: 0.0598 - weighted_dice_loss: 0.0598 - val_loss: 0.0803 - val_weighted_dice_loss: 0.0803

Epoch 00072: val_weighted_dice_loss did not improve from 0.07900
Epoch 73/150
 - 1587s - loss: 0.0592 - weighted_dice_loss: 0.0592 - val_loss: 0.0822 - val_weighted_dice_loss: 0.0822

Epoch 00073: val_weighted_dice_loss did not improve from 0.07900
Epoch 74/150
 - 1586s - loss: 0.0590 - weighted_dice_loss: 0.0590 - val_loss: 0.0806 - val_weighted_dice_loss: 0.0806

Epoch 00074: val_weighted_dice_loss did not improve from 0.07900
Epoch 75/150
 - 1585s - loss: 0.0586 - weighted_dice_loss: 0.0586 - val_loss: 0.0797 - val_weighted_dice_loss: 0.0797

Epoch 00075: val_weighted_dice_loss did not improve from 0.07900
Epoch 76/150
 - 1585s - loss: 0.0586 - weighted_dice_loss: 0.0586 - val_loss: 0.1705 - val_weighted_dice_loss: 0.1705

Epoch 00076: val_weighted_dice_loss did not improve from 0.07900
Epoch 77/150
 - 1587s - loss: 0.0579 - weighted_dice_loss: 0.0579 - val_loss: 0.0851 - val_weighted_dice_loss: 0.0851

Epoch 00077: val_weighted_dice_loss did not improve from 0.07900
Epoch 78/150
 - 1586s - loss: 0.0577 - weighted_dice_loss: 0.0577 - val_loss: 0.7321 - val_weighted_dice_loss: 0.7321

Epoch 00078: val_weighted_dice_loss did not improve from 0.07900
Epoch 79/150
 - 1585s - loss: 0.0569 - weighted_dice_loss: 0.0569 - val_loss: 0.1003 - val_weighted_dice_loss: 0.1003

Epoch 00079: val_weighted_dice_loss did not improve from 0.07900
Epoch 80/150
 - 1586s - loss: 0.0570 - weighted_dice_loss: 0.0570 - val_loss: 0.0838 - val_weighted_dice_loss: 0.0838

Epoch 00080: val_weighted_dice_loss did not improve from 0.07900
Epoch 81/150
 - 1585s - loss: 0.0563 - weighted_dice_loss: 0.0563 - val_loss: 0.0770 - val_weighted_dice_loss: 0.0770

Epoch 00081: val_weighted_dice_loss improved from 0.07900 to 0.07698, saving model to ./Unet-weights/New/4_classes_26040_reals_0_GANs.h5
Epoch 82/150
 - 1584s - loss: 0.0561 - weighted_dice_loss: 0.0561 - val_loss: 0.0744 - val_weighted_dice_loss: 0.0744

Epoch 00082: val_weighted_dice_loss improved from 0.07698 to 0.07444, saving model to ./Unet-weights/New/4_classes_26040_reals_0_GANs.h5
Epoch 83/150
 - 1585s - loss: 0.0558 - weighted_dice_loss: 0.0558 - val_loss: 0.0764 - val_weighted_dice_loss: 0.0764

Epoch 00083: val_weighted_dice_loss did not improve from 0.07444
Epoch 84/150
 - 1585s - loss: 0.0557 - weighted_dice_loss: 0.0557 - val_loss: 0.0774 - val_weighted_dice_loss: 0.0774

Epoch 00084: val_weighted_dice_loss did not improve from 0.07444
Epoch 85/150
 - 1585s - loss: 0.0552 - weighted_dice_loss: 0.0552 - val_loss: 0.0758 - val_weighted_dice_loss: 0.0758

Epoch 00085: val_weighted_dice_loss did not improve from 0.07444
Epoch 86/150
 - 1585s - loss: 0.0550 - weighted_dice_loss: 0.0550 - val_loss: 0.0870 - val_weighted_dice_loss: 0.0870

Epoch 00086: val_weighted_dice_loss did not improve from 0.07444
Epoch 87/150
 - 1585s - loss: 0.0550 - weighted_dice_loss: 0.0550 - val_loss: 0.0825 - val_weighted_dice_loss: 0.0825

Epoch 00087: val_weighted_dice_loss did not improve from 0.07444
Epoch 88/150
 - 1585s - loss: 0.0548 - weighted_dice_loss: 0.0548 - val_loss: 0.0831 - val_weighted_dice_loss: 0.0831

Epoch 00088: val_weighted_dice_loss did not improve from 0.07444
Epoch 89/150
 - 1585s - loss: 0.0541 - weighted_dice_loss: 0.0541 - val_loss: 0.8520 - val_weighted_dice_loss: 0.8520

Epoch 00089: val_weighted_dice_loss did not improve from 0.07444
Epoch 90/150
 - 1584s - loss: 0.0541 - weighted_dice_loss: 0.0541 - val_loss: 0.0747 - val_weighted_dice_loss: 0.0747

Epoch 00090: val_weighted_dice_loss did not improve from 0.07444
Epoch 91/150
 - 1586s - loss: 0.0538 - weighted_dice_loss: 0.0538 - val_loss: 0.0739 - val_weighted_dice_loss: 0.0739

Epoch 00091: val_weighted_dice_loss improved from 0.07444 to 0.07386, saving model to ./Unet-weights/New/4_classes_26040_reals_0_GANs.h5
Epoch 92/150
 - 1585s - loss: 0.0535 - weighted_dice_loss: 0.0535 - val_loss: 0.1677 - val_weighted_dice_loss: 0.1677

Epoch 00092: val_weighted_dice_loss did not improve from 0.07386
Epoch 93/150
 - 1585s - loss: 0.0532 - weighted_dice_loss: 0.0532 - val_loss: 0.0760 - val_weighted_dice_loss: 0.0760

Epoch 00093: val_weighted_dice_loss did not improve from 0.07386
Epoch 94/150
 - 1587s - loss: 0.0529 - weighted_dice_loss: 0.0529 - val_loss: 0.5929 - val_weighted_dice_loss: 0.5929

Epoch 00094: val_weighted_dice_loss did not improve from 0.07386
Epoch 95/150
 - 1586s - loss: 0.0526 - weighted_dice_loss: 0.0526 - val_loss: 0.1215 - val_weighted_dice_loss: 0.1215

Epoch 00095: val_weighted_dice_loss did not improve from 0.07386
Epoch 96/150
 - 1585s - loss: 0.0524 - weighted_dice_loss: 0.0524 - val_loss: 0.1732 - val_weighted_dice_loss: 0.1732

Epoch 00096: val_weighted_dice_loss did not improve from 0.07386
Epoch 97/150
 - 1586s - loss: 0.0521 - weighted_dice_loss: 0.0521 - val_loss: 0.1068 - val_weighted_dice_loss: 0.1068

Epoch 00097: val_weighted_dice_loss did not improve from 0.07386
Epoch 98/150
 - 1586s - loss: 0.0522 - weighted_dice_loss: 0.0522 - val_loss: 0.0766 - val_weighted_dice_loss: 0.0766

Epoch 00098: val_weighted_dice_loss did not improve from 0.07386
Epoch 99/150
 - 1585s - loss: 0.0515 - weighted_dice_loss: 0.0515 - val_loss: 0.2474 - val_weighted_dice_loss: 0.2474

Epoch 00099: val_weighted_dice_loss did not improve from 0.07386
Epoch 100/150
 - 1584s - loss: 0.0516 - weighted_dice_loss: 0.0516 - val_loss: 0.8303 - val_weighted_dice_loss: 0.8303

Epoch 00100: val_weighted_dice_loss did not improve from 0.07386
Epoch 101/150
 - 1585s - loss: 0.0513 - weighted_dice_loss: 0.0513 - val_loss: 0.2156 - val_weighted_dice_loss: 0.2156

Epoch 00101: val_weighted_dice_loss did not improve from 0.07386
Epoch 102/150
 - 1586s - loss: 0.0508 - weighted_dice_loss: 0.0508 - val_loss: 0.0775 - val_weighted_dice_loss: 0.0775

Epoch 00102: val_weighted_dice_loss did not improve from 0.07386
Epoch 103/150
 - 1585s - loss: 0.0506 - weighted_dice_loss: 0.0506 - val_loss: 0.0725 - val_weighted_dice_loss: 0.0725

Epoch 00103: val_weighted_dice_loss improved from 0.07386 to 0.07251, saving model to ./Unet-weights/New/4_classes_26040_reals_0_GANs.h5
Epoch 104/150
 - 1585s - loss: 0.0505 - weighted_dice_loss: 0.0505 - val_loss: 0.0747 - val_weighted_dice_loss: 0.0747

Epoch 00104: val_weighted_dice_loss did not improve from 0.07251
Epoch 105/150
 - 1585s - loss: 0.0504 - weighted_dice_loss: 0.0504 - val_loss: 0.0752 - val_weighted_dice_loss: 0.0752

Epoch 00105: val_weighted_dice_loss did not improve from 0.07251
Epoch 106/150
 - 1586s - loss: 0.0505 - weighted_dice_loss: 0.0505 - val_loss: 0.8822 - val_weighted_dice_loss: 0.8822

Epoch 00106: val_weighted_dice_loss did not improve from 0.07251
Epoch 107/150
 - 1586s - loss: 0.0499 - weighted_dice_loss: 0.0499 - val_loss: 0.0784 - val_weighted_dice_loss: 0.0784

Epoch 00107: val_weighted_dice_loss did not improve from 0.07251
Epoch 108/150
 - 1586s - loss: 0.0495 - weighted_dice_loss: 0.0495 - val_loss: 0.1264 - val_weighted_dice_loss: 0.1264

Epoch 00108: val_weighted_dice_loss did not improve from 0.07251
Epoch 109/150
 - 1585s - loss: 0.0495 - weighted_dice_loss: 0.0495 - val_loss: 0.0892 - val_weighted_dice_loss: 0.0892

Epoch 00109: val_weighted_dice_loss did not improve from 0.07251
Epoch 110/150
 - 1586s - loss: 0.0495 - weighted_dice_loss: 0.0495 - val_loss: 0.0740 - val_weighted_dice_loss: 0.0740

Epoch 00110: val_weighted_dice_loss did not improve from 0.07251
Epoch 111/150
 - 1586s - loss: 0.0492 - weighted_dice_loss: 0.0492 - val_loss: 0.1238 - val_weighted_dice_loss: 0.1238

Epoch 00111: val_weighted_dice_loss did not improve from 0.07251
Epoch 112/150
 - 1586s - loss: 0.0490 - weighted_dice_loss: 0.0490 - val_loss: 0.0734 - val_weighted_dice_loss: 0.0734

Epoch 00112: val_weighted_dice_loss did not improve from 0.07251
Epoch 113/150
 - 1587s - loss: 0.0491 - weighted_dice_loss: 0.0491 - val_loss: 0.0733 - val_weighted_dice_loss: 0.0733

Epoch 00113: val_weighted_dice_loss did not improve from 0.07251
Epoch 114/150
 - 1586s - loss: 0.0485 - weighted_dice_loss: 0.0485 - val_loss: 0.1304 - val_weighted_dice_loss: 0.1304

Epoch 00114: val_weighted_dice_loss did not improve from 0.07251
Epoch 115/150
 - 1584s - loss: 0.0487 - weighted_dice_loss: 0.0487 - val_loss: 0.0729 - val_weighted_dice_loss: 0.0729

Epoch 00115: val_weighted_dice_loss did not improve from 0.07251
Epoch 116/150
 - 1585s - loss: 0.0483 - weighted_dice_loss: 0.0483 - val_loss: 0.0761 - val_weighted_dice_loss: 0.0761

Epoch 00116: val_weighted_dice_loss did not improve from 0.07251
Epoch 117/150
 - 1587s - loss: 0.0479 - weighted_dice_loss: 0.0479 - val_loss: 0.3124 - val_weighted_dice_loss: 0.3124

Epoch 00117: val_weighted_dice_loss did not improve from 0.07251
Epoch 118/150
 - 1587s - loss: 0.0480 - weighted_dice_loss: 0.0480 - val_loss: 0.0720 - val_weighted_dice_loss: 0.0720

Epoch 00118: val_weighted_dice_loss improved from 0.07251 to 0.07202, saving model to ./Unet-weights/New/4_classes_26040_reals_0_GANs.h5
Epoch 119/150
 - 1586s - loss: 0.0478 - weighted_dice_loss: 0.0478 - val_loss: 0.0710 - val_weighted_dice_loss: 0.0710

Epoch 00119: val_weighted_dice_loss improved from 0.07202 to 0.07095, saving model to ./Unet-weights/New/4_classes_26040_reals_0_GANs.h5
Epoch 120/150
 - 1585s - loss: 0.0474 - weighted_dice_loss: 0.0474 - val_loss: 0.0705 - val_weighted_dice_loss: 0.0705

Epoch 00120: val_weighted_dice_loss improved from 0.07095 to 0.07045, saving model to ./Unet-weights/New/4_classes_26040_reals_0_GANs.h5
Epoch 121/150
 - 1585s - loss: 0.0472 - weighted_dice_loss: 0.0472 - val_loss: 0.0707 - val_weighted_dice_loss: 0.0707

Epoch 00121: val_weighted_dice_loss did not improve from 0.07045
Epoch 122/150
 - 1585s - loss: 0.0471 - weighted_dice_loss: 0.0471 - val_loss: 0.0694 - val_weighted_dice_loss: 0.0694

Epoch 00122: val_weighted_dice_loss improved from 0.07045 to 0.06935, saving model to ./Unet-weights/New/4_classes_26040_reals_0_GANs.h5
Epoch 123/150
 - 1585s - loss: 0.0470 - weighted_dice_loss: 0.0470 - val_loss: 0.4588 - val_weighted_dice_loss: 0.4588

Epoch 00123: val_weighted_dice_loss did not improve from 0.06935
Epoch 124/150
 - 1585s - loss: 0.0467 - weighted_dice_loss: 0.0467 - val_loss: 0.0726 - val_weighted_dice_loss: 0.0726

Epoch 00124: val_weighted_dice_loss did not improve from 0.06935
Epoch 125/150
 - 1586s - loss: 0.0467 - weighted_dice_loss: 0.0467 - val_loss: 0.4312 - val_weighted_dice_loss: 0.4312

Epoch 00125: val_weighted_dice_loss did not improve from 0.06935
Epoch 126/150
 - 1584s - loss: 0.0467 - weighted_dice_loss: 0.0467 - val_loss: 0.0925 - val_weighted_dice_loss: 0.0925

Epoch 00126: val_weighted_dice_loss did not improve from 0.06935
Epoch 127/150
 - 1585s - loss: 0.0463 - weighted_dice_loss: 0.0463 - val_loss: 0.0793 - val_weighted_dice_loss: 0.0793

Epoch 00127: val_weighted_dice_loss did not improve from 0.06935
Epoch 128/150
 - 1584s - loss: 0.0461 - weighted_dice_loss: 0.0461 - val_loss: 0.9052 - val_weighted_dice_loss: 0.9052

Epoch 00128: val_weighted_dice_loss did not improve from 0.06935
Epoch 129/150
 - 1584s - loss: 0.0457 - weighted_dice_loss: 0.0457 - val_loss: 0.2179 - val_weighted_dice_loss: 0.2179

Epoch 00129: val_weighted_dice_loss did not improve from 0.06935
Epoch 130/150
 - 1584s - loss: 0.0458 - weighted_dice_loss: 0.0458 - val_loss: 0.0715 - val_weighted_dice_loss: 0.0715

Epoch 00130: val_weighted_dice_loss did not improve from 0.06935
Epoch 131/150
 - 1586s - loss: 0.0456 - weighted_dice_loss: 0.0456 - val_loss: 0.7635 - val_weighted_dice_loss: 0.7635

Epoch 00131: val_weighted_dice_loss did not improve from 0.06935
Epoch 132/150
 - 1585s - loss: 0.0458 - weighted_dice_loss: 0.0458 - val_loss: 0.1190 - val_weighted_dice_loss: 0.1190

Epoch 00132: val_weighted_dice_loss did not improve from 0.06935
Epoch 133/150
 - 1583s - loss: 0.0455 - weighted_dice_loss: 0.0455 - val_loss: 0.0692 - val_weighted_dice_loss: 0.0692

Epoch 00133: val_weighted_dice_loss improved from 0.06935 to 0.06916, saving model to ./Unet-weights/New/4_classes_26040_reals_0_GANs.h5
Epoch 134/150
 - 1583s - loss: 0.0452 - weighted_dice_loss: 0.0452 - val_loss: 0.1396 - val_weighted_dice_loss: 0.1396

Epoch 00134: val_weighted_dice_loss did not improve from 0.06916
Epoch 135/150
 - 1582s - loss: 0.0453 - weighted_dice_loss: 0.0453 - val_loss: 0.0817 - val_weighted_dice_loss: 0.0817

Epoch 00135: val_weighted_dice_loss did not improve from 0.06916
Epoch 136/150
 - 1581s - loss: 0.0449 - weighted_dice_loss: 0.0449 - val_loss: 0.4015 - val_weighted_dice_loss: 0.4015

Epoch 00136: val_weighted_dice_loss did not improve from 0.06916
Epoch 137/150
 - 1582s - loss: 0.0451 - weighted_dice_loss: 0.0451 - val_loss: 0.0695 - val_weighted_dice_loss: 0.0695

Epoch 00137: val_weighted_dice_loss did not improve from 0.06916
Epoch 138/150
 - 1582s - loss: 0.0449 - weighted_dice_loss: 0.0449 - val_loss: 0.1168 - val_weighted_dice_loss: 0.1168

Epoch 00138: val_weighted_dice_loss did not improve from 0.06916
Epoch 139/150
 - 1581s - loss: 0.0449 - weighted_dice_loss: 0.0449 - val_loss: 0.0685 - val_weighted_dice_loss: 0.0685

Epoch 00139: val_weighted_dice_loss improved from 0.06916 to 0.06846, saving model to ./Unet-weights/New/4_classes_26040_reals_0_GANs.h5
Epoch 140/150
 - 1581s - loss: 0.0445 - weighted_dice_loss: 0.0445 - val_loss: 0.0702 - val_weighted_dice_loss: 0.0702

Epoch 00140: val_weighted_dice_loss did not improve from 0.06846
Epoch 141/150
 - 1579s - loss: 0.0439 - weighted_dice_loss: 0.0439 - val_loss: 0.0864 - val_weighted_dice_loss: 0.0864

Epoch 00141: val_weighted_dice_loss did not improve from 0.06846
Epoch 142/150
 - 1580s - loss: 0.0442 - weighted_dice_loss: 0.0442 - val_loss: 0.0687 - val_weighted_dice_loss: 0.0687

Epoch 00142: val_weighted_dice_loss did not improve from 0.06846
Epoch 143/150
 - 1581s - loss: 0.0441 - weighted_dice_loss: 0.0441 - val_loss: 0.0697 - val_weighted_dice_loss: 0.0697

Epoch 00143: val_weighted_dice_loss did not improve from 0.06846
Epoch 144/150
 - 1582s - loss: 0.0440 - weighted_dice_loss: 0.0440 - val_loss: 0.3700 - val_weighted_dice_loss: 0.3700

Epoch 00144: val_weighted_dice_loss did not improve from 0.06846
Epoch 145/150
 - 1581s - loss: 0.0440 - weighted_dice_loss: 0.0440 - val_loss: 0.0713 - val_weighted_dice_loss: 0.0713

Epoch 00145: val_weighted_dice_loss did not improve from 0.06846
Epoch 146/150
 - 1580s - loss: 0.0437 - weighted_dice_loss: 0.0437 - val_loss: 0.0677 - val_weighted_dice_loss: 0.0677

Epoch 00146: val_weighted_dice_loss improved from 0.06846 to 0.06771, saving model to ./Unet-weights/New/4_classes_26040_reals_0_GANs.h5
Epoch 147/150
 - 1579s - loss: 0.0436 - weighted_dice_loss: 0.0436 - val_loss: 0.0696 - val_weighted_dice_loss: 0.0696

Epoch 00147: val_weighted_dice_loss did not improve from 0.06771
Epoch 148/150
 - 1581s - loss: 0.0435 - weighted_dice_loss: 0.0435 - val_loss: 0.0692 - val_weighted_dice_loss: 0.0692

Epoch 00148: val_weighted_dice_loss did not improve from 0.06771
Epoch 149/150
 - 1581s - loss: 0.0434 - weighted_dice_loss: 0.0434 - val_loss: 0.0677 - val_weighted_dice_loss: 0.0677

Epoch 00149: val_weighted_dice_loss improved from 0.06771 to 0.06769, saving model to ./Unet-weights/New/4_classes_26040_reals_0_GANs.h5
Epoch 150/150
 - 1582s - loss: 0.0434 - weighted_dice_loss: 0.0434 - val_loss: 0.0686 - val_weighted_dice_loss: 0.0686

Epoch 00150: val_weighted_dice_loss did not improve from 0.06769
Finished training.
