nohup: ignoring input
2020-05-25 19:18:39.949758: I tensorflow/core/platform/cpu_feature_guard.cc:142] Your CPU supports instructions that this TensorFlow binary was not compiled to use: SSE4.1 SSE4.2 AVX AVX2 FMA
2020-05-25 19:18:39.953593: I tensorflow/core/platform/profile_utils/cpu_utils.cc:94] CPU Frequency: 3696000000 Hz
2020-05-25 19:18:39.954084: I tensorflow/compiler/xla/service/service.cc:168] XLA service 0x565468aa45f0 executing computations on platform Host. Devices:
2020-05-25 19:18:39.954100: I tensorflow/compiler/xla/service/service.cc:175]   StreamExecutor device (0): <undefined>, <undefined>
2020-05-25 19:18:39.954686: I tensorflow/stream_executor/platform/default/dso_loader.cc:42] Successfully opened dynamic library libcuda.so.1
2020-05-25 19:18:40.094059: I tensorflow/stream_executor/cuda/cuda_gpu_executor.cc:1005] successful NUMA node read from SysFS had negative value (-1), but there must be at least one NUMA node, so returning NUMA node zero
2020-05-25 19:18:40.094421: I tensorflow/core/common_runtime/gpu/gpu_device.cc:1640] Found device 0 with properties: 
name: GeForce RTX 2080 Ti major: 7 minor: 5 memoryClockRate(GHz): 1.65
pciBusID: 0000:02:00.0
2020-05-25 19:18:40.094461: I tensorflow/stream_executor/cuda/cuda_gpu_executor.cc:1005] successful NUMA node read from SysFS had negative value (-1), but there must be at least one NUMA node, so returning NUMA node zero
2020-05-25 19:18:40.094741: I tensorflow/core/common_runtime/gpu/gpu_device.cc:1640] Found device 1 with properties: 
name: GeForce GTX 1070 Ti major: 6 minor: 1 memoryClockRate(GHz): 1.683
pciBusID: 0000:01:00.0
2020-05-25 19:18:40.094869: I tensorflow/stream_executor/platform/default/dso_loader.cc:42] Successfully opened dynamic library libcudart.so.10.1
2020-05-25 19:18:40.095882: I tensorflow/stream_executor/platform/default/dso_loader.cc:42] Successfully opened dynamic library libcublas.so.10
2020-05-25 19:18:40.097019: I tensorflow/stream_executor/platform/default/dso_loader.cc:42] Successfully opened dynamic library libcufft.so.10
2020-05-25 19:18:40.097239: I tensorflow/stream_executor/platform/default/dso_loader.cc:42] Successfully opened dynamic library libcurand.so.10
2020-05-25 19:18:40.098287: I tensorflow/stream_executor/platform/default/dso_loader.cc:42] Successfully opened dynamic library libcusolver.so.10
2020-05-25 19:18:40.098733: I tensorflow/stream_executor/platform/default/dso_loader.cc:42] Successfully opened dynamic library libcusparse.so.10
2020-05-25 19:18:40.100867: I tensorflow/stream_executor/platform/default/dso_loader.cc:42] Successfully opened dynamic library libcudnn.so.7
2020-05-25 19:18:40.100943: I tensorflow/stream_executor/cuda/cuda_gpu_executor.cc:1005] successful NUMA node read from SysFS had negative value (-1), but there must be at least one NUMA node, so returning NUMA node zero
2020-05-25 19:18:40.101321: I tensorflow/stream_executor/cuda/cuda_gpu_executor.cc:1005] successful NUMA node read from SysFS had negative value (-1), but there must be at least one NUMA node, so returning NUMA node zero
2020-05-25 19:18:40.101625: I tensorflow/stream_executor/cuda/cuda_gpu_executor.cc:1005] successful NUMA node read from SysFS had negative value (-1), but there must be at least one NUMA node, so returning NUMA node zero
2020-05-25 19:18:40.101959: I tensorflow/stream_executor/cuda/cuda_gpu_executor.cc:1005] successful NUMA node read from SysFS had negative value (-1), but there must be at least one NUMA node, so returning NUMA node zero
2020-05-25 19:18:40.102233: I tensorflow/core/common_runtime/gpu/gpu_device.cc:1763] Adding visible gpu devices: 0, 1
2020-05-25 19:18:40.102252: I tensorflow/stream_executor/platform/default/dso_loader.cc:42] Successfully opened dynamic library libcudart.so.10.1
2020-05-25 19:18:40.103097: I tensorflow/core/common_runtime/gpu/gpu_device.cc:1181] Device interconnect StreamExecutor with strength 1 edge matrix:
2020-05-25 19:18:40.103107: I tensorflow/core/common_runtime/gpu/gpu_device.cc:1187]      0 1 
2020-05-25 19:18:40.103114: I tensorflow/core/common_runtime/gpu/gpu_device.cc:1200] 0:   N N 
2020-05-25 19:18:40.103123: I tensorflow/core/common_runtime/gpu/gpu_device.cc:1200] 1:   N N 
2020-05-25 19:18:40.103197: I tensorflow/stream_executor/cuda/cuda_gpu_executor.cc:1005] successful NUMA node read from SysFS had negative value (-1), but there must be at least one NUMA node, so returning NUMA node zero
2020-05-25 19:18:40.103537: I tensorflow/stream_executor/cuda/cuda_gpu_executor.cc:1005] successful NUMA node read from SysFS had negative value (-1), but there must be at least one NUMA node, so returning NUMA node zero
2020-05-25 19:18:40.103836: I tensorflow/stream_executor/cuda/cuda_gpu_executor.cc:1005] successful NUMA node read from SysFS had negative value (-1), but there must be at least one NUMA node, so returning NUMA node zero
2020-05-25 19:18:40.104176: I tensorflow/stream_executor/cuda/cuda_gpu_executor.cc:1005] successful NUMA node read from SysFS had negative value (-1), but there must be at least one NUMA node, so returning NUMA node zero
2020-05-25 19:18:40.104505: I tensorflow/core/common_runtime/gpu/gpu_device.cc:1326] Created TensorFlow device (/job:localhost/replica:0/task:0/device:GPU:0 with 10311 MB memory) -> physical GPU (device: 0, name: GeForce RTX 2080 Ti, pci bus id: 0000:02:00.0, compute capability: 7.5)
2020-05-25 19:18:40.104835: I tensorflow/stream_executor/cuda/cuda_gpu_executor.cc:1005] successful NUMA node read from SysFS had negative value (-1), but there must be at least one NUMA node, so returning NUMA node zero
2020-05-25 19:18:40.105136: I tensorflow/stream_executor/cuda/cuda_gpu_executor.cc:1005] successful NUMA node read from SysFS had negative value (-1), but there must be at least one NUMA node, so returning NUMA node zero
2020-05-25 19:18:40.105412: I tensorflow/core/common_runtime/gpu/gpu_device.cc:1326] Created TensorFlow device (/job:localhost/replica:0/task:0/device:GPU:1 with 7507 MB memory) -> physical GPU (device: 1, name: GeForce GTX 1070 Ti, pci bus id: 0000:01:00.0, compute capability: 6.1)
2020-05-25 19:18:40.106604: I tensorflow/compiler/xla/service/service.cc:168] XLA service 0x565469de7150 executing computations on platform CUDA. Devices:
2020-05-25 19:18:40.106620: I tensorflow/compiler/xla/service/service.cc:175]   StreamExecutor device (0): GeForce RTX 2080 Ti, Compute Capability 7.5
2020-05-25 19:18:40.106624: I tensorflow/compiler/xla/service/service.cc:175]   StreamExecutor device (1): GeForce GTX 1070 Ti, Compute Capability 6.1
/nobackup/data/mehfo331/Conda/Unet/lib/python3.6/site-packages/tensorflow/python/framework/dtypes.py:516: FutureWarning: Passing (type, 1) or '1type' as a synonym of type is deprecated; in a future version of numpy, it will be understood as (type, (1,)) / '(1,)type'.
  _np_qint8 = np.dtype([("qint8", np.int8, 1)])
/nobackup/data/mehfo331/Conda/Unet/lib/python3.6/site-packages/tensorflow/python/framework/dtypes.py:517: FutureWarning: Passing (type, 1) or '1type' as a synonym of type is deprecated; in a future version of numpy, it will be understood as (type, (1,)) / '(1,)type'.
  _np_quint8 = np.dtype([("quint8", np.uint8, 1)])
/nobackup/data/mehfo331/Conda/Unet/lib/python3.6/site-packages/tensorflow/python/framework/dtypes.py:518: FutureWarning: Passing (type, 1) or '1type' as a synonym of type is deprecated; in a future version of numpy, it will be understood as (type, (1,)) / '(1,)type'.
  _np_qint16 = np.dtype([("qint16", np.int16, 1)])
/nobackup/data/mehfo331/Conda/Unet/lib/python3.6/site-packages/tensorflow/python/framework/dtypes.py:519: FutureWarning: Passing (type, 1) or '1type' as a synonym of type is deprecated; in a future version of numpy, it will be understood as (type, (1,)) / '(1,)type'.
  _np_quint16 = np.dtype([("quint16", np.uint16, 1)])
/nobackup/data/mehfo331/Conda/Unet/lib/python3.6/site-packages/tensorflow/python/framework/dtypes.py:520: FutureWarning: Passing (type, 1) or '1type' as a synonym of type is deprecated; in a future version of numpy, it will be understood as (type, (1,)) / '(1,)type'.
  _np_qint32 = np.dtype([("qint32", np.int32, 1)])
/nobackup/data/mehfo331/Conda/Unet/lib/python3.6/site-packages/tensorflow/python/framework/dtypes.py:525: FutureWarning: Passing (type, 1) or '1type' as a synonym of type is deprecated; in a future version of numpy, it will be understood as (type, (1,)) / '(1,)type'.
  np_resource = np.dtype([("resource", np.ubyte, 1)])
/nobackup/data/mehfo331/Conda/Unet/lib/python3.6/site-packages/tensorboard/compat/tensorflow_stub/dtypes.py:541: FutureWarning: Passing (type, 1) or '1type' as a synonym of type is deprecated; in a future version of numpy, it will be understood as (type, (1,)) / '(1,)type'.
  _np_qint8 = np.dtype([("qint8", np.int8, 1)])
/nobackup/data/mehfo331/Conda/Unet/lib/python3.6/site-packages/tensorboard/compat/tensorflow_stub/dtypes.py:542: FutureWarning: Passing (type, 1) or '1type' as a synonym of type is deprecated; in a future version of numpy, it will be understood as (type, (1,)) / '(1,)type'.
  _np_quint8 = np.dtype([("quint8", np.uint8, 1)])
/nobackup/data/mehfo331/Conda/Unet/lib/python3.6/site-packages/tensorboard/compat/tensorflow_stub/dtypes.py:543: FutureWarning: Passing (type, 1) or '1type' as a synonym of type is deprecated; in a future version of numpy, it will be understood as (type, (1,)) / '(1,)type'.
  _np_qint16 = np.dtype([("qint16", np.int16, 1)])
/nobackup/data/mehfo331/Conda/Unet/lib/python3.6/site-packages/tensorboard/compat/tensorflow_stub/dtypes.py:544: FutureWarning: Passing (type, 1) or '1type' as a synonym of type is deprecated; in a future version of numpy, it will be understood as (type, (1,)) / '(1,)type'.
  _np_quint16 = np.dtype([("quint16", np.uint16, 1)])
/nobackup/data/mehfo331/Conda/Unet/lib/python3.6/site-packages/tensorboard/compat/tensorflow_stub/dtypes.py:545: FutureWarning: Passing (type, 1) or '1type' as a synonym of type is deprecated; in a future version of numpy, it will be understood as (type, (1,)) / '(1,)type'.
  _np_qint32 = np.dtype([("qint32", np.int32, 1)])
/nobackup/data/mehfo331/Conda/Unet/lib/python3.6/site-packages/tensorboard/compat/tensorflow_stub/dtypes.py:550: FutureWarning: Passing (type, 1) or '1type' as a synonym of type is deprecated; in a future version of numpy, it will be understood as (type, (1,)) / '(1,)type'.
  np_resource = np.dtype([("resource", np.ubyte, 1)])
Using TensorFlow backend.
WARNING:tensorflow:From segmentation.py:20: The name tf.keras.backend.set_session is deprecated. Please use tf.compat.v1.keras.backend.set_session instead.

WARNING:tensorflow:From segmentation.py:33: The name tf.ConfigProto is deprecated. Please use tf.compat.v1.ConfigProto instead.

WARNING:tensorflow:From segmentation.py:35: The name tf.Session is deprecated. Please use tf.compat.v1.Session instead.

2020-05-25 19:18:40.107424: I tensorflow/stream_executor/cuda/cuda_gpu_executor.cc:1005] successful NUMA node read from SysFS had negative value (-1), but there must be at least one NUMA node, so returning NUMA node zero
2020-05-25 19:18:40.107753: I tensorflow/core/common_runtime/gpu/gpu_device.cc:1640] Found device 0 with properties: 
name: GeForce RTX 2080 Ti major: 7 minor: 5 memoryClockRate(GHz): 1.65
pciBusID: 0000:02:00.0
2020-05-25 19:18:40.107789: I tensorflow/stream_executor/cuda/cuda_gpu_executor.cc:1005] successful NUMA node read from SysFS had negative value (-1), but there must be at least one NUMA node, so returning NUMA node zero
2020-05-25 19:18:40.108060: I tensorflow/core/common_runtime/gpu/gpu_device.cc:1640] Found device 1 with properties: 
name: GeForce GTX 1070 Ti major: 6 minor: 1 memoryClockRate(GHz): 1.683
pciBusID: 0000:01:00.0
2020-05-25 19:18:40.108077: I tensorflow/stream_executor/platform/default/dso_loader.cc:42] Successfully opened dynamic library libcudart.so.10.1
2020-05-25 19:18:40.108086: I tensorflow/stream_executor/platform/default/dso_loader.cc:42] Successfully opened dynamic library libcublas.so.10
2020-05-25 19:18:40.108094: I tensorflow/stream_executor/platform/default/dso_loader.cc:42] Successfully opened dynamic library libcufft.so.10
2020-05-25 19:18:40.108102: I tensorflow/stream_executor/platform/default/dso_loader.cc:42] Successfully opened dynamic library libcurand.so.10
2020-05-25 19:18:40.108112: I tensorflow/stream_executor/platform/default/dso_loader.cc:42] Successfully opened dynamic library libcusolver.so.10
2020-05-25 19:18:40.108119: I tensorflow/stream_executor/platform/default/dso_loader.cc:42] Successfully opened dynamic library libcusparse.so.10
2020-05-25 19:18:40.108127: I tensorflow/stream_executor/platform/default/dso_loader.cc:42] Successfully opened dynamic library libcudnn.so.7
2020-05-25 19:18:40.108156: I tensorflow/stream_executor/cuda/cuda_gpu_executor.cc:1005] successful NUMA node read from SysFS had negative value (-1), but there must be at least one NUMA node, so returning NUMA node zero
2020-05-25 19:18:40.108488: I tensorflow/stream_executor/cuda/cuda_gpu_executor.cc:1005] successful NUMA node read from SysFS had negative value (-1), but there must be at least one NUMA node, so returning NUMA node zero
2020-05-25 19:18:40.108783: I tensorflow/stream_executor/cuda/cuda_gpu_executor.cc:1005] successful NUMA node read from SysFS had negative value (-1), but there must be at least one NUMA node, so returning NUMA node zero
2020-05-25 19:18:40.109115: I tensorflow/stream_executor/cuda/cuda_gpu_executor.cc:1005] successful NUMA node read from SysFS had negative value (-1), but there must be at least one NUMA node, so returning NUMA node zero
2020-05-25 19:18:40.109384: I tensorflow/core/common_runtime/gpu/gpu_device.cc:1763] Adding visible gpu devices: 0, 1
2020-05-25 19:18:40.109400: I tensorflow/core/common_runtime/gpu/gpu_device.cc:1181] Device interconnect StreamExecutor with strength 1 edge matrix:
2020-05-25 19:18:40.109406: I tensorflow/core/common_runtime/gpu/gpu_device.cc:1187]      0 1 
2020-05-25 19:18:40.109410: I tensorflow/core/common_runtime/gpu/gpu_device.cc:1200] 0:   N N 
2020-05-25 19:18:40.109413: I tensorflow/core/common_runtime/gpu/gpu_device.cc:1200] 1:   N N 
2020-05-25 19:18:40.109467: I tensorflow/stream_executor/cuda/cuda_gpu_executor.cc:1005] successful NUMA node read from SysFS had negative value (-1), but there must be at least one NUMA node, so returning NUMA node zero
2020-05-25 19:18:40.109805: I tensorflow/stream_executor/cuda/cuda_gpu_executor.cc:1005] successful NUMA node read from SysFS had negative value (-1), but there must be at least one NUMA node, so returning NUMA node zero
2020-05-25 19:18:40.110099: I tensorflow/stream_executor/cuda/cuda_gpu_executor.cc:1005] successful NUMA node read from SysFS had negative value (-1), but there must be at least one NUMA node, so returning NUMA node zero
2020-05-25 19:18:40.110414: I tensorflow/core/common_runtime/gpu/gpu_device.cc:1326] Created TensorFlow device (/job:localhost/replica:0/task:0/device:GPU:0 with 10311 MB memory) -> physical GPU (device: 0, name: GeForce RTX 2080 Ti, pci bus id: 0000:02:00.0, compute capability: 7.5)
2020-05-25 19:18:40.110449: I tensorflow/stream_executor/cuda/cuda_gpu_executor.cc:1005] successful NUMA node read from SysFS had negative value (-1), but there must be at least one NUMA node, so returning NUMA node zero
2020-05-25 19:18:40.110725: I tensorflow/core/common_runtime/gpu/gpu_device.cc:1326] Created TensorFlow device (/job:localhost/replica:0/task:0/device:GPU:1 with 7507 MB memory) -> physical GPU (device: 1, name: GeForce GTX 1070 Ti, pci bus id: 0000:01:00.0, compute capability: 6.1)
WARNING:tensorflow:From /nobackup/data/mehfo331/Conda/Unet/lib/python3.6/site-packages/keras/backend/tensorflow_backend.py:74: The name tf.get_default_graph is deprecated. Please use tf.compat.v1.get_default_graph instead.

WARNING:tensorflow:From /nobackup/data/mehfo331/Conda/Unet/lib/python3.6/site-packages/keras/backend/tensorflow_backend.py:517: The name tf.placeholder is deprecated. Please use tf.compat.v1.placeholder instead.

WARNING:tensorflow:From /nobackup/data/mehfo331/Conda/Unet/lib/python3.6/site-packages/keras/backend/tensorflow_backend.py:4185: The name tf.truncated_normal is deprecated. Please use tf.random.truncated_normal instead.

WARNING:tensorflow:From /nobackup/data/mehfo331/Conda/Unet/lib/python3.6/site-packages/keras/backend/tensorflow_backend.py:1834: The name tf.nn.fused_batch_norm is deprecated. Please use tf.compat.v1.nn.fused_batch_norm instead.

WARNING:tensorflow:From /nobackup/data/mehfo331/Conda/Unet/lib/python3.6/site-packages/keras/backend/tensorflow_backend.py:3976: The name tf.nn.max_pool is deprecated. Please use tf.nn.max_pool2d instead.

WARNING:tensorflow:From /nobackup/data/mehfo331/Conda/Unet/lib/python3.6/site-packages/keras/backend/tensorflow_backend.py:3445: calling dropout (from tensorflow.python.ops.nn_ops) with keep_prob is deprecated and will be removed in a future version.
Instructions for updating:
Please use `rate` instead of `keep_prob`. Rate should be set to `rate = 1 - keep_prob`.
WARNING:tensorflow:From /nobackup/data/mehfo331/Conda/Unet/lib/python3.6/site-packages/keras/optimizers.py:790: The name tf.train.Optimizer is deprecated. Please use tf.compat.v1.train.Optimizer instead.

2020-05-25 19:20:19.289426: I tensorflow/stream_executor/platform/default/dso_loader.cc:42] Successfully opened dynamic library libcudnn.so.7

Reading data...
Finished reading data.

Reading data...
Finished reading data.

Training 7 classes with 26040 images (26040 real and 0 GAN images):

Epoch 1/150
 - 854s - loss: 0.5255 - weighted_dice_loss: 0.5255 - val_loss: 0.3596 - val_weighted_dice_loss: 0.3596

Epoch 00001: val_weighted_dice_loss improved from inf to 0.35964, saving model to ./Unet-weights/7_classes_26040_reals_0_GANs.h5
Epoch 2/150
 - 819s - loss: 0.3563 - weighted_dice_loss: 0.3563 - val_loss: 0.3416 - val_weighted_dice_loss: 0.3416

Epoch 00002: val_weighted_dice_loss improved from 0.35964 to 0.34156, saving model to ./Unet-weights/7_classes_26040_reals_0_GANs.h5
Epoch 3/150
 - 819s - loss: 0.3125 - weighted_dice_loss: 0.3125 - val_loss: 0.2996 - val_weighted_dice_loss: 0.2996

Epoch 00003: val_weighted_dice_loss improved from 0.34156 to 0.29956, saving model to ./Unet-weights/7_classes_26040_reals_0_GANs.h5
Epoch 4/150
 - 819s - loss: 0.2956 - weighted_dice_loss: 0.2956 - val_loss: 0.2869 - val_weighted_dice_loss: 0.2869

Epoch 00004: val_weighted_dice_loss improved from 0.29956 to 0.28691, saving model to ./Unet-weights/7_classes_26040_reals_0_GANs.h5
Epoch 5/150
 - 819s - loss: 0.2858 - weighted_dice_loss: 0.2858 - val_loss: 0.2918 - val_weighted_dice_loss: 0.2918

Epoch 00005: val_weighted_dice_loss did not improve from 0.28691
Epoch 6/150
 - 819s - loss: 0.2776 - weighted_dice_loss: 0.2776 - val_loss: 0.3040 - val_weighted_dice_loss: 0.3040

Epoch 00006: val_weighted_dice_loss did not improve from 0.28691
Epoch 7/150
 - 819s - loss: 0.2721 - weighted_dice_loss: 0.2721 - val_loss: 0.2970 - val_weighted_dice_loss: 0.2970

Epoch 00007: val_weighted_dice_loss did not improve from 0.28691
Epoch 8/150
 - 819s - loss: 0.2654 - weighted_dice_loss: 0.2654 - val_loss: 0.2652 - val_weighted_dice_loss: 0.2652

Epoch 00008: val_weighted_dice_loss improved from 0.28691 to 0.26520, saving model to ./Unet-weights/7_classes_26040_reals_0_GANs.h5
Epoch 9/150
 - 819s - loss: 0.2591 - weighted_dice_loss: 0.2591 - val_loss: 0.2623 - val_weighted_dice_loss: 0.2623

Epoch 00009: val_weighted_dice_loss improved from 0.26520 to 0.26233, saving model to ./Unet-weights/7_classes_26040_reals_0_GANs.h5
Epoch 10/150
 - 819s - loss: 0.2554 - weighted_dice_loss: 0.2554 - val_loss: 0.2621 - val_weighted_dice_loss: 0.2621

Epoch 00010: val_weighted_dice_loss improved from 0.26233 to 0.26207, saving model to ./Unet-weights/7_classes_26040_reals_0_GANs.h5
Epoch 11/150
 - 819s - loss: 0.2509 - weighted_dice_loss: 0.2509 - val_loss: 0.2507 - val_weighted_dice_loss: 0.2507

Epoch 00011: val_weighted_dice_loss improved from 0.26207 to 0.25065, saving model to ./Unet-weights/7_classes_26040_reals_0_GANs.h5
Epoch 12/150
 - 819s - loss: 0.2461 - weighted_dice_loss: 0.2461 - val_loss: 0.5695 - val_weighted_dice_loss: 0.5695

Epoch 00012: val_weighted_dice_loss did not improve from 0.25065
Epoch 13/150
 - 819s - loss: 0.2431 - weighted_dice_loss: 0.2431 - val_loss: 0.2521 - val_weighted_dice_loss: 0.2521

Epoch 00013: val_weighted_dice_loss did not improve from 0.25065
Epoch 14/150
 - 819s - loss: 0.2399 - weighted_dice_loss: 0.2399 - val_loss: 0.2454 - val_weighted_dice_loss: 0.2454

Epoch 00014: val_weighted_dice_loss improved from 0.25065 to 0.24541, saving model to ./Unet-weights/7_classes_26040_reals_0_GANs.h5
Epoch 15/150
 - 819s - loss: 0.2362 - weighted_dice_loss: 0.2362 - val_loss: 0.2528 - val_weighted_dice_loss: 0.2528

Epoch 00015: val_weighted_dice_loss did not improve from 0.24541
Epoch 16/150
 - 819s - loss: 0.2331 - weighted_dice_loss: 0.2331 - val_loss: 0.2447 - val_weighted_dice_loss: 0.2447

Epoch 00016: val_weighted_dice_loss improved from 0.24541 to 0.24473, saving model to ./Unet-weights/7_classes_26040_reals_0_GANs.h5
Epoch 17/150
 - 819s - loss: 0.2309 - weighted_dice_loss: 0.2309 - val_loss: 0.2383 - val_weighted_dice_loss: 0.2383

Epoch 00017: val_weighted_dice_loss improved from 0.24473 to 0.23826, saving model to ./Unet-weights/7_classes_26040_reals_0_GANs.h5
Epoch 18/150
 - 819s - loss: 0.2280 - weighted_dice_loss: 0.2280 - val_loss: 0.2455 - val_weighted_dice_loss: 0.2455

Epoch 00018: val_weighted_dice_loss did not improve from 0.23826
Epoch 19/150
 - 819s - loss: 0.2258 - weighted_dice_loss: 0.2258 - val_loss: 0.2334 - val_weighted_dice_loss: 0.2334

Epoch 00019: val_weighted_dice_loss improved from 0.23826 to 0.23343, saving model to ./Unet-weights/7_classes_26040_reals_0_GANs.h5
Epoch 20/150
 - 819s - loss: 0.2236 - weighted_dice_loss: 0.2236 - val_loss: 0.2334 - val_weighted_dice_loss: 0.2334

Epoch 00020: val_weighted_dice_loss improved from 0.23343 to 0.23343, saving model to ./Unet-weights/7_classes_26040_reals_0_GANs.h5
Epoch 21/150
 - 819s - loss: 0.2216 - weighted_dice_loss: 0.2216 - val_loss: 0.2291 - val_weighted_dice_loss: 0.2291

Epoch 00021: val_weighted_dice_loss improved from 0.23343 to 0.22907, saving model to ./Unet-weights/7_classes_26040_reals_0_GANs.h5
Epoch 22/150
 - 819s - loss: 0.2195 - weighted_dice_loss: 0.2195 - val_loss: 0.4963 - val_weighted_dice_loss: 0.4963

Epoch 00022: val_weighted_dice_loss did not improve from 0.22907
Epoch 23/150
 - 820s - loss: 0.2176 - weighted_dice_loss: 0.2176 - val_loss: 0.2336 - val_weighted_dice_loss: 0.2336

Epoch 00023: val_weighted_dice_loss did not improve from 0.22907
Epoch 24/150
 - 819s - loss: 0.2161 - weighted_dice_loss: 0.2161 - val_loss: 0.2720 - val_weighted_dice_loss: 0.2720

Epoch 00024: val_weighted_dice_loss did not improve from 0.22907
Epoch 25/150
 - 819s - loss: 0.2142 - weighted_dice_loss: 0.2142 - val_loss: 0.2252 - val_weighted_dice_loss: 0.2252

Epoch 00025: val_weighted_dice_loss improved from 0.22907 to 0.22520, saving model to ./Unet-weights/7_classes_26040_reals_0_GANs.h5
Epoch 26/150
 - 820s - loss: 0.2126 - weighted_dice_loss: 0.2126 - val_loss: 0.2303 - val_weighted_dice_loss: 0.2303

Epoch 00026: val_weighted_dice_loss did not improve from 0.22520
Epoch 27/150
 - 820s - loss: 0.2110 - weighted_dice_loss: 0.2110 - val_loss: 0.2350 - val_weighted_dice_loss: 0.2350

Epoch 00027: val_weighted_dice_loss did not improve from 0.22520
Epoch 28/150
 - 820s - loss: 0.2097 - weighted_dice_loss: 0.2097 - val_loss: 0.2980 - val_weighted_dice_loss: 0.2980

Epoch 00028: val_weighted_dice_loss did not improve from 0.22520
Epoch 29/150
 - 819s - loss: 0.2083 - weighted_dice_loss: 0.2083 - val_loss: 0.2190 - val_weighted_dice_loss: 0.2190

Epoch 00029: val_weighted_dice_loss improved from 0.22520 to 0.21896, saving model to ./Unet-weights/7_classes_26040_reals_0_GANs.h5
Epoch 30/150
 - 819s - loss: 0.2069 - weighted_dice_loss: 0.2069 - val_loss: 0.2573 - val_weighted_dice_loss: 0.2573

Epoch 00030: val_weighted_dice_loss did not improve from 0.21896
Epoch 31/150
 - 820s - loss: 0.2060 - weighted_dice_loss: 0.2060 - val_loss: 0.2131 - val_weighted_dice_loss: 0.2131

Epoch 00031: val_weighted_dice_loss improved from 0.21896 to 0.21309, saving model to ./Unet-weights/7_classes_26040_reals_0_GANs.h5
Epoch 32/150
 - 820s - loss: 0.2048 - weighted_dice_loss: 0.2048 - val_loss: 0.9068 - val_weighted_dice_loss: 0.9068

Epoch 00032: val_weighted_dice_loss did not improve from 0.21309
Epoch 33/150
 - 820s - loss: 0.2032 - weighted_dice_loss: 0.2032 - val_loss: 0.2207 - val_weighted_dice_loss: 0.2207

Epoch 00033: val_weighted_dice_loss did not improve from 0.21309
Epoch 34/150
 - 819s - loss: 0.2019 - weighted_dice_loss: 0.2019 - val_loss: 0.2168 - val_weighted_dice_loss: 0.2168

Epoch 00034: val_weighted_dice_loss did not improve from 0.21309
Epoch 35/150
 - 820s - loss: 0.2011 - weighted_dice_loss: 0.2011 - val_loss: 0.2128 - val_weighted_dice_loss: 0.2128

Epoch 00035: val_weighted_dice_loss improved from 0.21309 to 0.21279, saving model to ./Unet-weights/7_classes_26040_reals_0_GANs.h5
Epoch 36/150
 - 820s - loss: 0.2001 - weighted_dice_loss: 0.2001 - val_loss: 0.2198 - val_weighted_dice_loss: 0.2198

Epoch 00036: val_weighted_dice_loss did not improve from 0.21279
Epoch 37/150
 - 819s - loss: 0.1991 - weighted_dice_loss: 0.1991 - val_loss: 0.2192 - val_weighted_dice_loss: 0.2192

Epoch 00037: val_weighted_dice_loss did not improve from 0.21279
Epoch 38/150
 - 820s - loss: 0.1980 - weighted_dice_loss: 0.1980 - val_loss: 0.2091 - val_weighted_dice_loss: 0.2091

Epoch 00038: val_weighted_dice_loss improved from 0.21279 to 0.20914, saving model to ./Unet-weights/7_classes_26040_reals_0_GANs.h5
Epoch 39/150
 - 820s - loss: 0.1971 - weighted_dice_loss: 0.1971 - val_loss: 0.2146 - val_weighted_dice_loss: 0.2146

Epoch 00039: val_weighted_dice_loss did not improve from 0.20914
Epoch 40/150
 - 820s - loss: 0.1959 - weighted_dice_loss: 0.1959 - val_loss: 0.2178 - val_weighted_dice_loss: 0.2178

Epoch 00040: val_weighted_dice_loss did not improve from 0.20914
Epoch 41/150
 - 820s - loss: 0.1949 - weighted_dice_loss: 0.1949 - val_loss: 0.2094 - val_weighted_dice_loss: 0.2094

Epoch 00041: val_weighted_dice_loss did not improve from 0.20914
Epoch 42/150
 - 820s - loss: 0.1947 - weighted_dice_loss: 0.1947 - val_loss: 0.2061 - val_weighted_dice_loss: 0.2061

Epoch 00042: val_weighted_dice_loss improved from 0.20914 to 0.20611, saving model to ./Unet-weights/7_classes_26040_reals_0_GANs.h5
Epoch 43/150
 - 820s - loss: 0.1941 - weighted_dice_loss: 0.1941 - val_loss: 0.2090 - val_weighted_dice_loss: 0.2090

Epoch 00043: val_weighted_dice_loss did not improve from 0.20611
Epoch 44/150
 - 820s - loss: 0.1932 - weighted_dice_loss: 0.1932 - val_loss: 0.2118 - val_weighted_dice_loss: 0.2118

Epoch 00044: val_weighted_dice_loss did not improve from 0.20611
Epoch 45/150
 - 820s - loss: 0.1926 - weighted_dice_loss: 0.1926 - val_loss: 0.2069 - val_weighted_dice_loss: 0.2069

Epoch 00045: val_weighted_dice_loss did not improve from 0.20611
Epoch 46/150
 - 820s - loss: 0.1910 - weighted_dice_loss: 0.1910 - val_loss: 0.2277 - val_weighted_dice_loss: 0.2277

Epoch 00046: val_weighted_dice_loss did not improve from 0.20611
Epoch 47/150
 - 820s - loss: 0.1910 - weighted_dice_loss: 0.1910 - val_loss: 0.2142 - val_weighted_dice_loss: 0.2142

Epoch 00047: val_weighted_dice_loss did not improve from 0.20611
Epoch 48/150
 - 820s - loss: 0.1900 - weighted_dice_loss: 0.1900 - val_loss: 0.2075 - val_weighted_dice_loss: 0.2075

Epoch 00048: val_weighted_dice_loss did not improve from 0.20611
Epoch 49/150
 - 820s - loss: 0.1899 - weighted_dice_loss: 0.1899 - val_loss: 0.2088 - val_weighted_dice_loss: 0.2088

Epoch 00049: val_weighted_dice_loss did not improve from 0.20611
Epoch 50/150
 - 819s - loss: 0.1888 - weighted_dice_loss: 0.1888 - val_loss: 0.2066 - val_weighted_dice_loss: 0.2066

Epoch 00050: val_weighted_dice_loss did not improve from 0.20611
Epoch 51/150
 - 820s - loss: 0.1881 - weighted_dice_loss: 0.1881 - val_loss: 0.2117 - val_weighted_dice_loss: 0.2117

Epoch 00051: val_weighted_dice_loss did not improve from 0.20611
Epoch 52/150
 - 820s - loss: 0.1876 - weighted_dice_loss: 0.1876 - val_loss: 0.2060 - val_weighted_dice_loss: 0.2060

Epoch 00052: val_weighted_dice_loss improved from 0.20611 to 0.20604, saving model to ./Unet-weights/7_classes_26040_reals_0_GANs.h5
Epoch 53/150
 - 820s - loss: 0.1869 - weighted_dice_loss: 0.1869 - val_loss: 0.2008 - val_weighted_dice_loss: 0.2008

Epoch 00053: val_weighted_dice_loss improved from 0.20604 to 0.20080, saving model to ./Unet-weights/7_classes_26040_reals_0_GANs.h5
Epoch 54/150
 - 819s - loss: 0.1865 - weighted_dice_loss: 0.1865 - val_loss: 0.2123 - val_weighted_dice_loss: 0.2123

Epoch 00054: val_weighted_dice_loss did not improve from 0.20080
Epoch 55/150
 - 819s - loss: 0.1863 - weighted_dice_loss: 0.1863 - val_loss: 0.2083 - val_weighted_dice_loss: 0.2083

Epoch 00055: val_weighted_dice_loss did not improve from 0.20080
Epoch 56/150
 - 820s - loss: 0.1852 - weighted_dice_loss: 0.1852 - val_loss: 0.2048 - val_weighted_dice_loss: 0.2048

Epoch 00056: val_weighted_dice_loss did not improve from 0.20080
Epoch 57/150
 - 820s - loss: 0.1849 - weighted_dice_loss: 0.1849 - val_loss: 0.2050 - val_weighted_dice_loss: 0.2050

Epoch 00057: val_weighted_dice_loss did not improve from 0.20080
Epoch 58/150
 - 820s - loss: 0.1841 - weighted_dice_loss: 0.1841 - val_loss: 0.2010 - val_weighted_dice_loss: 0.2010

Epoch 00058: val_weighted_dice_loss did not improve from 0.20080
Epoch 59/150
 - 820s - loss: 0.1835 - weighted_dice_loss: 0.1835 - val_loss: 0.2053 - val_weighted_dice_loss: 0.2053

Epoch 00059: val_weighted_dice_loss did not improve from 0.20080
Epoch 60/150
 - 820s - loss: 0.1835 - weighted_dice_loss: 0.1835 - val_loss: 0.2016 - val_weighted_dice_loss: 0.2016

Epoch 00060: val_weighted_dice_loss did not improve from 0.20080
Epoch 61/150
 - 820s - loss: 0.1828 - weighted_dice_loss: 0.1828 - val_loss: 0.2046 - val_weighted_dice_loss: 0.2046

Epoch 00061: val_weighted_dice_loss did not improve from 0.20080
Epoch 62/150
 - 819s - loss: 0.1823 - weighted_dice_loss: 0.1823 - val_loss: 0.2045 - val_weighted_dice_loss: 0.2045

Epoch 00062: val_weighted_dice_loss did not improve from 0.20080
Epoch 63/150
 - 820s - loss: 0.1815 - weighted_dice_loss: 0.1815 - val_loss: 0.2056 - val_weighted_dice_loss: 0.2056

Epoch 00063: val_weighted_dice_loss did not improve from 0.20080
Epoch 64/150
 - 820s - loss: 0.1813 - weighted_dice_loss: 0.1813 - val_loss: 0.5319 - val_weighted_dice_loss: 0.5319

Epoch 00064: val_weighted_dice_loss did not improve from 0.20080
Epoch 65/150
 - 820s - loss: 0.1810 - weighted_dice_loss: 0.1810 - val_loss: 0.2014 - val_weighted_dice_loss: 0.2014

Epoch 00065: val_weighted_dice_loss did not improve from 0.20080
Epoch 66/150
 - 820s - loss: 0.1809 - weighted_dice_loss: 0.1809 - val_loss: 0.1991 - val_weighted_dice_loss: 0.1991

Epoch 00066: val_weighted_dice_loss improved from 0.20080 to 0.19912, saving model to ./Unet-weights/7_classes_26040_reals_0_GANs.h5
Epoch 67/150
 - 820s - loss: 0.1800 - weighted_dice_loss: 0.1800 - val_loss: 0.1982 - val_weighted_dice_loss: 0.1982

Epoch 00067: val_weighted_dice_loss improved from 0.19912 to 0.19822, saving model to ./Unet-weights/7_classes_26040_reals_0_GANs.h5
Epoch 68/150
 - 820s - loss: 0.1796 - weighted_dice_loss: 0.1796 - val_loss: 0.1997 - val_weighted_dice_loss: 0.1997

Epoch 00068: val_weighted_dice_loss did not improve from 0.19822
Epoch 69/150
 - 820s - loss: 0.1789 - weighted_dice_loss: 0.1789 - val_loss: 0.2070 - val_weighted_dice_loss: 0.2070

Epoch 00069: val_weighted_dice_loss did not improve from 0.19822
Epoch 70/150
 - 820s - loss: 0.1787 - weighted_dice_loss: 0.1787 - val_loss: 0.2016 - val_weighted_dice_loss: 0.2016

Epoch 00070: val_weighted_dice_loss did not improve from 0.19822
Epoch 71/150
 - 819s - loss: 0.1787 - weighted_dice_loss: 0.1787 - val_loss: 0.5885 - val_weighted_dice_loss: 0.5885

Epoch 00071: val_weighted_dice_loss did not improve from 0.19822
Epoch 72/150
 - 820s - loss: 0.1781 - weighted_dice_loss: 0.1781 - val_loss: 0.2055 - val_weighted_dice_loss: 0.2055

Epoch 00072: val_weighted_dice_loss did not improve from 0.19822
Epoch 73/150
 - 820s - loss: 0.1776 - weighted_dice_loss: 0.1776 - val_loss: 0.1973 - val_weighted_dice_loss: 0.1973

Epoch 00073: val_weighted_dice_loss improved from 0.19822 to 0.19727, saving model to ./Unet-weights/7_classes_26040_reals_0_GANs.h5
Epoch 74/150
 - 819s - loss: 0.1770 - weighted_dice_loss: 0.1770 - val_loss: 0.2070 - val_weighted_dice_loss: 0.2070

Epoch 00074: val_weighted_dice_loss did not improve from 0.19727
Epoch 75/150
 - 819s - loss: 0.1770 - weighted_dice_loss: 0.1770 - val_loss: 0.2071 - val_weighted_dice_loss: 0.2071

Epoch 00075: val_weighted_dice_loss did not improve from 0.19727
Epoch 76/150
 - 820s - loss: 0.1764 - weighted_dice_loss: 0.1764 - val_loss: 0.6485 - val_weighted_dice_loss: 0.6485

Epoch 00076: val_weighted_dice_loss did not improve from 0.19727
Epoch 77/150
 - 820s - loss: 0.1760 - weighted_dice_loss: 0.1760 - val_loss: 0.2043 - val_weighted_dice_loss: 0.2043

Epoch 00077: val_weighted_dice_loss did not improve from 0.19727
Epoch 78/150
 - 820s - loss: 0.1760 - weighted_dice_loss: 0.1760 - val_loss: 0.1933 - val_weighted_dice_loss: 0.1933

Epoch 00078: val_weighted_dice_loss improved from 0.19727 to 0.19331, saving model to ./Unet-weights/7_classes_26040_reals_0_GANs.h5
Epoch 79/150
 - 820s - loss: 0.1756 - weighted_dice_loss: 0.1756 - val_loss: 0.1992 - val_weighted_dice_loss: 0.1992

Epoch 00079: val_weighted_dice_loss did not improve from 0.19331
Epoch 80/150
 - 820s - loss: 0.1755 - weighted_dice_loss: 0.1755 - val_loss: 0.2893 - val_weighted_dice_loss: 0.2893

Epoch 00080: val_weighted_dice_loss did not improve from 0.19331
Epoch 81/150
 - 820s - loss: 0.1749 - weighted_dice_loss: 0.1749 - val_loss: 0.5093 - val_weighted_dice_loss: 0.5093

Epoch 00081: val_weighted_dice_loss did not improve from 0.19331
Epoch 82/150
 - 819s - loss: 0.1747 - weighted_dice_loss: 0.1747 - val_loss: 0.1998 - val_weighted_dice_loss: 0.1998

Epoch 00082: val_weighted_dice_loss did not improve from 0.19331
Epoch 83/150
 - 820s - loss: 0.1741 - weighted_dice_loss: 0.1741 - val_loss: 0.1985 - val_weighted_dice_loss: 0.1985

Epoch 00083: val_weighted_dice_loss did not improve from 0.19331
Epoch 84/150
 - 819s - loss: 0.1737 - weighted_dice_loss: 0.1737 - val_loss: 0.1947 - val_weighted_dice_loss: 0.1947

Epoch 00084: val_weighted_dice_loss did not improve from 0.19331
Epoch 85/150
 - 820s - loss: 0.1736 - weighted_dice_loss: 0.1736 - val_loss: 0.4171 - val_weighted_dice_loss: 0.4171

Epoch 00085: val_weighted_dice_loss did not improve from 0.19331
Epoch 86/150
 - 820s - loss: 0.1730 - weighted_dice_loss: 0.1730 - val_loss: 0.1982 - val_weighted_dice_loss: 0.1982

Epoch 00086: val_weighted_dice_loss did not improve from 0.19331
Epoch 87/150
 - 820s - loss: 0.1731 - weighted_dice_loss: 0.1731 - val_loss: 0.1995 - val_weighted_dice_loss: 0.1995

Epoch 00087: val_weighted_dice_loss did not improve from 0.19331
Epoch 88/150
 - 820s - loss: 0.1724 - weighted_dice_loss: 0.1724 - val_loss: 0.1996 - val_weighted_dice_loss: 0.1996

Epoch 00088: val_weighted_dice_loss did not improve from 0.19331
Epoch 89/150
 - 820s - loss: 0.1719 - weighted_dice_loss: 0.1719 - val_loss: 0.1990 - val_weighted_dice_loss: 0.1990

Epoch 00089: val_weighted_dice_loss did not improve from 0.19331
Epoch 90/150
 - 820s - loss: 0.1720 - weighted_dice_loss: 0.1720 - val_loss: 0.1982 - val_weighted_dice_loss: 0.1982

Epoch 00090: val_weighted_dice_loss did not improve from 0.19331
Epoch 91/150
 - 820s - loss: 0.1718 - weighted_dice_loss: 0.1718 - val_loss: 0.2037 - val_weighted_dice_loss: 0.2037

Epoch 00091: val_weighted_dice_loss did not improve from 0.19331
Epoch 92/150
 - 820s - loss: 0.1715 - weighted_dice_loss: 0.1715 - val_loss: 0.1924 - val_weighted_dice_loss: 0.1924

Epoch 00092: val_weighted_dice_loss improved from 0.19331 to 0.19242, saving model to ./Unet-weights/7_classes_26040_reals_0_GANs.h5
Epoch 93/150
 - 819s - loss: 0.1707 - weighted_dice_loss: 0.1707 - val_loss: 0.1946 - val_weighted_dice_loss: 0.1946

Epoch 00093: val_weighted_dice_loss did not improve from 0.19242
Epoch 94/150
 - 820s - loss: 0.1709 - weighted_dice_loss: 0.1709 - val_loss: 0.1946 - val_weighted_dice_loss: 0.1946

Epoch 00094: val_weighted_dice_loss did not improve from 0.19242
Epoch 95/150
 - 820s - loss: 0.1705 - weighted_dice_loss: 0.1705 - val_loss: 0.1924 - val_weighted_dice_loss: 0.1924

Epoch 00095: val_weighted_dice_loss improved from 0.19242 to 0.19241, saving model to ./Unet-weights/7_classes_26040_reals_0_GANs.h5
Epoch 96/150
 - 820s - loss: 0.1704 - weighted_dice_loss: 0.1704 - val_loss: 0.2044 - val_weighted_dice_loss: 0.2044

Epoch 00096: val_weighted_dice_loss did not improve from 0.19241
Epoch 97/150
 - 819s - loss: 0.1704 - weighted_dice_loss: 0.1704 - val_loss: 0.1996 - val_weighted_dice_loss: 0.1996

Epoch 00097: val_weighted_dice_loss did not improve from 0.19241
Epoch 98/150
 - 820s - loss: 0.1695 - weighted_dice_loss: 0.1695 - val_loss: 0.1938 - val_weighted_dice_loss: 0.1938

Epoch 00098: val_weighted_dice_loss did not improve from 0.19241
Epoch 99/150
 - 821s - loss: 0.1694 - weighted_dice_loss: 0.1694 - val_loss: 0.3503 - val_weighted_dice_loss: 0.3503

Epoch 00099: val_weighted_dice_loss did not improve from 0.19241
Epoch 100/150
 - 820s - loss: 0.1691 - weighted_dice_loss: 0.1691 - val_loss: 0.1940 - val_weighted_dice_loss: 0.1940

Epoch 00100: val_weighted_dice_loss did not improve from 0.19241
Epoch 101/150
 - 820s - loss: 0.1692 - weighted_dice_loss: 0.1692 - val_loss: 0.1947 - val_weighted_dice_loss: 0.1947

Epoch 00101: val_weighted_dice_loss did not improve from 0.19241
Epoch 102/150
 - 820s - loss: 0.1689 - weighted_dice_loss: 0.1689 - val_loss: 0.7641 - val_weighted_dice_loss: 0.7641

Epoch 00102: val_weighted_dice_loss did not improve from 0.19241
Epoch 103/150
 - 820s - loss: 0.1686 - weighted_dice_loss: 0.1686 - val_loss: 0.1948 - val_weighted_dice_loss: 0.1948

Epoch 00103: val_weighted_dice_loss did not improve from 0.19241
Epoch 104/150
 - 820s - loss: 0.1681 - weighted_dice_loss: 0.1681 - val_loss: 0.1924 - val_weighted_dice_loss: 0.1924

Epoch 00104: val_weighted_dice_loss did not improve from 0.19241
Epoch 105/150
 - 820s - loss: 0.1679 - weighted_dice_loss: 0.1679 - val_loss: 0.1935 - val_weighted_dice_loss: 0.1935

Epoch 00105: val_weighted_dice_loss did not improve from 0.19241
Epoch 106/150
 - 820s - loss: 0.1674 - weighted_dice_loss: 0.1674 - val_loss: 0.1943 - val_weighted_dice_loss: 0.1943

Epoch 00106: val_weighted_dice_loss did not improve from 0.19241
Epoch 107/150
 - 821s - loss: 0.1676 - weighted_dice_loss: 0.1676 - val_loss: 0.1947 - val_weighted_dice_loss: 0.1947

Epoch 00107: val_weighted_dice_loss did not improve from 0.19241
Epoch 108/150
 - 821s - loss: 0.1676 - weighted_dice_loss: 0.1676 - val_loss: 0.2892 - val_weighted_dice_loss: 0.2892

Epoch 00108: val_weighted_dice_loss did not improve from 0.19241
Epoch 109/150
 - 820s - loss: 0.1672 - weighted_dice_loss: 0.1672 - val_loss: 0.2152 - val_weighted_dice_loss: 0.2152

Epoch 00109: val_weighted_dice_loss did not improve from 0.19241
Epoch 110/150
 - 820s - loss: 0.1671 - weighted_dice_loss: 0.1671 - val_loss: 0.1932 - val_weighted_dice_loss: 0.1932

Epoch 00110: val_weighted_dice_loss did not improve from 0.19241
Epoch 111/150
 - 820s - loss: 0.1667 - weighted_dice_loss: 0.1667 - val_loss: 0.1980 - val_weighted_dice_loss: 0.1980

Epoch 00111: val_weighted_dice_loss did not improve from 0.19241
Epoch 112/150
 - 820s - loss: 0.1665 - weighted_dice_loss: 0.1665 - val_loss: 0.2064 - val_weighted_dice_loss: 0.2064

Epoch 00112: val_weighted_dice_loss did not improve from 0.19241
Epoch 113/150
 - 820s - loss: 0.1663 - weighted_dice_loss: 0.1663 - val_loss: 0.6242 - val_weighted_dice_loss: 0.6242

Epoch 00113: val_weighted_dice_loss did not improve from 0.19241
Epoch 114/150
 - 820s - loss: 0.1660 - weighted_dice_loss: 0.1660 - val_loss: 0.1910 - val_weighted_dice_loss: 0.1910

Epoch 00114: val_weighted_dice_loss improved from 0.19241 to 0.19103, saving model to ./Unet-weights/7_classes_26040_reals_0_GANs.h5
Epoch 115/150
 - 820s - loss: 0.1657 - weighted_dice_loss: 0.1657 - val_loss: 0.1907 - val_weighted_dice_loss: 0.1907

Epoch 00115: val_weighted_dice_loss improved from 0.19103 to 0.19073, saving model to ./Unet-weights/7_classes_26040_reals_0_GANs.h5
Epoch 116/150
 - 820s - loss: 0.1655 - weighted_dice_loss: 0.1655 - val_loss: 0.2074 - val_weighted_dice_loss: 0.2074

Epoch 00116: val_weighted_dice_loss did not improve from 0.19073
Epoch 117/150
 - 820s - loss: 0.1651 - weighted_dice_loss: 0.1651 - val_loss: 0.3119 - val_weighted_dice_loss: 0.3119

Epoch 00117: val_weighted_dice_loss did not improve from 0.19073
Epoch 118/150
 - 820s - loss: 0.1651 - weighted_dice_loss: 0.1651 - val_loss: 0.1914 - val_weighted_dice_loss: 0.1914

Epoch 00118: val_weighted_dice_loss did not improve from 0.19073
Epoch 119/150
 - 820s - loss: 0.1649 - weighted_dice_loss: 0.1649 - val_loss: 0.3533 - val_weighted_dice_loss: 0.3533

Epoch 00119: val_weighted_dice_loss did not improve from 0.19073
Epoch 120/150
 - 820s - loss: 0.1648 - weighted_dice_loss: 0.1648 - val_loss: 0.2033 - val_weighted_dice_loss: 0.2033

Epoch 00120: val_weighted_dice_loss did not improve from 0.19073
Epoch 121/150
 - 820s - loss: 0.1642 - weighted_dice_loss: 0.1642 - val_loss: 0.3261 - val_weighted_dice_loss: 0.3261

Epoch 00121: val_weighted_dice_loss did not improve from 0.19073
Epoch 122/150
 - 820s - loss: 0.1645 - weighted_dice_loss: 0.1645 - val_loss: 0.1946 - val_weighted_dice_loss: 0.1946

Epoch 00122: val_weighted_dice_loss did not improve from 0.19073
Epoch 123/150
 - 820s - loss: 0.1642 - weighted_dice_loss: 0.1642 - val_loss: 0.1909 - val_weighted_dice_loss: 0.1909

Epoch 00123: val_weighted_dice_loss did not improve from 0.19073
Epoch 124/150
 - 820s - loss: 0.1640 - weighted_dice_loss: 0.1640 - val_loss: 0.1968 - val_weighted_dice_loss: 0.1968

Epoch 00124: val_weighted_dice_loss did not improve from 0.19073
Epoch 125/150
 - 820s - loss: 0.1635 - weighted_dice_loss: 0.1635 - val_loss: 0.1906 - val_weighted_dice_loss: 0.1906

Epoch 00125: val_weighted_dice_loss improved from 0.19073 to 0.19059, saving model to ./Unet-weights/7_classes_26040_reals_0_GANs.h5
Epoch 126/150
 - 820s - loss: 0.1638 - weighted_dice_loss: 0.1638 - val_loss: 0.2528 - val_weighted_dice_loss: 0.2528

Epoch 00126: val_weighted_dice_loss did not improve from 0.19059
Epoch 127/150
 - 820s - loss: 0.1634 - weighted_dice_loss: 0.1634 - val_loss: 0.1943 - val_weighted_dice_loss: 0.1943

Epoch 00127: val_weighted_dice_loss did not improve from 0.19059
Epoch 128/150
 - 820s - loss: 0.1631 - weighted_dice_loss: 0.1631 - val_loss: 0.7467 - val_weighted_dice_loss: 0.7467

Epoch 00128: val_weighted_dice_loss did not improve from 0.19059
Epoch 129/150
 - 820s - loss: 0.1629 - weighted_dice_loss: 0.1629 - val_loss: 0.1910 - val_weighted_dice_loss: 0.1910

Epoch 00129: val_weighted_dice_loss did not improve from 0.19059
Epoch 130/150
 - 820s - loss: 0.1629 - weighted_dice_loss: 0.1629 - val_loss: 0.1965 - val_weighted_dice_loss: 0.1965

Epoch 00130: val_weighted_dice_loss did not improve from 0.19059
Epoch 131/150
 - 820s - loss: 0.1628 - weighted_dice_loss: 0.1628 - val_loss: 0.2145 - val_weighted_dice_loss: 0.2145

Epoch 00131: val_weighted_dice_loss did not improve from 0.19059
Epoch 132/150
 - 820s - loss: 0.1626 - weighted_dice_loss: 0.1626 - val_loss: 0.1934 - val_weighted_dice_loss: 0.1934

Epoch 00132: val_weighted_dice_loss did not improve from 0.19059
Epoch 133/150
 - 820s - loss: 0.1625 - weighted_dice_loss: 0.1625 - val_loss: 0.1924 - val_weighted_dice_loss: 0.1924

Epoch 00133: val_weighted_dice_loss did not improve from 0.19059
Epoch 134/150
 - 820s - loss: 0.1619 - weighted_dice_loss: 0.1619 - val_loss: 0.2008 - val_weighted_dice_loss: 0.2008

Epoch 00134: val_weighted_dice_loss did not improve from 0.19059
Epoch 135/150
 - 820s - loss: 0.1616 - weighted_dice_loss: 0.1616 - val_loss: 0.1887 - val_weighted_dice_loss: 0.1887

Epoch 00135: val_weighted_dice_loss improved from 0.19059 to 0.18872, saving model to ./Unet-weights/7_classes_26040_reals_0_GANs.h5
Epoch 136/150
 - 820s - loss: 0.1617 - weighted_dice_loss: 0.1617 - val_loss: 0.1895 - val_weighted_dice_loss: 0.1895

Epoch 00136: val_weighted_dice_loss did not improve from 0.18872
Epoch 137/150
 - 820s - loss: 0.1617 - weighted_dice_loss: 0.1617 - val_loss: 0.2517 - val_weighted_dice_loss: 0.2517

Epoch 00137: val_weighted_dice_loss did not improve from 0.18872
Epoch 138/150
 - 820s - loss: 0.1611 - weighted_dice_loss: 0.1611 - val_loss: 0.1871 - val_weighted_dice_loss: 0.1871

Epoch 00138: val_weighted_dice_loss improved from 0.18872 to 0.18714, saving model to ./Unet-weights/7_classes_26040_reals_0_GANs.h5
Epoch 139/150
 - 820s - loss: 0.1612 - weighted_dice_loss: 0.1612 - val_loss: 0.1889 - val_weighted_dice_loss: 0.1889

Epoch 00139: val_weighted_dice_loss did not improve from 0.18714
Epoch 140/150
 - 820s - loss: 0.1614 - weighted_dice_loss: 0.1614 - val_loss: 0.1943 - val_weighted_dice_loss: 0.1943

Epoch 00140: val_weighted_dice_loss did not improve from 0.18714
Epoch 141/150
 - 820s - loss: 0.1608 - weighted_dice_loss: 0.1608 - val_loss: 0.1906 - val_weighted_dice_loss: 0.1906

Epoch 00141: val_weighted_dice_loss did not improve from 0.18714
Epoch 142/150
 - 820s - loss: 0.1606 - weighted_dice_loss: 0.1606 - val_loss: 0.2169 - val_weighted_dice_loss: 0.2169

Epoch 00142: val_weighted_dice_loss did not improve from 0.18714
Epoch 143/150
 - 820s - loss: 0.1604 - weighted_dice_loss: 0.1604 - val_loss: 0.5329 - val_weighted_dice_loss: 0.5329

Epoch 00143: val_weighted_dice_loss did not improve from 0.18714
Epoch 144/150
 - 820s - loss: 0.1604 - weighted_dice_loss: 0.1604 - val_loss: 0.1891 - val_weighted_dice_loss: 0.1891

Epoch 00144: val_weighted_dice_loss did not improve from 0.18714
Epoch 145/150
 - 820s - loss: 0.1599 - weighted_dice_loss: 0.1599 - val_loss: 0.2887 - val_weighted_dice_loss: 0.2887

Epoch 00145: val_weighted_dice_loss did not improve from 0.18714
Epoch 146/150
 - 820s - loss: 0.1601 - weighted_dice_loss: 0.1601 - val_loss: 0.1992 - val_weighted_dice_loss: 0.1992

Epoch 00146: val_weighted_dice_loss did not improve from 0.18714
Epoch 147/150
 - 820s - loss: 0.1599 - weighted_dice_loss: 0.1599 - val_loss: 0.1920 - val_weighted_dice_loss: 0.1920

Epoch 00147: val_weighted_dice_loss did not improve from 0.18714
Epoch 148/150
 - 820s - loss: 0.1599 - weighted_dice_loss: 0.1599 - val_loss: 0.1887 - val_weighted_dice_loss: 0.1887

Epoch 00148: val_weighted_dice_loss did not improve from 0.18714
Epoch 149/150
 - 820s - loss: 0.1594 - weighted_dice_loss: 0.1594 - val_loss: 0.1903 - val_weighted_dice_loss: 0.1903

Epoch 00149: val_weighted_dice_loss did not improve from 0.18714
Epoch 150/150
 - 820s - loss: 0.1595 - weighted_dice_loss: 0.1595 - val_loss: 0.2771 - val_weighted_dice_loss: 0.2771

Epoch 00150: val_weighted_dice_loss did not improve from 0.18714
