nohup: ignoring input
2020-06-09 20:40:00.871931: I tensorflow/core/platform/cpu_feature_guard.cc:142] Your CPU supports instructions that this TensorFlow binary was not compiled to use: SSE4.1 SSE4.2 AVX
2020-06-09 20:40:00.886663: I tensorflow/core/platform/profile_utils/cpu_utils.cc:94] CPU Frequency: 3602270000 Hz
2020-06-09 20:40:00.887923: I tensorflow/compiler/xla/service/service.cc:168] XLA service 0x55e3d46e0d40 executing computations on platform Host. Devices:
2020-06-09 20:40:00.887994: I tensorflow/compiler/xla/service/service.cc:175]   StreamExecutor device (0): <undefined>, <undefined>
2020-06-09 20:40:00.889812: I tensorflow/stream_executor/platform/default/dso_loader.cc:42] Successfully opened dynamic library libcuda.so.1
2020-06-09 20:40:00.911594: I tensorflow/stream_executor/cuda/cuda_gpu_executor.cc:1005] successful NUMA node read from SysFS had negative value (-1), but there must be at least one NUMA node, so returning NUMA node zero
2020-06-09 20:40:00.912720: I tensorflow/core/common_runtime/gpu/gpu_device.cc:1640] Found device 0 with properties: 
name: GeForce GTX 1080 major: 6 minor: 1 memoryClockRate(GHz): 1.7335
pciBusID: 0000:01:00.0
2020-06-09 20:40:00.914816: I tensorflow/stream_executor/platform/default/dso_loader.cc:42] Successfully opened dynamic library libcudart.so.10.1
2020-06-09 20:40:00.921422: I tensorflow/stream_executor/platform/default/dso_loader.cc:42] Successfully opened dynamic library libcublas.so.10
2020-06-09 20:40:00.925787: I tensorflow/stream_executor/platform/default/dso_loader.cc:42] Successfully opened dynamic library libcufft.so.10
2020-06-09 20:40:00.927922: I tensorflow/stream_executor/platform/default/dso_loader.cc:42] Successfully opened dynamic library libcurand.so.10
2020-06-09 20:40:00.932879: I tensorflow/stream_executor/platform/default/dso_loader.cc:42] Successfully opened dynamic library libcusolver.so.10
2020-06-09 20:40:00.936286: I tensorflow/stream_executor/platform/default/dso_loader.cc:42] Successfully opened dynamic library libcusparse.so.10
2020-06-09 20:40:00.944818: I tensorflow/stream_executor/platform/default/dso_loader.cc:42] Successfully opened dynamic library libcudnn.so.7
2020-06-09 20:40:00.945022: I tensorflow/stream_executor/cuda/cuda_gpu_executor.cc:1005] successful NUMA node read from SysFS had negative value (-1), but there must be at least one NUMA node, so returning NUMA node zero
2020-06-09 20:40:00.946159: I tensorflow/stream_executor/cuda/cuda_gpu_executor.cc:1005] successful NUMA node read from SysFS had negative value (-1), but there must be at least one NUMA node, so returning NUMA node zero
2020-06-09 20:40:00.947154: I tensorflow/core/common_runtime/gpu/gpu_device.cc:1763] Adding visible gpu devices: 0
2020-06-09 20:40:00.947218: I tensorflow/stream_executor/platform/default/dso_loader.cc:42] Successfully opened dynamic library libcudart.so.10.1
2020-06-09 20:40:01.049104: I tensorflow/core/common_runtime/gpu/gpu_device.cc:1181] Device interconnect StreamExecutor with strength 1 edge matrix:
2020-06-09 20:40:01.049172: I tensorflow/core/common_runtime/gpu/gpu_device.cc:1187]      0 
2020-06-09 20:40:01.049191: I tensorflow/core/common_runtime/gpu/gpu_device.cc:1200] 0:   N 
2020-06-09 20:40:01.050034: I tensorflow/stream_executor/cuda/cuda_gpu_executor.cc:1005] successful NUMA node read from SysFS had negative value (-1), but there must be at least one NUMA node, so returning NUMA node zero
2020-06-09 20:40:01.050650: I tensorflow/stream_executor/cuda/cuda_gpu_executor.cc:1005] successful NUMA node read from SysFS had negative value (-1), but there must be at least one NUMA node, so returning NUMA node zero
2020-06-09 20:40:01.051248: I tensorflow/stream_executor/cuda/cuda_gpu_executor.cc:1005] successful NUMA node read from SysFS had negative value (-1), but there must be at least one NUMA node, so returning NUMA node zero
2020-06-09 20:40:01.051802: I tensorflow/core/common_runtime/gpu/gpu_device.cc:1326] Created TensorFlow device (/job:localhost/replica:0/task:0/device:GPU:0 with 7565 MB memory) -> physical GPU (device: 0, name: GeForce GTX 1080, pci bus id: 0000:01:00.0, compute capability: 6.1)
2020-06-09 20:40:01.054346: I tensorflow/compiler/xla/service/service.cc:168] XLA service 0x55e3d51de6d0 executing computations on platform CUDA. Devices:
2020-06-09 20:40:01.054390: I tensorflow/compiler/xla/service/service.cc:175]   StreamExecutor device (0): GeForce GTX 1080, Compute Capability 6.1
/home/mehfo331/.conda/envs/thesis/lib/python3.6/site-packages/tensorflow/python/framework/dtypes.py:516: FutureWarning: Passing (type, 1) or '1type' as a synonym of type is deprecated; in a future version of numpy, it will be understood as (type, (1,)) / '(1,)type'.
  _np_qint8 = np.dtype([("qint8", np.int8, 1)])
/home/mehfo331/.conda/envs/thesis/lib/python3.6/site-packages/tensorflow/python/framework/dtypes.py:517: FutureWarning: Passing (type, 1) or '1type' as a synonym of type is deprecated; in a future version of numpy, it will be understood as (type, (1,)) / '(1,)type'.
  _np_quint8 = np.dtype([("quint8", np.uint8, 1)])
/home/mehfo331/.conda/envs/thesis/lib/python3.6/site-packages/tensorflow/python/framework/dtypes.py:518: FutureWarning: Passing (type, 1) or '1type' as a synonym of type is deprecated; in a future version of numpy, it will be understood as (type, (1,)) / '(1,)type'.
  _np_qint16 = np.dtype([("qint16", np.int16, 1)])
/home/mehfo331/.conda/envs/thesis/lib/python3.6/site-packages/tensorflow/python/framework/dtypes.py:519: FutureWarning: Passing (type, 1) or '1type' as a synonym of type is deprecated; in a future version of numpy, it will be understood as (type, (1,)) / '(1,)type'.
  _np_quint16 = np.dtype([("quint16", np.uint16, 1)])
/home/mehfo331/.conda/envs/thesis/lib/python3.6/site-packages/tensorflow/python/framework/dtypes.py:520: FutureWarning: Passing (type, 1) or '1type' as a synonym of type is deprecated; in a future version of numpy, it will be understood as (type, (1,)) / '(1,)type'.
  _np_qint32 = np.dtype([("qint32", np.int32, 1)])
/home/mehfo331/.conda/envs/thesis/lib/python3.6/site-packages/tensorflow/python/framework/dtypes.py:525: FutureWarning: Passing (type, 1) or '1type' as a synonym of type is deprecated; in a future version of numpy, it will be understood as (type, (1,)) / '(1,)type'.
  np_resource = np.dtype([("resource", np.ubyte, 1)])
/home/mehfo331/.conda/envs/thesis/lib/python3.6/site-packages/tensorboard/compat/tensorflow_stub/dtypes.py:541: FutureWarning: Passing (type, 1) or '1type' as a synonym of type is deprecated; in a future version of numpy, it will be understood as (type, (1,)) / '(1,)type'.
  _np_qint8 = np.dtype([("qint8", np.int8, 1)])
/home/mehfo331/.conda/envs/thesis/lib/python3.6/site-packages/tensorboard/compat/tensorflow_stub/dtypes.py:542: FutureWarning: Passing (type, 1) or '1type' as a synonym of type is deprecated; in a future version of numpy, it will be understood as (type, (1,)) / '(1,)type'.
  _np_quint8 = np.dtype([("quint8", np.uint8, 1)])
/home/mehfo331/.conda/envs/thesis/lib/python3.6/site-packages/tensorboard/compat/tensorflow_stub/dtypes.py:543: FutureWarning: Passing (type, 1) or '1type' as a synonym of type is deprecated; in a future version of numpy, it will be understood as (type, (1,)) / '(1,)type'.
  _np_qint16 = np.dtype([("qint16", np.int16, 1)])
/home/mehfo331/.conda/envs/thesis/lib/python3.6/site-packages/tensorboard/compat/tensorflow_stub/dtypes.py:544: FutureWarning: Passing (type, 1) or '1type' as a synonym of type is deprecated; in a future version of numpy, it will be understood as (type, (1,)) / '(1,)type'.
  _np_quint16 = np.dtype([("quint16", np.uint16, 1)])
/home/mehfo331/.conda/envs/thesis/lib/python3.6/site-packages/tensorboard/compat/tensorflow_stub/dtypes.py:545: FutureWarning: Passing (type, 1) or '1type' as a synonym of type is deprecated; in a future version of numpy, it will be understood as (type, (1,)) / '(1,)type'.
  _np_qint32 = np.dtype([("qint32", np.int32, 1)])
/home/mehfo331/.conda/envs/thesis/lib/python3.6/site-packages/tensorboard/compat/tensorflow_stub/dtypes.py:550: FutureWarning: Passing (type, 1) or '1type' as a synonym of type is deprecated; in a future version of numpy, it will be understood as (type, (1,)) / '(1,)type'.
  np_resource = np.dtype([("resource", np.ubyte, 1)])
Using TensorFlow backend.
WARNING:tensorflow:From segmentation.py:20: The name tf.keras.backend.set_session is deprecated. Please use tf.compat.v1.keras.backend.set_session instead.

WARNING:tensorflow:From segmentation.py:33: The name tf.ConfigProto is deprecated. Please use tf.compat.v1.ConfigProto instead.

WARNING:tensorflow:From segmentation.py:35: The name tf.Session is deprecated. Please use tf.compat.v1.Session instead.

2020-06-09 20:40:01.055689: I tensorflow/stream_executor/cuda/cuda_gpu_executor.cc:1005] successful NUMA node read from SysFS had negative value (-1), but there must be at least one NUMA node, so returning NUMA node zero
2020-06-09 20:40:01.056242: I tensorflow/core/common_runtime/gpu/gpu_device.cc:1640] Found device 0 with properties: 
name: GeForce GTX 1080 major: 6 minor: 1 memoryClockRate(GHz): 1.7335
pciBusID: 0000:01:00.0
2020-06-09 20:40:01.056287: I tensorflow/stream_executor/platform/default/dso_loader.cc:42] Successfully opened dynamic library libcudart.so.10.1
2020-06-09 20:40:01.056312: I tensorflow/stream_executor/platform/default/dso_loader.cc:42] Successfully opened dynamic library libcublas.so.10
2020-06-09 20:40:01.056334: I tensorflow/stream_executor/platform/default/dso_loader.cc:42] Successfully opened dynamic library libcufft.so.10
2020-06-09 20:40:01.056355: I tensorflow/stream_executor/platform/default/dso_loader.cc:42] Successfully opened dynamic library libcurand.so.10
2020-06-09 20:40:01.056376: I tensorflow/stream_executor/platform/default/dso_loader.cc:42] Successfully opened dynamic library libcusolver.so.10
2020-06-09 20:40:01.056397: I tensorflow/stream_executor/platform/default/dso_loader.cc:42] Successfully opened dynamic library libcusparse.so.10
2020-06-09 20:40:01.056419: I tensorflow/stream_executor/platform/default/dso_loader.cc:42] Successfully opened dynamic library libcudnn.so.7
2020-06-09 20:40:01.056493: I tensorflow/stream_executor/cuda/cuda_gpu_executor.cc:1005] successful NUMA node read from SysFS had negative value (-1), but there must be at least one NUMA node, so returning NUMA node zero
2020-06-09 20:40:01.057068: I tensorflow/stream_executor/cuda/cuda_gpu_executor.cc:1005] successful NUMA node read from SysFS had negative value (-1), but there must be at least one NUMA node, so returning NUMA node zero
2020-06-09 20:40:01.057593: I tensorflow/core/common_runtime/gpu/gpu_device.cc:1763] Adding visible gpu devices: 0
2020-06-09 20:40:01.057625: I tensorflow/core/common_runtime/gpu/gpu_device.cc:1181] Device interconnect StreamExecutor with strength 1 edge matrix:
2020-06-09 20:40:01.057639: I tensorflow/core/common_runtime/gpu/gpu_device.cc:1187]      0 
2020-06-09 20:40:01.057649: I tensorflow/core/common_runtime/gpu/gpu_device.cc:1200] 0:   N 
2020-06-09 20:40:01.057742: I tensorflow/stream_executor/cuda/cuda_gpu_executor.cc:1005] successful NUMA node read from SysFS had negative value (-1), but there must be at least one NUMA node, so returning NUMA node zero
2020-06-09 20:40:01.058306: I tensorflow/stream_executor/cuda/cuda_gpu_executor.cc:1005] successful NUMA node read from SysFS had negative value (-1), but there must be at least one NUMA node, so returning NUMA node zero
2020-06-09 20:40:01.058815: I tensorflow/core/common_runtime/gpu/gpu_device.cc:1326] Created TensorFlow device (/job:localhost/replica:0/task:0/device:GPU:0 with 7565 MB memory) -> physical GPU (device: 0, name: GeForce GTX 1080, pci bus id: 0000:01:00.0, compute capability: 6.1)
WARNING:tensorflow:From /home/mehfo331/.conda/envs/thesis/lib/python3.6/site-packages/keras/backend/tensorflow_backend.py:74: The name tf.get_default_graph is deprecated. Please use tf.compat.v1.get_default_graph instead.

WARNING:tensorflow:From /home/mehfo331/.conda/envs/thesis/lib/python3.6/site-packages/keras/backend/tensorflow_backend.py:517: The name tf.placeholder is deprecated. Please use tf.compat.v1.placeholder instead.

WARNING:tensorflow:From /home/mehfo331/.conda/envs/thesis/lib/python3.6/site-packages/keras/backend/tensorflow_backend.py:4185: The name tf.truncated_normal is deprecated. Please use tf.random.truncated_normal instead.

WARNING:tensorflow:From /home/mehfo331/.conda/envs/thesis/lib/python3.6/site-packages/keras/backend/tensorflow_backend.py:1834: The name tf.nn.fused_batch_norm is deprecated. Please use tf.compat.v1.nn.fused_batch_norm instead.

WARNING:tensorflow:From /home/mehfo331/.conda/envs/thesis/lib/python3.6/site-packages/keras/backend/tensorflow_backend.py:3976: The name tf.nn.max_pool is deprecated. Please use tf.nn.max_pool2d instead.

WARNING:tensorflow:From /home/mehfo331/.conda/envs/thesis/lib/python3.6/site-packages/keras/optimizers.py:790: The name tf.train.Optimizer is deprecated. Please use tf.compat.v1.train.Optimizer instead.

2020-06-09 20:40:37.623843: I tensorflow/stream_executor/platform/default/dso_loader.cc:42] Successfully opened dynamic library libcudnn.so.7

Reading data...
Finished reading data.

Reading data...
Finished reading data.

Training 7 classes with 5208 images (5208 real and 0 GAN images):

Epoch 1/150
 - 390s - loss: 0.7776 - weighted_dice_loss: 0.7776 - val_loss: 0.6811 - val_weighted_dice_loss: 0.6811

Epoch 00001: val_weighted_dice_loss improved from inf to 0.68107, saving model to ./Unet-weights/7_classes_5208_reals_0_GANs.h5
Epoch 2/150
 - 375s - loss: 0.5961 - weighted_dice_loss: 0.5961 - val_loss: 0.4511 - val_weighted_dice_loss: 0.4511

Epoch 00002: val_weighted_dice_loss improved from 0.68107 to 0.45114, saving model to ./Unet-weights/7_classes_5208_reals_0_GANs.h5
Epoch 3/150
 - 376s - loss: 0.3653 - weighted_dice_loss: 0.3653 - val_loss: 0.3120 - val_weighted_dice_loss: 0.3120

Epoch 00003: val_weighted_dice_loss improved from 0.45114 to 0.31204, saving model to ./Unet-weights/7_classes_5208_reals_0_GANs.h5
Epoch 4/150
 - 375s - loss: 0.2973 - weighted_dice_loss: 0.2973 - val_loss: 0.2857 - val_weighted_dice_loss: 0.2857

Epoch 00004: val_weighted_dice_loss improved from 0.31204 to 0.28574, saving model to ./Unet-weights/7_classes_5208_reals_0_GANs.h5
Epoch 5/150
 - 376s - loss: 0.2779 - weighted_dice_loss: 0.2779 - val_loss: 0.2774 - val_weighted_dice_loss: 0.2774

Epoch 00005: val_weighted_dice_loss improved from 0.28574 to 0.27744, saving model to ./Unet-weights/7_classes_5208_reals_0_GANs.h5
Epoch 6/150
 - 376s - loss: 0.2694 - weighted_dice_loss: 0.2694 - val_loss: 0.2651 - val_weighted_dice_loss: 0.2651

Epoch 00006: val_weighted_dice_loss improved from 0.27744 to 0.26508, saving model to ./Unet-weights/7_classes_5208_reals_0_GANs.h5
Epoch 7/150
 - 376s - loss: 0.2593 - weighted_dice_loss: 0.2593 - val_loss: 0.2769 - val_weighted_dice_loss: 0.2769

Epoch 00007: val_weighted_dice_loss did not improve from 0.26508
Epoch 8/150
 - 377s - loss: 0.2525 - weighted_dice_loss: 0.2525 - val_loss: 0.3023 - val_weighted_dice_loss: 0.3023

Epoch 00008: val_weighted_dice_loss did not improve from 0.26508
Epoch 9/150
 - 376s - loss: 0.2445 - weighted_dice_loss: 0.2445 - val_loss: 0.2525 - val_weighted_dice_loss: 0.2525

Epoch 00009: val_weighted_dice_loss improved from 0.26508 to 0.25248, saving model to ./Unet-weights/7_classes_5208_reals_0_GANs.h5
Epoch 10/150
 - 376s - loss: 0.2416 - weighted_dice_loss: 0.2416 - val_loss: 0.2824 - val_weighted_dice_loss: 0.2824

Epoch 00010: val_weighted_dice_loss did not improve from 0.25248
Epoch 11/150
 - 376s - loss: 0.2441 - weighted_dice_loss: 0.2441 - val_loss: 0.2700 - val_weighted_dice_loss: 0.2700

Epoch 00011: val_weighted_dice_loss did not improve from 0.25248
Epoch 12/150
 - 376s - loss: 0.2289 - weighted_dice_loss: 0.2289 - val_loss: 0.2470 - val_weighted_dice_loss: 0.2470

Epoch 00012: val_weighted_dice_loss improved from 0.25248 to 0.24701, saving model to ./Unet-weights/7_classes_5208_reals_0_GANs.h5
Epoch 13/150
 - 376s - loss: 0.2253 - weighted_dice_loss: 0.2253 - val_loss: 0.2456 - val_weighted_dice_loss: 0.2456

Epoch 00013: val_weighted_dice_loss improved from 0.24701 to 0.24559, saving model to ./Unet-weights/7_classes_5208_reals_0_GANs.h5
Epoch 14/150
 - 376s - loss: 0.2217 - weighted_dice_loss: 0.2217 - val_loss: 0.2358 - val_weighted_dice_loss: 0.2358

Epoch 00014: val_weighted_dice_loss improved from 0.24559 to 0.23583, saving model to ./Unet-weights/7_classes_5208_reals_0_GANs.h5
Epoch 15/150
 - 375s - loss: 0.2208 - weighted_dice_loss: 0.2208 - val_loss: 0.2275 - val_weighted_dice_loss: 0.2275

Epoch 00015: val_weighted_dice_loss improved from 0.23583 to 0.22748, saving model to ./Unet-weights/7_classes_5208_reals_0_GANs.h5
Epoch 16/150
 - 376s - loss: 0.2141 - weighted_dice_loss: 0.2141 - val_loss: 0.2438 - val_weighted_dice_loss: 0.2438

Epoch 00016: val_weighted_dice_loss did not improve from 0.22748
Epoch 17/150
 - 377s - loss: 0.2116 - weighted_dice_loss: 0.2116 - val_loss: 0.2338 - val_weighted_dice_loss: 0.2338

Epoch 00017: val_weighted_dice_loss did not improve from 0.22748
Epoch 18/150
 - 376s - loss: 0.2104 - weighted_dice_loss: 0.2104 - val_loss: 0.2626 - val_weighted_dice_loss: 0.2626

Epoch 00018: val_weighted_dice_loss did not improve from 0.22748
Epoch 19/150
 - 376s - loss: 0.2094 - weighted_dice_loss: 0.2094 - val_loss: 0.3653 - val_weighted_dice_loss: 0.3653

Epoch 00019: val_weighted_dice_loss did not improve from 0.22748
Epoch 20/150
 - 375s - loss: 0.2060 - weighted_dice_loss: 0.2060 - val_loss: 0.2370 - val_weighted_dice_loss: 0.2370

Epoch 00020: val_weighted_dice_loss did not improve from 0.22748
Epoch 21/150
 - 375s - loss: 0.1985 - weighted_dice_loss: 0.1985 - val_loss: 0.2240 - val_weighted_dice_loss: 0.2240

Epoch 00021: val_weighted_dice_loss improved from 0.22748 to 0.22401, saving model to ./Unet-weights/7_classes_5208_reals_0_GANs.h5
Epoch 22/150
 - 376s - loss: 0.1943 - weighted_dice_loss: 0.1943 - val_loss: 0.2131 - val_weighted_dice_loss: 0.2131

Epoch 00022: val_weighted_dice_loss improved from 0.22401 to 0.21308, saving model to ./Unet-weights/7_classes_5208_reals_0_GANs.h5
Epoch 23/150
 - 376s - loss: 0.1959 - weighted_dice_loss: 0.1959 - val_loss: 0.2160 - val_weighted_dice_loss: 0.2160

Epoch 00023: val_weighted_dice_loss did not improve from 0.21308
Epoch 24/150
 - 376s - loss: 0.1925 - weighted_dice_loss: 0.1925 - val_loss: 0.2122 - val_weighted_dice_loss: 0.2122

Epoch 00024: val_weighted_dice_loss improved from 0.21308 to 0.21218, saving model to ./Unet-weights/7_classes_5208_reals_0_GANs.h5
Epoch 25/150
 - 376s - loss: 0.1884 - weighted_dice_loss: 0.1884 - val_loss: 0.2269 - val_weighted_dice_loss: 0.2269

Epoch 00025: val_weighted_dice_loss did not improve from 0.21218
Epoch 26/150
 - 376s - loss: 0.1876 - weighted_dice_loss: 0.1876 - val_loss: 0.2327 - val_weighted_dice_loss: 0.2327

Epoch 00026: val_weighted_dice_loss did not improve from 0.21218
Epoch 27/150
 - 376s - loss: 0.1866 - weighted_dice_loss: 0.1866 - val_loss: 0.3577 - val_weighted_dice_loss: 0.3577

Epoch 00027: val_weighted_dice_loss did not improve from 0.21218
Epoch 28/150
 - 376s - loss: 0.1894 - weighted_dice_loss: 0.1894 - val_loss: 0.2128 - val_weighted_dice_loss: 0.2128

Epoch 00028: val_weighted_dice_loss did not improve from 0.21218
Epoch 29/150
 - 376s - loss: 0.1788 - weighted_dice_loss: 0.1788 - val_loss: 0.2388 - val_weighted_dice_loss: 0.2388

Epoch 00029: val_weighted_dice_loss did not improve from 0.21218
Epoch 30/150
 - 376s - loss: 0.1782 - weighted_dice_loss: 0.1782 - val_loss: 0.2070 - val_weighted_dice_loss: 0.2070

Epoch 00030: val_weighted_dice_loss improved from 0.21218 to 0.20698, saving model to ./Unet-weights/7_classes_5208_reals_0_GANs.h5
Epoch 31/150
 - 376s - loss: 0.1758 - weighted_dice_loss: 0.1758 - val_loss: 0.2079 - val_weighted_dice_loss: 0.2079

Epoch 00031: val_weighted_dice_loss did not improve from 0.20698
Epoch 32/150
 - 376s - loss: 0.1726 - weighted_dice_loss: 0.1726 - val_loss: 0.1988 - val_weighted_dice_loss: 0.1988

Epoch 00032: val_weighted_dice_loss improved from 0.20698 to 0.19876, saving model to ./Unet-weights/7_classes_5208_reals_0_GANs.h5
Epoch 33/150
 - 376s - loss: 0.1723 - weighted_dice_loss: 0.1723 - val_loss: 0.2576 - val_weighted_dice_loss: 0.2576

Epoch 00033: val_weighted_dice_loss did not improve from 0.19876
Epoch 34/150
 - 376s - loss: 0.1696 - weighted_dice_loss: 0.1696 - val_loss: 0.1979 - val_weighted_dice_loss: 0.1979

Epoch 00034: val_weighted_dice_loss improved from 0.19876 to 0.19785, saving model to ./Unet-weights/7_classes_5208_reals_0_GANs.h5
Epoch 35/150
 - 376s - loss: 0.1675 - weighted_dice_loss: 0.1675 - val_loss: 0.2051 - val_weighted_dice_loss: 0.2051

Epoch 00035: val_weighted_dice_loss did not improve from 0.19785
Epoch 36/150
 - 377s - loss: 0.1674 - weighted_dice_loss: 0.1674 - val_loss: 0.1944 - val_weighted_dice_loss: 0.1944

Epoch 00036: val_weighted_dice_loss improved from 0.19785 to 0.19444, saving model to ./Unet-weights/7_classes_5208_reals_0_GANs.h5
Epoch 37/150
 - 376s - loss: 0.1652 - weighted_dice_loss: 0.1652 - val_loss: 0.2215 - val_weighted_dice_loss: 0.2215

Epoch 00037: val_weighted_dice_loss did not improve from 0.19444
Epoch 38/150
 - 376s - loss: 0.1637 - weighted_dice_loss: 0.1637 - val_loss: 0.3598 - val_weighted_dice_loss: 0.3598

Epoch 00038: val_weighted_dice_loss did not improve from 0.19444
Epoch 39/150
 - 376s - loss: 0.1639 - weighted_dice_loss: 0.1639 - val_loss: 0.1953 - val_weighted_dice_loss: 0.1953

Epoch 00039: val_weighted_dice_loss did not improve from 0.19444
Epoch 40/150
 - 376s - loss: 0.1591 - weighted_dice_loss: 0.1591 - val_loss: 0.1927 - val_weighted_dice_loss: 0.1927

Epoch 00040: val_weighted_dice_loss improved from 0.19444 to 0.19273, saving model to ./Unet-weights/7_classes_5208_reals_0_GANs.h5
Epoch 41/150
 - 377s - loss: 0.1580 - weighted_dice_loss: 0.1580 - val_loss: 0.1908 - val_weighted_dice_loss: 0.1908

Epoch 00041: val_weighted_dice_loss improved from 0.19273 to 0.19077, saving model to ./Unet-weights/7_classes_5208_reals_0_GANs.h5
Epoch 42/150
 - 375s - loss: 0.1569 - weighted_dice_loss: 0.1569 - val_loss: 0.5051 - val_weighted_dice_loss: 0.5051

Epoch 00042: val_weighted_dice_loss did not improve from 0.19077
Epoch 43/150
 - 376s - loss: 0.1551 - weighted_dice_loss: 0.1551 - val_loss: 0.1901 - val_weighted_dice_loss: 0.1901

Epoch 00043: val_weighted_dice_loss improved from 0.19077 to 0.19012, saving model to ./Unet-weights/7_classes_5208_reals_0_GANs.h5
Epoch 44/150
 - 376s - loss: 0.1535 - weighted_dice_loss: 0.1535 - val_loss: 0.1860 - val_weighted_dice_loss: 0.1860

Epoch 00044: val_weighted_dice_loss improved from 0.19012 to 0.18596, saving model to ./Unet-weights/7_classes_5208_reals_0_GANs.h5
Epoch 45/150
 - 376s - loss: 0.1522 - weighted_dice_loss: 0.1522 - val_loss: 0.1891 - val_weighted_dice_loss: 0.1891

Epoch 00045: val_weighted_dice_loss did not improve from 0.18596
Epoch 46/150
 - 376s - loss: 0.1510 - weighted_dice_loss: 0.1510 - val_loss: 0.1845 - val_weighted_dice_loss: 0.1845

Epoch 00046: val_weighted_dice_loss improved from 0.18596 to 0.18454, saving model to ./Unet-weights/7_classes_5208_reals_0_GANs.h5
Epoch 47/150
 - 376s - loss: 0.1488 - weighted_dice_loss: 0.1488 - val_loss: 0.1956 - val_weighted_dice_loss: 0.1956

Epoch 00047: val_weighted_dice_loss did not improve from 0.18454
Epoch 48/150
 - 375s - loss: 0.1481 - weighted_dice_loss: 0.1481 - val_loss: 0.1933 - val_weighted_dice_loss: 0.1933

Epoch 00048: val_weighted_dice_loss did not improve from 0.18454
Epoch 49/150
 - 376s - loss: 0.1462 - weighted_dice_loss: 0.1462 - val_loss: 0.1802 - val_weighted_dice_loss: 0.1802

Epoch 00049: val_weighted_dice_loss improved from 0.18454 to 0.18016, saving model to ./Unet-weights/7_classes_5208_reals_0_GANs.h5
Epoch 50/150
 - 376s - loss: 0.1444 - weighted_dice_loss: 0.1444 - val_loss: 0.1848 - val_weighted_dice_loss: 0.1848

Epoch 00050: val_weighted_dice_loss did not improve from 0.18016
Epoch 51/150
 - 376s - loss: 0.1441 - weighted_dice_loss: 0.1441 - val_loss: 0.1851 - val_weighted_dice_loss: 0.1851

Epoch 00051: val_weighted_dice_loss did not improve from 0.18016
Epoch 52/150
 - 375s - loss: 0.1421 - weighted_dice_loss: 0.1421 - val_loss: 0.1806 - val_weighted_dice_loss: 0.1806

Epoch 00052: val_weighted_dice_loss did not improve from 0.18016
Epoch 53/150
 - 376s - loss: 0.1414 - weighted_dice_loss: 0.1414 - val_loss: 0.1851 - val_weighted_dice_loss: 0.1851

Epoch 00053: val_weighted_dice_loss did not improve from 0.18016
Epoch 54/150
 - 375s - loss: 0.1395 - weighted_dice_loss: 0.1395 - val_loss: 0.1775 - val_weighted_dice_loss: 0.1775

Epoch 00054: val_weighted_dice_loss improved from 0.18016 to 0.17745, saving model to ./Unet-weights/7_classes_5208_reals_0_GANs.h5
Epoch 55/150
 - 376s - loss: 0.1384 - weighted_dice_loss: 0.1384 - val_loss: 0.1839 - val_weighted_dice_loss: 0.1839

Epoch 00055: val_weighted_dice_loss did not improve from 0.17745
Epoch 56/150
 - 376s - loss: 0.1387 - weighted_dice_loss: 0.1387 - val_loss: 0.1881 - val_weighted_dice_loss: 0.1881

Epoch 00056: val_weighted_dice_loss did not improve from 0.17745
Epoch 57/150
 - 377s - loss: 0.1375 - weighted_dice_loss: 0.1375 - val_loss: 0.1807 - val_weighted_dice_loss: 0.1807

Epoch 00057: val_weighted_dice_loss did not improve from 0.17745
Epoch 58/150
 - 375s - loss: 0.1343 - weighted_dice_loss: 0.1343 - val_loss: 0.1824 - val_weighted_dice_loss: 0.1824

Epoch 00058: val_weighted_dice_loss did not improve from 0.17745
Epoch 59/150
 - 376s - loss: 0.1339 - weighted_dice_loss: 0.1339 - val_loss: 0.1807 - val_weighted_dice_loss: 0.1807

Epoch 00059: val_weighted_dice_loss did not improve from 0.17745
Epoch 60/150
 - 376s - loss: 0.1335 - weighted_dice_loss: 0.1335 - val_loss: 0.1767 - val_weighted_dice_loss: 0.1767

Epoch 00060: val_weighted_dice_loss improved from 0.17745 to 0.17675, saving model to ./Unet-weights/7_classes_5208_reals_0_GANs.h5
Epoch 61/150
 - 376s - loss: 0.1321 - weighted_dice_loss: 0.1321 - val_loss: 0.1856 - val_weighted_dice_loss: 0.1856

Epoch 00061: val_weighted_dice_loss did not improve from 0.17675
Epoch 62/150
 - 376s - loss: 0.1316 - weighted_dice_loss: 0.1316 - val_loss: 0.1725 - val_weighted_dice_loss: 0.1725

Epoch 00062: val_weighted_dice_loss improved from 0.17675 to 0.17254, saving model to ./Unet-weights/7_classes_5208_reals_0_GANs.h5
Epoch 63/150
 - 376s - loss: 0.1299 - weighted_dice_loss: 0.1299 - val_loss: 0.1836 - val_weighted_dice_loss: 0.1836

Epoch 00063: val_weighted_dice_loss did not improve from 0.17254
Epoch 64/150
 - 376s - loss: 0.1291 - weighted_dice_loss: 0.1291 - val_loss: 0.1764 - val_weighted_dice_loss: 0.1764

Epoch 00064: val_weighted_dice_loss did not improve from 0.17254
Epoch 65/150
 - 376s - loss: 0.1287 - weighted_dice_loss: 0.1287 - val_loss: 0.1815 - val_weighted_dice_loss: 0.1815

Epoch 00065: val_weighted_dice_loss did not improve from 0.17254
Epoch 66/150
 - 376s - loss: 0.1279 - weighted_dice_loss: 0.1279 - val_loss: 0.1840 - val_weighted_dice_loss: 0.1840

Epoch 00066: val_weighted_dice_loss did not improve from 0.17254
Epoch 67/150
 - 376s - loss: 0.1259 - weighted_dice_loss: 0.1259 - val_loss: 0.1807 - val_weighted_dice_loss: 0.1807

Epoch 00067: val_weighted_dice_loss did not improve from 0.17254
Epoch 68/150
 - 376s - loss: 0.1252 - weighted_dice_loss: 0.1252 - val_loss: 0.1773 - val_weighted_dice_loss: 0.1773

Epoch 00068: val_weighted_dice_loss did not improve from 0.17254
Epoch 69/150
 - 375s - loss: 0.1246 - weighted_dice_loss: 0.1246 - val_loss: 0.1803 - val_weighted_dice_loss: 0.1803

Epoch 00069: val_weighted_dice_loss did not improve from 0.17254
Epoch 70/150
 - 375s - loss: 0.1241 - weighted_dice_loss: 0.1241 - val_loss: 0.1851 - val_weighted_dice_loss: 0.1851

Epoch 00070: val_weighted_dice_loss did not improve from 0.17254
Epoch 71/150
 - 375s - loss: 0.1225 - weighted_dice_loss: 0.1225 - val_loss: 0.1768 - val_weighted_dice_loss: 0.1768

Epoch 00071: val_weighted_dice_loss did not improve from 0.17254
Epoch 72/150
 - 376s - loss: 0.1219 - weighted_dice_loss: 0.1219 - val_loss: 0.1762 - val_weighted_dice_loss: 0.1762

Epoch 00072: val_weighted_dice_loss did not improve from 0.17254
Epoch 73/150
 - 376s - loss: 0.1210 - weighted_dice_loss: 0.1210 - val_loss: 0.1736 - val_weighted_dice_loss: 0.1736

Epoch 00073: val_weighted_dice_loss did not improve from 0.17254
Epoch 74/150
 - 376s - loss: 0.1201 - weighted_dice_loss: 0.1201 - val_loss: 0.1761 - val_weighted_dice_loss: 0.1761

Epoch 00074: val_weighted_dice_loss did not improve from 0.17254
Epoch 75/150
 - 376s - loss: 0.1199 - weighted_dice_loss: 0.1199 - val_loss: 0.1749 - val_weighted_dice_loss: 0.1749

Epoch 00075: val_weighted_dice_loss did not improve from 0.17254
Epoch 76/150
 - 376s - loss: 0.1184 - weighted_dice_loss: 0.1184 - val_loss: 0.1752 - val_weighted_dice_loss: 0.1752

Epoch 00076: val_weighted_dice_loss did not improve from 0.17254
Epoch 77/150
 - 376s - loss: 0.1178 - weighted_dice_loss: 0.1178 - val_loss: 0.1797 - val_weighted_dice_loss: 0.1797

Epoch 00077: val_weighted_dice_loss did not improve from 0.17254
Epoch 78/150
 - 375s - loss: 0.1170 - weighted_dice_loss: 0.1170 - val_loss: 0.1707 - val_weighted_dice_loss: 0.1707

Epoch 00078: val_weighted_dice_loss improved from 0.17254 to 0.17070, saving model to ./Unet-weights/7_classes_5208_reals_0_GANs.h5
Epoch 79/150
 - 376s - loss: 0.1170 - weighted_dice_loss: 0.1170 - val_loss: 0.1763 - val_weighted_dice_loss: 0.1763

Epoch 00079: val_weighted_dice_loss did not improve from 0.17070
Epoch 80/150
 - 376s - loss: 0.1157 - weighted_dice_loss: 0.1157 - val_loss: 0.1771 - val_weighted_dice_loss: 0.1771

Epoch 00080: val_weighted_dice_loss did not improve from 0.17070
Epoch 81/150
 - 376s - loss: 0.1155 - weighted_dice_loss: 0.1155 - val_loss: 0.1717 - val_weighted_dice_loss: 0.1717

Epoch 00081: val_weighted_dice_loss did not improve from 0.17070
Epoch 82/150
 - 376s - loss: 0.1144 - weighted_dice_loss: 0.1144 - val_loss: 0.1810 - val_weighted_dice_loss: 0.1810

Epoch 00082: val_weighted_dice_loss did not improve from 0.17070
Epoch 83/150
 - 376s - loss: 0.1136 - weighted_dice_loss: 0.1136 - val_loss: 0.2081 - val_weighted_dice_loss: 0.2081

Epoch 00083: val_weighted_dice_loss did not improve from 0.17070
Epoch 84/150
 - 376s - loss: 0.1132 - weighted_dice_loss: 0.1132 - val_loss: 0.1772 - val_weighted_dice_loss: 0.1772

Epoch 00084: val_weighted_dice_loss did not improve from 0.17070
Epoch 85/150
 - 376s - loss: 0.1125 - weighted_dice_loss: 0.1125 - val_loss: 0.1783 - val_weighted_dice_loss: 0.1783

Epoch 00085: val_weighted_dice_loss did not improve from 0.17070
Epoch 86/150
 - 376s - loss: 0.1124 - weighted_dice_loss: 0.1124 - val_loss: 0.1717 - val_weighted_dice_loss: 0.1717

Epoch 00086: val_weighted_dice_loss did not improve from 0.17070
Epoch 87/150
 - 376s - loss: 0.1108 - weighted_dice_loss: 0.1108 - val_loss: 0.1734 - val_weighted_dice_loss: 0.1734

Epoch 00087: val_weighted_dice_loss did not improve from 0.17070
Epoch 88/150
 - 376s - loss: 0.1117 - weighted_dice_loss: 0.1117 - val_loss: 0.1688 - val_weighted_dice_loss: 0.1688

Epoch 00088: val_weighted_dice_loss improved from 0.17070 to 0.16881, saving model to ./Unet-weights/7_classes_5208_reals_0_GANs.h5
Epoch 89/150
 - 375s - loss: 0.1098 - weighted_dice_loss: 0.1098 - val_loss: 0.1712 - val_weighted_dice_loss: 0.1712

Epoch 00089: val_weighted_dice_loss did not improve from 0.16881
Epoch 90/150
 - 376s - loss: 0.1090 - weighted_dice_loss: 0.1090 - val_loss: 0.1720 - val_weighted_dice_loss: 0.1720

Epoch 00090: val_weighted_dice_loss did not improve from 0.16881
Epoch 91/150
 - 376s - loss: 0.1081 - weighted_dice_loss: 0.1081 - val_loss: 0.1748 - val_weighted_dice_loss: 0.1748

Epoch 00091: val_weighted_dice_loss did not improve from 0.16881
Epoch 92/150
 - 377s - loss: 0.1080 - weighted_dice_loss: 0.1080 - val_loss: 0.1714 - val_weighted_dice_loss: 0.1714

Epoch 00092: val_weighted_dice_loss did not improve from 0.16881
Epoch 93/150
 - 376s - loss: 0.1072 - weighted_dice_loss: 0.1072 - val_loss: 0.1719 - val_weighted_dice_loss: 0.1719

Epoch 00093: val_weighted_dice_loss did not improve from 0.16881
Epoch 94/150
 - 376s - loss: 0.1068 - weighted_dice_loss: 0.1068 - val_loss: 0.1768 - val_weighted_dice_loss: 0.1768

Epoch 00094: val_weighted_dice_loss did not improve from 0.16881
Epoch 95/150
 - 376s - loss: 0.1062 - weighted_dice_loss: 0.1062 - val_loss: 0.1734 - val_weighted_dice_loss: 0.1734

Epoch 00095: val_weighted_dice_loss did not improve from 0.16881
Epoch 96/150
 - 377s - loss: 0.1055 - weighted_dice_loss: 0.1055 - val_loss: 0.1717 - val_weighted_dice_loss: 0.1717

Epoch 00096: val_weighted_dice_loss did not improve from 0.16881
Epoch 97/150
 - 376s - loss: 0.1051 - weighted_dice_loss: 0.1051 - val_loss: 0.1708 - val_weighted_dice_loss: 0.1708

Epoch 00097: val_weighted_dice_loss did not improve from 0.16881
Epoch 98/150
 - 376s - loss: 0.1050 - weighted_dice_loss: 0.1050 - val_loss: 0.1687 - val_weighted_dice_loss: 0.1687

Epoch 00098: val_weighted_dice_loss improved from 0.16881 to 0.16869, saving model to ./Unet-weights/7_classes_5208_reals_0_GANs.h5
Epoch 99/150
 - 376s - loss: 0.1040 - weighted_dice_loss: 0.1040 - val_loss: 0.1709 - val_weighted_dice_loss: 0.1709

Epoch 00099: val_weighted_dice_loss did not improve from 0.16869
Epoch 100/150
 - 376s - loss: 0.1040 - weighted_dice_loss: 0.1040 - val_loss: 0.1691 - val_weighted_dice_loss: 0.1691

Epoch 00100: val_weighted_dice_loss did not improve from 0.16869
Epoch 101/150
 - 376s - loss: 0.1032 - weighted_dice_loss: 0.1032 - val_loss: 0.1748 - val_weighted_dice_loss: 0.1748

Epoch 00101: val_weighted_dice_loss did not improve from 0.16869
Epoch 102/150
 - 376s - loss: 0.1027 - weighted_dice_loss: 0.1027 - val_loss: 0.1768 - val_weighted_dice_loss: 0.1768

Epoch 00102: val_weighted_dice_loss did not improve from 0.16869
Epoch 103/150
 - 376s - loss: 0.1020 - weighted_dice_loss: 0.1020 - val_loss: 0.1765 - val_weighted_dice_loss: 0.1765

Epoch 00103: val_weighted_dice_loss did not improve from 0.16869
Epoch 104/150
 - 375s - loss: 0.1015 - weighted_dice_loss: 0.1015 - val_loss: 0.1727 - val_weighted_dice_loss: 0.1727

Epoch 00104: val_weighted_dice_loss did not improve from 0.16869
Epoch 105/150
 - 375s - loss: 0.1009 - weighted_dice_loss: 0.1009 - val_loss: 0.1731 - val_weighted_dice_loss: 0.1731

Epoch 00105: val_weighted_dice_loss did not improve from 0.16869
Epoch 106/150
 - 375s - loss: 0.1007 - weighted_dice_loss: 0.1007 - val_loss: 0.1989 - val_weighted_dice_loss: 0.1989

Epoch 00106: val_weighted_dice_loss did not improve from 0.16869
Epoch 107/150
 - 376s - loss: 0.1000 - weighted_dice_loss: 0.1000 - val_loss: 0.1845 - val_weighted_dice_loss: 0.1845

Epoch 00107: val_weighted_dice_loss did not improve from 0.16869
Epoch 108/150
 - 376s - loss: 0.0997 - weighted_dice_loss: 0.0997 - val_loss: 0.1682 - val_weighted_dice_loss: 0.1682

Epoch 00108: val_weighted_dice_loss improved from 0.16869 to 0.16817, saving model to ./Unet-weights/7_classes_5208_reals_0_GANs.h5
Epoch 109/150
 - 376s - loss: 0.0989 - weighted_dice_loss: 0.0989 - val_loss: 0.2338 - val_weighted_dice_loss: 0.2338

Epoch 00109: val_weighted_dice_loss did not improve from 0.16817
Epoch 110/150
 - 375s - loss: 0.0985 - weighted_dice_loss: 0.0985 - val_loss: 0.1703 - val_weighted_dice_loss: 0.1703

Epoch 00110: val_weighted_dice_loss did not improve from 0.16817
Epoch 111/150
 - 375s - loss: 0.0984 - weighted_dice_loss: 0.0984 - val_loss: 0.1700 - val_weighted_dice_loss: 0.1700

Epoch 00111: val_weighted_dice_loss did not improve from 0.16817
Epoch 112/150
 - 375s - loss: 0.0977 - weighted_dice_loss: 0.0977 - val_loss: 0.1758 - val_weighted_dice_loss: 0.1758

Epoch 00112: val_weighted_dice_loss did not improve from 0.16817
Epoch 113/150
 - 375s - loss: 0.0973 - weighted_dice_loss: 0.0973 - val_loss: 0.1733 - val_weighted_dice_loss: 0.1733

Epoch 00113: val_weighted_dice_loss did not improve from 0.16817
Epoch 114/150
 - 376s - loss: 0.0974 - weighted_dice_loss: 0.0974 - val_loss: 0.1716 - val_weighted_dice_loss: 0.1716

Epoch 00114: val_weighted_dice_loss did not improve from 0.16817
Epoch 115/150
 - 376s - loss: 0.0966 - weighted_dice_loss: 0.0966 - val_loss: 0.1902 - val_weighted_dice_loss: 0.1902

Epoch 00115: val_weighted_dice_loss did not improve from 0.16817
Epoch 116/150
 - 376s - loss: 0.0956 - weighted_dice_loss: 0.0956 - val_loss: 0.1692 - val_weighted_dice_loss: 0.1692

Epoch 00116: val_weighted_dice_loss did not improve from 0.16817
Epoch 117/150
 - 376s - loss: 0.0956 - weighted_dice_loss: 0.0956 - val_loss: 0.1847 - val_weighted_dice_loss: 0.1847

Epoch 00117: val_weighted_dice_loss did not improve from 0.16817
Epoch 118/150
 - 375s - loss: 0.0949 - weighted_dice_loss: 0.0949 - val_loss: 0.1697 - val_weighted_dice_loss: 0.1697

Epoch 00118: val_weighted_dice_loss did not improve from 0.16817
Epoch 119/150
 - 376s - loss: 0.0945 - weighted_dice_loss: 0.0945 - val_loss: 0.1771 - val_weighted_dice_loss: 0.1771

Epoch 00119: val_weighted_dice_loss did not improve from 0.16817
Epoch 120/150
 - 375s - loss: 0.0944 - weighted_dice_loss: 0.0944 - val_loss: 0.1771 - val_weighted_dice_loss: 0.1771

Epoch 00120: val_weighted_dice_loss did not improve from 0.16817
Epoch 121/150
 - 376s - loss: 0.0946 - weighted_dice_loss: 0.0946 - val_loss: 0.1723 - val_weighted_dice_loss: 0.1723

Epoch 00121: val_weighted_dice_loss did not improve from 0.16817
Epoch 122/150
 - 376s - loss: 0.0940 - weighted_dice_loss: 0.0940 - val_loss: 0.1756 - val_weighted_dice_loss: 0.1756

Epoch 00122: val_weighted_dice_loss did not improve from 0.16817
Epoch 123/150
 - 376s - loss: 0.0936 - weighted_dice_loss: 0.0936 - val_loss: 0.1728 - val_weighted_dice_loss: 0.1728

Epoch 00123: val_weighted_dice_loss did not improve from 0.16817
Epoch 124/150
 - 376s - loss: 0.0927 - weighted_dice_loss: 0.0927 - val_loss: 0.1787 - val_weighted_dice_loss: 0.1787

Epoch 00124: val_weighted_dice_loss did not improve from 0.16817
Epoch 125/150
 - 376s - loss: 0.0924 - weighted_dice_loss: 0.0924 - val_loss: 0.1713 - val_weighted_dice_loss: 0.1713

Epoch 00125: val_weighted_dice_loss did not improve from 0.16817
Epoch 126/150
 - 376s - loss: 0.0922 - weighted_dice_loss: 0.0922 - val_loss: 0.1727 - val_weighted_dice_loss: 0.1727

Epoch 00126: val_weighted_dice_loss did not improve from 0.16817
Epoch 127/150
 - 376s - loss: 0.0915 - weighted_dice_loss: 0.0915 - val_loss: 0.1731 - val_weighted_dice_loss: 0.1731

Epoch 00127: val_weighted_dice_loss did not improve from 0.16817
Epoch 128/150
 - 376s - loss: 0.0915 - weighted_dice_loss: 0.0915 - val_loss: 0.1681 - val_weighted_dice_loss: 0.1681

Epoch 00128: val_weighted_dice_loss improved from 0.16817 to 0.16815, saving model to ./Unet-weights/7_classes_5208_reals_0_GANs.h5
Epoch 129/150
 - 377s - loss: 0.0914 - weighted_dice_loss: 0.0914 - val_loss: 0.1695 - val_weighted_dice_loss: 0.1695

Epoch 00129: val_weighted_dice_loss did not improve from 0.16815
Epoch 130/150
 - 376s - loss: 0.0903 - weighted_dice_loss: 0.0903 - val_loss: 0.1731 - val_weighted_dice_loss: 0.1731

Epoch 00130: val_weighted_dice_loss did not improve from 0.16815
Epoch 131/150
 - 375s - loss: 0.0906 - weighted_dice_loss: 0.0906 - val_loss: 0.1753 - val_weighted_dice_loss: 0.1753

Epoch 00131: val_weighted_dice_loss did not improve from 0.16815
Epoch 132/150
 - 376s - loss: 0.0901 - weighted_dice_loss: 0.0901 - val_loss: 0.1744 - val_weighted_dice_loss: 0.1744

Epoch 00132: val_weighted_dice_loss did not improve from 0.16815
Epoch 133/150
 - 376s - loss: 0.0898 - weighted_dice_loss: 0.0898 - val_loss: 0.1720 - val_weighted_dice_loss: 0.1720

Epoch 00133: val_weighted_dice_loss did not improve from 0.16815
Epoch 134/150
 - 376s - loss: 0.0888 - weighted_dice_loss: 0.0888 - val_loss: 0.1710 - val_weighted_dice_loss: 0.1710

Epoch 00134: val_weighted_dice_loss did not improve from 0.16815
Epoch 135/150
 - 377s - loss: 0.0885 - weighted_dice_loss: 0.0885 - val_loss: 0.1903 - val_weighted_dice_loss: 0.1903

Epoch 00135: val_weighted_dice_loss did not improve from 0.16815
Epoch 136/150
 - 375s - loss: 0.0883 - weighted_dice_loss: 0.0883 - val_loss: 0.1670 - val_weighted_dice_loss: 0.1670

Epoch 00136: val_weighted_dice_loss improved from 0.16815 to 0.16696, saving model to ./Unet-weights/7_classes_5208_reals_0_GANs.h5
Epoch 137/150
 - 376s - loss: 0.0881 - weighted_dice_loss: 0.0881 - val_loss: 0.1666 - val_weighted_dice_loss: 0.1666

Epoch 00137: val_weighted_dice_loss improved from 0.16696 to 0.16658, saving model to ./Unet-weights/7_classes_5208_reals_0_GANs.h5
Epoch 138/150
 - 376s - loss: 0.0875 - weighted_dice_loss: 0.0875 - val_loss: 0.1714 - val_weighted_dice_loss: 0.1714

Epoch 00138: val_weighted_dice_loss did not improve from 0.16658
Epoch 139/150
 - 376s - loss: 0.0876 - weighted_dice_loss: 0.0876 - val_loss: 0.1819 - val_weighted_dice_loss: 0.1819

Epoch 00139: val_weighted_dice_loss did not improve from 0.16658
Epoch 140/150
 - 376s - loss: 0.0873 - weighted_dice_loss: 0.0873 - val_loss: 0.1853 - val_weighted_dice_loss: 0.1853

Epoch 00140: val_weighted_dice_loss did not improve from 0.16658
Epoch 141/150
 - 375s - loss: 0.0867 - weighted_dice_loss: 0.0867 - val_loss: 0.1722 - val_weighted_dice_loss: 0.1722

Epoch 00141: val_weighted_dice_loss did not improve from 0.16658
Epoch 142/150
 - 376s - loss: 0.0863 - weighted_dice_loss: 0.0863 - val_loss: 0.1713 - val_weighted_dice_loss: 0.1713

Epoch 00142: val_weighted_dice_loss did not improve from 0.16658
Epoch 143/150
 - 376s - loss: 0.0860 - weighted_dice_loss: 0.0860 - val_loss: 0.1694 - val_weighted_dice_loss: 0.1694

Epoch 00143: val_weighted_dice_loss did not improve from 0.16658
Epoch 144/150
 - 375s - loss: 0.0861 - weighted_dice_loss: 0.0861 - val_loss: 0.1716 - val_weighted_dice_loss: 0.1716

Epoch 00144: val_weighted_dice_loss did not improve from 0.16658
Epoch 145/150
 - 375s - loss: 0.0856 - weighted_dice_loss: 0.0856 - val_loss: 0.5431 - val_weighted_dice_loss: 0.5431

Epoch 00145: val_weighted_dice_loss did not improve from 0.16658
Epoch 146/150
 - 376s - loss: 0.0852 - weighted_dice_loss: 0.0852 - val_loss: 0.1832 - val_weighted_dice_loss: 0.1832

Epoch 00146: val_weighted_dice_loss did not improve from 0.16658
Epoch 147/150
 - 375s - loss: 0.0849 - weighted_dice_loss: 0.0849 - val_loss: 0.1789 - val_weighted_dice_loss: 0.1789

Epoch 00147: val_weighted_dice_loss did not improve from 0.16658
Epoch 148/150
 - 376s - loss: 0.0849 - weighted_dice_loss: 0.0849 - val_loss: 0.1739 - val_weighted_dice_loss: 0.1739

Epoch 00148: val_weighted_dice_loss did not improve from 0.16658
Epoch 149/150
 - 376s - loss: 0.0849 - weighted_dice_loss: 0.0849 - val_loss: 0.3469 - val_weighted_dice_loss: 0.3469

Epoch 00149: val_weighted_dice_loss did not improve from 0.16658
Epoch 150/150
 - 375s - loss: 0.0843 - weighted_dice_loss: 0.0843 - val_loss: 0.2036 - val_weighted_dice_loss: 0.2036

Epoch 00150: val_weighted_dice_loss did not improve from 0.16658
Finished training.
