nohup: ignoring input
2020-06-01 20:34:55.069446: I tensorflow/core/platform/cpu_feature_guard.cc:142] Your CPU supports instructions that this TensorFlow binary was not compiled to use: SSE4.1 SSE4.2 AVX AVX2 FMA
2020-06-01 20:34:55.087374: I tensorflow/core/platform/profile_utils/cpu_utils.cc:94] CPU Frequency: 3696000000 Hz
2020-06-01 20:34:55.088275: I tensorflow/compiler/xla/service/service.cc:168] XLA service 0x557d12ca9670 executing computations on platform Host. Devices:
2020-06-01 20:34:55.088333: I tensorflow/compiler/xla/service/service.cc:175]   StreamExecutor device (0): <undefined>, <undefined>
2020-06-01 20:34:55.090065: I tensorflow/stream_executor/platform/default/dso_loader.cc:42] Successfully opened dynamic library libcuda.so.1
2020-06-01 20:34:55.255742: I tensorflow/stream_executor/cuda/cuda_gpu_executor.cc:1005] successful NUMA node read from SysFS had negative value (-1), but there must be at least one NUMA node, so returning NUMA node zero
2020-06-01 20:34:55.256102: I tensorflow/core/common_runtime/gpu/gpu_device.cc:1640] Found device 0 with properties: 
name: GeForce RTX 2080 Ti major: 7 minor: 5 memoryClockRate(GHz): 1.65
pciBusID: 0000:02:00.0
2020-06-01 20:34:55.256144: I tensorflow/stream_executor/cuda/cuda_gpu_executor.cc:1005] successful NUMA node read from SysFS had negative value (-1), but there must be at least one NUMA node, so returning NUMA node zero
2020-06-01 20:34:55.256416: I tensorflow/core/common_runtime/gpu/gpu_device.cc:1640] Found device 1 with properties: 
name: GeForce GTX 1070 Ti major: 6 minor: 1 memoryClockRate(GHz): 1.683
pciBusID: 0000:01:00.0
2020-06-01 20:34:55.257937: I tensorflow/stream_executor/platform/default/dso_loader.cc:42] Successfully opened dynamic library libcudart.so.10.1
2020-06-01 20:34:55.261891: I tensorflow/stream_executor/platform/default/dso_loader.cc:42] Successfully opened dynamic library libcublas.so.10
2020-06-01 20:34:55.264352: I tensorflow/stream_executor/platform/default/dso_loader.cc:42] Successfully opened dynamic library libcufft.so.10
2020-06-01 20:34:55.265968: I tensorflow/stream_executor/platform/default/dso_loader.cc:42] Successfully opened dynamic library libcurand.so.10
2020-06-01 20:34:55.268535: I tensorflow/stream_executor/platform/default/dso_loader.cc:42] Successfully opened dynamic library libcusolver.so.10
2020-06-01 20:34:55.270499: I tensorflow/stream_executor/platform/default/dso_loader.cc:42] Successfully opened dynamic library libcusparse.so.10
2020-06-01 20:34:55.274110: I tensorflow/stream_executor/platform/default/dso_loader.cc:42] Successfully opened dynamic library libcudnn.so.7
2020-06-01 20:34:55.274182: I tensorflow/stream_executor/cuda/cuda_gpu_executor.cc:1005] successful NUMA node read from SysFS had negative value (-1), but there must be at least one NUMA node, so returning NUMA node zero
2020-06-01 20:34:55.274559: I tensorflow/stream_executor/cuda/cuda_gpu_executor.cc:1005] successful NUMA node read from SysFS had negative value (-1), but there must be at least one NUMA node, so returning NUMA node zero
2020-06-01 20:34:55.274864: I tensorflow/stream_executor/cuda/cuda_gpu_executor.cc:1005] successful NUMA node read from SysFS had negative value (-1), but there must be at least one NUMA node, so returning NUMA node zero
2020-06-01 20:34:55.275196: I tensorflow/stream_executor/cuda/cuda_gpu_executor.cc:1005] successful NUMA node read from SysFS had negative value (-1), but there must be at least one NUMA node, so returning NUMA node zero
2020-06-01 20:34:55.275468: I tensorflow/core/common_runtime/gpu/gpu_device.cc:1763] Adding visible gpu devices: 0, 1
2020-06-01 20:34:55.275486: I tensorflow/stream_executor/platform/default/dso_loader.cc:42] Successfully opened dynamic library libcudart.so.10.1
2020-06-01 20:34:55.276335: I tensorflow/core/common_runtime/gpu/gpu_device.cc:1181] Device interconnect StreamExecutor with strength 1 edge matrix:
2020-06-01 20:34:55.276344: I tensorflow/core/common_runtime/gpu/gpu_device.cc:1187]      0 1 
2020-06-01 20:34:55.276350: I tensorflow/core/common_runtime/gpu/gpu_device.cc:1200] 0:   N N 
2020-06-01 20:34:55.276359: I tensorflow/core/common_runtime/gpu/gpu_device.cc:1200] 1:   N N 
2020-06-01 20:34:55.276432: I tensorflow/stream_executor/cuda/cuda_gpu_executor.cc:1005] successful NUMA node read from SysFS had negative value (-1), but there must be at least one NUMA node, so returning NUMA node zero
2020-06-01 20:34:55.276774: I tensorflow/stream_executor/cuda/cuda_gpu_executor.cc:1005] successful NUMA node read from SysFS had negative value (-1), but there must be at least one NUMA node, so returning NUMA node zero
2020-06-01 20:34:55.277069: I tensorflow/stream_executor/cuda/cuda_gpu_executor.cc:1005] successful NUMA node read from SysFS had negative value (-1), but there must be at least one NUMA node, so returning NUMA node zero
2020-06-01 20:34:55.277422: I tensorflow/stream_executor/cuda/cuda_gpu_executor.cc:1005] successful NUMA node read from SysFS had negative value (-1), but there must be at least one NUMA node, so returning NUMA node zero
2020-06-01 20:34:55.277779: I tensorflow/core/common_runtime/gpu/gpu_device.cc:1326] Created TensorFlow device (/job:localhost/replica:0/task:0/device:GPU:0 with 10311 MB memory) -> physical GPU (device: 0, name: GeForce RTX 2080 Ti, pci bus id: 0000:02:00.0, compute capability: 7.5)
2020-06-01 20:34:55.278008: I tensorflow/stream_executor/cuda/cuda_gpu_executor.cc:1005] successful NUMA node read from SysFS had negative value (-1), but there must be at least one NUMA node, so returning NUMA node zero
2020-06-01 20:34:55.278311: I tensorflow/stream_executor/cuda/cuda_gpu_executor.cc:1005] successful NUMA node read from SysFS had negative value (-1), but there must be at least one NUMA node, so returning NUMA node zero
2020-06-01 20:34:55.278587: I tensorflow/core/common_runtime/gpu/gpu_device.cc:1326] Created TensorFlow device (/job:localhost/replica:0/task:0/device:GPU:1 with 7507 MB memory) -> physical GPU (device: 1, name: GeForce GTX 1070 Ti, pci bus id: 0000:01:00.0, compute capability: 6.1)
2020-06-01 20:34:55.279969: I tensorflow/compiler/xla/service/service.cc:168] XLA service 0x557d13fec0c0 executing computations on platform CUDA. Devices:
2020-06-01 20:34:55.279981: I tensorflow/compiler/xla/service/service.cc:175]   StreamExecutor device (0): GeForce RTX 2080 Ti, Compute Capability 7.5
2020-06-01 20:34:55.279985: I tensorflow/compiler/xla/service/service.cc:175]   StreamExecutor device (1): GeForce GTX 1070 Ti, Compute Capability 6.1
/home/mehfo331/.conda/envs/thesis/lib/python3.6/site-packages/tensorflow/python/framework/dtypes.py:516: FutureWarning: Passing (type, 1) or '1type' as a synonym of type is deprecated; in a future version of numpy, it will be understood as (type, (1,)) / '(1,)type'.
  _np_qint8 = np.dtype([("qint8", np.int8, 1)])
/home/mehfo331/.conda/envs/thesis/lib/python3.6/site-packages/tensorflow/python/framework/dtypes.py:517: FutureWarning: Passing (type, 1) or '1type' as a synonym of type is deprecated; in a future version of numpy, it will be understood as (type, (1,)) / '(1,)type'.
  _np_quint8 = np.dtype([("quint8", np.uint8, 1)])
/home/mehfo331/.conda/envs/thesis/lib/python3.6/site-packages/tensorflow/python/framework/dtypes.py:518: FutureWarning: Passing (type, 1) or '1type' as a synonym of type is deprecated; in a future version of numpy, it will be understood as (type, (1,)) / '(1,)type'.
  _np_qint16 = np.dtype([("qint16", np.int16, 1)])
/home/mehfo331/.conda/envs/thesis/lib/python3.6/site-packages/tensorflow/python/framework/dtypes.py:519: FutureWarning: Passing (type, 1) or '1type' as a synonym of type is deprecated; in a future version of numpy, it will be understood as (type, (1,)) / '(1,)type'.
  _np_quint16 = np.dtype([("quint16", np.uint16, 1)])
/home/mehfo331/.conda/envs/thesis/lib/python3.6/site-packages/tensorflow/python/framework/dtypes.py:520: FutureWarning: Passing (type, 1) or '1type' as a synonym of type is deprecated; in a future version of numpy, it will be understood as (type, (1,)) / '(1,)type'.
  _np_qint32 = np.dtype([("qint32", np.int32, 1)])
/home/mehfo331/.conda/envs/thesis/lib/python3.6/site-packages/tensorflow/python/framework/dtypes.py:525: FutureWarning: Passing (type, 1) or '1type' as a synonym of type is deprecated; in a future version of numpy, it will be understood as (type, (1,)) / '(1,)type'.
  np_resource = np.dtype([("resource", np.ubyte, 1)])
/home/mehfo331/.conda/envs/thesis/lib/python3.6/site-packages/tensorboard/compat/tensorflow_stub/dtypes.py:541: FutureWarning: Passing (type, 1) or '1type' as a synonym of type is deprecated; in a future version of numpy, it will be understood as (type, (1,)) / '(1,)type'.
  _np_qint8 = np.dtype([("qint8", np.int8, 1)])
/home/mehfo331/.conda/envs/thesis/lib/python3.6/site-packages/tensorboard/compat/tensorflow_stub/dtypes.py:542: FutureWarning: Passing (type, 1) or '1type' as a synonym of type is deprecated; in a future version of numpy, it will be understood as (type, (1,)) / '(1,)type'.
  _np_quint8 = np.dtype([("quint8", np.uint8, 1)])
/home/mehfo331/.conda/envs/thesis/lib/python3.6/site-packages/tensorboard/compat/tensorflow_stub/dtypes.py:543: FutureWarning: Passing (type, 1) or '1type' as a synonym of type is deprecated; in a future version of numpy, it will be understood as (type, (1,)) / '(1,)type'.
  _np_qint16 = np.dtype([("qint16", np.int16, 1)])
/home/mehfo331/.conda/envs/thesis/lib/python3.6/site-packages/tensorboard/compat/tensorflow_stub/dtypes.py:544: FutureWarning: Passing (type, 1) or '1type' as a synonym of type is deprecated; in a future version of numpy, it will be understood as (type, (1,)) / '(1,)type'.
  _np_quint16 = np.dtype([("quint16", np.uint16, 1)])
/home/mehfo331/.conda/envs/thesis/lib/python3.6/site-packages/tensorboard/compat/tensorflow_stub/dtypes.py:545: FutureWarning: Passing (type, 1) or '1type' as a synonym of type is deprecated; in a future version of numpy, it will be understood as (type, (1,)) / '(1,)type'.
  _np_qint32 = np.dtype([("qint32", np.int32, 1)])
/home/mehfo331/.conda/envs/thesis/lib/python3.6/site-packages/tensorboard/compat/tensorflow_stub/dtypes.py:550: FutureWarning: Passing (type, 1) or '1type' as a synonym of type is deprecated; in a future version of numpy, it will be understood as (type, (1,)) / '(1,)type'.
  np_resource = np.dtype([("resource", np.ubyte, 1)])
Using TensorFlow backend.
WARNING:tensorflow:From segmentation.py:20: The name tf.keras.backend.set_session is deprecated. Please use tf.compat.v1.keras.backend.set_session instead.

WARNING:tensorflow:From segmentation.py:33: The name tf.ConfigProto is deprecated. Please use tf.compat.v1.ConfigProto instead.

WARNING:tensorflow:From segmentation.py:35: The name tf.Session is deprecated. Please use tf.compat.v1.Session instead.

2020-06-01 20:34:55.280875: I tensorflow/stream_executor/cuda/cuda_gpu_executor.cc:1005] successful NUMA node read from SysFS had negative value (-1), but there must be at least one NUMA node, so returning NUMA node zero
2020-06-01 20:34:55.281374: I tensorflow/core/common_runtime/gpu/gpu_device.cc:1640] Found device 0 with properties: 
name: GeForce RTX 2080 Ti major: 7 minor: 5 memoryClockRate(GHz): 1.65
pciBusID: 0000:02:00.0
2020-06-01 20:34:55.281408: I tensorflow/stream_executor/cuda/cuda_gpu_executor.cc:1005] successful NUMA node read from SysFS had negative value (-1), but there must be at least one NUMA node, so returning NUMA node zero
2020-06-01 20:34:55.281682: I tensorflow/core/common_runtime/gpu/gpu_device.cc:1640] Found device 1 with properties: 
name: GeForce GTX 1070 Ti major: 6 minor: 1 memoryClockRate(GHz): 1.683
pciBusID: 0000:01:00.0
2020-06-01 20:34:55.281699: I tensorflow/stream_executor/platform/default/dso_loader.cc:42] Successfully opened dynamic library libcudart.so.10.1
2020-06-01 20:34:55.281708: I tensorflow/stream_executor/platform/default/dso_loader.cc:42] Successfully opened dynamic library libcublas.so.10
2020-06-01 20:34:55.281716: I tensorflow/stream_executor/platform/default/dso_loader.cc:42] Successfully opened dynamic library libcufft.so.10
2020-06-01 20:34:55.281724: I tensorflow/stream_executor/platform/default/dso_loader.cc:42] Successfully opened dynamic library libcurand.so.10
2020-06-01 20:34:55.281734: I tensorflow/stream_executor/platform/default/dso_loader.cc:42] Successfully opened dynamic library libcusolver.so.10
2020-06-01 20:34:55.281742: I tensorflow/stream_executor/platform/default/dso_loader.cc:42] Successfully opened dynamic library libcusparse.so.10
2020-06-01 20:34:55.281750: I tensorflow/stream_executor/platform/default/dso_loader.cc:42] Successfully opened dynamic library libcudnn.so.7
2020-06-01 20:34:55.281779: I tensorflow/stream_executor/cuda/cuda_gpu_executor.cc:1005] successful NUMA node read from SysFS had negative value (-1), but there must be at least one NUMA node, so returning NUMA node zero
2020-06-01 20:34:55.282110: I tensorflow/stream_executor/cuda/cuda_gpu_executor.cc:1005] successful NUMA node read from SysFS had negative value (-1), but there must be at least one NUMA node, so returning NUMA node zero
2020-06-01 20:34:55.282399: I tensorflow/stream_executor/cuda/cuda_gpu_executor.cc:1005] successful NUMA node read from SysFS had negative value (-1), but there must be at least one NUMA node, so returning NUMA node zero
2020-06-01 20:34:55.282733: I tensorflow/stream_executor/cuda/cuda_gpu_executor.cc:1005] successful NUMA node read from SysFS had negative value (-1), but there must be at least one NUMA node, so returning NUMA node zero
2020-06-01 20:34:55.283001: I tensorflow/core/common_runtime/gpu/gpu_device.cc:1763] Adding visible gpu devices: 0, 1
2020-06-01 20:34:55.283017: I tensorflow/core/common_runtime/gpu/gpu_device.cc:1181] Device interconnect StreamExecutor with strength 1 edge matrix:
2020-06-01 20:34:55.283022: I tensorflow/core/common_runtime/gpu/gpu_device.cc:1187]      0 1 
2020-06-01 20:34:55.283026: I tensorflow/core/common_runtime/gpu/gpu_device.cc:1200] 0:   N N 
2020-06-01 20:34:55.283030: I tensorflow/core/common_runtime/gpu/gpu_device.cc:1200] 1:   N N 
2020-06-01 20:34:55.283083: I tensorflow/stream_executor/cuda/cuda_gpu_executor.cc:1005] successful NUMA node read from SysFS had negative value (-1), but there must be at least one NUMA node, so returning NUMA node zero
2020-06-01 20:34:55.283416: I tensorflow/stream_executor/cuda/cuda_gpu_executor.cc:1005] successful NUMA node read from SysFS had negative value (-1), but there must be at least one NUMA node, so returning NUMA node zero
2020-06-01 20:34:55.283745: I tensorflow/stream_executor/cuda/cuda_gpu_executor.cc:1005] successful NUMA node read from SysFS had negative value (-1), but there must be at least one NUMA node, so returning NUMA node zero
2020-06-01 20:34:55.284059: I tensorflow/core/common_runtime/gpu/gpu_device.cc:1326] Created TensorFlow device (/job:localhost/replica:0/task:0/device:GPU:0 with 10311 MB memory) -> physical GPU (device: 0, name: GeForce RTX 2080 Ti, pci bus id: 0000:02:00.0, compute capability: 7.5)
2020-06-01 20:34:55.284093: I tensorflow/stream_executor/cuda/cuda_gpu_executor.cc:1005] successful NUMA node read from SysFS had negative value (-1), but there must be at least one NUMA node, so returning NUMA node zero
2020-06-01 20:34:55.284364: I tensorflow/core/common_runtime/gpu/gpu_device.cc:1326] Created TensorFlow device (/job:localhost/replica:0/task:0/device:GPU:1 with 7507 MB memory) -> physical GPU (device: 1, name: GeForce GTX 1070 Ti, pci bus id: 0000:01:00.0, compute capability: 6.1)
WARNING:tensorflow:From /home/mehfo331/.conda/envs/thesis/lib/python3.6/site-packages/keras/backend/tensorflow_backend.py:74: The name tf.get_default_graph is deprecated. Please use tf.compat.v1.get_default_graph instead.

WARNING:tensorflow:From /home/mehfo331/.conda/envs/thesis/lib/python3.6/site-packages/keras/backend/tensorflow_backend.py:517: The name tf.placeholder is deprecated. Please use tf.compat.v1.placeholder instead.

WARNING:tensorflow:From /home/mehfo331/.conda/envs/thesis/lib/python3.6/site-packages/keras/backend/tensorflow_backend.py:4185: The name tf.truncated_normal is deprecated. Please use tf.random.truncated_normal instead.

WARNING:tensorflow:From /home/mehfo331/.conda/envs/thesis/lib/python3.6/site-packages/keras/backend/tensorflow_backend.py:1834: The name tf.nn.fused_batch_norm is deprecated. Please use tf.compat.v1.nn.fused_batch_norm instead.

WARNING:tensorflow:From /home/mehfo331/.conda/envs/thesis/lib/python3.6/site-packages/keras/backend/tensorflow_backend.py:3976: The name tf.nn.max_pool is deprecated. Please use tf.nn.max_pool2d instead.

WARNING:tensorflow:From /home/mehfo331/.conda/envs/thesis/lib/python3.6/site-packages/keras/optimizers.py:790: The name tf.train.Optimizer is deprecated. Please use tf.compat.v1.train.Optimizer instead.

2020-06-01 20:37:10.946071: I tensorflow/stream_executor/platform/default/dso_loader.cc:42] Successfully opened dynamic library libcudnn.so.7

Reading data...
Finished reading data.

Reading data...
Finished reading data.

Training 7 classes with 35953 images (26040 real and 9913 GAN images):

Epoch 1/150
 - 1163s - loss: 0.4113 - weighted_dice_loss: 0.4113 - val_loss: 0.3076 - val_weighted_dice_loss: 0.3076

Epoch 00001: val_weighted_dice_loss improved from inf to 0.30757, saving model to ./Unet-weights/7_classes_26040_reals_9913_GANs.h5
Epoch 2/150
 - 1121s - loss: 0.2463 - weighted_dice_loss: 0.2463 - val_loss: 0.2646 - val_weighted_dice_loss: 0.2646

Epoch 00002: val_weighted_dice_loss improved from 0.30757 to 0.26462, saving model to ./Unet-weights/7_classes_26040_reals_9913_GANs.h5
Epoch 3/150
 - 1123s - loss: 0.2273 - weighted_dice_loss: 0.2273 - val_loss: 0.2306 - val_weighted_dice_loss: 0.2306

Epoch 00003: val_weighted_dice_loss improved from 0.26462 to 0.23063, saving model to ./Unet-weights/7_classes_26040_reals_9913_GANs.h5
Epoch 4/150
 - 1123s - loss: 0.2135 - weighted_dice_loss: 0.2135 - val_loss: 0.2805 - val_weighted_dice_loss: 0.2805

Epoch 00004: val_weighted_dice_loss did not improve from 0.23063
Epoch 5/150
 - 1123s - loss: 0.2040 - weighted_dice_loss: 0.2040 - val_loss: 0.2073 - val_weighted_dice_loss: 0.2073

Epoch 00005: val_weighted_dice_loss improved from 0.23063 to 0.20733, saving model to ./Unet-weights/7_classes_26040_reals_9913_GANs.h5
Epoch 6/150
 - 1123s - loss: 0.1957 - weighted_dice_loss: 0.1957 - val_loss: 0.2077 - val_weighted_dice_loss: 0.2077

Epoch 00006: val_weighted_dice_loss did not improve from 0.20733
Epoch 7/150
 - 1123s - loss: 0.1890 - weighted_dice_loss: 0.1890 - val_loss: 0.1989 - val_weighted_dice_loss: 0.1989

Epoch 00007: val_weighted_dice_loss improved from 0.20733 to 0.19893, saving model to ./Unet-weights/7_classes_26040_reals_9913_GANs.h5
Epoch 8/150
 - 1123s - loss: 0.1824 - weighted_dice_loss: 0.1824 - val_loss: 0.1943 - val_weighted_dice_loss: 0.1943

Epoch 00008: val_weighted_dice_loss improved from 0.19893 to 0.19425, saving model to ./Unet-weights/7_classes_26040_reals_9913_GANs.h5
Epoch 9/150
 - 1123s - loss: 0.1763 - weighted_dice_loss: 0.1763 - val_loss: 0.1986 - val_weighted_dice_loss: 0.1986

Epoch 00009: val_weighted_dice_loss did not improve from 0.19425
Epoch 10/150
 - 1123s - loss: 0.1711 - weighted_dice_loss: 0.1711 - val_loss: 0.1868 - val_weighted_dice_loss: 0.1868

Epoch 00010: val_weighted_dice_loss improved from 0.19425 to 0.18685, saving model to ./Unet-weights/7_classes_26040_reals_9913_GANs.h5
Epoch 11/150
 - 1123s - loss: 0.1652 - weighted_dice_loss: 0.1652 - val_loss: 0.1841 - val_weighted_dice_loss: 0.1841

Epoch 00011: val_weighted_dice_loss improved from 0.18685 to 0.18411, saving model to ./Unet-weights/7_classes_26040_reals_9913_GANs.h5
Epoch 12/150
 - 1124s - loss: 0.1604 - weighted_dice_loss: 0.1604 - val_loss: 0.1765 - val_weighted_dice_loss: 0.1765

Epoch 00012: val_weighted_dice_loss improved from 0.18411 to 0.17647, saving model to ./Unet-weights/7_classes_26040_reals_9913_GANs.h5
Epoch 13/150
 - 1123s - loss: 0.1563 - weighted_dice_loss: 0.1563 - val_loss: 0.1955 - val_weighted_dice_loss: 0.1955

Epoch 00013: val_weighted_dice_loss did not improve from 0.17647
Epoch 14/150
 - 1124s - loss: 0.1526 - weighted_dice_loss: 0.1526 - val_loss: 0.1705 - val_weighted_dice_loss: 0.1705

Epoch 00014: val_weighted_dice_loss improved from 0.17647 to 0.17054, saving model to ./Unet-weights/7_classes_26040_reals_9913_GANs.h5
Epoch 15/150
 - 1123s - loss: 0.1490 - weighted_dice_loss: 0.1490 - val_loss: 0.1737 - val_weighted_dice_loss: 0.1737

Epoch 00015: val_weighted_dice_loss did not improve from 0.17054
Epoch 16/150
 - 1123s - loss: 0.1457 - weighted_dice_loss: 0.1457 - val_loss: 0.1651 - val_weighted_dice_loss: 0.1651

Epoch 00016: val_weighted_dice_loss improved from 0.17054 to 0.16512, saving model to ./Unet-weights/7_classes_26040_reals_9913_GANs.h5
Epoch 17/150
 - 1123s - loss: 0.1421 - weighted_dice_loss: 0.1421 - val_loss: 0.1612 - val_weighted_dice_loss: 0.1612

Epoch 00017: val_weighted_dice_loss improved from 0.16512 to 0.16120, saving model to ./Unet-weights/7_classes_26040_reals_9913_GANs.h5
Epoch 18/150
 - 1123s - loss: 0.1397 - weighted_dice_loss: 0.1397 - val_loss: 0.1645 - val_weighted_dice_loss: 0.1645

Epoch 00018: val_weighted_dice_loss did not improve from 0.16120
Epoch 19/150
 - 1124s - loss: 0.1373 - weighted_dice_loss: 0.1373 - val_loss: 0.1555 - val_weighted_dice_loss: 0.1555

Epoch 00019: val_weighted_dice_loss improved from 0.16120 to 0.15550, saving model to ./Unet-weights/7_classes_26040_reals_9913_GANs.h5
Epoch 20/150
 - 1123s - loss: 0.1346 - weighted_dice_loss: 0.1346 - val_loss: 0.1669 - val_weighted_dice_loss: 0.1669

Epoch 00020: val_weighted_dice_loss did not improve from 0.15550
Epoch 21/150
 - 1123s - loss: 0.1323 - weighted_dice_loss: 0.1323 - val_loss: 0.1506 - val_weighted_dice_loss: 0.1506

Epoch 00021: val_weighted_dice_loss improved from 0.15550 to 0.15059, saving model to ./Unet-weights/7_classes_26040_reals_9913_GANs.h5
Epoch 22/150
 - 1123s - loss: 0.1306 - weighted_dice_loss: 0.1306 - val_loss: 0.1491 - val_weighted_dice_loss: 0.1491

Epoch 00022: val_weighted_dice_loss improved from 0.15059 to 0.14906, saving model to ./Unet-weights/7_classes_26040_reals_9913_GANs.h5
Epoch 23/150
 - 1124s - loss: 0.1286 - weighted_dice_loss: 0.1286 - val_loss: 0.1782 - val_weighted_dice_loss: 0.1782

Epoch 00023: val_weighted_dice_loss did not improve from 0.14906
Epoch 24/150
 - 1123s - loss: 0.1266 - weighted_dice_loss: 0.1266 - val_loss: 0.1442 - val_weighted_dice_loss: 0.1442

Epoch 00024: val_weighted_dice_loss improved from 0.14906 to 0.14423, saving model to ./Unet-weights/7_classes_26040_reals_9913_GANs.h5
Epoch 25/150
 - 1124s - loss: 0.1248 - weighted_dice_loss: 0.1248 - val_loss: 0.1717 - val_weighted_dice_loss: 0.1717

Epoch 00025: val_weighted_dice_loss did not improve from 0.14423
Epoch 26/150
 - 1123s - loss: 0.1232 - weighted_dice_loss: 0.1232 - val_loss: 0.1438 - val_weighted_dice_loss: 0.1438

Epoch 00026: val_weighted_dice_loss improved from 0.14423 to 0.14379, saving model to ./Unet-weights/7_classes_26040_reals_9913_GANs.h5
Epoch 27/150
 - 1123s - loss: 0.1218 - weighted_dice_loss: 0.1218 - val_loss: 0.1394 - val_weighted_dice_loss: 0.1394

Epoch 00027: val_weighted_dice_loss improved from 0.14379 to 0.13943, saving model to ./Unet-weights/7_classes_26040_reals_9913_GANs.h5
Epoch 28/150
 - 1124s - loss: 0.1206 - weighted_dice_loss: 0.1206 - val_loss: 0.1376 - val_weighted_dice_loss: 0.1376

Epoch 00028: val_weighted_dice_loss improved from 0.13943 to 0.13762, saving model to ./Unet-weights/7_classes_26040_reals_9913_GANs.h5
Epoch 29/150
 - 1123s - loss: 0.1188 - weighted_dice_loss: 0.1188 - val_loss: 0.1499 - val_weighted_dice_loss: 0.1499

Epoch 00029: val_weighted_dice_loss did not improve from 0.13762
Epoch 30/150
 - 1123s - loss: 0.1177 - weighted_dice_loss: 0.1177 - val_loss: 0.4388 - val_weighted_dice_loss: 0.4388

Epoch 00030: val_weighted_dice_loss did not improve from 0.13762
Epoch 31/150
 - 1124s - loss: 0.1165 - weighted_dice_loss: 0.1165 - val_loss: 0.1365 - val_weighted_dice_loss: 0.1365

Epoch 00031: val_weighted_dice_loss improved from 0.13762 to 0.13649, saving model to ./Unet-weights/7_classes_26040_reals_9913_GANs.h5
Epoch 32/150
 - 1124s - loss: 0.1153 - weighted_dice_loss: 0.1153 - val_loss: 0.1380 - val_weighted_dice_loss: 0.1380

Epoch 00032: val_weighted_dice_loss did not improve from 0.13649
Epoch 33/150
 - 1123s - loss: 0.1140 - weighted_dice_loss: 0.1140 - val_loss: 0.1572 - val_weighted_dice_loss: 0.1572

Epoch 00033: val_weighted_dice_loss did not improve from 0.13649
Epoch 34/150
 - 1124s - loss: 0.1131 - weighted_dice_loss: 0.1131 - val_loss: 0.1372 - val_weighted_dice_loss: 0.1372

Epoch 00034: val_weighted_dice_loss did not improve from 0.13649
Epoch 35/150
 - 1123s - loss: 0.1118 - weighted_dice_loss: 0.1118 - val_loss: 0.1506 - val_weighted_dice_loss: 0.1506

Epoch 00035: val_weighted_dice_loss did not improve from 0.13649
Epoch 36/150
 - 1124s - loss: 0.1111 - weighted_dice_loss: 0.1111 - val_loss: 0.1485 - val_weighted_dice_loss: 0.1485

Epoch 00036: val_weighted_dice_loss did not improve from 0.13649
Epoch 37/150
 - 1123s - loss: 0.1100 - weighted_dice_loss: 0.1100 - val_loss: 0.1336 - val_weighted_dice_loss: 0.1336

Epoch 00037: val_weighted_dice_loss improved from 0.13649 to 0.13362, saving model to ./Unet-weights/7_classes_26040_reals_9913_GANs.h5
Epoch 38/150
 - 1122s - loss: 0.1091 - weighted_dice_loss: 0.1091 - val_loss: 0.2022 - val_weighted_dice_loss: 0.2022

Epoch 00038: val_weighted_dice_loss did not improve from 0.13362
Epoch 39/150
 - 1123s - loss: 0.1083 - weighted_dice_loss: 0.1083 - val_loss: 0.1354 - val_weighted_dice_loss: 0.1354

Epoch 00039: val_weighted_dice_loss did not improve from 0.13362
Epoch 40/150
 - 1124s - loss: 0.1073 - weighted_dice_loss: 0.1073 - val_loss: 0.1355 - val_weighted_dice_loss: 0.1355

Epoch 00040: val_weighted_dice_loss did not improve from 0.13362
Epoch 41/150
 - 1123s - loss: 0.1065 - weighted_dice_loss: 0.1065 - val_loss: 0.1498 - val_weighted_dice_loss: 0.1498

Epoch 00041: val_weighted_dice_loss did not improve from 0.13362
Epoch 42/150
 - 1122s - loss: 0.1057 - weighted_dice_loss: 0.1057 - val_loss: 0.1457 - val_weighted_dice_loss: 0.1457

Epoch 00042: val_weighted_dice_loss did not improve from 0.13362
Epoch 43/150
 - 1123s - loss: 0.1050 - weighted_dice_loss: 0.1050 - val_loss: 0.1338 - val_weighted_dice_loss: 0.1338

Epoch 00043: val_weighted_dice_loss did not improve from 0.13362
Epoch 44/150
 - 1123s - loss: 0.1042 - weighted_dice_loss: 0.1042 - val_loss: 0.1381 - val_weighted_dice_loss: 0.1381

Epoch 00044: val_weighted_dice_loss did not improve from 0.13362
Epoch 45/150
 - 1123s - loss: 0.1034 - weighted_dice_loss: 0.1034 - val_loss: 0.3532 - val_weighted_dice_loss: 0.3532

Epoch 00045: val_weighted_dice_loss did not improve from 0.13362
Epoch 46/150
 - 1123s - loss: 0.1031 - weighted_dice_loss: 0.1031 - val_loss: 0.1255 - val_weighted_dice_loss: 0.1255

Epoch 00046: val_weighted_dice_loss improved from 0.13362 to 0.12551, saving model to ./Unet-weights/7_classes_26040_reals_9913_GANs.h5
Epoch 47/150
 - 1122s - loss: 0.1022 - weighted_dice_loss: 0.1022 - val_loss: 0.1919 - val_weighted_dice_loss: 0.1919

Epoch 00047: val_weighted_dice_loss did not improve from 0.12551
Epoch 48/150
 - 1123s - loss: 0.1015 - weighted_dice_loss: 0.1015 - val_loss: 0.1280 - val_weighted_dice_loss: 0.1280

Epoch 00048: val_weighted_dice_loss did not improve from 0.12551
Epoch 49/150
 - 1124s - loss: 0.1007 - weighted_dice_loss: 0.1007 - val_loss: 0.2041 - val_weighted_dice_loss: 0.2041

Epoch 00049: val_weighted_dice_loss did not improve from 0.12551
Epoch 50/150
 - 1124s - loss: 0.1003 - weighted_dice_loss: 0.1003 - val_loss: 0.1367 - val_weighted_dice_loss: 0.1367

Epoch 00050: val_weighted_dice_loss did not improve from 0.12551
Epoch 51/150
 - 1123s - loss: 0.0997 - weighted_dice_loss: 0.0997 - val_loss: 0.5924 - val_weighted_dice_loss: 0.5924

Epoch 00051: val_weighted_dice_loss did not improve from 0.12551
Epoch 52/150
 - 1124s - loss: 0.0991 - weighted_dice_loss: 0.0991 - val_loss: 0.1284 - val_weighted_dice_loss: 0.1284

Epoch 00052: val_weighted_dice_loss did not improve from 0.12551
Epoch 53/150
 - 1124s - loss: 0.0986 - weighted_dice_loss: 0.0986 - val_loss: 0.1265 - val_weighted_dice_loss: 0.1265

Epoch 00053: val_weighted_dice_loss did not improve from 0.12551
Epoch 54/150
 - 1123s - loss: 0.0980 - weighted_dice_loss: 0.0980 - val_loss: 0.1257 - val_weighted_dice_loss: 0.1257

Epoch 00054: val_weighted_dice_loss did not improve from 0.12551
Epoch 55/150
 - 1124s - loss: 0.0974 - weighted_dice_loss: 0.0974 - val_loss: 0.1281 - val_weighted_dice_loss: 0.1281

Epoch 00055: val_weighted_dice_loss did not improve from 0.12551
Epoch 56/150
 - 1123s - loss: 0.0971 - weighted_dice_loss: 0.0971 - val_loss: 0.1950 - val_weighted_dice_loss: 0.1950

Epoch 00056: val_weighted_dice_loss did not improve from 0.12551
Epoch 57/150
 - 1123s - loss: 0.0964 - weighted_dice_loss: 0.0964 - val_loss: 0.1272 - val_weighted_dice_loss: 0.1272

Epoch 00057: val_weighted_dice_loss did not improve from 0.12551
Epoch 58/150
 - 1123s - loss: 0.0959 - weighted_dice_loss: 0.0959 - val_loss: 0.1259 - val_weighted_dice_loss: 0.1259

Epoch 00058: val_weighted_dice_loss did not improve from 0.12551
Epoch 59/150
 - 1123s - loss: 0.0955 - weighted_dice_loss: 0.0955 - val_loss: 0.5845 - val_weighted_dice_loss: 0.5845

Epoch 00059: val_weighted_dice_loss did not improve from 0.12551
Epoch 60/150
 - 1123s - loss: 0.0949 - weighted_dice_loss: 0.0949 - val_loss: 0.1246 - val_weighted_dice_loss: 0.1246

Epoch 00060: val_weighted_dice_loss improved from 0.12551 to 0.12457, saving model to ./Unet-weights/7_classes_26040_reals_9913_GANs.h5
Epoch 61/150
 - 1123s - loss: 0.0946 - weighted_dice_loss: 0.0946 - val_loss: 0.1208 - val_weighted_dice_loss: 0.1208

Epoch 00061: val_weighted_dice_loss improved from 0.12457 to 0.12084, saving model to ./Unet-weights/7_classes_26040_reals_9913_GANs.h5
Epoch 62/150
 - 1124s - loss: 0.0941 - weighted_dice_loss: 0.0941 - val_loss: 0.5703 - val_weighted_dice_loss: 0.5703

Epoch 00062: val_weighted_dice_loss did not improve from 0.12084
Epoch 63/150
 - 1123s - loss: 0.0937 - weighted_dice_loss: 0.0937 - val_loss: 0.1406 - val_weighted_dice_loss: 0.1406

Epoch 00063: val_weighted_dice_loss did not improve from 0.12084
Epoch 64/150
 - 1123s - loss: 0.0931 - weighted_dice_loss: 0.0931 - val_loss: 0.5670 - val_weighted_dice_loss: 0.5670

Epoch 00064: val_weighted_dice_loss did not improve from 0.12084
Epoch 65/150
 - 1124s - loss: 0.0927 - weighted_dice_loss: 0.0927 - val_loss: 0.1239 - val_weighted_dice_loss: 0.1239

Epoch 00065: val_weighted_dice_loss did not improve from 0.12084
Epoch 66/150
 - 1125s - loss: 0.0924 - weighted_dice_loss: 0.0924 - val_loss: 0.1236 - val_weighted_dice_loss: 0.1236

Epoch 00066: val_weighted_dice_loss did not improve from 0.12084
Epoch 67/150
 - 1124s - loss: 0.0919 - weighted_dice_loss: 0.0919 - val_loss: 0.1200 - val_weighted_dice_loss: 0.1200

Epoch 00067: val_weighted_dice_loss improved from 0.12084 to 0.11998, saving model to ./Unet-weights/7_classes_26040_reals_9913_GANs.h5
Epoch 68/150
 - 1124s - loss: 0.0915 - weighted_dice_loss: 0.0915 - val_loss: 0.1180 - val_weighted_dice_loss: 0.1180

Epoch 00068: val_weighted_dice_loss improved from 0.11998 to 0.11798, saving model to ./Unet-weights/7_classes_26040_reals_9913_GANs.h5
Epoch 69/150
 - 1123s - loss: 0.0911 - weighted_dice_loss: 0.0911 - val_loss: 0.1264 - val_weighted_dice_loss: 0.1264

Epoch 00069: val_weighted_dice_loss did not improve from 0.11798
Epoch 70/150
 - 1123s - loss: 0.0908 - weighted_dice_loss: 0.0908 - val_loss: 0.1217 - val_weighted_dice_loss: 0.1217

Epoch 00070: val_weighted_dice_loss did not improve from 0.11798
Epoch 71/150
 - 1124s - loss: 0.0902 - weighted_dice_loss: 0.0902 - val_loss: 0.6423 - val_weighted_dice_loss: 0.6423

Epoch 00071: val_weighted_dice_loss did not improve from 0.11798
Epoch 72/150
 - 1124s - loss: 0.0900 - weighted_dice_loss: 0.0900 - val_loss: 0.1527 - val_weighted_dice_loss: 0.1527

Epoch 00072: val_weighted_dice_loss did not improve from 0.11798
Epoch 73/150
 - 1125s - loss: 0.0896 - weighted_dice_loss: 0.0896 - val_loss: 0.1250 - val_weighted_dice_loss: 0.1250

Epoch 00073: val_weighted_dice_loss did not improve from 0.11798
Epoch 74/150
 - 1125s - loss: 0.0891 - weighted_dice_loss: 0.0891 - val_loss: 0.1438 - val_weighted_dice_loss: 0.1438

Epoch 00074: val_weighted_dice_loss did not improve from 0.11798
Epoch 75/150
 - 1124s - loss: 0.0889 - weighted_dice_loss: 0.0889 - val_loss: 0.1186 - val_weighted_dice_loss: 0.1186

Epoch 00075: val_weighted_dice_loss did not improve from 0.11798
Epoch 76/150
 - 1124s - loss: 0.0886 - weighted_dice_loss: 0.0886 - val_loss: 0.1259 - val_weighted_dice_loss: 0.1259

Epoch 00076: val_weighted_dice_loss did not improve from 0.11798
Epoch 77/150
 - 1124s - loss: 0.0882 - weighted_dice_loss: 0.0882 - val_loss: 0.1188 - val_weighted_dice_loss: 0.1188

Epoch 00077: val_weighted_dice_loss did not improve from 0.11798
Epoch 78/150
 - 1124s - loss: 0.0877 - weighted_dice_loss: 0.0877 - val_loss: 0.1171 - val_weighted_dice_loss: 0.1171

Epoch 00078: val_weighted_dice_loss improved from 0.11798 to 0.11712, saving model to ./Unet-weights/7_classes_26040_reals_9913_GANs.h5
Epoch 79/150
 - 1124s - loss: 0.0875 - weighted_dice_loss: 0.0875 - val_loss: 0.2138 - val_weighted_dice_loss: 0.2138

Epoch 00079: val_weighted_dice_loss did not improve from 0.11712
Epoch 80/150
 - 1124s - loss: 0.0871 - weighted_dice_loss: 0.0871 - val_loss: 0.1306 - val_weighted_dice_loss: 0.1306

Epoch 00080: val_weighted_dice_loss did not improve from 0.11712
Epoch 81/150
 - 1125s - loss: 0.0868 - weighted_dice_loss: 0.0868 - val_loss: 0.6045 - val_weighted_dice_loss: 0.6045

Epoch 00081: val_weighted_dice_loss did not improve from 0.11712
Epoch 82/150
 - 1125s - loss: 0.0865 - weighted_dice_loss: 0.0865 - val_loss: 0.6439 - val_weighted_dice_loss: 0.6439

Epoch 00082: val_weighted_dice_loss did not improve from 0.11712
Epoch 83/150
 - 1124s - loss: 0.0861 - weighted_dice_loss: 0.0861 - val_loss: 0.1227 - val_weighted_dice_loss: 0.1227

Epoch 00083: val_weighted_dice_loss did not improve from 0.11712
Epoch 84/150
 - 1124s - loss: 0.0859 - weighted_dice_loss: 0.0859 - val_loss: 0.1275 - val_weighted_dice_loss: 0.1275

Epoch 00084: val_weighted_dice_loss did not improve from 0.11712
Epoch 85/150
 - 1124s - loss: 0.0856 - weighted_dice_loss: 0.0856 - val_loss: 0.1182 - val_weighted_dice_loss: 0.1182

Epoch 00085: val_weighted_dice_loss did not improve from 0.11712
Epoch 86/150
 - 1125s - loss: 0.0854 - weighted_dice_loss: 0.0854 - val_loss: 0.1196 - val_weighted_dice_loss: 0.1196

Epoch 00086: val_weighted_dice_loss did not improve from 0.11712
Epoch 87/150
 - 1124s - loss: 0.0851 - weighted_dice_loss: 0.0851 - val_loss: 0.1387 - val_weighted_dice_loss: 0.1387

Epoch 00087: val_weighted_dice_loss did not improve from 0.11712
Epoch 88/150
 - 1124s - loss: 0.0848 - weighted_dice_loss: 0.0848 - val_loss: 0.1408 - val_weighted_dice_loss: 0.1408

Epoch 00088: val_weighted_dice_loss did not improve from 0.11712
Epoch 89/150
 - 1125s - loss: 0.0845 - weighted_dice_loss: 0.0845 - val_loss: 0.1184 - val_weighted_dice_loss: 0.1184

Epoch 00089: val_weighted_dice_loss did not improve from 0.11712
Epoch 90/150
 - 1125s - loss: 0.0844 - weighted_dice_loss: 0.0844 - val_loss: 0.1218 - val_weighted_dice_loss: 0.1218

Epoch 00090: val_weighted_dice_loss did not improve from 0.11712
Epoch 91/150
 - 1125s - loss: 0.0839 - weighted_dice_loss: 0.0839 - val_loss: 0.1205 - val_weighted_dice_loss: 0.1205

Epoch 00091: val_weighted_dice_loss did not improve from 0.11712
Epoch 92/150
 - 1124s - loss: 0.0838 - weighted_dice_loss: 0.0838 - val_loss: 0.2404 - val_weighted_dice_loss: 0.2404

Epoch 00092: val_weighted_dice_loss did not improve from 0.11712
Epoch 93/150
 - 1124s - loss: 0.0833 - weighted_dice_loss: 0.0833 - val_loss: 0.2078 - val_weighted_dice_loss: 0.2078

Epoch 00093: val_weighted_dice_loss did not improve from 0.11712
Epoch 94/150
 - 1124s - loss: 0.0830 - weighted_dice_loss: 0.0830 - val_loss: 0.1196 - val_weighted_dice_loss: 0.1196

Epoch 00094: val_weighted_dice_loss did not improve from 0.11712
Epoch 95/150
 - 1124s - loss: 0.0828 - weighted_dice_loss: 0.0828 - val_loss: 0.1159 - val_weighted_dice_loss: 0.1159

Epoch 00095: val_weighted_dice_loss improved from 0.11712 to 0.11587, saving model to ./Unet-weights/7_classes_26040_reals_9913_GANs.h5
Epoch 96/150
 - 1124s - loss: 0.0826 - weighted_dice_loss: 0.0826 - val_loss: 0.1246 - val_weighted_dice_loss: 0.1246

Epoch 00096: val_weighted_dice_loss did not improve from 0.11587
Epoch 97/150
 - 1123s - loss: 0.0824 - weighted_dice_loss: 0.0824 - val_loss: 0.1203 - val_weighted_dice_loss: 0.1203

Epoch 00097: val_weighted_dice_loss did not improve from 0.11587
Epoch 98/150
 - 1124s - loss: 0.0821 - weighted_dice_loss: 0.0821 - val_loss: 0.1141 - val_weighted_dice_loss: 0.1141

Epoch 00098: val_weighted_dice_loss improved from 0.11587 to 0.11407, saving model to ./Unet-weights/7_classes_26040_reals_9913_GANs.h5
Epoch 99/150
 - 1124s - loss: 0.0818 - weighted_dice_loss: 0.0818 - val_loss: 0.1164 - val_weighted_dice_loss: 0.1164

Epoch 00099: val_weighted_dice_loss did not improve from 0.11407
Epoch 100/150
 - 1125s - loss: 0.0816 - weighted_dice_loss: 0.0816 - val_loss: 0.1592 - val_weighted_dice_loss: 0.1592

Epoch 00100: val_weighted_dice_loss did not improve from 0.11407
Epoch 101/150
 - 1124s - loss: 0.0814 - weighted_dice_loss: 0.0814 - val_loss: 0.2857 - val_weighted_dice_loss: 0.2857

Epoch 00101: val_weighted_dice_loss did not improve from 0.11407
Epoch 102/150
 - 1125s - loss: 0.0812 - weighted_dice_loss: 0.0812 - val_loss: 0.1153 - val_weighted_dice_loss: 0.1153

Epoch 00102: val_weighted_dice_loss did not improve from 0.11407
Epoch 103/150
 - 1123s - loss: 0.0808 - weighted_dice_loss: 0.0808 - val_loss: 0.1778 - val_weighted_dice_loss: 0.1778

Epoch 00103: val_weighted_dice_loss did not improve from 0.11407
Epoch 104/150
 - 1124s - loss: 0.0806 - weighted_dice_loss: 0.0806 - val_loss: 0.1133 - val_weighted_dice_loss: 0.1133

Epoch 00104: val_weighted_dice_loss improved from 0.11407 to 0.11335, saving model to ./Unet-weights/7_classes_26040_reals_9913_GANs.h5
Epoch 105/150
 - 1124s - loss: 0.0804 - weighted_dice_loss: 0.0804 - val_loss: 0.1191 - val_weighted_dice_loss: 0.1191

Epoch 00105: val_weighted_dice_loss did not improve from 0.11335
Epoch 106/150
 - 1124s - loss: 0.0803 - weighted_dice_loss: 0.0803 - val_loss: 0.1779 - val_weighted_dice_loss: 0.1779

Epoch 00106: val_weighted_dice_loss did not improve from 0.11335
Epoch 107/150
 - 1124s - loss: 0.0800 - weighted_dice_loss: 0.0800 - val_loss: 0.1129 - val_weighted_dice_loss: 0.1129

Epoch 00107: val_weighted_dice_loss improved from 0.11335 to 0.11288, saving model to ./Unet-weights/7_classes_26040_reals_9913_GANs.h5
Epoch 108/150
 - 1124s - loss: 0.0799 - weighted_dice_loss: 0.0799 - val_loss: 0.1120 - val_weighted_dice_loss: 0.1120

Epoch 00108: val_weighted_dice_loss improved from 0.11288 to 0.11198, saving model to ./Unet-weights/7_classes_26040_reals_9913_GANs.h5
Epoch 109/150
 - 1123s - loss: 0.0796 - weighted_dice_loss: 0.0796 - val_loss: 0.1169 - val_weighted_dice_loss: 0.1169

Epoch 00109: val_weighted_dice_loss did not improve from 0.11198
Epoch 110/150
 - 1123s - loss: 0.0794 - weighted_dice_loss: 0.0794 - val_loss: 0.1413 - val_weighted_dice_loss: 0.1413

Epoch 00110: val_weighted_dice_loss did not improve from 0.11198
Epoch 111/150
 - 1124s - loss: 0.0793 - weighted_dice_loss: 0.0793 - val_loss: 0.1246 - val_weighted_dice_loss: 0.1246

Epoch 00111: val_weighted_dice_loss did not improve from 0.11198
Epoch 112/150
 - 1123s - loss: 0.0789 - weighted_dice_loss: 0.0789 - val_loss: 0.1125 - val_weighted_dice_loss: 0.1125

Epoch 00112: val_weighted_dice_loss did not improve from 0.11198
Epoch 113/150
 - 1123s - loss: 0.0788 - weighted_dice_loss: 0.0788 - val_loss: 0.2312 - val_weighted_dice_loss: 0.2312

Epoch 00113: val_weighted_dice_loss did not improve from 0.11198
Epoch 114/150
 - 1123s - loss: 0.0786 - weighted_dice_loss: 0.0786 - val_loss: 0.1132 - val_weighted_dice_loss: 0.1132

Epoch 00114: val_weighted_dice_loss did not improve from 0.11198
Epoch 115/150
 - 1124s - loss: 0.0784 - weighted_dice_loss: 0.0784 - val_loss: 0.1133 - val_weighted_dice_loss: 0.1133

Epoch 00115: val_weighted_dice_loss did not improve from 0.11198
Epoch 116/150
 - 1124s - loss: 0.0784 - weighted_dice_loss: 0.0784 - val_loss: 0.1173 - val_weighted_dice_loss: 0.1173

Epoch 00116: val_weighted_dice_loss did not improve from 0.11198
Epoch 117/150
 - 1124s - loss: 0.0779 - weighted_dice_loss: 0.0779 - val_loss: 0.4771 - val_weighted_dice_loss: 0.4771

Epoch 00117: val_weighted_dice_loss did not improve from 0.11198
Epoch 118/150
 - 1123s - loss: 0.0778 - weighted_dice_loss: 0.0778 - val_loss: 0.2962 - val_weighted_dice_loss: 0.2962

Epoch 00118: val_weighted_dice_loss did not improve from 0.11198
Epoch 119/150
 - 1123s - loss: 0.0776 - weighted_dice_loss: 0.0776 - val_loss: 0.1315 - val_weighted_dice_loss: 0.1315

Epoch 00119: val_weighted_dice_loss did not improve from 0.11198
Epoch 120/150
 - 1123s - loss: 0.0774 - weighted_dice_loss: 0.0774 - val_loss: 0.7408 - val_weighted_dice_loss: 0.7408

Epoch 00120: val_weighted_dice_loss did not improve from 0.11198
Epoch 121/150
 - 1124s - loss: 0.0772 - weighted_dice_loss: 0.0772 - val_loss: 0.2780 - val_weighted_dice_loss: 0.2780

Epoch 00121: val_weighted_dice_loss did not improve from 0.11198
Epoch 122/150
 - 1123s - loss: 0.0771 - weighted_dice_loss: 0.0771 - val_loss: 0.1174 - val_weighted_dice_loss: 0.1174

Epoch 00122: val_weighted_dice_loss did not improve from 0.11198
Epoch 123/150
 - 1123s - loss: 0.0770 - weighted_dice_loss: 0.0770 - val_loss: 0.1205 - val_weighted_dice_loss: 0.1205

Epoch 00123: val_weighted_dice_loss did not improve from 0.11198
Epoch 124/150
 - 1123s - loss: 0.0768 - weighted_dice_loss: 0.0768 - val_loss: 0.1123 - val_weighted_dice_loss: 0.1123

Epoch 00124: val_weighted_dice_loss did not improve from 0.11198
Epoch 125/150
 - 1123s - loss: 0.0765 - weighted_dice_loss: 0.0765 - val_loss: 0.6369 - val_weighted_dice_loss: 0.6369

Epoch 00125: val_weighted_dice_loss did not improve from 0.11198
Epoch 126/150
 - 1124s - loss: 0.0765 - weighted_dice_loss: 0.0765 - val_loss: 0.6870 - val_weighted_dice_loss: 0.6870

Epoch 00126: val_weighted_dice_loss did not improve from 0.11198
Epoch 127/150
 - 1124s - loss: 0.0762 - weighted_dice_loss: 0.0762 - val_loss: 0.1234 - val_weighted_dice_loss: 0.1234

Epoch 00127: val_weighted_dice_loss did not improve from 0.11198
Epoch 128/150
 - 1124s - loss: 0.0761 - weighted_dice_loss: 0.0761 - val_loss: 0.1131 - val_weighted_dice_loss: 0.1131

Epoch 00128: val_weighted_dice_loss did not improve from 0.11198
Epoch 129/150
 - 1123s - loss: 0.0758 - weighted_dice_loss: 0.0758 - val_loss: 0.2063 - val_weighted_dice_loss: 0.2063

Epoch 00129: val_weighted_dice_loss did not improve from 0.11198
Epoch 130/150
 - 1123s - loss: 0.0756 - weighted_dice_loss: 0.0756 - val_loss: 0.1117 - val_weighted_dice_loss: 0.1117

Epoch 00130: val_weighted_dice_loss improved from 0.11198 to 0.11166, saving model to ./Unet-weights/7_classes_26040_reals_9913_GANs.h5
Epoch 131/150
 - 1125s - loss: 0.0756 - weighted_dice_loss: 0.0756 - val_loss: 0.2650 - val_weighted_dice_loss: 0.2650

Epoch 00131: val_weighted_dice_loss did not improve from 0.11166
Epoch 132/150
 - 1123s - loss: 0.0753 - weighted_dice_loss: 0.0753 - val_loss: 0.1147 - val_weighted_dice_loss: 0.1147

Epoch 00132: val_weighted_dice_loss did not improve from 0.11166
Epoch 133/150
 - 1124s - loss: 0.0752 - weighted_dice_loss: 0.0752 - val_loss: 0.3502 - val_weighted_dice_loss: 0.3502

Epoch 00133: val_weighted_dice_loss did not improve from 0.11166
Epoch 134/150
 - 1124s - loss: 0.0750 - weighted_dice_loss: 0.0750 - val_loss: 0.4008 - val_weighted_dice_loss: 0.4008

Epoch 00134: val_weighted_dice_loss did not improve from 0.11166
Epoch 135/150
 - 1124s - loss: 0.0749 - weighted_dice_loss: 0.0749 - val_loss: 0.1178 - val_weighted_dice_loss: 0.1178

Epoch 00135: val_weighted_dice_loss did not improve from 0.11166
Epoch 136/150
 - 1123s - loss: 0.0747 - weighted_dice_loss: 0.0747 - val_loss: 0.6461 - val_weighted_dice_loss: 0.6461

Epoch 00136: val_weighted_dice_loss did not improve from 0.11166
Epoch 137/150
 - 1124s - loss: 0.0746 - weighted_dice_loss: 0.0746 - val_loss: 0.1127 - val_weighted_dice_loss: 0.1127

Epoch 00137: val_weighted_dice_loss did not improve from 0.11166
Epoch 138/150
 - 1124s - loss: 0.0743 - weighted_dice_loss: 0.0743 - val_loss: 0.6881 - val_weighted_dice_loss: 0.6881

Epoch 00138: val_weighted_dice_loss did not improve from 0.11166
Epoch 139/150
 - 1124s - loss: 0.0743 - weighted_dice_loss: 0.0743 - val_loss: 0.1124 - val_weighted_dice_loss: 0.1124

Epoch 00139: val_weighted_dice_loss did not improve from 0.11166
Epoch 140/150
 - 1124s - loss: 0.0740 - weighted_dice_loss: 0.0740 - val_loss: 0.1123 - val_weighted_dice_loss: 0.1123

Epoch 00140: val_weighted_dice_loss did not improve from 0.11166
Epoch 141/150
 - 1124s - loss: 0.0739 - weighted_dice_loss: 0.0739 - val_loss: 0.1202 - val_weighted_dice_loss: 0.1202

Epoch 00141: val_weighted_dice_loss did not improve from 0.11166
Epoch 142/150
 - 1124s - loss: 0.0738 - weighted_dice_loss: 0.0738 - val_loss: 0.1829 - val_weighted_dice_loss: 0.1829

Epoch 00142: val_weighted_dice_loss did not improve from 0.11166
Epoch 143/150
 - 1125s - loss: 0.0737 - weighted_dice_loss: 0.0737 - val_loss: 0.1145 - val_weighted_dice_loss: 0.1145

Epoch 00143: val_weighted_dice_loss did not improve from 0.11166
Epoch 144/150
 - 1123s - loss: 0.0734 - weighted_dice_loss: 0.0734 - val_loss: 0.2251 - val_weighted_dice_loss: 0.2251

Epoch 00144: val_weighted_dice_loss did not improve from 0.11166
Epoch 145/150
 - 1123s - loss: 0.0734 - weighted_dice_loss: 0.0734 - val_loss: 0.1707 - val_weighted_dice_loss: 0.1707

Epoch 00145: val_weighted_dice_loss did not improve from 0.11166
Epoch 146/150
 - 1123s - loss: 0.0730 - weighted_dice_loss: 0.0730 - val_loss: 0.2897 - val_weighted_dice_loss: 0.2897

Epoch 00146: val_weighted_dice_loss did not improve from 0.11166
Epoch 147/150
 - 1123s - loss: 0.0730 - weighted_dice_loss: 0.0730 - val_loss: 0.1786 - val_weighted_dice_loss: 0.1786

Epoch 00147: val_weighted_dice_loss did not improve from 0.11166
Epoch 148/150
 - 1124s - loss: 0.0729 - weighted_dice_loss: 0.0729 - val_loss: 0.1113 - val_weighted_dice_loss: 0.1113

Epoch 00148: val_weighted_dice_loss improved from 0.11166 to 0.11131, saving model to ./Unet-weights/7_classes_26040_reals_9913_GANs.h5
Epoch 149/150
 - 1124s - loss: 0.0728 - weighted_dice_loss: 0.0728 - val_loss: 0.6846 - val_weighted_dice_loss: 0.6846

Epoch 00149: val_weighted_dice_loss did not improve from 0.11131
Epoch 150/150
 - 1125s - loss: 0.0725 - weighted_dice_loss: 0.0725 - val_loss: 0.1131 - val_weighted_dice_loss: 0.1131

Epoch 00150: val_weighted_dice_loss did not improve from 0.11131
Finished training.
